[*] Config Loaded: Name='flight-van-hawaii-Teams', Duration=600s
[*] Launching Chrome for Teams...
[*] Joining URL: [MEETING_LINK_REMOVED]
[*] Navigating Join Flow...
[*] Looking for Join button...
    [+] JOIN CLICKED!
[*] Waiting for connection (20s)...
[*] Starting continuous monitoring for 600 seconds...
[LOG] Time: 0s | RTT: 208.00 ms | State: connected
[LOG] Time: 1s | RTT: 208.00 ms | State: connected
[LOG] Time: 2s | RTT: 208.00 ms | State: connected
[LOG] Time: 3s | RTT: 468.00 ms | State: connected
[LOG] Time: 4s | RTT: 468.00 ms | State: connected
[LOG] Time: 5s | RTT: 184.00 ms | State: connected
[LOG] Time: 6s | RTT: 184.00 ms | State: connected
[LOG] Time: 7s | RTT: 207.00 ms | State: connected
[LOG] Time: 9s | RTT: 207.00 ms | State: connected
[LOG] Time: 10s | RTT: 207.00 ms | State: connected
[LOG] Time: 11s | RTT: 205.00 ms | State: connected
[LOG] Time: 12s | RTT: 205.00 ms | State: connected
[LOG] Time: 13s | RTT: 200.00 ms | State: connected
[LOG] Time: 14s | RTT: 200.00 ms | State: connected
[LOG] Time: 15s | RTT: 200.00 ms | State: connected
[LOG] Time: 16s | RTT: 204.00 ms | State: connected
[LOG] Time: 17s | RTT: 204.00 ms | State: connected
[LOG] Time: 18s | RTT: 177.00 ms | State: connected
[LOG] Time: 20s | RTT: 177.00 ms | State: connected
[LOG] Time: 21s | RTT: 201.00 ms | State: connected
[LOG] Time: 22s | RTT: 201.00 ms | State: connected
[LOG] Time: 23s | RTT: 201.00 ms | State: connected
[LOG] Time: 24s | RTT: 261.00 ms | State: connected
[LOG] Time: 25s | RTT: 261.00 ms | State: connected
[LOG] Time: 26s | RTT: 314.00 ms | State: connected
[LOG] Time: 27s | RTT: 314.00 ms | State: connected
[LOG] Time: 29s | RTT: 314.00 ms | State: connected
[LOG] Time: 30s | RTT: 255.00 ms | State: connected
[LOG] Time: 31s | RTT: 255.00 ms | State: connected
[LOG] Time: 32s | RTT: 272.00 ms | State: connected
[LOG] Time: 33s | RTT: 272.00 ms | State: connected
[LOG] Time: 34s | RTT: 277.00 ms | State: connected
[LOG] Time: 35s | RTT: 277.00 ms | State: connected
[LOG] Time: 36s | RTT: 277.00 ms | State: connected
[LOG] Time: 37s | RTT: 212.00 ms | State: connected
[LOG] Time: 38s | RTT: 212.00 ms | State: connected
[LOG] Time: 40s | RTT: 212.00 ms | State: connected
[LOG] Time: 41s | RTT: 212.00 ms | State: connected
[LOG] Time: 42s | RTT: 212.00 ms | State: connected
[LOG] Time: 43s | RTT: 193.00 ms | State: connected
[LOG] Time: 44s | RTT: 193.00 ms | State: connected
[LOG] Time: 45s | RTT: 213.00 ms | State: connected
[LOG] Time: 46s | RTT: 213.00 ms | State: connected
[LOG] Time: 47s | RTT: 213.00 ms | State: connected
[LOG] Time: 48s | RTT: 256.00 ms | State: connected
[LOG] Time: 49s | RTT: 256.00 ms | State: connected
[LOG] Time: 50s | RTT: 443.00 ms | State: connected
[LOG] Time: 52s | RTT: 443.00 ms | State: connected
[LOG] Time: 53s | RTT: 244.00 ms | State: connected
[LOG] Time: 54s | RTT: 244.00 ms | State: connected
[LOG] Time: 55s | RTT: 244.00 ms | State: connected
[LOG] Time: 56s | RTT: 200.00 ms | State: connected
[LOG] Time: 57s | RTT: 200.00 ms | State: connected
[LOG] Time: 58s | RTT: 376.00 ms | State: connected
[LOG] Time: 59s | RTT: 376.00 ms | State: connected
[LOG] Time: 60s | RTT: 376.00 ms | State: connected
[LOG] Time: 61s | RTT: 240.00 ms | State: connected
[LOG] Time: 62s | RTT: 240.00 ms | State: connected
[LOG] Time: 63s | RTT: 198.00 ms | State: connected
[LOG] Time: 65s | RTT: 198.00 ms | State: connected
[LOG] Time: 66s | RTT: 198.00 ms | State: connected
[LOG] Time: 67s | RTT: 198.00 ms | State: connected
[LOG] Time: 68s | RTT: 299.00 ms | State: connected
[LOG] Time: 69s | RTT: 299.00 ms | State: connected
[LOG] Time: 70s | RTT: 224.00 ms | State: connected
[LOG] Time: 71s | RTT: 224.00 ms | State: connected
[LOG] Time: 72s | RTT: 224.00 ms | State: connected
[LOG] Time: 73s | RTT: 273.00 ms | State: connected
[LOG] Time: 74s | RTT: 273.00 ms | State: connected
[LOG] Time: 75s | RTT: 196.00 ms | State: connected
[LOG] Time: 76s | RTT: 196.00 ms | State: connected
[LOG] Time: 77s | RTT: 196.00 ms | State: connected
[LOG] Time: 79s | RTT: 422.00 ms | State: connected
[LOG] Time: 80s | RTT: 422.00 ms | State: connected
[LOG] Time: 81s | RTT: 215.00 ms | State: connected
[LOG] Time: 82s | RTT: 215.00 ms | State: connected
[LOG] Time: 83s | RTT: 212.00 ms | State: connected
[LOG] Time: 84s | RTT: 212.00 ms | State: connected
[LOG] Time: 85s | RTT: 212.00 ms | State: connected
[LOG] Time: 86s | RTT: 210.00 ms | State: connected
[LOG] Time: 87s | RTT: 210.00 ms | State: connected
[LOG] Time: 88s | RTT: 234.00 ms | State: connected
[LOG] Time: 89s | RTT: 234.00 ms | State: connected
[LOG] Time: 90s | RTT: 234.00 ms | State: connected
[LOG] Time: 92s | RTT: 218.00 ms | State: connected
[LOG] Time: 93s | RTT: 218.00 ms | State: connected
[LOG] Time: 94s | RTT: 201.00 ms | State: connected
[LOG] Time: 95s | RTT: 201.00 ms | State: connected
[LOG] Time: 96s | RTT: 201.00 ms | State: connected
[LOG] Time: 97s | RTT: 194.00 ms | State: connected
[LOG] Time: 98s | RTT: 194.00 ms | State: connected
[LOG] Time: 99s | RTT: 180.00 ms | State: connected
[LOG] Time: 100s | RTT: 180.00 ms | State: connected
[LOG] Time: 101s | RTT: 180.00 ms | State: connected
[LOG] Time: 102s | RTT: 229.00 ms | State: connected
[LOG] Time: 103s | RTT: 229.00 ms | State: connected
[LOG] Time: 105s | RTT: 210.00 ms | State: connected
[LOG] Time: 106s | RTT: 210.00 ms | State: connected
[LOG] Time: 107s | RTT: 210.00 ms | State: connected
[LOG] Time: 108s | RTT: 215.00 ms | State: connected
[LOG] Time: 109s | RTT: 215.00 ms | State: connected
[LOG] Time: 110s | RTT: 208.00 ms | State: connected
[LOG] Time: 111s | RTT: 208.00 ms | State: connected
[LOG] Time: 112s | RTT: 202.00 ms | State: connected
[LOG] Time: 113s | RTT: 202.00 ms | State: connected
[LOG] Time: 114s | RTT: 202.00 ms | State: connected
[LOG] Time: 115s | RTT: 181.00 ms | State: connected
[LOG] Time: 116s | RTT: 181.00 ms | State: connected
[LOG] Time: 117s | RTT: 188.00 ms | State: connected
[LOG] Time: 119s | RTT: 188.00 ms | State: connected
[LOG] Time: 120s | RTT: 188.00 ms | State: connected
[LOG] Time: 121s | RTT: 182.00 ms | State: connected
[LOG] Time: 122s | RTT: 182.00 ms | State: connected
[LOG] Time: 123s | RTT: 191.00 ms | State: connected
[LOG] Time: 124s | RTT: 191.00 ms | State: connected
[LOG] Time: 125s | RTT: 191.00 ms | State: connected
[LOG] Time: 126s | RTT: 216.00 ms | State: connected
[LOG] Time: 127s | RTT: 216.00 ms | State: connected
[LOG] Time: 128s | RTT: 215.00 ms | State: connected
[LOG] Time: 129s | RTT: 215.00 ms | State: connected
[LOG] Time: 130s | RTT: 215.00 ms | State: connected
[LOG] Time: 131s | RTT: 215.00 ms | State: connected
[LOG] Time: 133s | RTT: 215.00 ms | State: connected
[LOG] Time: 134s | RTT: 170.00 ms | State: connected
[LOG] Time: 135s | RTT: 170.00 ms | State: connected
[LOG] Time: 136s | RTT: 170.00 ms | State: connected
[LOG] Time: 137s | RTT: 185.00 ms | State: connected
[LOG] Time: 138s | RTT: 185.00 ms | State: connected
[LOG] Time: 139s | RTT: 185.00 ms | State: connected
[LOG] Time: 140s | RTT: 694.00 ms | State: connected
[LOG] Time: 141s | RTT: 694.00 ms | State: connected
[LOG] Time: 142s | RTT: 272.00 ms | State: connected
[LOG] Time: 143s | RTT: 272.00 ms | State: connected
[LOG] Time: 144s | RTT: 215.00 ms | State: connected
[LOG] Time: 146s | RTT: 215.00 ms | State: connected
[LOG] Time: 147s | RTT: 187.00 ms | State: connected
[LOG] Time: 148s | RTT: 187.00 ms | State: connected
[LOG] Time: 149s | RTT: 187.00 ms | State: connected
[LOG] Time: 150s | RTT: 664.00 ms | State: connected
[LOG] Time: 151s | RTT: 664.00 ms | State: connected
[LOG] Time: 152s | RTT: 250.00 ms | State: connected
[LOG] Time: 153s | RTT: 250.00 ms | State: connected
[LOG] Time: 154s | RTT: 250.00 ms | State: connected
[LOG] Time: 155s | RTT: 174.00 ms | State: connected
[LOG] Time: 156s | RTT: 174.00 ms | State: connected
[LOG] Time: 157s | RTT: 174.00 ms | State: connected
[LOG] Time: 159s | RTT: 220.00 ms | State: connected
[LOG] Time: 160s | RTT: 220.00 ms | State: connected
[LOG] Time: 161s | RTT: 220.00 ms | State: connected
[LOG] Time: 162s | RTT: 184.00 ms | State: connected
[LOG] Time: 163s | RTT: 184.00 ms | State: connected
[LOG] Time: 164s | RTT: 286.00 ms | State: connected
[LOG] Time: 165s | RTT: 286.00 ms | State: connected
[LOG] Time: 166s | RTT: 286.00 ms | State: connected
[LOG] Time: 167s | RTT: 785.00 ms | State: connected
[LOG] Time: 168s | RTT: 785.00 ms | State: connected
[LOG] Time: 169s | RTT: 182.00 ms | State: connected
[LOG] Time: 170s | RTT: 182.00 ms | State: connected
[LOG] Time: 172s | RTT: 178.00 ms | State: connected
[LOG] Time: 173s | RTT: 178.00 ms | State: connected
[LOG] Time: 174s | RTT: 178.00 ms | State: connected
[LOG] Time: 175s | RTT: 569.00 ms | State: connected
[LOG] Time: 176s | RTT: 569.00 ms | State: connected
[LOG] Time: 177s | RTT: 164.00 ms | State: connected
[LOG] Time: 178s | RTT: 164.00 ms | State: connected
[LOG] Time: 179s | RTT: 164.00 ms | State: connected
[LOG] Time: 180s | RTT: 176.00 ms | State: connected
[LOG] Time: 182s | RTT: 176.00 ms | State: connected
[LOG] Time: 183s | RTT: 169.00 ms | State: connected
[LOG] Time: 184s | RTT: 169.00 ms | State: connected
[LOG] Time: 185s | RTT: 187.00 ms | State: connected
[LOG] Time: 186s | RTT: 187.00 ms | State: connected
[LOG] Time: 187s | RTT: 187.00 ms | State: connected
[LOG] Time: 188s | RTT: 239.00 ms | State: connected
[LOG] Time: 189s | RTT: 239.00 ms | State: connected
[LOG] Time: 190s | RTT: 413.00 ms | State: connected
[LOG] Time: 192s | RTT: 413.00 ms | State: connected
[LOG] Time: 193s | RTT: 413.00 ms | State: connected
[LOG] Time: 194s | RTT: 197.00 ms | State: connected
[LOG] Time: 195s | RTT: 197.00 ms | State: connected
[LOG] Time: 196s | RTT: 208.00 ms | State: connected
[LOG] Time: 197s | RTT: 208.00 ms | State: connected
[LOG] Time: 198s | RTT: 201.00 ms | State: connected
[LOG] Time: 199s | RTT: 201.00 ms | State: connected
[LOG] Time: 200s | RTT: 201.00 ms | State: connected
[LOG] Time: 202s | RTT: 366.00 ms | State: connected
[LOG] Time: 203s | RTT: 366.00 ms | State: connected
[LOG] Time: 204s | RTT: 366.00 ms | State: connected
[LOG] Time: 205s | RTT: 926.00 ms | State: connected
[LOG] Time: 206s | RTT: 926.00 ms | State: connected
[LOG] Time: 207s | RTT: 487.00 ms | State: connected
[LOG] Time: 208s | RTT: 487.00 ms | State: connected
[LOG] Time: 209s | RTT: 256.00 ms | State: connected
[LOG] Time: 210s | RTT: 256.00 ms | State: connected
[LOG] Time: 211s | RTT: 235.00 ms | State: connected
[LOG] Time: 213s | RTT: 235.00 ms | State: connected
[LOG] Time: 214s | RTT: 235.00 ms | State: connected
[LOG] Time: 215s | RTT: 347.00 ms | State: connected
[LOG] Time: 216s | RTT: 347.00 ms | State: connected
[LOG] Time: 217s | RTT: 347.00 ms | State: connected
[LOG] Time: 218s | RTT: 440.00 ms | State: connected
[LOG] Time: 219s | RTT: 440.00 ms | State: connected
[LOG] Time: 220s | RTT: 863.00 ms | State: connected
[LOG] Time: 221s | RTT: 863.00 ms | State: connected
[LOG] Time: 222s | RTT: 372.00 ms | State: connected
[LOG] Time: 224s | RTT: 372.00 ms | State: connected
[LOG] Time: 225s | RTT: 372.00 ms | State: connected
[LOG] Time: 226s | RTT: 954.00 ms | State: connected
[LOG] Time: 227s | RTT: 954.00 ms | State: connected
[LOG] Time: 228s | RTT: 535.00 ms | State: connected
[LOG] Time: 229s | RTT: 535.00 ms | State: connected
[LOG] Time: 230s | RTT: 535.00 ms | State: connected
[LOG] Time: 231s | RTT: 503.00 ms | State: connected
[LOG] Time: 232s | RTT: 503.00 ms | State: connected
[LOG] Time: 233s | RTT: 168.00 ms | State: connected
[LOG] Time: 234s | RTT: 168.00 ms | State: connected
[LOG] Time: 236s | RTT: 269.00 ms | State: connected
[LOG] Time: 237s | RTT: 269.00 ms | State: connected
[LOG] Time: 238s | RTT: 269.00 ms | State: connected
[LOG] Time: 239s | RTT: 205.00 ms | State: connected
[LOG] Time: 240s | RTT: 205.00 ms | State: connected
[LOG] Time: 241s | RTT: 205.00 ms | State: connected
[LOG] Time: 242s | RTT: 685.00 ms | State: connected
[LOG] Time: 243s | RTT: 256.00 ms | State: connected
[LOG] Time: 245s | RTT: 256.00 ms | State: connected
[LOG] Time: 246s | RTT: 256.00 ms | State: connected
[LOG] Time: 247s | RTT: 324.00 ms | State: connected
[LOG] Time: 248s | RTT: 324.00 ms | State: connected
[LOG] Time: 249s | RTT: 187.00 ms | State: connected
[LOG] Time: 250s | RTT: 187.00 ms | State: connected
[LOG] Time: 251s | RTT: 187.00 ms | State: connected
[LOG] Time: 252s | RTT: 224.00 ms | State: connected
[LOG] Time: 253s | RTT: 224.00 ms | State: connected
[LOG] Time: 254s | RTT: 188.00 ms | State: connected
[LOG] Time: 255s | RTT: 188.00 ms | State: connected
[LOG] Time: 256s | RTT: 188.00 ms | State: connected
[LOG] Time: 258s | RTT: 204.00 ms | State: connected
[LOG] Time: 259s | RTT: 204.00 ms | State: connected
[LOG] Time: 260s | RTT: 192.00 ms | State: connected
[LOG] Time: 261s | RTT: 192.00 ms | State: connected
[LOG] Time: 262s | RTT: 192.00 ms | State: connected
[LOG] Time: 263s | RTT: 285.00 ms | State: connected
[LOG] Time: 264s | RTT: 285.00 ms | State: connected
[LOG] Time: 265s | RTT: 199.00 ms | State: connected
[LOG] Time: 266s | RTT: 199.00 ms | State: connected
[LOG] Time: 267s | RTT: 210.00 ms | State: connected
[LOG] Time: 268s | RTT: 210.00 ms | State: connected
[LOG] Time: 270s | RTT: 210.00 ms | State: connected
[LOG] Time: 271s | RTT: 199.00 ms | State: connected
[LOG] Time: 272s | RTT: 199.00 ms | State: connected
[LOG] Time: 273s | RTT: 209.00 ms | State: connected
[LOG] Time: 274s | RTT: 209.00 ms | State: connected
[LOG] Time: 275s | RTT: 209.00 ms | State: connected
[LOG] Time: 276s | RTT: 365.00 ms | State: connected
[LOG] Time: 277s | RTT: 365.00 ms | State: connected
[LOG] Time: 278s | RTT: 227.00 ms | State: connected
[LOG] Time: 279s | RTT: 227.00 ms | State: connected
[LOG] Time: 281s | RTT: 243.00 ms | State: connected
[LOG] Time: 282s | RTT: 243.00 ms | State: connected
[LOG] Time: 283s | RTT: 243.00 ms | State: connected
[LOG] Time: 284s | RTT: 201.00 ms | State: connected
[LOG] Time: 285s | RTT: 201.00 ms | State: connected
[LOG] Time: 286s | RTT: 255.00 ms | State: connected
[LOG] Time: 287s | RTT: 255.00 ms | State: connected
[LOG] Time: 288s | RTT: 255.00 ms | State: connected
[LOG] Time: 289s | RTT: 211.00 ms | State: connected
[LOG] Time: 290s | RTT: 211.00 ms | State: connected
[LOG] Time: 291s | RTT: 357.00 ms | State: connected
[LOG] Time: 292s | RTT: 357.00 ms | State: connected
[LOG] Time: 294s | RTT: 357.00 ms | State: connected
[LOG] Time: 295s | RTT: 179.00 ms | State: connected
[LOG] Time: 296s | RTT: 179.00 ms | State: connected
[LOG] Time: 297s | RTT: 218.00 ms | State: connected
[LOG] Time: 298s | RTT: 218.00 ms | State: connected
[LOG] Time: 299s | RTT: 218.00 ms | State: connected
[LOG] Time: 300s | RTT: 433.00 ms | State: connected
[LOG] Time: 301s | RTT: 433.00 ms | State: connected
[LOG] Time: 302s | RTT: 284.00 ms | State: connected
[LOG] Time: 303s | RTT: 284.00 ms | State: connected
[LOG] Time: 304s | RTT: 218.00 ms | State: connected
[LOG] Time: 305s | RTT: 218.00 ms | State: connected
[LOG] Time: 307s | RTT: 218.00 ms | State: connected
[LOG] Time: 308s | RTT: 481.00 ms | State: connected
[LOG] Time: 309s | RTT: 481.00 ms | State: connected
[LOG] Time: 310s | RTT: 201.00 ms | State: connected
[LOG] Time: 311s | RTT: 201.00 ms | State: connected
[LOG] Time: 312s | RTT: 201.00 ms | State: connected
[LOG] Time: 313s | RTT: 225.00 ms | State: connected
[LOG] Time: 314s | RTT: 225.00 ms | State: connected
[LOG] Time: 315s | RTT: 184.00 ms | State: connected
[LOG] Time: 316s | RTT: 184.00 ms | State: connected
[LOG] Time: 317s | RTT: 184.00 ms | State: connected
[LOG] Time: 319s | RTT: 202.00 ms | State: connected
[LOG] Time: 320s | RTT: 202.00 ms | State: connected
[LOG] Time: 321s | RTT: 202.00 ms | State: connected
[LOG] Time: 322s | RTT: 985.00 ms | State: connected
[LOG] Time: 323s | RTT: 985.00 ms | State: connected
[LOG] Time: 324s | RTT: 190.00 ms | State: connected
[LOG] Time: 325s | RTT: 190.00 ms | State: connected
[LOG] Time: 326s | RTT: 172.00 ms | State: connected
[LOG] Time: 327s | RTT: 172.00 ms | State: connected
[LOG] Time: 328s | RTT: 193.00 ms | State: connected
[LOG] Time: 329s | RTT: 193.00 ms | State: connected
[LOG] Time: 331s | RTT: 193.00 ms | State: connected
[LOG] Time: 332s | RTT: 213.00 ms | State: connected
[LOG] Time: 333s | RTT: 213.00 ms | State: connected
[LOG] Time: 334s | RTT: 229.00 ms | State: connected
[LOG] Time: 335s | RTT: 229.00 ms | State: connected
[LOG] Time: 336s | RTT: 229.00 ms | State: connected
[LOG] Time: 337s | RTT: 211.00 ms | State: connected
[LOG] Time: 338s | RTT: 211.00 ms | State: connected
[LOG] Time: 339s | RTT: 211.00 ms | State: connected
[LOG] Time: 340s | RTT: 816.00 ms | State: connected
[LOG] Time: 341s | RTT: 816.00 ms | State: connected
[LOG] Time: 343s | RTT: 857.00 ms | State: connected
[LOG] Time: 344s | RTT: 857.00 ms | State: connected
[LOG] Time: 345s | RTT: 310.00 ms | State: connected
[LOG] Time: 346s | RTT: 310.00 ms | State: connected
[LOG] Time: 347s | RTT: 204.00 ms | State: connected
[LOG] Time: 348s | RTT: 204.00 ms | State: connected
[LOG] Time: 349s | RTT: 204.00 ms | State: connected
[LOG] Time: 350s | RTT: 196.00 ms | State: connected
[LOG] Time: 351s | RTT: 196.00 ms | State: connected
[LOG] Time: 352s | RTT: 273.00 ms | State: connected
[LOG] Time: 353s | RTT: 273.00 ms | State: connected
[LOG] Time: 355s | RTT: 273.00 ms | State: connected
[LOG] Time: 356s | RTT: 252.00 ms | State: connected
[LOG] Time: 357s | RTT: 252.00 ms | State: connected
[LOG] Time: 358s | RTT: 264.00 ms | State: connected
[LOG] Time: 359s | RTT: 264.00 ms | State: connected
[LOG] Time: 360s | RTT: 264.00 ms | State: connected
[LOG] Time: 361s | RTT: 196.00 ms | State: connected
[LOG] Time: 362s | RTT: 196.00 ms | State: connected
[LOG] Time: 363s | RTT: 357.00 ms | State: connected
[LOG] Time: 364s | RTT: 357.00 ms | State: connected
[LOG] Time: 365s | RTT: 357.00 ms | State: connected
[LOG] Time: 366s | RTT: 306.00 ms | State: connected
[LOG] Time: 368s | RTT: 306.00 ms | State: connected
[LOG] Time: 369s | RTT: 311.00 ms | State: connected
[LOG] Time: 370s | RTT: 311.00 ms | State: connected
[LOG] Time: 371s | RTT: 280.00 ms | State: connected
[LOG] Time: 372s | RTT: 280.00 ms | State: connected
[LOG] Time: 373s | RTT: 280.00 ms | State: connected
[LOG] Time: 374s | RTT: 186.00 ms | State: connected
[LOG] Time: 375s | RTT: 186.00 ms | State: connected
[LOG] Time: 376s | RTT: 199.00 ms | State: connected
[LOG] Time: 377s | RTT: 199.00 ms | State: connected
[LOG] Time: 378s | RTT: 199.00 ms | State: connected
[LOG] Time: 380s | RTT: 190.00 ms | State: connected
[LOG] Time: 381s | RTT: 190.00 ms | State: connected
[LOG] Time: 382s | RTT: 425.00 ms | State: connected
[LOG] Time: 383s | RTT: 425.00 ms | State: connected
[LOG] Time: 384s | RTT: 425.00 ms | State: connected
[LOG] Time: 385s | RTT: 425.00 ms | State: connected
[LOG] Time: 386s | RTT: 321.00 ms | State: connected
[LOG] Time: 387s | RTT: 321.00 ms | State: connected
[LOG] Time: 388s | RTT: 290.00 ms | State: connected
[LOG] Time: 389s | RTT: 290.00 ms | State: connected
[LOG] Time: 390s | RTT: 249.00 ms | State: connected
[LOG] Time: 392s | RTT: 249.00 ms | State: connected
[LOG] Time: 393s | RTT: 249.00 ms | State: connected
[LOG] Time: 394s | RTT: 324.00 ms | State: connected
[LOG] Time: 395s | RTT: 324.00 ms | State: connected
[LOG] Time: 396s | RTT: 183.00 ms | State: connected
[LOG] Time: 397s | RTT: 183.00 ms | State: connected
[LOG] Time: 398s | RTT: 183.00 ms | State: connected
[LOG] Time: 399s | RTT: 214.00 ms | State: connected
[LOG] Time: 400s | RTT: 214.00 ms | State: connected
[LOG] Time: 401s | RTT: 192.00 ms | State: connected
[LOG] Time: 402s | RTT: 192.00 ms | State: connected
[LOG] Time: 404s | RTT: 192.00 ms | State: connected
[LOG] Time: 405s | RTT: 207.00 ms | State: connected
[LOG] Time: 406s | RTT: 207.00 ms | State: connected
[LOG] Time: 407s | RTT: 199.00 ms | State: connected
[LOG] Time: 408s | RTT: 199.00 ms | State: connected
[LOG] Time: 409s | RTT: 199.00 ms | State: connected
[LOG] Time: 410s | RTT: 226.00 ms | State: connected
[LOG] Time: 411s | RTT: 226.00 ms | State: connected
[LOG] Time: 412s | RTT: 220.00 ms | State: connected
[LOG] Time: 413s | RTT: 220.00 ms | State: connected
[LOG] Time: 414s | RTT: 211.00 ms | State: connected
[LOG] Time: 416s | RTT: 211.00 ms | State: connected
[LOG] Time: 417s | RTT: 211.00 ms | State: connected
[LOG] Time: 418s | RTT: 256.00 ms | State: connected
[LOG] Time: 419s | RTT: 256.00 ms | State: connected
[LOG] Time: 420s | RTT: 309.00 ms | State: connected
[LOG] Time: 421s | RTT: 309.00 ms | State: connected
[LOG] Time: 422s | RTT: 309.00 ms | State: connected
[LOG] Time: 423s | RTT: 182.00 ms | State: connected
[LOG] Time: 424s | RTT: 182.00 ms | State: connected
[LOG] Time: 425s | RTT: 179.00 ms | State: connected
[LOG] Time: 426s | RTT: 179.00 ms | State: connected
[LOG] Time: 427s | RTT: 179.00 ms | State: connected
[LOG] Time: 429s | RTT: 188.00 ms | State: connected
[LOG] Time: 430s | RTT: 188.00 ms | State: connected
[LOG] Time: 431s | RTT: 177.00 ms | State: connected
[LOG] Time: 432s | RTT: 177.00 ms | State: connected
[LOG] Time: 433s | RTT: 177.00 ms | State: connected
[LOG] Time: 434s | RTT: 182.00 ms | State: connected
[LOG] Time: 435s | RTT: 182.00 ms | State: connected
[LOG] Time: 436s | RTT: 225.00 ms | State: connected
[LOG] Time: 437s | RTT: 225.00 ms | State: connected
[LOG] Time: 438s | RTT: 185.00 ms | State: connected
[LOG] Time: 439s | RTT: 185.00 ms | State: connected
[LOG] Time: 440s | RTT: 185.00 ms | State: connected
[LOG] Time: 442s | RTT: 211.00 ms | State: connected
[LOG] Time: 443s | RTT: 211.00 ms | State: connected
[LOG] Time: 444s | RTT: 209.00 ms | State: connected
[LOG] Time: 445s | RTT: 209.00 ms | State: connected
[LOG] Time: 446s | RTT: 209.00 ms | State: connected
[LOG] Time: 447s | RTT: 193.00 ms | State: connected
[LOG] Time: 448s | RTT: 193.00 ms | State: connected
[LOG] Time: 449s | RTT: 220.00 ms | State: connected
[LOG] Time: 450s | RTT: 220.00 ms | State: connected
[LOG] Time: 451s | RTT: 220.00 ms | State: connected
[LOG] Time: 453s | RTT: 266.00 ms | State: connected
[LOG] Time: 454s | RTT: 266.00 ms | State: connected
[LOG] Time: 455s | RTT: 266.00 ms | State: connected
[LOG] Time: 456s | RTT: 898.00 ms | State: connected
[LOG] Time: 457s | RTT: 189.00 ms | State: connected
[LOG] Time: 458s | RTT: 189.00 ms | State: connected
[LOG] Time: 459s | RTT: 189.00 ms | State: connected
[LOG] Time: 460s | RTT: 289.00 ms | State: connected
[LOG] Time: 461s | RTT: 289.00 ms | State: connected
[LOG] Time: 462s | RTT: 240.00 ms | State: connected
[LOG] Time: 463s | RTT: 240.00 ms | State: connected
[LOG] Time: 465s | RTT: 240.00 ms | State: connected
[LOG] Time: 466s | RTT: 196.00 ms | State: connected
[LOG] Time: 467s | RTT: 196.00 ms | State: connected
[LOG] Time: 468s | RTT: 249.00 ms | State: connected
[LOG] Time: 469s | RTT: 249.00 ms | State: connected
[LOG] Time: 470s | RTT: 249.00 ms | State: connected
[LOG] Time: 471s | RTT: 203.00 ms | State: connected
[LOG] Time: 472s | RTT: 203.00 ms | State: connected
[LOG] Time: 473s | RTT: 199.00 ms | State: connected
[LOG] Time: 474s | RTT: 199.00 ms | State: connected
[LOG] Time: 475s | RTT: 199.00 ms | State: connected
[LOG] Time: 476s | RTT: 242.00 ms | State: connected
[LOG] Time: 478s | RTT: 242.00 ms | State: connected
[LOG] Time: 479s | RTT: 176.00 ms | State: connected
[LOG] Time: 480s | RTT: 176.00 ms | State: connected
[LOG] Time: 481s | RTT: 188.00 ms | State: connected
[LOG] Time: 482s | RTT: 188.00 ms | State: connected
[LOG] Time: 483s | RTT: 188.00 ms | State: connected
[LOG] Time: 484s | RTT: 205.00 ms | State: connected
[LOG] Time: 485s | RTT: 205.00 ms | State: connected
[LOG] Time: 486s | RTT: 220.00 ms | State: connected
[LOG] Time: 487s | RTT: 220.00 ms | State: connected
[LOG] Time: 488s | RTT: 220.00 ms | State: connected
[LOG] Time: 490s | RTT: 206.00 ms | State: connected
[LOG] Time: 491s | RTT: 206.00 ms | State: connected
[LOG] Time: 492s | RTT: 195.00 ms | State: connected
[LOG] Time: 493s | RTT: 195.00 ms | State: connected
[LOG] Time: 494s | RTT: 195.00 ms | State: connected
[LOG] Time: 495s | RTT: 196.00 ms | State: connected
[LOG] Time: 496s | RTT: 196.00 ms | State: connected
[LOG] Time: 497s | RTT: 251.00 ms | State: connected
[LOG] Time: 498s | RTT: 251.00 ms | State: connected
[LOG] Time: 499s | RTT: 251.00 ms | State: connected
[LOG] Time: 500s | RTT: 174.00 ms | State: connected
[LOG] Time: 501s | RTT: 174.00 ms | State: connected
[LOG] Time: 503s | RTT: 176.00 ms | State: connected
[LOG] Time: 504s | RTT: 176.00 ms | State: connected
[LOG] Time: 505s | RTT: 259.00 ms | State: connected
[LOG] Time: 506s | RTT: 259.00 ms | State: connected
[LOG] Time: 507s | RTT: 259.00 ms | State: connected
[LOG] Time: 508s | RTT: 290.00 ms | State: connected
[LOG] Time: 509s | RTT: 290.00 ms | State: connected
[LOG] Time: 510s | RTT: 195.00 ms | State: connected
[LOG] Time: 511s | RTT: 195.00 ms | State: connected
[LOG] Time: 512s | RTT: 195.00 ms | State: connected
[LOG] Time: 513s | RTT: 213.00 ms | State: connected
[LOG] Time: 514s | RTT: 213.00 ms | State: connected
[LOG] Time: 516s | RTT: 302.00 ms | State: connected
[LOG] Time: 517s | RTT: 302.00 ms | State: connected
[LOG] Time: 518s | RTT: 302.00 ms | State: connected
[LOG] Time: 519s | RTT: 516.00 ms | State: connected
[LOG] Time: 520s | RTT: 516.00 ms | State: connected
[LOG] Time: 521s | RTT: 197.00 ms | State: connected
[LOG] Time: 522s | RTT: 197.00 ms | State: connected
[LOG] Time: 523s | RTT: 197.00 ms | State: connected
[LOG] Time: 524s | RTT: 796.00 ms | State: connected
[LOG] Time: 525s | RTT: 796.00 ms | State: connected
[LOG] Time: 526s | RTT: 297.00 ms | State: connected
[LOG] Time: 528s | RTT: 297.00 ms | State: connected
[LOG] Time: 529s | RTT: 297.00 ms | State: connected
[LOG] Time: 530s | RTT: 775.00 ms | State: connected
[LOG] Time: 531s | RTT: 775.00 ms | State: connected
[LOG] Time: 532s | RTT: 175.00 ms | State: connected
[LOG] Time: 533s | RTT: 175.00 ms | State: connected
[LOG] Time: 534s | RTT: 268.00 ms | State: connected
[LOG] Time: 535s | RTT: 268.00 ms | State: connected
[LOG] Time: 536s | RTT: 268.00 ms | State: connected
[LOG] Time: 537s | RTT: 506.00 ms | State: connected
[LOG] Time: 538s | RTT: 506.00 ms | State: connected
[LOG] Time: 540s | RTT: 216.00 ms | State: connected
[LOG] Time: 541s | RTT: 216.00 ms | State: connected
[LOG] Time: 542s | RTT: 216.00 ms | State: connected
[LOG] Time: 543s | RTT: 185.00 ms | State: connected
[LOG] Time: 544s | RTT: 185.00 ms | State: connected
[LOG] Time: 545s | RTT: 210.00 ms | State: connected
[LOG] Time: 546s | RTT: 210.00 ms | State: connected
[LOG] Time: 547s | RTT: 235.00 ms | State: connected
[LOG] Time: 548s | RTT: 235.00 ms | State: connected
[LOG] Time: 549s | RTT: 235.00 ms | State: connected
[LOG] Time: 550s | RTT: 265.00 ms | State: connected
[LOG] Time: 552s | RTT: 265.00 ms | State: connected
[LOG] Time: 553s | RTT: 216.00 ms | State: connected
[LOG] Time: 554s | RTT: 216.00 ms | State: connected
[LOG] Time: 555s | RTT: 216.00 ms | State: connected
[LOG] Time: 556s | RTT: 333.00 ms | State: connected
[LOG] Time: 557s | RTT: 333.00 ms | State: connected
[LOG] Time: 558s | RTT: 217.00 ms | State: connected
[LOG] Time: 559s | RTT: 217.00 ms | State: connected
[LOG] Time: 560s | RTT: 217.00 ms | State: connected
[LOG] Time: 561s | RTT: 177.00 ms | State: connected
[LOG] Time: 562s | RTT: 177.00 ms | State: connected
[LOG] Time: 563s | RTT: 197.00 ms | State: connected
[LOG] Time: 564s | RTT: 197.00 ms | State: connected
[LOG] Time: 566s | RTT: 197.00 ms | State: connected
[LOG] Time: 567s | RTT: 204.00 ms | State: connected
[LOG] Time: 568s | RTT: 204.00 ms | State: connected
[LOG] Time: 569s | RTT: 182.00 ms | State: connected
[LOG] Time: 570s | RTT: 182.00 ms | State: connected
[LOG] Time: 571s | RTT: 182.00 ms | State: connected
[LOG] Time: 572s | RTT: 210.00 ms | State: connected
[LOG] Time: 573s | RTT: 210.00 ms | State: connected
[LOG] Time: 574s | RTT: 196.00 ms | State: connected
[LOG] Time: 575s | RTT: 196.00 ms | State: connected
[LOG] Time: 576s | RTT: 192.00 ms | State: connected
[LOG] Time: 578s | RTT: 192.00 ms | State: connected
[LOG] Time: 579s | RTT: 192.00 ms | State: connected
[LOG] Time: 580s | RTT: 190.00 ms | State: connected
[LOG] Time: 581s | RTT: 190.00 ms | State: connected
[LOG] Time: 582s | RTT: 317.00 ms | State: connected
[LOG] Time: 583s | RTT: 317.00 ms | State: connected
[LOG] Time: 584s | RTT: 317.00 ms | State: connected
[LOG] Time: 585s | RTT: 268.00 ms | State: connected
[LOG] Time: 586s | RTT: 268.00 ms | State: connected
[LOG] Time: 587s | RTT: 236.00 ms | State: connected
[LOG] Time: 588s | RTT: 236.00 ms | State: connected
[LOG] Time: 589s | RTT: 236.00 ms | State: connected
[LOG] Time: 590s | RTT: 302.00 ms | State: connected
[LOG] Time: 592s | RTT: 302.00 ms | State: connected
[LOG] Time: 593s | RTT: 202.00 ms | State: connected
[LOG] Time: 594s | RTT: 202.00 ms | State: connected
[LOG] Time: 595s | RTT: 202.00 ms | State: connected
[LOG] Time: 596s | RTT: 325.00 ms | State: connected
[LOG] Time: 597s | RTT: 325.00 ms | State: connected
[LOG] Time: 598s | RTT: 213.00 ms | State: connected
[LOG] Time: 599s | RTT: 213.00 ms | State: connected
[*] Monitoring finished.

SUCCESS! Remote IP: 48.208.173.226
[*] Resolving Server Location...
SUCCESS! Server Location: San Francisco, United States (Microsoft Corporation)

[*] Running TCP MTR (Port 443)...
Start: 2026-02-16T04:09:30+0000
HOST: 7c6f8283b4b4                Loss%   Snt   Last   Avg  Best  Wrst StDev
  1. AS???    172.17.0.1           0.0%    10    0.2   0.2   0.2   0.3   0.0
  2. AS???    10.1.0.1             0.0%    10   87.6  39.3   1.8 233.9  72.9
  3. AS???    100.64.0.1           0.0%    10  112.0  85.8  32.8 319.1  85.7
  4. AS???    172.16.251.112       0.0%    10   66.1  79.3  39.2 272.7  72.0
  5. AS???    ???                 100.0    10    0.0   0.0   0.0   0.0   0.0
  6. AS14593  206.224.66.152       0.0%    10   42.9  61.6  36.2 203.3  50.6
        206.224.66.143                   
     AS14593  206.224.66.143
        206.224.66.149                   
     AS14593  206.224.66.149
        206.224.66.157                   
     AS14593  206.224.66.157
  7. AS8075   104.44.56.169        0.0%    10   82.0  77.2  35.6 164.9  44.7
        104.44.14.15                     
     AS8075   104.44.14.15
  8. AS8075   104.44.53.185        0.0%    10   42.1  80.0  42.1 134.6  40.5
        104.44.53.201                    
     AS8075   104.44.53.201
  9. AS8075   104.44.34.0          0.0%    10   60.4  90.1  56.0 132.0  26.2
        104.44.34.2                      
     AS8075   104.44.34.2
        104.44.33.254                    
     AS8075   104.44.33.254
        104.44.20.130                    
     AS8075   104.44.20.130
 10. AS8075   104.44.16.74         0.0%    10   87.3  71.1  51.4  92.0  14.5
        104.44.16.76                     
     AS8075   104.44.16.76
        104.44.7.100                     
     AS8075   104.44.7.100
 11. AS8075   104.44.17.22         0.0%    10  176.2  85.2  56.4 176.2  36.1
        104.44.22.148                    
     AS8075   104.44.22.148
        104.44.20.217                    
     AS8075   104.44.20.217
        104.44.22.156                    
     AS8075   104.44.22.156
        104.44.7.189                     
     AS8075   104.44.7.189
        104.44.22.146                    
     AS8075   104.44.22.146
 12. AS8075   104.44.22.168       50.0%    10   62.9  64.7  52.2  78.0  12.8
        104.44.23.73                     
     AS8075   104.44.23.73
        104.44.23.75                     
     AS8075   104.44.23.75
        104.44.23.71                     
     AS8075   104.44.23.71
 13. AS???    ???                 100.0    10    0.0   0.0   0.0   0.0   0.0

[*] Running UDP MTR...
Start: 2026-02-16T04:09:52+0000
HOST: 7c6f8283b4b4                Loss%   Snt   Last   Avg  Best  Wrst StDev
  1. AS???    172.17.0.1           0.0%    10    0.2   0.1   0.1   0.2   0.0
  2. AS???    10.1.0.1             0.0%    10    6.0 215.4   2.6 961.1 345.9
  3. AS???    100.64.0.1           0.0%    10  101.4 270.4  32.2 956.2 316.1
  4. AS???    172.16.251.112       0.0%    10   47.2 257.0  31.4 918.8 298.7
  5. AS14593  206.224.64.22        0.0%    10  138.3 252.4  40.4 887.8 281.4
        206.224.64.34                    
     AS14593  206.224.64.34
        206.224.64.54                    
     AS14593  206.224.64.54
  6. AS14593  206.224.66.155       0.0%    10  100.7 221.6  26.4 844.5 271.7
        206.224.66.147                   
     AS14593  206.224.66.147
        206.224.66.152                   
     AS14593  206.224.66.152
        206.224.66.149                   
     AS14593  206.224.66.149
        206.224.66.150                   
     AS14593  206.224.66.150
  7. AS8075   104.44.14.15         0.0%    10   64.0 209.3  31.7 807.6 257.2
        104.44.56.169                    
     AS8075   104.44.56.169
  8. AS8075   104.44.53.185        0.0%    10   39.4 238.0  39.4 776.4 261.6
        104.44.53.201                    
     AS8075   104.44.53.201
  9. AS8075   104.44.34.0          0.0%    10   54.6 237.0  45.7 753.5 246.1
        104.44.34.2                      
     AS8075   104.44.34.2
        104.44.20.130                    
     AS8075   104.44.20.130
        104.44.33.254                    
     AS8075   104.44.33.254
 10. AS8075   104.44.7.100         0.0%    10  276.3 337.8  55.5 1361. 389.7
        104.44.16.76                     
     AS8075   104.44.16.76
 11. AS8075   104.44.22.156        0.0%    10  239.1 345.5  62.0 1365. 376.3
        104.44.7.189                     
     AS8075   104.44.7.189
        104.44.17.22                     
     AS8075   104.44.17.22
        104.44.23.63                     
     AS8075   104.44.23.63
        104.44.23.55                     
     AS8075   104.44.23.55
        104.44.20.217                    
     AS8075   104.44.20.217
 12. AS8075   104.44.22.174       20.0%    10  202.0 319.8  68.0 1279. 397.1
        104.44.23.73                     
     AS8075   104.44.23.73
        104.44.22.166                    
     AS8075   104.44.22.166
        104.44.23.71                     
     AS8075   104.44.23.71
        104.44.23.65                     
     AS8075   104.44.23.65
 13. AS8075   104.44.23.55        90.0%    10   61.1  61.1  61.1  61.1   0.0
 14. AS???    ???                 100.0    10    0.0   0.0   0.0   0.0   0.0
