[*] Config Loaded: Name='flight-van-hawaii-Meet', Duration=600s
[*] Joining: [MEETING_LINK_REMOVED]
[*] Input field found. Typing name: flight-van-hawaii-Meet
[*] Looking for Join button...
    [+] JOIN CLICKED (XPath)!

[*] Starting continuous monitoring for 600 seconds...
[LOG] Time: 0s | RTT: 31.00 ms
[LOG] Time: 1s | RTT: 31.00 ms
[LOG] Time: 3s | RTT: 47.00 ms
[LOG] Time: 4s | RTT: 47.00 ms
[LOG] Time: 5s | RTT: 34.00 ms
[LOG] Time: 6s | RTT: 34.00 ms
[LOG] Time: 7s | RTT: 34.00 ms
[LOG] Time: 8s | RTT: 86.00 ms
[LOG] Time: 9s | RTT: 86.00 ms
[LOG] Time: 10s | RTT: 35.00 ms
[LOG] Time: 11s | RTT: 35.00 ms
[LOG] Time: 12s | RTT: 35.00 ms
[LOG] Time: 13s | RTT: 33.00 ms
[LOG] Time: 14s | RTT: 33.00 ms
[LOG] Time: 15s | RTT: 33.00 ms
[LOG] Time: 16s | RTT: 62.00 ms
[LOG] Time: 17s | RTT: 62.00 ms
[LOG] Time: 18s | RTT: 28.00 ms
[LOG] Time: 19s | RTT: 28.00 ms
[LOG] Time: 20s | RTT: 28.00 ms
[LOG] Time: 21s | RTT: 28.00 ms
[LOG] Time: 22s | RTT: 28.00 ms
[LOG] Time: 23s | RTT: 44.00 ms
[LOG] Time: 24s | RTT: 44.00 ms
[LOG] Time: 25s | RTT: 44.00 ms
[LOG] Time: 26s | RTT: 35.00 ms
[LOG] Time: 27s | RTT: 35.00 ms
[LOG] Time: 28s | RTT: 35.00 ms
[LOG] Time: 29s | RTT: 27.00 ms
[LOG] Time: 30s | RTT: 27.00 ms
[LOG] Time: 31s | RTT: 36.00 ms
[LOG] Time: 32s | RTT: 36.00 ms
[LOG] Time: 33s | RTT: 36.00 ms
[LOG] Time: 34s | RTT: 35.00 ms
[LOG] Time: 35s | RTT: 35.00 ms
[LOG] Time: 36s | RTT: 35.00 ms
[LOG] Time: 37s | RTT: 62.00 ms
[LOG] Time: 38s | RTT: 62.00 ms
[LOG] Time: 39s | RTT: 233.00 ms
[LOG] Time: 40s | RTT: 233.00 ms
[LOG] Time: 42s | RTT: 233.00 ms
[LOG] Time: 43s | RTT: 54.00 ms
[LOG] Time: 44s | RTT: 54.00 ms
[LOG] Time: 45s | RTT: 104.00 ms
[LOG] Time: 46s | RTT: 104.00 ms
[LOG] Time: 47s | RTT: 104.00 ms
[LOG] Time: 48s | RTT: 465.00 ms
[LOG] Time: 49s | RTT: 465.00 ms
[LOG] Time: 50s | RTT: 465.00 ms
[LOG] Time: 51s | RTT: 34.00 ms
[LOG] Time: 52s | RTT: 34.00 ms
[LOG] Time: 53s | RTT: 120.00 ms
[LOG] Time: 54s | RTT: 120.00 ms
[LOG] Time: 55s | RTT: 120.00 ms
[LOG] Time: 56s | RTT: 31.00 ms
[LOG] Time: 57s | RTT: 31.00 ms
[LOG] Time: 58s | RTT: 31.00 ms
[LOG] Time: 59s | RTT: 985.00 ms
[LOG] Time: 60s | RTT: 985.00 ms
[LOG] Time: 61s | RTT: 68.00 ms
[LOG] Time: 62s | RTT: 68.00 ms
[LOG] Time: 63s | RTT: 68.00 ms
[LOG] Time: 64s | RTT: 122.00 ms
[LOG] Time: 65s | RTT: 122.00 ms
[LOG] Time: 66s | RTT: 44.00 ms
[LOG] Time: 67s | RTT: 44.00 ms
[LOG] Time: 68s | RTT: 44.00 ms
[LOG] Time: 69s | RTT: 83.00 ms
[LOG] Time: 70s | RTT: 83.00 ms
[LOG] Time: 71s | RTT: 83.00 ms
[LOG] Time: 72s | RTT: 185.00 ms
[LOG] Time: 73s | RTT: 185.00 ms
[LOG] Time: 74s | RTT: 114.00 ms
[LOG] Time: 75s | RTT: 114.00 ms
[LOG] Time: 76s | RTT: 114.00 ms
[LOG] Time: 77s | RTT: 64.00 ms
[LOG] Time: 78s | RTT: 64.00 ms
[LOG] Time: 79s | RTT: 51.00 ms
[LOG] Time: 80s | RTT: 51.00 ms
[LOG] Time: 81s | RTT: 51.00 ms
[LOG] Time: 82s | RTT: 124.00 ms
[LOG] Time: 83s | RTT: 124.00 ms
[LOG] Time: 84s | RTT: 124.00 ms
[LOG] Time: 85s | RTT: 87.00 ms
[LOG] Time: 86s | RTT: 87.00 ms
[LOG] Time: 87s | RTT: 68.00 ms
[LOG] Time: 88s | RTT: 68.00 ms
[LOG] Time: 89s | RTT: 68.00 ms
[LOG] Time: 90s | RTT: 334.00 ms
[LOG] Time: 91s | RTT: 334.00 ms
[LOG] Time: 92s | RTT: 45.00 ms
[LOG] Time: 93s | RTT: 45.00 ms
[LOG] Time: 95s | RTT: 45.00 ms
[LOG] Time: 96s | RTT: 41.00 ms
[LOG] Time: 97s | RTT: 41.00 ms
[LOG] Time: 98s | RTT: 27.00 ms
[LOG] Time: 99s | RTT: 27.00 ms
[LOG] Time: 100s | RTT: 27.00 ms
[LOG] Time: 101s | RTT: 43.00 ms
[LOG] Time: 102s | RTT: 43.00 ms
[LOG] Time: 103s | RTT: 43.00 ms
[LOG] Time: 104s | RTT: 43.00 ms
[LOG] Time: 105s | RTT: 43.00 ms
[LOG] Time: 106s | RTT: 72.00 ms
[LOG] Time: 107s | RTT: 72.00 ms
[LOG] Time: 108s | RTT: 72.00 ms
[LOG] Time: 109s | RTT: 33.00 ms
[LOG] Time: 110s | RTT: 33.00 ms
[LOG] Time: 111s | RTT: 33.00 ms
[LOG] Time: 112s | RTT: 133.00 ms
[LOG] Time: 113s | RTT: 133.00 ms
[LOG] Time: 114s | RTT: 62.00 ms
[LOG] Time: 115s | RTT: 62.00 ms
[LOG] Time: 116s | RTT: 62.00 ms
[LOG] Time: 117s | RTT: 38.00 ms
[LOG] Time: 118s | RTT: 38.00 ms
[LOG] Time: 119s | RTT: 41.00 ms
[LOG] Time: 120s | RTT: 41.00 ms
[LOG] Time: 121s | RTT: 41.00 ms
[LOG] Time: 122s | RTT: 28.00 ms
[LOG] Time: 123s | RTT: 28.00 ms
[LOG] Time: 124s | RTT: 28.00 ms
[LOG] Time: 125s | RTT: 264.00 ms
[LOG] Time: 126s | RTT: 264.00 ms
[LOG] Time: 127s | RTT: 38.00 ms
[LOG] Time: 128s | RTT: 38.00 ms
[LOG] Time: 129s | RTT: 38.00 ms
[LOG] Time: 130s | RTT: 42.00 ms
[LOG] Time: 131s | RTT: 42.00 ms
[LOG] Time: 132s | RTT: 44.00 ms
[LOG] Time: 133s | RTT: 44.00 ms
[LOG] Time: 134s | RTT: 44.00 ms
[LOG] Time: 135s | RTT: 82.00 ms
[LOG] Time: 136s | RTT: 82.00 ms
[LOG] Time: 137s | RTT: 82.00 ms
[LOG] Time: 138s | RTT: 39.00 ms
[LOG] Time: 139s | RTT: 39.00 ms
[LOG] Time: 140s | RTT: 59.00 ms
[LOG] Time: 141s | RTT: 59.00 ms
[LOG] Time: 142s | RTT: 59.00 ms
[LOG] Time: 143s | RTT: 33.00 ms
[LOG] Time: 144s | RTT: 33.00 ms
[LOG] Time: 145s | RTT: 33.00 ms
[LOG] Time: 146s | RTT: 91.00 ms
[LOG] Time: 147s | RTT: 91.00 ms
[LOG] Time: 148s | RTT: 36.00 ms
[LOG] Time: 149s | RTT: 36.00 ms
[LOG] Time: 150s | RTT: 36.00 ms
[LOG] Time: 151s | RTT: 40.00 ms
[LOG] Time: 152s | RTT: 40.00 ms
[LOG] Time: 153s | RTT: 83.00 ms
[LOG] Time: 154s | RTT: 83.00 ms
[LOG] Time: 155s | RTT: 83.00 ms
[LOG] Time: 156s | RTT: 32.00 ms
[LOG] Time: 157s | RTT: 32.00 ms
[LOG] Time: 159s | RTT: 32.00 ms
[LOG] Time: 160s | RTT: 82.00 ms
[LOG] Time: 161s | RTT: 82.00 ms
[LOG] Time: 162s | RTT: 30.00 ms
[LOG] Time: 163s | RTT: 30.00 ms
[LOG] Time: 164s | RTT: 30.00 ms
[LOG] Time: 165s | RTT: 40.00 ms
[LOG] Time: 166s | RTT: 40.00 ms
[LOG] Time: 167s | RTT: 36.00 ms
[LOG] Time: 168s | RTT: 36.00 ms
[LOG] Time: 169s | RTT: 36.00 ms
[LOG] Time: 170s | RTT: 35.00 ms
[LOG] Time: 171s | RTT: 35.00 ms
[LOG] Time: 172s | RTT: 35.00 ms
[LOG] Time: 173s | RTT: 32.00 ms
[LOG] Time: 174s | RTT: 32.00 ms
[LOG] Time: 175s | RTT: 111.00 ms
[LOG] Time: 176s | RTT: 111.00 ms
[LOG] Time: 177s | RTT: 111.00 ms
[LOG] Time: 178s | RTT: 35.00 ms
[LOG] Time: 179s | RTT: 35.00 ms
[LOG] Time: 180s | RTT: 35.00 ms
[LOG] Time: 181s | RTT: 46.00 ms
[LOG] Time: 182s | RTT: 46.00 ms
[LOG] Time: 183s | RTT: 63.00 ms
[LOG] Time: 184s | RTT: 63.00 ms
[LOG] Time: 185s | RTT: 63.00 ms
[LOG] Time: 186s | RTT: 75.00 ms
[LOG] Time: 187s | RTT: 75.00 ms
[LOG] Time: 188s | RTT: 75.00 ms
[LOG] Time: 189s | RTT: 258.00 ms
[LOG] Time: 190s | RTT: 258.00 ms
[LOG] Time: 191s | RTT: 42.00 ms
[LOG] Time: 192s | RTT: 42.00 ms
[LOG] Time: 193s | RTT: 42.00 ms
[LOG] Time: 194s | RTT: 44.00 ms
[LOG] Time: 195s | RTT: 44.00 ms
[LOG] Time: 196s | RTT: 36.00 ms
[LOG] Time: 197s | RTT: 36.00 ms
[LOG] Time: 198s | RTT: 36.00 ms
[LOG] Time: 199s | RTT: 56.00 ms
[LOG] Time: 200s | RTT: 56.00 ms
[LOG] Time: 201s | RTT: 56.00 ms
[LOG] Time: 202s | RTT: 177.00 ms
[LOG] Time: 203s | RTT: 177.00 ms
[LOG] Time: 204s | RTT: 89.00 ms
[LOG] Time: 205s | RTT: 89.00 ms
[LOG] Time: 206s | RTT: 89.00 ms
[LOG] Time: 207s | RTT: 387.00 ms
[LOG] Time: 208s | RTT: 387.00 ms
[LOG] Time: 209s | RTT: 138.00 ms
[LOG] Time: 210s | RTT: 138.00 ms
[LOG] Time: 211s | RTT: 138.00 ms
[LOG] Time: 212s | RTT: 31.00 ms
[LOG] Time: 213s | RTT: 31.00 ms
[LOG] Time: 214s | RTT: 31.00 ms
[LOG] Time: 215s | RTT: 117.00 ms
[LOG] Time: 216s | RTT: 117.00 ms
[LOG] Time: 217s | RTT: 235.00 ms
[LOG] Time: 218s | RTT: 235.00 ms
[LOG] Time: 219s | RTT: 235.00 ms
[LOG] Time: 220s | RTT: 109.00 ms
[LOG] Time: 221s | RTT: 109.00 ms
[LOG] Time: 222s | RTT: 31.00 ms
[LOG] Time: 223s | RTT: 31.00 ms
[LOG] Time: 225s | RTT: 31.00 ms
[LOG] Time: 226s | RTT: 58.00 ms
[LOG] Time: 227s | RTT: 58.00 ms
[LOG] Time: 228s | RTT: 58.00 ms
[LOG] Time: 229s | RTT: 149.00 ms
[LOG] Time: 230s | RTT: 149.00 ms
[LOG] Time: 231s | RTT: 42.00 ms
[LOG] Time: 232s | RTT: 42.00 ms
[LOG] Time: 233s | RTT: 42.00 ms
[LOG] Time: 234s | RTT: 63.00 ms
[LOG] Time: 235s | RTT: 63.00 ms
[LOG] Time: 236s | RTT: 63.00 ms
[LOG] Time: 237s | RTT: 33.00 ms
[LOG] Time: 238s | RTT: 33.00 ms
[LOG] Time: 239s | RTT: 40.00 ms
[LOG] Time: 240s | RTT: 40.00 ms
[LOG] Time: 241s | RTT: 40.00 ms
[LOG] Time: 242s | RTT: 34.00 ms
[LOG] Time: 243s | RTT: 34.00 ms
[LOG] Time: 244s | RTT: 45.00 ms
[LOG] Time: 245s | RTT: 45.00 ms
[LOG] Time: 246s | RTT: 45.00 ms
[LOG] Time: 247s | RTT: 37.00 ms
[LOG] Time: 248s | RTT: 37.00 ms
[LOG] Time: 249s | RTT: 37.00 ms
[LOG] Time: 250s | RTT: 53.00 ms
[LOG] Time: 251s | RTT: 53.00 ms
[LOG] Time: 252s | RTT: 62.00 ms
[LOG] Time: 253s | RTT: 62.00 ms
[LOG] Time: 254s | RTT: 62.00 ms
[LOG] Time: 255s | RTT: 61.00 ms
[LOG] Time: 256s | RTT: 61.00 ms
[LOG] Time: 257s | RTT: 53.00 ms
[LOG] Time: 258s | RTT: 53.00 ms
[LOG] Time: 259s | RTT: 53.00 ms
[LOG] Time: 260s | RTT: 57.00 ms
[LOG] Time: 261s | RTT: 57.00 ms
[LOG] Time: 262s | RTT: 57.00 ms
[LOG] Time: 263s | RTT: 61.00 ms
[LOG] Time: 264s | RTT: 61.00 ms
[LOG] Time: 265s | RTT: 62.00 ms
[LOG] Time: 266s | RTT: 62.00 ms
[LOG] Time: 267s | RTT: 62.00 ms
[LOG] Time: 268s | RTT: 57.00 ms
[LOG] Time: 269s | RTT: 57.00 ms
[LOG] Time: 270s | RTT: 57.00 ms
[LOG] Time: 271s | RTT: 65.00 ms
[LOG] Time: 272s | RTT: 65.00 ms
[LOG] Time: 273s | RTT: 40.00 ms
[LOG] Time: 274s | RTT: 40.00 ms
[LOG] Time: 275s | RTT: 40.00 ms
[LOG] Time: 276s | RTT: 43.00 ms
[LOG] Time: 277s | RTT: 43.00 ms
[LOG] Time: 278s | RTT: 43.00 ms
[LOG] Time: 279s | RTT: 43.00 ms
[LOG] Time: 280s | RTT: 43.00 ms
[LOG] Time: 281s | RTT: 49.00 ms
[LOG] Time: 282s | RTT: 49.00 ms
[LOG] Time: 283s | RTT: 49.00 ms
[LOG] Time: 284s | RTT: 51.00 ms
[LOG] Time: 285s | RTT: 51.00 ms
[LOG] Time: 286s | RTT: 54.00 ms
[LOG] Time: 287s | RTT: 54.00 ms
[LOG] Time: 288s | RTT: 54.00 ms
[LOG] Time: 289s | RTT: 46.00 ms
[LOG] Time: 290s | RTT: 46.00 ms
[LOG] Time: 291s | RTT: 46.00 ms
[LOG] Time: 292s | RTT: 62.00 ms
[LOG] Time: 293s | RTT: 62.00 ms
[LOG] Time: 294s | RTT: 161.00 ms
[LOG] Time: 295s | RTT: 161.00 ms
[LOG] Time: 297s | RTT: 161.00 ms
[LOG] Time: 298s | RTT: 42.00 ms
[LOG] Time: 299s | RTT: 42.00 ms
[LOG] Time: 300s | RTT: 49.00 ms
[LOG] Time: 301s | RTT: 49.00 ms
[LOG] Time: 302s | RTT: 49.00 ms
[LOG] Time: 303s | RTT: 55.00 ms
[LOG] Time: 304s | RTT: 55.00 ms
[LOG] Time: 305s | RTT: 55.00 ms
[LOG] Time: 306s | RTT: 46.00 ms
[LOG] Time: 307s | RTT: 46.00 ms
[LOG] Time: 308s | RTT: 42.00 ms
[LOG] Time: 309s | RTT: 42.00 ms
[LOG] Time: 310s | RTT: 42.00 ms
[LOG] Time: 311s | RTT: 38.00 ms
[LOG] Time: 312s | RTT: 38.00 ms
[LOG] Time: 313s | RTT: 32.00 ms
[LOG] Time: 314s | RTT: 32.00 ms
[LOG] Time: 315s | RTT: 32.00 ms
[LOG] Time: 316s | RTT: 43.00 ms
[LOG] Time: 317s | RTT: 43.00 ms
[LOG] Time: 318s | RTT: 43.00 ms
[LOG] Time: 319s | RTT: 32.00 ms
[LOG] Time: 320s | RTT: 32.00 ms
[LOG] Time: 321s | RTT: 31.00 ms
[LOG] Time: 322s | RTT: 31.00 ms
[LOG] Time: 323s | RTT: 31.00 ms
[LOG] Time: 324s | RTT: 33.00 ms
[LOG] Time: 325s | RTT: 33.00 ms
[LOG] Time: 326s | RTT: 33.00 ms
[LOG] Time: 327s | RTT: 35.00 ms
[LOG] Time: 328s | RTT: 35.00 ms
[LOG] Time: 329s | RTT: 37.00 ms
[LOG] Time: 330s | RTT: 37.00 ms
[LOG] Time: 331s | RTT: 37.00 ms
[LOG] Time: 332s | RTT: 44.00 ms
[LOG] Time: 333s | RTT: 44.00 ms
[LOG] Time: 334s | RTT: 43.00 ms
[LOG] Time: 335s | RTT: 43.00 ms
[LOG] Time: 336s | RTT: 43.00 ms
[LOG] Time: 337s | RTT: 31.00 ms
[LOG] Time: 338s | RTT: 31.00 ms
[LOG] Time: 339s | RTT: 31.00 ms
[LOG] Time: 340s | RTT: 35.00 ms
[LOG] Time: 341s | RTT: 35.00 ms
[LOG] Time: 342s | RTT: 36.00 ms
[LOG] Time: 343s | RTT: 36.00 ms
[LOG] Time: 344s | RTT: 36.00 ms
[LOG] Time: 345s | RTT: 35.00 ms
[LOG] Time: 346s | RTT: 35.00 ms
[LOG] Time: 347s | RTT: 35.00 ms
[LOG] Time: 348s | RTT: 179.00 ms
[LOG] Time: 349s | RTT: 179.00 ms
[LOG] Time: 350s | RTT: 107.00 ms
[LOG] Time: 351s | RTT: 107.00 ms
[LOG] Time: 352s | RTT: 107.00 ms
[LOG] Time: 353s | RTT: 78.00 ms
[LOG] Time: 354s | RTT: 78.00 ms
[LOG] Time: 355s | RTT: 65.00 ms
[LOG] Time: 356s | RTT: 65.00 ms
[LOG] Time: 357s | RTT: 65.00 ms
[LOG] Time: 358s | RTT: 64.00 ms
[LOG] Time: 359s | RTT: 64.00 ms
[LOG] Time: 360s | RTT: 64.00 ms
[LOG] Time: 361s | RTT: 72.00 ms
[LOG] Time: 362s | RTT: 72.00 ms
[LOG] Time: 363s | RTT: 54.00 ms
[LOG] Time: 365s | RTT: 54.00 ms
[LOG] Time: 366s | RTT: 54.00 ms
[LOG] Time: 367s | RTT: 57.00 ms
[LOG] Time: 368s | RTT: 57.00 ms
[LOG] Time: 369s | RTT: 51.00 ms
[LOG] Time: 370s | RTT: 51.00 ms
[LOG] Time: 371s | RTT: 51.00 ms
[LOG] Time: 372s | RTT: 52.00 ms
[LOG] Time: 373s | RTT: 52.00 ms
[LOG] Time: 374s | RTT: 52.00 ms
[LOG] Time: 375s | RTT: 60.00 ms
[LOG] Time: 376s | RTT: 60.00 ms
[LOG] Time: 377s | RTT: 52.00 ms
[LOG] Time: 378s | RTT: 52.00 ms
[LOG] Time: 379s | RTT: 52.00 ms
[LOG] Time: 380s | RTT: 51.00 ms
[LOG] Time: 381s | RTT: 51.00 ms
[LOG] Time: 382s | RTT: 51.00 ms
[LOG] Time: 383s | RTT: 51.00 ms
[LOG] Time: 384s | RTT: 51.00 ms
[LOG] Time: 385s | RTT: 50.00 ms
[LOG] Time: 386s | RTT: 50.00 ms
[LOG] Time: 387s | RTT: 50.00 ms
[LOG] Time: 388s | RTT: 50.00 ms
[LOG] Time: 389s | RTT: 50.00 ms
[LOG] Time: 390s | RTT: 59.00 ms
[LOG] Time: 391s | RTT: 59.00 ms
[LOG] Time: 392s | RTT: 59.00 ms
[LOG] Time: 393s | RTT: 55.00 ms
[LOG] Time: 394s | RTT: 55.00 ms
[LOG] Time: 395s | RTT: 55.00 ms
[LOG] Time: 396s | RTT: 61.00 ms
[LOG] Time: 397s | RTT: 61.00 ms
[LOG] Time: 398s | RTT: 61.00 ms
[LOG] Time: 399s | RTT: 61.00 ms
[LOG] Time: 400s | RTT: 61.00 ms
[LOG] Time: 401s | RTT: 113.00 ms
[LOG] Time: 402s | RTT: 113.00 ms
[LOG] Time: 403s | RTT: 113.00 ms
[LOG] Time: 404s | RTT: 287.00 ms
[LOG] Time: 405s | RTT: 287.00 ms
[LOG] Time: 406s | RTT: 58.00 ms
[LOG] Time: 407s | RTT: 58.00 ms
[LOG] Time: 408s | RTT: 58.00 ms
[LOG] Time: 409s | RTT: 51.00 ms
[LOG] Time: 410s | RTT: 51.00 ms
[LOG] Time: 411s | RTT: 57.00 ms
[LOG] Time: 412s | RTT: 57.00 ms
[LOG] Time: 413s | RTT: 57.00 ms
[LOG] Time: 414s | RTT: 80.00 ms
[LOG] Time: 415s | RTT: 80.00 ms
[LOG] Time: 416s | RTT: 59.00 ms
[LOG] Time: 417s | RTT: 59.00 ms
[LOG] Time: 418s | RTT: 59.00 ms
[LOG] Time: 419s | RTT: 60.00 ms
[LOG] Time: 420s | RTT: 60.00 ms
[LOG] Time: 421s | RTT: 60.00 ms
[LOG] Time: 422s | RTT: 178.00 ms
[LOG] Time: 423s | RTT: 178.00 ms
[LOG] Time: 424s | RTT: 64.00 ms
[LOG] Time: 425s | RTT: 64.00 ms
[LOG] Time: 426s | RTT: 64.00 ms
[LOG] Time: 427s | RTT: 76.00 ms
[LOG] Time: 428s | RTT: 76.00 ms
[LOG] Time: 430s | RTT: 76.00 ms
[LOG] Time: 431s | RTT: 166.00 ms
[LOG] Time: 432s | RTT: 166.00 ms
[LOG] Time: 433s | RTT: 59.00 ms
[LOG] Time: 434s | RTT: 59.00 ms
[LOG] Time: 435s | RTT: 59.00 ms
[LOG] Time: 436s | RTT: 723.00 ms
[LOG] Time: 437s | RTT: 723.00 ms
[LOG] Time: 438s | RTT: 51.00 ms
[LOG] Time: 439s | RTT: 51.00 ms
[LOG] Time: 440s | RTT: 51.00 ms
[LOG] Time: 441s | RTT: 54.00 ms
[LOG] Time: 442s | RTT: 54.00 ms
[LOG] Time: 443s | RTT: 54.00 ms
[LOG] Time: 444s | RTT: 70.00 ms
[LOG] Time: 445s | RTT: 70.00 ms
[LOG] Time: 446s | RTT: 70.00 ms
[LOG] Time: 447s | RTT: 70.00 ms
[LOG] Time: 448s | RTT: 70.00 ms
[LOG] Time: 449s | RTT: 61.00 ms
[LOG] Time: 450s | RTT: 61.00 ms
[LOG] Time: 451s | RTT: 64.00 ms
[LOG] Time: 452s | RTT: 64.00 ms
[LOG] Time: 453s | RTT: 64.00 ms
[LOG] Time: 454s | RTT: 68.00 ms
[LOG] Time: 455s | RTT: 68.00 ms
[LOG] Time: 456s | RTT: 74.00 ms
[LOG] Time: 457s | RTT: 74.00 ms
[LOG] Time: 458s | RTT: 74.00 ms
[LOG] Time: 459s | RTT: 59.00 ms
[LOG] Time: 460s | RTT: 59.00 ms
[LOG] Time: 462s | RTT: 86.00 ms
[LOG] Time: 463s | RTT: 86.00 ms
[LOG] Time: 464s | RTT: 86.00 ms
[LOG] Time: 465s | RTT: 71.00 ms
[LOG] Time: 466s | RTT: 71.00 ms
[LOG] Time: 467s | RTT: 71.00 ms
[LOG] Time: 468s | RTT: 92.00 ms
[LOG] Time: 469s | RTT: 92.00 ms
[LOG] Time: 470s | RTT: 74.00 ms
[LOG] Time: 471s | RTT: 74.00 ms
[LOG] Time: 472s | RTT: 74.00 ms
[LOG] Time: 473s | RTT: 94.00 ms
[LOG] Time: 474s | RTT: 94.00 ms
[LOG] Time: 475s | RTT: 84.00 ms
[LOG] Time: 476s | RTT: 84.00 ms
[LOG] Time: 477s | RTT: 84.00 ms
[LOG] Time: 478s | RTT: 101.00 ms
[LOG] Time: 479s | RTT: 101.00 ms
[LOG] Time: 480s | RTT: 101.00 ms
[LOG] Time: 481s | RTT: 60.00 ms
[LOG] Time: 482s | RTT: 60.00 ms
[LOG] Time: 483s | RTT: 60.00 ms
[LOG] Time: 484s | RTT: 60.00 ms
[LOG] Time: 485s | RTT: 60.00 ms
[LOG] Time: 486s | RTT: 49.00 ms
[LOG] Time: 487s | RTT: 49.00 ms
[LOG] Time: 488s | RTT: 49.00 ms
[LOG] Time: 489s | RTT: 49.00 ms
[LOG] Time: 490s | RTT: 49.00 ms
[LOG] Time: 491s | RTT: 49.00 ms
[LOG] Time: 492s | RTT: 49.00 ms
[LOG] Time: 493s | RTT: 49.00 ms
[LOG] Time: 494s | RTT: 60.00 ms
[LOG] Time: 495s | RTT: 60.00 ms
[LOG] Time: 496s | RTT: 72.00 ms
[LOG] Time: 497s | RTT: 72.00 ms
[LOG] Time: 498s | RTT: 72.00 ms
[LOG] Time: 499s | RTT: 67.00 ms
[LOG] Time: 500s | RTT: 67.00 ms
[LOG] Time: 501s | RTT: 73.00 ms
[LOG] Time: 502s | RTT: 73.00 ms
[LOG] Time: 503s | RTT: 73.00 ms
[LOG] Time: 504s | RTT: 118.00 ms
[LOG] Time: 506s | RTT: 118.00 ms
[LOG] Time: 507s | RTT: 118.00 ms
[LOG] Time: 508s | RTT: 67.00 ms
[LOG] Time: 509s | RTT: 67.00 ms
[LOG] Time: 510s | RTT: 113.00 ms
[LOG] Time: 511s | RTT: 113.00 ms
[LOG] Time: 512s | RTT: 113.00 ms
[LOG] Time: 513s | RTT: 53.00 ms
[LOG] Time: 514s | RTT: 53.00 ms
[LOG] Time: 515s | RTT: 53.00 ms
[LOG] Time: 516s | RTT: 228.00 ms
[LOG] Time: 517s | RTT: 228.00 ms
[LOG] Time: 518s | RTT: 118.00 ms
[LOG] Time: 519s | RTT: 118.00 ms
[LOG] Time: 520s | RTT: 118.00 ms
[LOG] Time: 521s | RTT: 103.00 ms
[LOG] Time: 522s | RTT: 103.00 ms
[LOG] Time: 523s | RTT: 111.00 ms
[LOG] Time: 524s | RTT: 111.00 ms
[LOG] Time: 525s | RTT: 111.00 ms
[LOG] Time: 526s | RTT: 53.00 ms
[LOG] Time: 527s | RTT: 53.00 ms
[LOG] Time: 528s | RTT: 66.00 ms
[LOG] Time: 529s | RTT: 66.00 ms
[LOG] Time: 530s | RTT: 66.00 ms
[LOG] Time: 531s | RTT: 62.00 ms
[LOG] Time: 532s | RTT: 62.00 ms
[LOG] Time: 533s | RTT: 62.00 ms
[LOG] Time: 534s | RTT: 56.00 ms
[LOG] Time: 535s | RTT: 56.00 ms
[LOG] Time: 536s | RTT: 68.00 ms
[LOG] Time: 537s | RTT: 68.00 ms
[LOG] Time: 538s | RTT: 68.00 ms
[LOG] Time: 539s | RTT: 107.00 ms
[LOG] Time: 540s | RTT: 107.00 ms
[LOG] Time: 541s | RTT: 107.00 ms
[LOG] Time: 542s | RTT: 57.00 ms
[LOG] Time: 543s | RTT: 57.00 ms
[LOG] Time: 544s | RTT: 79.00 ms
[LOG] Time: 545s | RTT: 79.00 ms
[LOG] Time: 546s | RTT: 79.00 ms
[LOG] Time: 547s | RTT: 103.00 ms
[LOG] Time: 548s | RTT: 103.00 ms
[LOG] Time: 549s | RTT: 69.00 ms
[LOG] Time: 550s | RTT: 69.00 ms
[LOG] Time: 551s | RTT: 69.00 ms
[LOG] Time: 552s | RTT: 181.00 ms
[LOG] Time: 553s | RTT: 181.00 ms
[LOG] Time: 554s | RTT: 181.00 ms
[LOG] Time: 555s | RTT: 347.00 ms
[LOG] Time: 556s | RTT: 347.00 ms
[LOG] Time: 557s | RTT: 53.00 ms
[LOG] Time: 558s | RTT: 53.00 ms
[LOG] Time: 559s | RTT: 53.00 ms
[LOG] Time: 560s | RTT: 63.00 ms
[LOG] Time: 561s | RTT: 63.00 ms
[LOG] Time: 562s | RTT: 50.00 ms
[LOG] Time: 563s | RTT: 50.00 ms
[LOG] Time: 564s | RTT: 50.00 ms
[LOG] Time: 565s | RTT: 69.00 ms
[LOG] Time: 566s | RTT: 69.00 ms
[LOG] Time: 567s | RTT: 69.00 ms
[LOG] Time: 568s | RTT: 72.00 ms
[LOG] Time: 570s | RTT: 72.00 ms
[LOG] Time: 571s | RTT: 61.00 ms
[LOG] Time: 572s | RTT: 61.00 ms
[LOG] Time: 573s | RTT: 61.00 ms
[LOG] Time: 574s | RTT: 92.00 ms
[LOG] Time: 575s | RTT: 92.00 ms
[LOG] Time: 576s | RTT: 92.00 ms
[LOG] Time: 577s | RTT: 109.00 ms
[LOG] Time: 578s | RTT: 109.00 ms
[LOG] Time: 579s | RTT: 55.00 ms
[LOG] Time: 580s | RTT: 55.00 ms
[LOG] Time: 581s | RTT: 55.00 ms
[LOG] Time: 582s | RTT: 49.00 ms
[LOG] Time: 583s | RTT: 49.00 ms
[LOG] Time: 584s | RTT: 51.00 ms
[LOG] Time: 585s | RTT: 51.00 ms
[LOG] Time: 586s | RTT: 51.00 ms
[LOG] Time: 587s | RTT: 66.00 ms
[LOG] Time: 588s | RTT: 66.00 ms
[LOG] Time: 589s | RTT: 66.00 ms
[LOG] Time: 590s | RTT: 75.00 ms
[LOG] Time: 591s | RTT: 75.00 ms
[LOG] Time: 592s | RTT: 54.00 ms
[LOG] Time: 593s | RTT: 54.00 ms
[LOG] Time: 594s | RTT: 54.00 ms
[LOG] Time: 595s | RTT: 69.00 ms
[LOG] Time: 596s | RTT: 69.00 ms
[LOG] Time: 597s | RTT: 69.00 ms
[LOG] Time: 598s | RTT: 64.00 ms
[LOG] Time: 599s | RTT: 64.00 ms
[*] Monitoring finished.

SUCCESS! Remote IP: 74.125.250.241
[*] Resolving Server Location...
SUCCESS! Server Location: Mountain View, United States (Google LLC)

[*] Running TCP MTR (Port 443)...
Start: 2026-02-16T03:45:39+0000
HOST: 9fbdc319aa2d                Loss%   Snt   Last   Avg  Best  Wrst StDev
  1. AS???    172.17.0.1           0.0%    10    0.2   0.2   0.2   0.2   0.0
  2. AS???    10.1.0.1             0.0%    10    6.6   5.7   1.6  17.8   4.7
  3. AS???    100.64.0.1          10.0%    10   26.3  32.8  26.3  41.6   4.9
  4. AS???    172.16.250.32        0.0%    10   33.9  36.6  28.3  67.8  11.9
  5. AS???    ???                 100.0    10    0.0   0.0   0.0   0.0   0.0
  6. AS14593  206.224.76.249       0.0%    10   28.0  36.6  26.7  75.5  14.9
        206.224.77.1                     
     AS14593  206.224.77.1
        206.224.77.11                    
     AS14593  206.224.77.11
        206.224.77.17                    
     AS14593  206.224.77.17
  7. AS15169  72.14.215.110        0.0%    10   33.5  36.3  26.3  53.4   7.6
        135.129.252.153                  
     AS14593  135.129.252.153
  8. AS15169  142.251.254.241      0.0%    10   40.8  33.8  26.2  40.8   5.5
        192.178.87.169                   
     AS15169  192.178.87.169
        192.178.87.207                   
     AS15169  192.178.87.207
        142.251.231.101                  
     AS15169  142.251.231.101
        108.170.237.59                   
     AS15169  108.170.237.59
        142.250.230.191                  
     AS15169  142.250.230.191
  9. AS15169  142.251.224.175      0.0%    10   32.1  31.6  25.5  38.3   4.5
        108.170.235.209                  
     AS15169  108.170.235.209
        142.251.224.179                  
     AS15169  142.251.224.179
        142.251.65.137                   
     AS15169  142.251.65.137
        142.251.65.127                   
     AS15169  142.251.65.127
        142.251.224.189                  
     AS15169  142.251.224.189
        142.251.65.139                   
     AS15169  142.251.65.139
        142.251.228.81                   
     AS15169  142.251.228.81
 10. AS???    ???                 100.0    10    0.0   0.0   0.0   0.0   0.0

[*] Running UDP MTR...
Start: 2026-02-16T03:45:57+0000
HOST: 9fbdc319aa2d                Loss%   Snt   Last   Avg  Best  Wrst StDev
  1. AS???    172.17.0.1           0.0%    10    0.1   0.1   0.1   0.2   0.0
  2. AS???    10.1.0.1             0.0%    10    6.1   6.2   1.7  18.0   4.9
  3. AS???    100.64.0.1           0.0%    10   36.3  40.4  27.3  81.4  16.5
  4. AS???    172.16.250.32        0.0%    10   30.9  37.4  27.9  56.5   9.2
  5. AS14593  206.224.68.68        0.0%    10   51.2  34.2  24.4  51.2   7.6
        206.224.68.72                    
     AS14593  206.224.68.72
        206.224.68.76                    
     AS14593  206.224.68.76
        206.224.68.80                    
     AS14593  206.224.68.80
  6. AS14593  206.224.76.249       0.0%    10   37.3  37.6  23.7  69.9  13.7
        206.224.77.1                     
     AS14593  206.224.77.1
        206.224.77.11                    
     AS14593  206.224.77.11
        206.224.77.17                    
     AS14593  206.224.77.17
  7. AS15169  72.14.215.110       50.0%    10   29.8  36.4  26.3  47.0   9.7
  8. AS???    ???                 100.0    10    0.0   0.0   0.0   0.0   0.0
