[*] Config Loaded: Name='flight-van-hawaii-Teams', Duration=600s
[*] Launching Chrome for Teams...
[*] Joining URL: [MEETING_LINK_REMOVED]
[*] Navigating Join Flow...
[*] Looking for Join button...
    [+] JOIN CLICKED!
[*] Waiting for connection (20s)...
[*] Starting continuous monitoring for 600 seconds...
[LOG] Time: 0s | RTT: 145.00 ms | State: connected
[LOG] Time: 1s | RTT: 145.00 ms | State: connected
[LOG] Time: 2s | RTT: 164.00 ms | State: connected
[LOG] Time: 3s | RTT: 164.00 ms | State: connected
[LOG] Time: 4s | RTT: 141.00 ms | State: connected
[LOG] Time: 5s | RTT: 141.00 ms | State: connected
[LOG] Time: 6s | RTT: 122.00 ms | State: connected
[LOG] Time: 7s | RTT: 122.00 ms | State: connected
[LOG] Time: 8s | RTT: 122.00 ms | State: connected
[LOG] Time: 9s | RTT: 125.00 ms | State: connected
[LOG] Time: 11s | RTT: 125.00 ms | State: connected
[LOG] Time: 12s | RTT: 155.00 ms | State: connected
[LOG] Time: 13s | RTT: 155.00 ms | State: connected
[LOG] Time: 14s | RTT: 155.00 ms | State: connected
[LOG] Time: 15s | RTT: 140.00 ms | State: connected
[LOG] Time: 16s | RTT: 140.00 ms | State: connected
[LOG] Time: 17s | RTT: 141.00 ms | State: connected
[LOG] Time: 18s | RTT: 141.00 ms | State: connected
[LOG] Time: 19s | RTT: 141.00 ms | State: connected
[LOG] Time: 20s | RTT: 130.00 ms | State: connected
[LOG] Time: 21s | RTT: 130.00 ms | State: connected
[LOG] Time: 22s | RTT: 108.00 ms | State: connected
[LOG] Time: 24s | RTT: 108.00 ms | State: connected
[LOG] Time: 25s | RTT: 108.00 ms | State: connected
[LOG] Time: 26s | RTT: 180.00 ms | State: connected
[LOG] Time: 27s | RTT: 180.00 ms | State: connected
[LOG] Time: 28s | RTT: 173.00 ms | State: connected
[LOG] Time: 29s | RTT: 173.00 ms | State: connected
[LOG] Time: 30s | RTT: 128.00 ms | State: connected
[LOG] Time: 31s | RTT: 128.00 ms | State: connected
[LOG] Time: 32s | RTT: 128.00 ms | State: connected
[LOG] Time: 33s | RTT: 168.00 ms | State: connected
[LOG] Time: 35s | RTT: 168.00 ms | State: connected
[LOG] Time: 36s | RTT: 194.00 ms | State: connected
[LOG] Time: 37s | RTT: 194.00 ms | State: connected
[LOG] Time: 38s | RTT: 194.00 ms | State: connected
[LOG] Time: 39s | RTT: 177.00 ms | State: connected
[LOG] Time: 40s | RTT: 177.00 ms | State: connected
[LOG] Time: 41s | RTT: 118.00 ms | State: connected
[LOG] Time: 42s | RTT: 118.00 ms | State: connected
[LOG] Time: 44s | RTT: 169.00 ms | State: connected
[LOG] Time: 45s | RTT: 169.00 ms | State: connected
[LOG] Time: 46s | RTT: 169.00 ms | State: connected
[LOG] Time: 47s | RTT: 133.00 ms | State: connected
[LOG] Time: 48s | RTT: 133.00 ms | State: connected
[LOG] Time: 49s | RTT: 128.00 ms | State: connected
[LOG] Time: 50s | RTT: 128.00 ms | State: connected
[LOG] Time: 51s | RTT: 213.00 ms | State: connected
[LOG] Time: 53s | RTT: 213.00 ms | State: connected
[LOG] Time: 54s | RTT: 213.00 ms | State: connected
[LOG] Time: 55s | RTT: 152.00 ms | State: connected
[LOG] Time: 56s | RTT: 152.00 ms | State: connected
[LOG] Time: 57s | RTT: 247.00 ms | State: connected
[LOG] Time: 58s | RTT: 247.00 ms | State: connected
[LOG] Time: 59s | RTT: 247.00 ms | State: connected
[LOG] Time: 60s | RTT: 166.00 ms | State: connected
[LOG] Time: 61s | RTT: 166.00 ms | State: connected
[LOG] Time: 62s | RTT: 304.00 ms | State: connected
[LOG] Time: 64s | RTT: 304.00 ms | State: connected
[LOG] Time: 65s | RTT: 157.00 ms | State: connected
[LOG] Time: 66s | RTT: 157.00 ms | State: connected
[LOG] Time: 67s | RTT: 157.00 ms | State: connected
[LOG] Time: 68s | RTT: 151.00 ms | State: connected
[LOG] Time: 69s | RTT: 151.00 ms | State: connected
[LOG] Time: 70s | RTT: 140.00 ms | State: connected
[LOG] Time: 71s | RTT: 140.00 ms | State: connected
[LOG] Time: 72s | RTT: 140.00 ms | State: connected
[LOG] Time: 73s | RTT: 141.00 ms | State: connected
[LOG] Time: 75s | RTT: 141.00 ms | State: connected
[LOG] Time: 76s | RTT: 144.00 ms | State: connected
[LOG] Time: 77s | RTT: 144.00 ms | State: connected
[LOG] Time: 78s | RTT: 144.00 ms | State: connected
[LOG] Time: 79s | RTT: 149.00 ms | State: connected
[LOG] Time: 80s | RTT: 149.00 ms | State: connected
[LOG] Time: 81s | RTT: 170.00 ms | State: connected
[LOG] Time: 82s | RTT: 170.00 ms | State: connected
[LOG] Time: 83s | RTT: 170.00 ms | State: connected
[LOG] Time: 84s | RTT: 148.00 ms | State: connected
[LOG] Time: 85s | RTT: 148.00 ms | State: connected
[LOG] Time: 86s | RTT: 268.00 ms | State: connected
[LOG] Time: 88s | RTT: 268.00 ms | State: connected
[LOG] Time: 89s | RTT: 199.00 ms | State: connected
[LOG] Time: 90s | RTT: 199.00 ms | State: connected
[LOG] Time: 91s | RTT: 199.00 ms | State: connected
[LOG] Time: 92s | RTT: 115.00 ms | State: connected
[LOG] Time: 93s | RTT: 115.00 ms | State: connected
[LOG] Time: 94s | RTT: 434.00 ms | State: connected
[LOG] Time: 95s | RTT: 434.00 ms | State: connected
[LOG] Time: 96s | RTT: 434.00 ms | State: connected
[LOG] Time: 97s | RTT: 337.00 ms | State: connected
[LOG] Time: 99s | RTT: 337.00 ms | State: connected
[LOG] Time: 100s | RTT: 142.00 ms | State: connected
[LOG] Time: 101s | RTT: 142.00 ms | State: connected
[LOG] Time: 102s | RTT: 142.00 ms | State: connected
[LOG] Time: 103s | RTT: 220.00 ms | State: connected
[LOG] Time: 104s | RTT: 220.00 ms | State: connected
[LOG] Time: 105s | RTT: 194.00 ms | State: connected
[LOG] Time: 106s | RTT: 194.00 ms | State: connected
[LOG] Time: 107s | RTT: 127.00 ms | State: connected
[LOG] Time: 108s | RTT: 127.00 ms | State: connected
[LOG] Time: 109s | RTT: 127.00 ms | State: connected
[LOG] Time: 111s | RTT: 161.00 ms | State: connected
[LOG] Time: 112s | RTT: 161.00 ms | State: connected
[LOG] Time: 113s | RTT: 134.00 ms | State: connected
[LOG] Time: 114s | RTT: 134.00 ms | State: connected
[LOG] Time: 115s | RTT: 134.00 ms | State: connected
[LOG] Time: 116s | RTT: 140.00 ms | State: connected
[LOG] Time: 117s | RTT: 140.00 ms | State: connected
[LOG] Time: 118s | RTT: 183.00 ms | State: connected
[LOG] Time: 119s | RTT: 183.00 ms | State: connected
[LOG] Time: 120s | RTT: 183.00 ms | State: connected
[LOG] Time: 121s | RTT: 128.00 ms | State: connected
[LOG] Time: 123s | RTT: 128.00 ms | State: connected
[LOG] Time: 124s | RTT: 155.00 ms | State: connected
[LOG] Time: 125s | RTT: 155.00 ms | State: connected
[LOG] Time: 126s | RTT: 153.00 ms | State: connected
[LOG] Time: 127s | RTT: 153.00 ms | State: connected
[LOG] Time: 128s | RTT: 153.00 ms | State: connected
[LOG] Time: 129s | RTT: 123.00 ms | State: connected
[LOG] Time: 130s | RTT: 123.00 ms | State: connected
[LOG] Time: 131s | RTT: 152.00 ms | State: connected
[LOG] Time: 132s | RTT: 152.00 ms | State: connected
[LOG] Time: 133s | RTT: 152.00 ms | State: connected
[LOG] Time: 134s | RTT: 144.00 ms | State: connected
[LOG] Time: 136s | RTT: 144.00 ms | State: connected
[LOG] Time: 137s | RTT: 184.00 ms | State: connected
[LOG] Time: 138s | RTT: 184.00 ms | State: connected
[LOG] Time: 139s | RTT: 184.00 ms | State: connected
[LOG] Time: 140s | RTT: 124.00 ms | State: connected
[LOG] Time: 141s | RTT: 124.00 ms | State: connected
[LOG] Time: 142s | RTT: 196.00 ms | State: connected
[LOG] Time: 143s | RTT: 196.00 ms | State: connected
[LOG] Time: 144s | RTT: 196.00 ms | State: connected
[LOG] Time: 145s | RTT: 176.00 ms | State: connected
[LOG] Time: 146s | RTT: 176.00 ms | State: connected
[LOG] Time: 148s | RTT: 138.00 ms | State: connected
[LOG] Time: 149s | RTT: 138.00 ms | State: connected
[LOG] Time: 150s | RTT: 166.00 ms | State: connected
[LOG] Time: 151s | RTT: 166.00 ms | State: connected
[LOG] Time: 152s | RTT: 166.00 ms | State: connected
[LOG] Time: 153s | RTT: 168.00 ms | State: connected
[LOG] Time: 154s | RTT: 168.00 ms | State: connected
[LOG] Time: 155s | RTT: 145.00 ms | State: connected
[LOG] Time: 156s | RTT: 145.00 ms | State: connected
[LOG] Time: 157s | RTT: 145.00 ms | State: connected
[LOG] Time: 158s | RTT: 173.00 ms | State: connected
[LOG] Time: 160s | RTT: 173.00 ms | State: connected
[LOG] Time: 161s | RTT: 142.00 ms | State: connected
[LOG] Time: 162s | RTT: 142.00 ms | State: connected
[LOG] Time: 163s | RTT: 140.00 ms | State: connected
[LOG] Time: 164s | RTT: 140.00 ms | State: connected
[LOG] Time: 165s | RTT: 140.00 ms | State: connected
[LOG] Time: 166s | RTT: 119.00 ms | State: connected
[LOG] Time: 167s | RTT: 119.00 ms | State: connected
[LOG] Time: 168s | RTT: 159.00 ms | State: connected
[LOG] Time: 170s | RTT: 159.00 ms | State: connected
[LOG] Time: 171s | RTT: 159.00 ms | State: connected
[LOG] Time: 172s | RTT: 143.00 ms | State: connected
[LOG] Time: 173s | RTT: 143.00 ms | State: connected
[LOG] Time: 174s | RTT: 135.00 ms | State: connected
[LOG] Time: 175s | RTT: 135.00 ms | State: connected
[LOG] Time: 176s | RTT: 168.00 ms | State: connected
[LOG] Time: 178s | RTT: 168.00 ms | State: connected
[LOG] Time: 179s | RTT: 168.00 ms | State: connected
[LOG] Time: 180s | RTT: 128.00 ms | State: connected
[LOG] Time: 181s | RTT: 128.00 ms | State: connected
[LOG] Time: 182s | RTT: 175.00 ms | State: connected
[LOG] Time: 183s | RTT: 175.00 ms | State: connected
[LOG] Time: 184s | RTT: 142.00 ms | State: connected
[LOG] Time: 186s | RTT: 142.00 ms | State: connected
[LOG] Time: 187s | RTT: 142.00 ms | State: connected
[LOG] Time: 188s | RTT: 157.00 ms | State: connected
[LOG] Time: 189s | RTT: 157.00 ms | State: connected
[LOG] Time: 190s | RTT: 165.00 ms | State: connected
[LOG] Time: 191s | RTT: 165.00 ms | State: connected
[LOG] Time: 192s | RTT: 155.00 ms | State: connected
[LOG] Time: 194s | RTT: 155.00 ms | State: connected
[LOG] Time: 195s | RTT: 155.00 ms | State: connected
[LOG] Time: 196s | RTT: 138.00 ms | State: connected
[LOG] Time: 197s | RTT: 138.00 ms | State: connected
[LOG] Time: 198s | RTT: 167.00 ms | State: connected
[LOG] Time: 199s | RTT: 167.00 ms | State: connected
[LOG] Time: 200s | RTT: 156.00 ms | State: connected
[LOG] Time: 202s | RTT: 156.00 ms | State: connected
[LOG] Time: 203s | RTT: 156.00 ms | State: connected
[LOG] Time: 204s | RTT: 146.00 ms | State: connected
[LOG] Time: 205s | RTT: 146.00 ms | State: connected
[LOG] Time: 206s | RTT: 154.00 ms | State: connected
[LOG] Time: 207s | RTT: 154.00 ms | State: connected
[LOG] Time: 208s | RTT: 202.00 ms | State: connected
[LOG] Time: 209s | RTT: 202.00 ms | State: connected
[LOG] Time: 210s | RTT: 202.00 ms | State: connected
[LOG] Time: 211s | RTT: 266.00 ms | State: connected
[LOG] Time: 212s | RTT: 266.00 ms | State: connected
[LOG] Time: 214s | RTT: 326.00 ms | State: connected
[LOG] Time: 215s | RTT: 326.00 ms | State: connected
[LOG] Time: 216s | RTT: 326.00 ms | State: connected
[LOG] Time: 217s | RTT: 153.00 ms | State: connected
[LOG] Time: 218s | RTT: 153.00 ms | State: connected
[LOG] Time: 219s | RTT: 159.00 ms | State: connected
[LOG] Time: 220s | RTT: 159.00 ms | State: connected
[LOG] Time: 221s | RTT: 165.00 ms | State: connected
[LOG] Time: 222s | RTT: 165.00 ms | State: connected
[LOG] Time: 224s | RTT: 165.00 ms | State: connected
[LOG] Time: 225s | RTT: 465.00 ms | State: connected
[LOG] Time: 226s | RTT: 465.00 ms | State: connected
[LOG] Time: 227s | RTT: 274.00 ms | State: connected
[LOG] Time: 228s | RTT: 274.00 ms | State: connected
[LOG] Time: 229s | RTT: 274.00 ms | State: connected
[LOG] Time: 230s | RTT: 121.00 ms | State: connected
[LOG] Time: 231s | RTT: 121.00 ms | State: connected
[LOG] Time: 232s | RTT: 155.00 ms | State: connected
[LOG] Time: 233s | RTT: 155.00 ms | State: connected
[LOG] Time: 234s | RTT: 155.00 ms | State: connected
[LOG] Time: 235s | RTT: 114.00 ms | State: connected
[LOG] Time: 237s | RTT: 114.00 ms | State: connected
[LOG] Time: 238s | RTT: 302.00 ms | State: connected
[LOG] Time: 239s | RTT: 302.00 ms | State: connected
[LOG] Time: 240s | RTT: 302.00 ms | State: connected
[LOG] Time: 241s | RTT: 159.00 ms | State: connected
[LOG] Time: 242s | RTT: 159.00 ms | State: connected
[LOG] Time: 243s | RTT: 150.00 ms | State: connected
[LOG] Time: 244s | RTT: 150.00 ms | State: connected
[LOG] Time: 245s | RTT: 150.00 ms | State: connected
[LOG] Time: 246s | RTT: 282.00 ms | State: connected
[LOG] Time: 247s | RTT: 282.00 ms | State: connected
[LOG] Time: 249s | RTT: 277.00 ms | State: connected
[LOG] Time: 250s | RTT: 277.00 ms | State: connected
[LOG] Time: 251s | RTT: 176.00 ms | State: connected
[LOG] Time: 252s | RTT: 176.00 ms | State: connected
[LOG] Time: 253s | RTT: 176.00 ms | State: connected
[LOG] Time: 254s | RTT: 157.00 ms | State: connected
[LOG] Time: 255s | RTT: 157.00 ms | State: connected
[LOG] Time: 256s | RTT: 125.00 ms | State: connected
[LOG] Time: 257s | RTT: 125.00 ms | State: connected
[LOG] Time: 258s | RTT: 125.00 ms | State: connected
[LOG] Time: 259s | RTT: 174.00 ms | State: connected
[LOG] Time: 260s | RTT: 174.00 ms | State: connected
[LOG] Time: 262s | RTT: 153.00 ms | State: connected
[LOG] Time: 263s | RTT: 153.00 ms | State: connected
[LOG] Time: 264s | RTT: 153.00 ms | State: connected
[LOG] Time: 265s | RTT: 117.00 ms | State: connected
[LOG] Time: 266s | RTT: 117.00 ms | State: connected
[LOG] Time: 267s | RTT: 123.00 ms | State: connected
[LOG] Time: 268s | RTT: 123.00 ms | State: connected
[LOG] Time: 269s | RTT: 123.00 ms | State: connected
[LOG] Time: 270s | RTT: 165.00 ms | State: connected
[LOG] Time: 271s | RTT: 165.00 ms | State: connected
[LOG] Time: 272s | RTT: 114.00 ms | State: connected
[LOG] Time: 273s | RTT: 114.00 ms | State: connected
[LOG] Time: 275s | RTT: 148.00 ms | State: connected
[LOG] Time: 276s | RTT: 148.00 ms | State: connected
[LOG] Time: 277s | RTT: 148.00 ms | State: connected
[LOG] Time: 278s | RTT: 158.00 ms | State: connected
[LOG] Time: 279s | RTT: 158.00 ms | State: connected
[LOG] Time: 280s | RTT: 150.00 ms | State: connected
[LOG] Time: 281s | RTT: 150.00 ms | State: connected
[LOG] Time: 282s | RTT: 150.00 ms | State: connected
[LOG] Time: 283s | RTT: 138.00 ms | State: connected
[LOG] Time: 284s | RTT: 138.00 ms | State: connected
[LOG] Time: 285s | RTT: 164.00 ms | State: connected
[LOG] Time: 287s | RTT: 164.00 ms | State: connected
[LOG] Time: 288s | RTT: 164.00 ms | State: connected
[LOG] Time: 289s | RTT: 142.00 ms | State: connected
[LOG] Time: 290s | RTT: 142.00 ms | State: connected
[LOG] Time: 291s | RTT: 137.00 ms | State: connected
[LOG] Time: 292s | RTT: 137.00 ms | State: connected
[LOG] Time: 293s | RTT: 137.00 ms | State: connected
[LOG] Time: 294s | RTT: 166.00 ms | State: connected
[LOG] Time: 295s | RTT: 166.00 ms | State: connected
[LOG] Time: 296s | RTT: 138.00 ms | State: connected
[LOG] Time: 297s | RTT: 138.00 ms | State: connected
[LOG] Time: 299s | RTT: 158.00 ms | State: connected
[LOG] Time: 300s | RTT: 158.00 ms | State: connected
[LOG] Time: 301s | RTT: 158.00 ms | State: connected
[LOG] Time: 302s | RTT: 136.00 ms | State: connected
[LOG] Time: 303s | RTT: 136.00 ms | State: connected
[LOG] Time: 304s | RTT: 117.00 ms | State: connected
[LOG] Time: 305s | RTT: 117.00 ms | State: connected
[LOG] Time: 306s | RTT: 117.00 ms | State: connected
[LOG] Time: 307s | RTT: 141.00 ms | State: connected
[LOG] Time: 308s | RTT: 141.00 ms | State: connected
[LOG] Time: 309s | RTT: 145.00 ms | State: connected
[LOG] Time: 310s | RTT: 145.00 ms | State: connected
[LOG] Time: 312s | RTT: 145.00 ms | State: connected
[LOG] Time: 313s | RTT: 134.00 ms | State: connected
[LOG] Time: 314s | RTT: 134.00 ms | State: connected
[LOG] Time: 315s | RTT: 133.00 ms | State: connected
[LOG] Time: 316s | RTT: 133.00 ms | State: connected
[LOG] Time: 317s | RTT: 133.00 ms | State: connected
[LOG] Time: 318s | RTT: 162.00 ms | State: connected
[LOG] Time: 319s | RTT: 162.00 ms | State: connected
[LOG] Time: 320s | RTT: 159.00 ms | State: connected
[LOG] Time: 321s | RTT: 159.00 ms | State: connected
[LOG] Time: 322s | RTT: 168.00 ms | State: connected
[LOG] Time: 323s | RTT: 168.00 ms | State: connected
[LOG] Time: 325s | RTT: 168.00 ms | State: connected
[LOG] Time: 326s | RTT: 130.00 ms | State: connected
[LOG] Time: 327s | RTT: 130.00 ms | State: connected
[LOG] Time: 328s | RTT: 182.00 ms | State: connected
[LOG] Time: 329s | RTT: 182.00 ms | State: connected
[LOG] Time: 330s | RTT: 182.00 ms | State: connected
[LOG] Time: 331s | RTT: 157.00 ms | State: connected
[LOG] Time: 332s | RTT: 157.00 ms | State: connected
[LOG] Time: 333s | RTT: 143.00 ms | State: connected
[LOG] Time: 334s | RTT: 143.00 ms | State: connected
[LOG] Time: 335s | RTT: 143.00 ms | State: connected
[LOG] Time: 337s | RTT: 151.00 ms | State: connected
[LOG] Time: 338s | RTT: 151.00 ms | State: connected
[LOG] Time: 339s | RTT: 180.00 ms | State: connected
[LOG] Time: 340s | RTT: 180.00 ms | State: connected
[LOG] Time: 341s | RTT: 180.00 ms | State: connected
[LOG] Time: 342s | RTT: 167.00 ms | State: connected
[LOG] Time: 343s | RTT: 167.00 ms | State: connected
[LOG] Time: 344s | RTT: 154.00 ms | State: connected
[LOG] Time: 345s | RTT: 154.00 ms | State: connected
[LOG] Time: 346s | RTT: 185.00 ms | State: connected
[LOG] Time: 347s | RTT: 185.00 ms | State: connected
[LOG] Time: 349s | RTT: 185.00 ms | State: connected
[LOG] Time: 350s | RTT: 158.00 ms | State: connected
[LOG] Time: 351s | RTT: 158.00 ms | State: connected
[LOG] Time: 352s | RTT: 137.00 ms | State: connected
[LOG] Time: 353s | RTT: 137.00 ms | State: connected
[LOG] Time: 354s | RTT: 137.00 ms | State: connected
[LOG] Time: 355s | RTT: 130.00 ms | State: connected
[LOG] Time: 356s | RTT: 130.00 ms | State: connected
[LOG] Time: 357s | RTT: 163.00 ms | State: connected
[LOG] Time: 358s | RTT: 163.00 ms | State: connected
[LOG] Time: 359s | RTT: 163.00 ms | State: connected
[LOG] Time: 360s | RTT: 156.00 ms | State: connected
[LOG] Time: 362s | RTT: 156.00 ms | State: connected
[LOG] Time: 363s | RTT: 150.00 ms | State: connected
[LOG] Time: 364s | RTT: 150.00 ms | State: connected
[LOG] Time: 365s | RTT: 133.00 ms | State: connected
[LOG] Time: 366s | RTT: 133.00 ms | State: connected
[LOG] Time: 367s | RTT: 133.00 ms | State: connected
[LOG] Time: 368s | RTT: 169.00 ms | State: connected
[LOG] Time: 369s | RTT: 169.00 ms | State: connected
[LOG] Time: 370s | RTT: 150.00 ms | State: connected
[LOG] Time: 371s | RTT: 150.00 ms | State: connected
[LOG] Time: 372s | RTT: 150.00 ms | State: connected
[LOG] Time: 374s | RTT: 137.00 ms | State: connected
[LOG] Time: 375s | RTT: 137.00 ms | State: connected
[LOG] Time: 376s | RTT: 121.00 ms | State: connected
[LOG] Time: 377s | RTT: 121.00 ms | State: connected
[LOG] Time: 378s | RTT: 121.00 ms | State: connected
[LOG] Time: 379s | RTT: 278.00 ms | State: connected
[LOG] Time: 380s | RTT: 278.00 ms | State: connected
[LOG] Time: 381s | RTT: 178.00 ms | State: connected
[LOG] Time: 382s | RTT: 178.00 ms | State: connected
[LOG] Time: 383s | RTT: 178.00 ms | State: connected
[LOG] Time: 384s | RTT: 365.00 ms | State: connected
[LOG] Time: 386s | RTT: 365.00 ms | State: connected
[LOG] Time: 387s | RTT: 211.00 ms | State: connected
[LOG] Time: 388s | RTT: 211.00 ms | State: connected
[LOG] Time: 389s | RTT: 211.00 ms | State: connected
[LOG] Time: 390s | RTT: 220.00 ms | State: connected
[LOG] Time: 391s | RTT: 220.00 ms | State: connected
[LOG] Time: 392s | RTT: 143.00 ms | State: connected
[LOG] Time: 393s | RTT: 143.00 ms | State: connected
[LOG] Time: 394s | RTT: 126.00 ms | State: connected
[LOG] Time: 395s | RTT: 126.00 ms | State: connected
[LOG] Time: 396s | RTT: 126.00 ms | State: connected
[LOG] Time: 398s | RTT: 203.00 ms | State: connected
[LOG] Time: 399s | RTT: 203.00 ms | State: connected
[LOG] Time: 400s | RTT: 172.00 ms | State: connected
[LOG] Time: 401s | RTT: 172.00 ms | State: connected
[LOG] Time: 402s | RTT: 172.00 ms | State: connected
[LOG] Time: 403s | RTT: 160.00 ms | State: connected
[LOG] Time: 404s | RTT: 160.00 ms | State: connected
[LOG] Time: 405s | RTT: 189.00 ms | State: connected
[LOG] Time: 406s | RTT: 189.00 ms | State: connected
[LOG] Time: 407s | RTT: 189.00 ms | State: connected
[LOG] Time: 408s | RTT: 165.00 ms | State: connected
[LOG] Time: 409s | RTT: 165.00 ms | State: connected
[LOG] Time: 411s | RTT: 167.00 ms | State: connected
[LOG] Time: 412s | RTT: 167.00 ms | State: connected
[LOG] Time: 413s | RTT: 173.00 ms | State: connected
[LOG] Time: 414s | RTT: 173.00 ms | State: connected
[LOG] Time: 415s | RTT: 173.00 ms | State: connected
[LOG] Time: 416s | RTT: 156.00 ms | State: connected
[LOG] Time: 417s | RTT: 156.00 ms | State: connected
[LOG] Time: 418s | RTT: 157.00 ms | State: connected
[LOG] Time: 419s | RTT: 157.00 ms | State: connected
[LOG] Time: 420s | RTT: 157.00 ms | State: connected
[LOG] Time: 422s | RTT: 198.00 ms | State: connected
[LOG] Time: 423s | RTT: 198.00 ms | State: connected
[LOG] Time: 424s | RTT: 172.00 ms | State: connected
[LOG] Time: 425s | RTT: 172.00 ms | State: connected
[LOG] Time: 426s | RTT: 172.00 ms | State: connected
[LOG] Time: 427s | RTT: 166.00 ms | State: connected
[LOG] Time: 428s | RTT: 166.00 ms | State: connected
[LOG] Time: 429s | RTT: 129.00 ms | State: connected
[LOG] Time: 430s | RTT: 129.00 ms | State: connected
[LOG] Time: 431s | RTT: 142.00 ms | State: connected
[LOG] Time: 432s | RTT: 142.00 ms | State: connected
[LOG] Time: 433s | RTT: 142.00 ms | State: connected
[LOG] Time: 435s | RTT: 174.00 ms | State: connected
[LOG] Time: 436s | RTT: 174.00 ms | State: connected
[LOG] Time: 437s | RTT: 138.00 ms | State: connected
[LOG] Time: 438s | RTT: 138.00 ms | State: connected
[LOG] Time: 439s | RTT: 138.00 ms | State: connected
[LOG] Time: 440s | RTT: 133.00 ms | State: connected
[LOG] Time: 441s | RTT: 133.00 ms | State: connected
[LOG] Time: 442s | RTT: 163.00 ms | State: connected
[LOG] Time: 443s | RTT: 163.00 ms | State: connected
[LOG] Time: 444s | RTT: 163.00 ms | State: connected
[LOG] Time: 445s | RTT: 138.00 ms | State: connected
[LOG] Time: 446s | RTT: 138.00 ms | State: connected
[LOG] Time: 448s | RTT: 193.00 ms | State: connected
[LOG] Time: 449s | RTT: 193.00 ms | State: connected
[LOG] Time: 450s | RTT: 193.00 ms | State: connected
[LOG] Time: 451s | RTT: 159.00 ms | State: connected
[LOG] Time: 452s | RTT: 159.00 ms | State: connected
[LOG] Time: 453s | RTT: 159.00 ms | State: connected
[LOG] Time: 454s | RTT: 159.00 ms | State: connected
[LOG] Time: 455s | RTT: 159.00 ms | State: connected
[LOG] Time: 456s | RTT: 157.00 ms | State: connected
[LOG] Time: 457s | RTT: 157.00 ms | State: connected
[LOG] Time: 458s | RTT: 155.00 ms | State: connected
[LOG] Time: 459s | RTT: 155.00 ms | State: connected
[LOG] Time: 460s | RTT: 157.00 ms | State: connected
[LOG] Time: 462s | RTT: 157.00 ms | State: connected
[LOG] Time: 463s | RTT: 157.00 ms | State: connected
[LOG] Time: 464s | RTT: 122.00 ms | State: connected
[LOG] Time: 465s | RTT: 122.00 ms | State: connected
[LOG] Time: 466s | RTT: 157.00 ms | State: connected
[LOG] Time: 467s | RTT: 157.00 ms | State: connected
[LOG] Time: 468s | RTT: 157.00 ms | State: connected
[LOG] Time: 469s | RTT: 175.00 ms | State: connected
[LOG] Time: 470s | RTT: 175.00 ms | State: connected
[LOG] Time: 471s | RTT: 176.00 ms | State: connected
[LOG] Time: 472s | RTT: 176.00 ms | State: connected
[LOG] Time: 474s | RTT: 176.00 ms | State: connected
[LOG] Time: 475s | RTT: 150.00 ms | State: connected
[LOG] Time: 476s | RTT: 150.00 ms | State: connected
[LOG] Time: 477s | RTT: 152.00 ms | State: connected
[LOG] Time: 478s | RTT: 152.00 ms | State: connected
[LOG] Time: 479s | RTT: 152.00 ms | State: connected
[LOG] Time: 480s | RTT: 130.00 ms | State: connected
[LOG] Time: 481s | RTT: 130.00 ms | State: connected
[LOG] Time: 482s | RTT: 150.00 ms | State: connected
[LOG] Time: 483s | RTT: 150.00 ms | State: connected
[LOG] Time: 484s | RTT: 150.00 ms | State: connected
[LOG] Time: 485s | RTT: 124.00 ms | State: connected
[LOG] Time: 487s | RTT: 124.00 ms | State: connected
[LOG] Time: 488s | RTT: 103.00 ms | State: connected
[LOG] Time: 489s | RTT: 103.00 ms | State: connected
[LOG] Time: 490s | RTT: 144.00 ms | State: connected
[LOG] Time: 491s | RTT: 144.00 ms | State: connected
[LOG] Time: 492s | RTT: 144.00 ms | State: connected
[LOG] Time: 493s | RTT: 147.00 ms | State: connected
[LOG] Time: 494s | RTT: 147.00 ms | State: connected
[LOG] Time: 495s | RTT: 115.00 ms | State: connected
[LOG] Time: 496s | RTT: 115.00 ms | State: connected
[LOG] Time: 497s | RTT: 115.00 ms | State: connected
[LOG] Time: 498s | RTT: 155.00 ms | State: connected
[LOG] Time: 499s | RTT: 155.00 ms | State: connected
[LOG] Time: 501s | RTT: 153.00 ms | State: connected
[LOG] Time: 502s | RTT: 153.00 ms | State: connected
[LOG] Time: 503s | RTT: 153.00 ms | State: connected
[LOG] Time: 504s | RTT: 133.00 ms | State: connected
[LOG] Time: 505s | RTT: 133.00 ms | State: connected
[LOG] Time: 506s | RTT: 109.00 ms | State: connected
[LOG] Time: 507s | RTT: 109.00 ms | State: connected
[LOG] Time: 508s | RTT: 109.00 ms | State: connected
[LOG] Time: 509s | RTT: 118.00 ms | State: connected
[LOG] Time: 510s | RTT: 118.00 ms | State: connected
[LOG] Time: 511s | RTT: 134.00 ms | State: connected
[LOG] Time: 512s | RTT: 134.00 ms | State: connected
[LOG] Time: 514s | RTT: 134.00 ms | State: connected
[LOG] Time: 515s | RTT: 128.00 ms | State: connected
[LOG] Time: 516s | RTT: 128.00 ms | State: connected
[LOG] Time: 517s | RTT: 156.00 ms | State: connected
[LOG] Time: 518s | RTT: 156.00 ms | State: connected
[LOG] Time: 519s | RTT: 173.00 ms | State: connected
[LOG] Time: 520s | RTT: 173.00 ms | State: connected
[LOG] Time: 521s | RTT: 173.00 ms | State: connected
[LOG] Time: 522s | RTT: 130.00 ms | State: connected
[LOG] Time: 523s | RTT: 130.00 ms | State: connected
[LOG] Time: 525s | RTT: 284.00 ms | State: connected
[LOG] Time: 526s | RTT: 284.00 ms | State: connected
[LOG] Time: 527s | RTT: 284.00 ms | State: connected
[LOG] Time: 528s | RTT: 144.00 ms | State: connected
[LOG] Time: 529s | RTT: 144.00 ms | State: connected
[LOG] Time: 530s | RTT: 130.00 ms | State: connected
[LOG] Time: 531s | RTT: 130.00 ms | State: connected
[LOG] Time: 532s | RTT: 122.00 ms | State: connected
[LOG] Time: 533s | RTT: 122.00 ms | State: connected
[LOG] Time: 534s | RTT: 122.00 ms | State: connected
[LOG] Time: 535s | RTT: 144.00 ms | State: connected
[LOG] Time: 537s | RTT: 144.00 ms | State: connected
[LOG] Time: 538s | RTT: 178.00 ms | State: connected
[LOG] Time: 539s | RTT: 178.00 ms | State: connected
[LOG] Time: 540s | RTT: 178.00 ms | State: connected
[LOG] Time: 541s | RTT: 279.00 ms | State: connected
[LOG] Time: 542s | RTT: 279.00 ms | State: connected
[LOG] Time: 543s | RTT: 148.00 ms | State: connected
[LOG] Time: 544s | RTT: 148.00 ms | State: connected
[LOG] Time: 545s | RTT: 148.00 ms | State: connected
[LOG] Time: 546s | RTT: 130.00 ms | State: connected
[LOG] Time: 547s | RTT: 130.00 ms | State: connected
[LOG] Time: 549s | RTT: 171.00 ms | State: connected
[LOG] Time: 550s | RTT: 171.00 ms | State: connected
[LOG] Time: 551s | RTT: 171.00 ms | State: connected
[LOG] Time: 552s | RTT: 194.00 ms | State: connected
[LOG] Time: 553s | RTT: 194.00 ms | State: connected
[LOG] Time: 554s | RTT: 125.00 ms | State: connected
[LOG] Time: 555s | RTT: 125.00 ms | State: connected
[LOG] Time: 556s | RTT: 155.00 ms | State: connected
[LOG] Time: 557s | RTT: 155.00 ms | State: connected
[LOG] Time: 558s | RTT: 155.00 ms | State: connected
[LOG] Time: 559s | RTT: 149.00 ms | State: connected
[LOG] Time: 560s | RTT: 149.00 ms | State: connected
[LOG] Time: 562s | RTT: 134.00 ms | State: connected
[LOG] Time: 563s | RTT: 134.00 ms | State: connected
[LOG] Time: 564s | RTT: 134.00 ms | State: connected
[LOG] Time: 565s | RTT: 133.00 ms | State: connected
[LOG] Time: 566s | RTT: 133.00 ms | State: connected
[LOG] Time: 567s | RTT: 156.00 ms | State: connected
[LOG] Time: 568s | RTT: 156.00 ms | State: connected
[LOG] Time: 569s | RTT: 156.00 ms | State: connected
[LOG] Time: 570s | RTT: 207.00 ms | State: connected
[LOG] Time: 571s | RTT: 207.00 ms | State: connected
[LOG] Time: 572s | RTT: 142.00 ms | State: connected
[LOG] Time: 573s | RTT: 142.00 ms | State: connected
[LOG] Time: 575s | RTT: 142.00 ms | State: connected
[LOG] Time: 576s | RTT: 165.00 ms | State: connected
[LOG] Time: 577s | RTT: 165.00 ms | State: connected
[LOG] Time: 578s | RTT: 150.00 ms | State: connected
[LOG] Time: 579s | RTT: 150.00 ms | State: connected
[LOG] Time: 580s | RTT: 128.00 ms | State: connected
[LOG] Time: 581s | RTT: 128.00 ms | State: connected
[LOG] Time: 582s | RTT: 128.00 ms | State: connected
[LOG] Time: 583s | RTT: 191.00 ms | State: connected
[LOG] Time: 584s | RTT: 191.00 ms | State: connected
[LOG] Time: 585s | RTT: 122.00 ms | State: connected
[LOG] Time: 587s | RTT: 122.00 ms | State: connected
[LOG] Time: 588s | RTT: 122.00 ms | State: connected
[LOG] Time: 589s | RTT: 127.00 ms | State: connected
[LOG] Time: 590s | RTT: 127.00 ms | State: connected
[LOG] Time: 591s | RTT: 121.00 ms | State: connected
[LOG] Time: 592s | RTT: 121.00 ms | State: connected
[LOG] Time: 593s | RTT: 121.00 ms | State: connected
[LOG] Time: 594s | RTT: 125.00 ms | State: connected
[LOG] Time: 595s | RTT: 125.00 ms | State: connected
[LOG] Time: 596s | RTT: 160.00 ms | State: connected
[LOG] Time: 597s | RTT: 160.00 ms | State: connected
[LOG] Time: 598s | RTT: 160.00 ms | State: connected
[*] Monitoring finished.

SUCCESS! Remote IP: 48.208.173.226
[*] Resolving Server Location...
SUCCESS! Server Location: San Francisco, United States (Microsoft Corporation)

[*] Running TCP MTR (Port 443)...
Start: 2026-02-16T07:31:18+0000
HOST: 5d5a22029b4c                Loss%   Snt   Last   Avg  Best  Wrst StDev
  1. AS???    172.17.0.1           0.0%    10    0.2   0.2   0.2   0.4   0.1
  2. AS???    10.1.0.1             0.0%    10    3.4   4.6   1.7   8.7   2.5
  3. AS???    100.64.0.1           0.0%    10   52.5  58.9  48.1  67.2   6.4
  4. AS???    172.16.250.50        0.0%    10   53.5  53.6  47.4  63.4   4.9
  5. AS???    ???                 100.0    10    0.0   0.0   0.0   0.0   0.0
  6. AS14593  206.224.71.77        0.0%    10   51.5  59.9  49.7  89.4  11.9
        206.224.71.75                    
     AS14593  206.224.71.75
        206.224.71.88                    
     AS14593  206.224.71.88
        206.224.71.95                    
     AS14593  206.224.71.95
        206.224.71.86                    
     AS14593  206.224.71.86
        206.224.71.91                    
     AS14593  206.224.71.91
  7. AS8075   104.44.57.195        0.0%    10   51.3  71.4  50.0 104.4  19.0
        104.44.57.191                    
     AS8075   104.44.57.191
  8. AS8075   104.44.42.2          0.0%    10   51.2  79.7  51.2 218.4  50.9
        104.44.55.75                     
     AS8075   104.44.55.75
        104.44.41.128                    
     AS8075   104.44.41.128
        104.44.55.81                     
     AS8075   104.44.55.81
  9. AS8075   104.44.33.171        0.0%    10   68.8  67.7  56.9  82.8   8.1
        104.44.33.179                    
     AS8075   104.44.33.179
        104.44.33.173                    
     AS8075   104.44.33.173
 10. AS8075   51.10.26.167         0.0%    10   70.8  65.6  56.3  74.7   5.1
        51.10.26.165                     
     AS8075   51.10.26.165
 11. AS8075   104.44.17.22         0.0%    10   60.9 107.4  60.2 239.1  67.6
        104.44.20.215                    
     AS8075   104.44.20.215
        104.44.17.20                     
     AS8075   104.44.17.20
        104.44.22.154                    
     AS8075   104.44.22.154
        104.44.20.217                    
     AS8075   104.44.20.217
 12. AS8075   104.44.22.174       70.0%    10   58.3  70.7  58.3  95.3  21.3
        104.44.22.168                    
     AS8075   104.44.22.168
 13. AS???    ???                 100.0    10    0.0   0.0   0.0   0.0   0.0

[*] Running UDP MTR...
Start: 2026-02-16T07:31:38+0000
HOST: 5d5a22029b4c                Loss%   Snt   Last   Avg  Best  Wrst StDev
  1. AS???    172.17.0.1           0.0%    10    0.1   0.1   0.1   0.2   0.0
  2. AS???    10.1.0.1             0.0%    10    5.2   3.3   1.5   5.8   1.5
  3. AS???    100.64.0.1           0.0%    10   84.2  62.1  47.5  84.2  11.8
  4. AS???    172.16.250.50        0.0%    10   59.3  58.5  52.9  66.8   4.6
  5. AS14593  206.224.66.0         0.0%    10   66.0  61.7  48.2  76.3   9.6
        206.224.65.252                   
     AS14593  206.224.65.252
        206.224.65.244                   
     AS14593  206.224.65.244
        206.224.65.248                   
     AS14593  206.224.65.248
  6. AS14593  206.224.71.88        0.0%    10   54.2  61.0  53.2  81.1   9.3
        206.224.71.91                    
     AS14593  206.224.71.91
        206.224.71.77                    
     AS14593  206.224.71.77
        206.224.71.81                    
     AS14593  206.224.71.81
        206.224.71.83                    
     AS14593  206.224.71.83
        206.224.71.75                    
     AS14593  206.224.71.75
        206.224.71.95                    
     AS14593  206.224.71.95
  7. AS8075   104.44.57.191        0.0%    10   69.9  66.2  52.6 148.7  29.4
        104.44.57.195                    
     AS8075   104.44.57.195
  8. AS8075   104.44.41.128        0.0%    10   50.2  60.7  50.2  75.1   8.0
        104.44.42.2                      
     AS8075   104.44.42.2
        104.44.55.75                     
     AS8075   104.44.55.75
        104.44.55.81                     
     AS8075   104.44.55.81
  9. AS8075   104.44.33.173       10.0%    10   65.1  68.2  58.8 107.0  15.0
        104.44.33.179                    
     AS8075   104.44.33.179
        104.44.33.171                    
     AS8075   104.44.33.171
 10. AS8075   51.10.26.167         0.0%    10  247.2  88.5  54.5 247.2  56.8
        51.10.26.165                     
     AS8075   51.10.26.165
 11. AS8075   104.44.17.20         0.0%    10   58.6  64.4  57.3  72.8   5.0
        104.44.23.63                     
     AS8075   104.44.23.63
        104.44.20.217                    
     AS8075   104.44.20.217
        104.44.22.156                    
     AS8075   104.44.22.156
        104.44.17.22                     
     AS8075   104.44.17.22
 12. AS8075   104.44.22.168       60.0%    10   73.0  64.0  57.3  73.0   6.7
        104.44.22.176                    
     AS8075   104.44.22.176
        104.44.23.71                     
     AS8075   104.44.23.71
 13. AS???    ???                 100.0    10    0.0   0.0   0.0   0.0   0.0
