[*] Config Loaded: Name='flight-van-hawaii-Teams', Duration=600s
[*] Launching Chrome for Teams...
[*] Joining URL: [MEETING_LINK_REMOVED]
[*] Navigating Join Flow...
[*] Looking for Join button...
    [+] JOIN CLICKED!
[*] Waiting for connection (20s)...
[*] Starting continuous monitoring for 600 seconds...
[LOG] Time: 0s | RTT: 232.00 ms | State: connected
[LOG] Time: 1s | RTT: 219.00 ms | State: connected
[LOG] Time: 2s | RTT: 219.00 ms | State: connected
[LOG] Time: 3s | RTT: 219.00 ms | State: connected
[LOG] Time: 4s | RTT: 212.00 ms | State: connected
[LOG] Time: 5s | RTT: 212.00 ms | State: connected
[LOG] Time: 6s | RTT: 208.00 ms | State: connected
[LOG] Time: 7s | RTT: 208.00 ms | State: connected
[LOG] Time: 8s | RTT: 208.00 ms | State: connected
[LOG] Time: 9s | RTT: 189.00 ms | State: connected
[LOG] Time: 11s | RTT: 189.00 ms | State: connected
[LOG] Time: 12s | RTT: 229.00 ms | State: connected
[LOG] Time: 13s | RTT: 229.00 ms | State: connected
[LOG] Time: 14s | RTT: 229.00 ms | State: connected
[LOG] Time: 15s | RTT: 230.00 ms | State: connected
[LOG] Time: 16s | RTT: 230.00 ms | State: connected
[LOG] Time: 17s | RTT: 246.00 ms | State: connected
[LOG] Time: 18s | RTT: 246.00 ms | State: connected
[LOG] Time: 19s | RTT: 268.00 ms | State: connected
[LOG] Time: 20s | RTT: 268.00 ms | State: connected
[LOG] Time: 22s | RTT: 268.00 ms | State: connected
[LOG] Time: 23s | RTT: 208.00 ms | State: connected
[LOG] Time: 24s | RTT: 208.00 ms | State: connected
[LOG] Time: 25s | RTT: 250.00 ms | State: connected
[LOG] Time: 26s | RTT: 250.00 ms | State: connected
[LOG] Time: 27s | RTT: 250.00 ms | State: connected
[LOG] Time: 28s | RTT: 194.00 ms | State: connected
[LOG] Time: 29s | RTT: 194.00 ms | State: connected
[LOG] Time: 30s | RTT: 238.00 ms | State: connected
[LOG] Time: 31s | RTT: 238.00 ms | State: connected
[LOG] Time: 32s | RTT: 238.00 ms | State: connected
[LOG] Time: 33s | RTT: 190.00 ms | State: connected
[LOG] Time: 35s | RTT: 190.00 ms | State: connected
[LOG] Time: 36s | RTT: 223.00 ms | State: connected
[LOG] Time: 37s | RTT: 223.00 ms | State: connected
[LOG] Time: 38s | RTT: 223.00 ms | State: connected
[LOG] Time: 39s | RTT: 292.00 ms | State: connected
[LOG] Time: 40s | RTT: 292.00 ms | State: connected
[LOG] Time: 41s | RTT: 210.00 ms | State: connected
[LOG] Time: 42s | RTT: 210.00 ms | State: connected
[LOG] Time: 43s | RTT: 244.00 ms | State: connected
[LOG] Time: 44s | RTT: 244.00 ms | State: connected
[LOG] Time: 45s | RTT: 244.00 ms | State: connected
[LOG] Time: 46s | RTT: 195.00 ms | State: connected
[LOG] Time: 48s | RTT: 195.00 ms | State: connected
[LOG] Time: 49s | RTT: 234.00 ms | State: connected
[LOG] Time: 50s | RTT: 234.00 ms | State: connected
[LOG] Time: 51s | RTT: 234.00 ms | State: connected
[LOG] Time: 52s | RTT: 217.00 ms | State: connected
[LOG] Time: 53s | RTT: 217.00 ms | State: connected
[LOG] Time: 54s | RTT: 313.00 ms | State: connected
[LOG] Time: 55s | RTT: 313.00 ms | State: connected
[LOG] Time: 56s | RTT: 313.00 ms | State: connected
[LOG] Time: 57s | RTT: 204.00 ms | State: connected
[LOG] Time: 58s | RTT: 204.00 ms | State: connected
[LOG] Time: 59s | RTT: 239.00 ms | State: connected
[LOG] Time: 61s | RTT: 239.00 ms | State: connected
[LOG] Time: 62s | RTT: 239.00 ms | State: connected
[LOG] Time: 63s | RTT: 253.00 ms | State: connected
[LOG] Time: 64s | RTT: 253.00 ms | State: connected
[LOG] Time: 65s | RTT: 198.00 ms | State: connected
[LOG] Time: 66s | RTT: 198.00 ms | State: connected
[LOG] Time: 67s | RTT: 198.00 ms | State: connected
[LOG] Time: 68s | RTT: 240.00 ms | State: connected
[LOG] Time: 69s | RTT: 240.00 ms | State: connected
[LOG] Time: 70s | RTT: 177.00 ms | State: connected
[LOG] Time: 71s | RTT: 177.00 ms | State: connected
[LOG] Time: 72s | RTT: 221.00 ms | State: connected
[LOG] Time: 74s | RTT: 221.00 ms | State: connected
[LOG] Time: 75s | RTT: 221.00 ms | State: connected
[LOG] Time: 76s | RTT: 202.00 ms | State: connected
[LOG] Time: 77s | RTT: 202.00 ms | State: connected
[LOG] Time: 78s | RTT: 213.00 ms | State: connected
[LOG] Time: 79s | RTT: 213.00 ms | State: connected
[LOG] Time: 80s | RTT: 213.00 ms | State: connected
[LOG] Time: 81s | RTT: 209.00 ms | State: connected
[LOG] Time: 82s | RTT: 209.00 ms | State: connected
[LOG] Time: 83s | RTT: 206.00 ms | State: connected
[LOG] Time: 84s | RTT: 206.00 ms | State: connected
[LOG] Time: 85s | RTT: 206.00 ms | State: connected
[LOG] Time: 86s | RTT: 185.00 ms | State: connected
[LOG] Time: 88s | RTT: 185.00 ms | State: connected
[LOG] Time: 89s | RTT: 216.00 ms | State: connected
[LOG] Time: 90s | RTT: 216.00 ms | State: connected
[LOG] Time: 91s | RTT: 216.00 ms | State: connected
[LOG] Time: 92s | RTT: 174.00 ms | State: connected
[LOG] Time: 93s | RTT: 174.00 ms | State: connected
[LOG] Time: 94s | RTT: 171.00 ms | State: connected
[LOG] Time: 95s | RTT: 171.00 ms | State: connected
[LOG] Time: 96s | RTT: 171.00 ms | State: connected
[LOG] Time: 97s | RTT: 211.00 ms | State: connected
[LOG] Time: 98s | RTT: 211.00 ms | State: connected
[LOG] Time: 99s | RTT: 184.00 ms | State: connected
[LOG] Time: 101s | RTT: 184.00 ms | State: connected
[LOG] Time: 102s | RTT: 214.00 ms | State: connected
[LOG] Time: 103s | RTT: 214.00 ms | State: connected
[LOG] Time: 104s | RTT: 214.00 ms | State: connected
[LOG] Time: 105s | RTT: 215.00 ms | State: connected
[LOG] Time: 106s | RTT: 215.00 ms | State: connected
[LOG] Time: 107s | RTT: 191.00 ms | State: connected
[LOG] Time: 108s | RTT: 191.00 ms | State: connected
[LOG] Time: 109s | RTT: 191.00 ms | State: connected
[LOG] Time: 110s | RTT: 205.00 ms | State: connected
[LOG] Time: 111s | RTT: 205.00 ms | State: connected
[LOG] Time: 112s | RTT: 235.00 ms | State: connected
[LOG] Time: 113s | RTT: 235.00 ms | State: connected
[LOG] Time: 115s | RTT: 235.00 ms | State: connected
[LOG] Time: 116s | RTT: 210.00 ms | State: connected
[LOG] Time: 117s | RTT: 210.00 ms | State: connected
[LOG] Time: 118s | RTT: 218.00 ms | State: connected
[LOG] Time: 119s | RTT: 218.00 ms | State: connected
[LOG] Time: 120s | RTT: 218.00 ms | State: connected
[LOG] Time: 121s | RTT: 189.00 ms | State: connected
[LOG] Time: 122s | RTT: 189.00 ms | State: connected
[LOG] Time: 123s | RTT: 186.00 ms | State: connected
[LOG] Time: 124s | RTT: 186.00 ms | State: connected
[LOG] Time: 125s | RTT: 186.00 ms | State: connected
[LOG] Time: 126s | RTT: 211.00 ms | State: connected
[LOG] Time: 128s | RTT: 211.00 ms | State: connected
[LOG] Time: 129s | RTT: 197.00 ms | State: connected
[LOG] Time: 130s | RTT: 197.00 ms | State: connected
[LOG] Time: 131s | RTT: 182.00 ms | State: connected
[LOG] Time: 132s | RTT: 182.00 ms | State: connected
[LOG] Time: 133s | RTT: 182.00 ms | State: connected
[LOG] Time: 134s | RTT: 207.00 ms | State: connected
[LOG] Time: 135s | RTT: 207.00 ms | State: connected
[LOG] Time: 136s | RTT: 189.00 ms | State: connected
[LOG] Time: 138s | RTT: 189.00 ms | State: connected
[LOG] Time: 139s | RTT: 189.00 ms | State: connected
[LOG] Time: 140s | RTT: 188.00 ms | State: connected
[LOG] Time: 141s | RTT: 188.00 ms | State: connected
[LOG] Time: 142s | RTT: 188.00 ms | State: connected
[LOG] Time: 143s | RTT: 188.00 ms | State: connected
[LOG] Time: 144s | RTT: 189.00 ms | State: connected
[LOG] Time: 145s | RTT: 189.00 ms | State: connected
[LOG] Time: 146s | RTT: 189.00 ms | State: connected
[LOG] Time: 148s | RTT: 189.00 ms | State: connected
[LOG] Time: 149s | RTT: 189.00 ms | State: connected
[LOG] Time: 150s | RTT: 215.00 ms | State: connected
[LOG] Time: 151s | RTT: 215.00 ms | State: connected
[LOG] Time: 152s | RTT: 215.00 ms | State: connected
[LOG] Time: 153s | RTT: 217.00 ms | State: connected
[LOG] Time: 154s | RTT: 217.00 ms | State: connected
[LOG] Time: 155s | RTT: 209.00 ms | State: connected
[LOG] Time: 156s | RTT: 209.00 ms | State: connected
[LOG] Time: 157s | RTT: 209.00 ms | State: connected
[LOG] Time: 158s | RTT: 208.00 ms | State: connected
[LOG] Time: 160s | RTT: 208.00 ms | State: connected
[LOG] Time: 161s | RTT: 203.00 ms | State: connected
[LOG] Time: 162s | RTT: 203.00 ms | State: connected
[LOG] Time: 163s | RTT: 233.00 ms | State: connected
[LOG] Time: 164s | RTT: 233.00 ms | State: connected
[LOG] Time: 165s | RTT: 233.00 ms | State: connected
[LOG] Time: 166s | RTT: 183.00 ms | State: connected
[LOG] Time: 167s | RTT: 183.00 ms | State: connected
[LOG] Time: 168s | RTT: 219.00 ms | State: connected
[LOG] Time: 170s | RTT: 219.00 ms | State: connected
[LOG] Time: 171s | RTT: 194.00 ms | State: connected
[LOG] Time: 172s | RTT: 194.00 ms | State: connected
[LOG] Time: 173s | RTT: 194.00 ms | State: connected
[LOG] Time: 174s | RTT: 221.00 ms | State: connected
[LOG] Time: 175s | RTT: 221.00 ms | State: connected
[LOG] Time: 176s | RTT: 333.00 ms | State: connected
[LOG] Time: 177s | RTT: 333.00 ms | State: connected
[LOG] Time: 178s | RTT: 333.00 ms | State: connected
[LOG] Time: 180s | RTT: 273.00 ms | State: connected
[LOG] Time: 181s | RTT: 273.00 ms | State: connected
[LOG] Time: 182s | RTT: 432.00 ms | State: connected
[LOG] Time: 183s | RTT: 432.00 ms | State: connected
[LOG] Time: 184s | RTT: 195.00 ms | State: connected
[LOG] Time: 185s | RTT: 195.00 ms | State: connected
[LOG] Time: 187s | RTT: 195.00 ms | State: connected
[LOG] Time: 188s | RTT: 210.00 ms | State: connected
[LOG] Time: 189s | RTT: 210.00 ms | State: connected
[LOG] Time: 190s | RTT: 213.00 ms | State: connected
[LOG] Time: 191s | RTT: 213.00 ms | State: connected
[LOG] Time: 192s | RTT: 275.00 ms | State: connected
[LOG] Time: 194s | RTT: 275.00 ms | State: connected
[LOG] Time: 195s | RTT: 191.00 ms | State: connected
[LOG] Time: 196s | RTT: 191.00 ms | State: connected
[LOG] Time: 197s | RTT: 191.00 ms | State: connected
[LOG] Time: 198s | RTT: 234.00 ms | State: connected
[LOG] Time: 199s | RTT: 234.00 ms | State: connected
[LOG] Time: 200s | RTT: 249.00 ms | State: connected
[LOG] Time: 202s | RTT: 249.00 ms | State: connected
[LOG] Time: 203s | RTT: 230.00 ms | State: connected
[LOG] Time: 204s | RTT: 230.00 ms | State: connected
[LOG] Time: 205s | RTT: 230.00 ms | State: connected
[LOG] Time: 206s | RTT: 239.00 ms | State: connected
[LOG] Time: 207s | RTT: 239.00 ms | State: connected
[LOG] Time: 208s | RTT: 211.00 ms | State: connected
[LOG] Time: 209s | RTT: 211.00 ms | State: connected
[LOG] Time: 210s | RTT: 211.00 ms | State: connected
[LOG] Time: 212s | RTT: 272.00 ms | State: connected
[LOG] Time: 213s | RTT: 272.00 ms | State: connected
[LOG] Time: 214s | RTT: 269.00 ms | State: connected
[LOG] Time: 215s | RTT: 269.00 ms | State: connected
[LOG] Time: 216s | RTT: 258.00 ms | State: connected
[LOG] Time: 217s | RTT: 258.00 ms | State: connected
[LOG] Time: 218s | RTT: 258.00 ms | State: connected
[LOG] Time: 219s | RTT: 226.00 ms | State: connected
[LOG] Time: 220s | RTT: 226.00 ms | State: connected
[LOG] Time: 221s | RTT: 258.00 ms | State: connected
[LOG] Time: 223s | RTT: 258.00 ms | State: connected
[LOG] Time: 224s | RTT: 258.00 ms | State: connected
[LOG] Time: 225s | RTT: 370.00 ms | State: connected
[LOG] Time: 226s | RTT: 370.00 ms | State: connected
[LOG] Time: 227s | RTT: 184.00 ms | State: connected
[LOG] Time: 228s | RTT: 184.00 ms | State: connected
[LOG] Time: 229s | RTT: 219.00 ms | State: connected
[LOG] Time: 230s | RTT: 219.00 ms | State: connected
[LOG] Time: 231s | RTT: 219.00 ms | State: connected
[LOG] Time: 232s | RTT: 203.00 ms | State: connected
[LOG] Time: 233s | RTT: 203.00 ms | State: connected
[LOG] Time: 235s | RTT: 214.00 ms | State: connected
[LOG] Time: 236s | RTT: 214.00 ms | State: connected
[LOG] Time: 237s | RTT: 214.00 ms | State: connected
[LOG] Time: 238s | RTT: 200.00 ms | State: connected
[LOG] Time: 239s | RTT: 200.00 ms | State: connected
[LOG] Time: 240s | RTT: 217.00 ms | State: connected
[LOG] Time: 241s | RTT: 217.00 ms | State: connected
[LOG] Time: 242s | RTT: 217.00 ms | State: connected
[LOG] Time: 243s | RTT: 210.00 ms | State: connected
[LOG] Time: 244s | RTT: 210.00 ms | State: connected
[LOG] Time: 245s | RTT: 211.00 ms | State: connected
[LOG] Time: 246s | RTT: 211.00 ms | State: connected
[LOG] Time: 248s | RTT: 211.00 ms | State: connected
[LOG] Time: 249s | RTT: 194.00 ms | State: connected
[LOG] Time: 250s | RTT: 194.00 ms | State: connected
[LOG] Time: 251s | RTT: 232.00 ms | State: connected
[LOG] Time: 252s | RTT: 232.00 ms | State: connected
[LOG] Time: 253s | RTT: 214.00 ms | State: connected
[LOG] Time: 254s | RTT: 214.00 ms | State: connected
[LOG] Time: 255s | RTT: 214.00 ms | State: connected
[LOG] Time: 256s | RTT: 234.00 ms | State: connected
[LOG] Time: 257s | RTT: 234.00 ms | State: connected
[LOG] Time: 259s | RTT: 204.00 ms | State: connected
[LOG] Time: 260s | RTT: 204.00 ms | State: connected
[LOG] Time: 261s | RTT: 204.00 ms | State: connected
[LOG] Time: 262s | RTT: 211.00 ms | State: connected
[LOG] Time: 263s | RTT: 211.00 ms | State: connected
[LOG] Time: 264s | RTT: 208.00 ms | State: connected
[LOG] Time: 265s | RTT: 208.00 ms | State: connected
[LOG] Time: 266s | RTT: 208.00 ms | State: connected
[LOG] Time: 267s | RTT: 205.00 ms | State: connected
[LOG] Time: 268s | RTT: 205.00 ms | State: connected
[LOG] Time: 269s | RTT: 201.00 ms | State: connected
[LOG] Time: 271s | RTT: 201.00 ms | State: connected
[LOG] Time: 272s | RTT: 212.00 ms | State: connected
[LOG] Time: 273s | RTT: 212.00 ms | State: connected
[LOG] Time: 274s | RTT: 212.00 ms | State: connected
[LOG] Time: 275s | RTT: 203.00 ms | State: connected
[LOG] Time: 276s | RTT: 203.00 ms | State: connected
[LOG] Time: 277s | RTT: 221.00 ms | State: connected
[LOG] Time: 278s | RTT: 221.00 ms | State: connected
[LOG] Time: 279s | RTT: 221.00 ms | State: connected
[LOG] Time: 280s | RTT: 265.00 ms | State: connected
[LOG] Time: 281s | RTT: 265.00 ms | State: connected
[LOG] Time: 283s | RTT: 249.00 ms | State: connected
[LOG] Time: 284s | RTT: 249.00 ms | State: connected
[LOG] Time: 285s | RTT: 249.00 ms | State: connected
[LOG] Time: 286s | RTT: 202.00 ms | State: connected
[LOG] Time: 287s | RTT: 202.00 ms | State: connected
[LOG] Time: 288s | RTT: 245.00 ms | State: connected
[LOG] Time: 289s | RTT: 245.00 ms | State: connected
[LOG] Time: 290s | RTT: 230.00 ms | State: connected
[LOG] Time: 291s | RTT: 230.00 ms | State: connected
[LOG] Time: 292s | RTT: 230.00 ms | State: connected
[LOG] Time: 293s | RTT: 216.00 ms | State: connected
[LOG] Time: 295s | RTT: 216.00 ms | State: connected
[LOG] Time: 296s | RTT: 319.00 ms | State: connected
[LOG] Time: 297s | RTT: 319.00 ms | State: connected
[LOG] Time: 298s | RTT: 319.00 ms | State: connected
[LOG] Time: 299s | RTT: 205.00 ms | State: connected
[LOG] Time: 300s | RTT: 205.00 ms | State: connected
[LOG] Time: 301s | RTT: 232.00 ms | State: connected
[LOG] Time: 302s | RTT: 232.00 ms | State: connected
[LOG] Time: 303s | RTT: 232.00 ms | State: connected
[LOG] Time: 304s | RTT: 197.00 ms | State: connected
[LOG] Time: 305s | RTT: 197.00 ms | State: connected
[LOG] Time: 306s | RTT: 238.00 ms | State: connected
[LOG] Time: 308s | RTT: 238.00 ms | State: connected
[LOG] Time: 309s | RTT: 238.00 ms | State: connected
[LOG] Time: 310s | RTT: 213.00 ms | State: connected
[LOG] Time: 311s | RTT: 213.00 ms | State: connected
[LOG] Time: 312s | RTT: 220.00 ms | State: connected
[LOG] Time: 313s | RTT: 220.00 ms | State: connected
[LOG] Time: 314s | RTT: 212.00 ms | State: connected
[LOG] Time: 315s | RTT: 212.00 ms | State: connected
[LOG] Time: 316s | RTT: 212.00 ms | State: connected
[LOG] Time: 317s | RTT: 196.00 ms | State: connected
[LOG] Time: 318s | RTT: 196.00 ms | State: connected
[LOG] Time: 320s | RTT: 196.00 ms | State: connected
[LOG] Time: 321s | RTT: 196.00 ms | State: connected
[LOG] Time: 322s | RTT: 196.00 ms | State: connected
[LOG] Time: 323s | RTT: 260.00 ms | State: connected
[LOG] Time: 324s | RTT: 260.00 ms | State: connected
[LOG] Time: 325s | RTT: 264.00 ms | State: connected
[LOG] Time: 326s | RTT: 264.00 ms | State: connected
[LOG] Time: 327s | RTT: 264.00 ms | State: connected
[LOG] Time: 328s | RTT: 530.00 ms | State: connected
[LOG] Time: 329s | RTT: 530.00 ms | State: connected
[LOG] Time: 330s | RTT: 337.00 ms | State: connected
[LOG] Time: 331s | RTT: 337.00 ms | State: connected
[LOG] Time: 333s | RTT: 337.00 ms | State: connected
[LOG] Time: 334s | RTT: 199.00 ms | State: connected
[LOG] Time: 335s | RTT: 199.00 ms | State: connected
[LOG] Time: 336s | RTT: 214.00 ms | State: connected
[LOG] Time: 337s | RTT: 214.00 ms | State: connected
[LOG] Time: 338s | RTT: 206.00 ms | State: connected
[LOG] Time: 339s | RTT: 206.00 ms | State: connected
[LOG] Time: 340s | RTT: 206.00 ms | State: connected
[LOG] Time: 341s | RTT: 177.00 ms | State: connected
[LOG] Time: 343s | RTT: 177.00 ms | State: connected
[LOG] Time: 344s | RTT: 225.00 ms | State: connected
[LOG] Time: 345s | RTT: 225.00 ms | State: connected
[LOG] Time: 346s | RTT: 225.00 ms | State: connected
[LOG] Time: 347s | RTT: 229.00 ms | State: connected
[LOG] Time: 348s | RTT: 229.00 ms | State: connected
[LOG] Time: 349s | RTT: 187.00 ms | State: connected
[LOG] Time: 350s | RTT: 187.00 ms | State: connected
[LOG] Time: 351s | RTT: 187.00 ms | State: connected
[LOG] Time: 352s | RTT: 275.00 ms | State: connected
[LOG] Time: 353s | RTT: 275.00 ms | State: connected
[LOG] Time: 355s | RTT: 204.00 ms | State: connected
[LOG] Time: 356s | RTT: 204.00 ms | State: connected
[LOG] Time: 357s | RTT: 191.00 ms | State: connected
[LOG] Time: 358s | RTT: 191.00 ms | State: connected
[LOG] Time: 359s | RTT: 191.00 ms | State: connected
[LOG] Time: 360s | RTT: 205.00 ms | State: connected
[LOG] Time: 361s | RTT: 205.00 ms | State: connected
[LOG] Time: 362s | RTT: 235.00 ms | State: connected
[LOG] Time: 363s | RTT: 235.00 ms | State: connected
[LOG] Time: 364s | RTT: 235.00 ms | State: connected
[LOG] Time: 365s | RTT: 262.00 ms | State: connected
[LOG] Time: 366s | RTT: 262.00 ms | State: connected
[LOG] Time: 368s | RTT: 259.00 ms | State: connected
[LOG] Time: 369s | RTT: 259.00 ms | State: connected
[LOG] Time: 370s | RTT: 259.00 ms | State: connected
[LOG] Time: 371s | RTT: 357.00 ms | State: connected
[LOG] Time: 372s | RTT: 357.00 ms | State: connected
[LOG] Time: 373s | RTT: 429.00 ms | State: connected
[LOG] Time: 374s | RTT: 429.00 ms | State: connected
[LOG] Time: 375s | RTT: 174.00 ms | State: connected
[LOG] Time: 376s | RTT: 174.00 ms | State: connected
[LOG] Time: 377s | RTT: 174.00 ms | State: connected
[LOG] Time: 379s | RTT: 213.00 ms | State: connected
[LOG] Time: 380s | RTT: 213.00 ms | State: connected
[LOG] Time: 381s | RTT: 215.00 ms | State: connected
[LOG] Time: 382s | RTT: 215.00 ms | State: connected
[LOG] Time: 383s | RTT: 215.00 ms | State: connected
[LOG] Time: 384s | RTT: 207.00 ms | State: connected
[LOG] Time: 385s | RTT: 207.00 ms | State: connected
[LOG] Time: 386s | RTT: 221.00 ms | State: connected
[LOG] Time: 387s | RTT: 221.00 ms | State: connected
[LOG] Time: 388s | RTT: 221.00 ms | State: connected
[LOG] Time: 389s | RTT: 221.00 ms | State: connected
[LOG] Time: 391s | RTT: 221.00 ms | State: connected
[LOG] Time: 392s | RTT: 189.00 ms | State: connected
[LOG] Time: 393s | RTT: 189.00 ms | State: connected
[LOG] Time: 394s | RTT: 183.00 ms | State: connected
[LOG] Time: 395s | RTT: 183.00 ms | State: connected
[LOG] Time: 396s | RTT: 183.00 ms | State: connected
[LOG] Time: 397s | RTT: 213.00 ms | State: connected
[LOG] Time: 398s | RTT: 213.00 ms | State: connected
[LOG] Time: 399s | RTT: 192.00 ms | State: connected
[LOG] Time: 400s | RTT: 192.00 ms | State: connected
[LOG] Time: 401s | RTT: 192.00 ms | State: connected
[LOG] Time: 402s | RTT: 216.00 ms | State: connected
[LOG] Time: 403s | RTT: 216.00 ms | State: connected
[LOG] Time: 405s | RTT: 188.00 ms | State: connected
[LOG] Time: 406s | RTT: 188.00 ms | State: connected
[LOG] Time: 407s | RTT: 188.00 ms | State: connected
[LOG] Time: 408s | RTT: 245.00 ms | State: connected
[LOG] Time: 409s | RTT: 245.00 ms | State: connected
[LOG] Time: 410s | RTT: 200.00 ms | State: connected
[LOG] Time: 411s | RTT: 200.00 ms | State: connected
[LOG] Time: 412s | RTT: 200.00 ms | State: connected
[LOG] Time: 413s | RTT: 244.00 ms | State: connected
[LOG] Time: 414s | RTT: 244.00 ms | State: connected
[LOG] Time: 415s | RTT: 217.00 ms | State: connected
[LOG] Time: 416s | RTT: 217.00 ms | State: connected
[LOG] Time: 418s | RTT: 217.00 ms | State: connected
[LOG] Time: 419s | RTT: 256.00 ms | State: connected
[LOG] Time: 420s | RTT: 256.00 ms | State: connected
[LOG] Time: 421s | RTT: 272.00 ms | State: connected
[LOG] Time: 422s | RTT: 272.00 ms | State: connected
[LOG] Time: 423s | RTT: 194.00 ms | State: connected
[LOG] Time: 424s | RTT: 194.00 ms | State: connected
[LOG] Time: 425s | RTT: 194.00 ms | State: connected
[LOG] Time: 426s | RTT: 230.00 ms | State: connected
[LOG] Time: 427s | RTT: 230.00 ms | State: connected
[LOG] Time: 428s | RTT: 186.00 ms | State: connected
[LOG] Time: 429s | RTT: 186.00 ms | State: connected
[LOG] Time: 430s | RTT: 186.00 ms | State: connected
[LOG] Time: 432s | RTT: 233.00 ms | State: connected
[LOG] Time: 433s | RTT: 233.00 ms | State: connected
[LOG] Time: 434s | RTT: 257.00 ms | State: connected
[LOG] Time: 435s | RTT: 257.00 ms | State: connected
[LOG] Time: 436s | RTT: 257.00 ms | State: connected
[LOG] Time: 437s | RTT: 203.00 ms | State: connected
[LOG] Time: 438s | RTT: 203.00 ms | State: connected
[LOG] Time: 439s | RTT: 216.00 ms | State: connected
[LOG] Time: 440s | RTT: 216.00 ms | State: connected
[LOG] Time: 441s | RTT: 216.00 ms | State: connected
[LOG] Time: 442s | RTT: 202.00 ms | State: connected
[LOG] Time: 443s | RTT: 202.00 ms | State: connected
[LOG] Time: 445s | RTT: 194.00 ms | State: connected
[LOG] Time: 446s | RTT: 194.00 ms | State: connected
[LOG] Time: 447s | RTT: 194.00 ms | State: connected
[LOG] Time: 448s | RTT: 182.00 ms | State: connected
[LOG] Time: 449s | RTT: 182.00 ms | State: connected
[LOG] Time: 450s | RTT: 182.00 ms | State: connected
[LOG] Time: 451s | RTT: 216.00 ms | State: connected
[LOG] Time: 452s | RTT: 216.00 ms | State: connected
[LOG] Time: 453s | RTT: 216.00 ms | State: connected
[LOG] Time: 454s | RTT: 246.00 ms | State: connected
[LOG] Time: 455s | RTT: 246.00 ms | State: connected
[LOG] Time: 456s | RTT: 244.00 ms | State: connected
[LOG] Time: 458s | RTT: 244.00 ms | State: connected
[LOG] Time: 459s | RTT: 212.00 ms | State: connected
[LOG] Time: 460s | RTT: 212.00 ms | State: connected
[LOG] Time: 461s | RTT: 212.00 ms | State: connected
[LOG] Time: 462s | RTT: 203.00 ms | State: connected
[LOG] Time: 463s | RTT: 203.00 ms | State: connected
[LOG] Time: 464s | RTT: 233.00 ms | State: connected
[LOG] Time: 465s | RTT: 233.00 ms | State: connected
[LOG] Time: 466s | RTT: 233.00 ms | State: connected
[LOG] Time: 467s | RTT: 219.00 ms | State: connected
[LOG] Time: 468s | RTT: 219.00 ms | State: connected
[LOG] Time: 469s | RTT: 239.00 ms | State: connected
[LOG] Time: 470s | RTT: 239.00 ms | State: connected
[LOG] Time: 472s | RTT: 239.00 ms | State: connected
[LOG] Time: 473s | RTT: 185.00 ms | State: connected
[LOG] Time: 474s | RTT: 185.00 ms | State: connected
[LOG] Time: 475s | RTT: 212.00 ms | State: connected
[LOG] Time: 476s | RTT: 212.00 ms | State: connected
[LOG] Time: 477s | RTT: 212.00 ms | State: connected
[LOG] Time: 478s | RTT: 206.00 ms | State: connected
[LOG] Time: 479s | RTT: 206.00 ms | State: connected
[LOG] Time: 480s | RTT: 192.00 ms | State: connected
[LOG] Time: 481s | RTT: 192.00 ms | State: connected
[LOG] Time: 482s | RTT: 192.00 ms | State: connected
[LOG] Time: 483s | RTT: 239.00 ms | State: connected
[LOG] Time: 485s | RTT: 239.00 ms | State: connected
[LOG] Time: 486s | RTT: 203.00 ms | State: connected
[LOG] Time: 487s | RTT: 203.00 ms | State: connected
[LOG] Time: 488s | RTT: 203.00 ms | State: connected
[LOG] Time: 489s | RTT: 223.00 ms | State: connected
[LOG] Time: 490s | RTT: 223.00 ms | State: connected
[LOG] Time: 491s | RTT: 223.00 ms | State: connected
[LOG] Time: 492s | RTT: 223.00 ms | State: connected
[LOG] Time: 493s | RTT: 206.00 ms | State: connected
[LOG] Time: 494s | RTT: 206.00 ms | State: connected
[LOG] Time: 495s | RTT: 206.00 ms | State: connected
[LOG] Time: 496s | RTT: 255.00 ms | State: connected
[LOG] Time: 497s | RTT: 255.00 ms | State: connected
[LOG] Time: 499s | RTT: 235.00 ms | State: connected
[LOG] Time: 500s | RTT: 235.00 ms | State: connected
[LOG] Time: 501s | RTT: 235.00 ms | State: connected
[LOG] Time: 502s | RTT: 220.00 ms | State: connected
[LOG] Time: 503s | RTT: 220.00 ms | State: connected
[LOG] Time: 504s | RTT: 224.00 ms | State: connected
[LOG] Time: 505s | RTT: 224.00 ms | State: connected
[LOG] Time: 506s | RTT: 224.00 ms | State: connected
[LOG] Time: 507s | RTT: 253.00 ms | State: connected
[LOG] Time: 508s | RTT: 253.00 ms | State: connected
[LOG] Time: 509s | RTT: 254.00 ms | State: connected
[LOG] Time: 510s | RTT: 254.00 ms | State: connected
[LOG] Time: 511s | RTT: 254.00 ms | State: connected
[LOG] Time: 513s | RTT: 225.00 ms | State: connected
[LOG] Time: 514s | RTT: 225.00 ms | State: connected
[LOG] Time: 515s | RTT: 203.00 ms | State: connected
[LOG] Time: 516s | RTT: 203.00 ms | State: connected
[LOG] Time: 517s | RTT: 203.00 ms | State: connected
[LOG] Time: 518s | RTT: 252.00 ms | State: connected
[LOG] Time: 519s | RTT: 252.00 ms | State: connected
[LOG] Time: 520s | RTT: 238.00 ms | State: connected
[LOG] Time: 521s | RTT: 238.00 ms | State: connected
[LOG] Time: 522s | RTT: 238.00 ms | State: connected
[LOG] Time: 523s | RTT: 408.00 ms | State: connected
[LOG] Time: 524s | RTT: 408.00 ms | State: connected
[LOG] Time: 526s | RTT: 184.00 ms | State: connected
[LOG] Time: 527s | RTT: 184.00 ms | State: connected
[LOG] Time: 528s | RTT: 276.00 ms | State: connected
[LOG] Time: 529s | RTT: 276.00 ms | State: connected
[LOG] Time: 530s | RTT: 276.00 ms | State: connected
[LOG] Time: 531s | RTT: 236.00 ms | State: connected
[LOG] Time: 532s | RTT: 236.00 ms | State: connected
[LOG] Time: 533s | RTT: 257.00 ms | State: connected
[LOG] Time: 534s | RTT: 257.00 ms | State: connected
[LOG] Time: 535s | RTT: 257.00 ms | State: connected
[LOG] Time: 536s | RTT: 184.00 ms | State: connected
[LOG] Time: 537s | RTT: 184.00 ms | State: connected
[LOG] Time: 539s | RTT: 217.00 ms | State: connected
[LOG] Time: 540s | RTT: 217.00 ms | State: connected
[LOG] Time: 541s | RTT: 217.00 ms | State: connected
[LOG] Time: 542s | RTT: 190.00 ms | State: connected
[LOG] Time: 543s | RTT: 190.00 ms | State: connected
[LOG] Time: 544s | RTT: 222.00 ms | State: connected
[LOG] Time: 545s | RTT: 222.00 ms | State: connected
[LOG] Time: 546s | RTT: 262.00 ms | State: connected
[LOG] Time: 547s | RTT: 262.00 ms | State: connected
[LOG] Time: 549s | RTT: 262.00 ms | State: connected
[LOG] Time: 550s | RTT: 193.00 ms | State: connected
[LOG] Time: 551s | RTT: 193.00 ms | State: connected
[LOG] Time: 552s | RTT: 180.00 ms | State: connected
[LOG] Time: 553s | RTT: 180.00 ms | State: connected
[LOG] Time: 554s | RTT: 180.00 ms | State: connected
[LOG] Time: 555s | RTT: 178.00 ms | State: connected
[LOG] Time: 556s | RTT: 178.00 ms | State: connected
[LOG] Time: 557s | RTT: 198.00 ms | State: connected
[LOG] Time: 558s | RTT: 198.00 ms | State: connected
[LOG] Time: 560s | RTT: 223.00 ms | State: connected
[LOG] Time: 561s | RTT: 223.00 ms | State: connected
[LOG] Time: 562s | RTT: 223.00 ms | State: connected
[LOG] Time: 563s | RTT: 233.00 ms | State: connected
[LOG] Time: 564s | RTT: 233.00 ms | State: connected
[LOG] Time: 565s | RTT: 219.00 ms | State: connected
[LOG] Time: 566s | RTT: 219.00 ms | State: connected
[LOG] Time: 567s | RTT: 219.00 ms | State: connected
[LOG] Time: 568s | RTT: 212.00 ms | State: connected
[LOG] Time: 570s | RTT: 212.00 ms | State: connected
[LOG] Time: 571s | RTT: 211.00 ms | State: connected
[LOG] Time: 572s | RTT: 211.00 ms | State: connected
[LOG] Time: 573s | RTT: 214.00 ms | State: connected
[LOG] Time: 574s | RTT: 214.00 ms | State: connected
[LOG] Time: 575s | RTT: 214.00 ms | State: connected
[LOG] Time: 576s | RTT: 209.00 ms | State: connected
[LOG] Time: 577s | RTT: 209.00 ms | State: connected
[LOG] Time: 578s | RTT: 199.00 ms | State: connected
[LOG] Time: 579s | RTT: 199.00 ms | State: connected
[LOG] Time: 580s | RTT: 199.00 ms | State: connected
[LOG] Time: 582s | RTT: 247.00 ms | State: connected
[LOG] Time: 583s | RTT: 247.00 ms | State: connected
[LOG] Time: 584s | RTT: 218.00 ms | State: connected
[LOG] Time: 585s | RTT: 218.00 ms | State: connected
[LOG] Time: 586s | RTT: 218.00 ms | State: connected
[LOG] Time: 587s | RTT: 214.00 ms | State: connected
[LOG] Time: 588s | RTT: 214.00 ms | State: connected
[LOG] Time: 589s | RTT: 199.00 ms | State: connected
[LOG] Time: 590s | RTT: 199.00 ms | State: connected
[LOG] Time: 591s | RTT: 199.00 ms | State: connected
[LOG] Time: 592s | RTT: 236.00 ms | State: connected
[LOG] Time: 593s | RTT: 236.00 ms | State: connected
[LOG] Time: 594s | RTT: 218.00 ms | State: connected
[LOG] Time: 596s | RTT: 218.00 ms | State: connected
[LOG] Time: 597s | RTT: 218.00 ms | State: connected
[LOG] Time: 598s | RTT: 195.00 ms | State: connected
[LOG] Time: 599s | RTT: 195.00 ms | State: connected
[*] Monitoring finished.

SUCCESS! Remote IP: 48.208.173.226
[*] Resolving Server Location...
SUCCESS! Server Location: San Francisco, United States (Microsoft Corporation)

[*] Running TCP MTR (Port 443)...
Start: 2026-02-16T07:18:42+0000
HOST: a1171b1bca00                Loss%   Snt   Last   Avg  Best  Wrst StDev
  1. AS???    172.17.0.1           0.0%    10    0.2   0.2   0.2   0.2   0.0
  2. AS???    10.1.0.1             0.0%    10    1.8   4.1   1.8   6.8   1.6
  3. AS???    100.64.0.1           0.0%    10   90.3  86.0  74.8 116.9  13.1
  4. AS???    172.16.250.50        0.0%    10   76.6  86.4  76.6 133.8  16.9
  5. AS???    ???                 100.0    10    0.0   0.0   0.0   0.0   0.0
  6. AS14593  206.224.71.91        0.0%    10   86.9  87.5  74.5 100.2   7.3
        206.224.71.75                    
     AS14593  206.224.71.75
        206.224.71.77                    
     AS14593  206.224.71.77
        206.224.71.86                    
     AS14593  206.224.71.86
        206.224.71.88                    
     AS14593  206.224.71.88
        206.224.71.81                    
     AS14593  206.224.71.81
        206.224.71.83                    
     AS14593  206.224.71.83
        206.224.71.95                    
     AS14593  206.224.71.95
  7. AS8075   104.44.57.195        0.0%    10   81.7  94.4  79.3 115.1  12.7
        104.44.57.191                    
     AS8075   104.44.57.191
  8. AS8075   104.44.41.128        0.0%    10  112.7  96.3  81.7 112.7  10.3
        104.44.55.75                     
     AS8075   104.44.55.75
        104.44.42.2                      
     AS8075   104.44.42.2
        104.44.55.81                     
     AS8075   104.44.55.81
  9. AS8075   104.44.33.171        0.0%    10   96.1 111.9  87.7 189.5  28.7
        104.44.33.179                    
     AS8075   104.44.33.179
        104.44.33.173                    
     AS8075   104.44.33.173
        104.44.33.181                    
     AS8075   104.44.33.181
 10. AS8075   51.10.26.167         0.0%    10  102.3 114.6  83.1 172.8  29.6
        51.10.26.165                     
     AS8075   51.10.26.165
 11. AS8075   104.44.17.22         0.0%    10  130.8 107.4  83.6 193.0  33.3
        104.44.20.215                    
     AS8075   104.44.20.215
        104.44.17.20                     
     AS8075   104.44.17.20
        104.44.22.156                    
     AS8075   104.44.22.156
        104.44.22.148                    
     AS8075   104.44.22.148
        104.44.22.154                    
     AS8075   104.44.22.154
 12. AS8075   104.44.22.168       50.0%    10   90.6  93.8  90.6  96.5   2.6
        104.44.22.174                    
     AS8075   104.44.22.174
        104.44.22.166                    
     AS8075   104.44.22.166
 13. AS???    ???                 100.0    10    0.0   0.0   0.0   0.0   0.0

[*] Running UDP MTR...
Start: 2026-02-16T07:19:03+0000
HOST: a1171b1bca00                Loss%   Snt   Last   Avg  Best  Wrst StDev
  1. AS???    172.17.0.1           0.0%    10    0.2   0.1   0.1   0.2   0.0
  2. AS???    10.1.0.1             0.0%    10    8.1   7.0   1.8  27.0   8.1
  3. AS???    100.64.0.1           0.0%    10   88.1  63.2  52.7  88.1  11.3
  4. AS???    172.16.250.50        0.0%    10   58.4  61.2  51.6  69.2   6.2
  5. AS14593  206.224.65.244       0.0%    10   73.7  59.4  52.6  73.7   6.0
        206.224.65.248                   
     AS14593  206.224.65.248
        206.224.66.0                     
     AS14593  206.224.66.0
        206.224.65.252                   
     AS14593  206.224.65.252
  6. AS14593  206.224.71.77        0.0%    10   60.2  64.1  53.3  92.0  11.4
        206.224.71.81                    
     AS14593  206.224.71.81
        206.224.71.88                    
     AS14593  206.224.71.88
        206.224.71.91                    
     AS14593  206.224.71.91
        206.224.71.86                    
     AS14593  206.224.71.86
        206.224.71.95                    
     AS14593  206.224.71.95
        206.224.71.75                    
     AS14593  206.224.71.75
  7. AS8075   104.44.57.195        0.0%    10   58.4  76.0  54.7 131.8  23.4
        104.44.57.191                    
     AS8075   104.44.57.191
  8. AS8075   104.44.42.2          0.0%    10   76.5  98.9  54.2 202.1  55.1
        104.44.55.75                     
     AS8075   104.44.55.75
        104.44.41.128                    
     AS8075   104.44.41.128
        104.44.55.81                     
     AS8075   104.44.55.81
  9. AS8075   104.44.33.181        0.0%    10   69.8  95.6  62.1 172.8  38.3
        104.44.33.171                    
     AS8075   104.44.33.171
        104.44.33.173                    
     AS8075   104.44.33.173
        104.44.33.179                    
     AS8075   104.44.33.179
 10. AS8075   51.10.26.167         0.0%    10   63.5  93.9  63.5 160.3  33.8
        51.10.26.165                     
     AS8075   51.10.26.165
 11. AS8075   104.44.22.148        0.0%    10   60.4  77.8  57.8 121.4  23.9
        104.44.22.154                    
     AS8075   104.44.22.154
        104.44.20.217                    
     AS8075   104.44.20.217
        104.44.17.22                     
     AS8075   104.44.17.22
        104.44.17.20                     
     AS8075   104.44.17.20
 12. AS8075   104.44.23.65        50.0%    10   75.6  90.1  73.7 143.4  30.0
        104.44.22.176                    
     AS8075   104.44.22.176
        104.44.22.174                    
     AS8075   104.44.22.174
 13. AS???    ???                 100.0    10    0.0   0.0   0.0   0.0   0.0
