[*] Config Loaded: Name='flight-hawaii-van-Teams', Duration=600s
[*] Launching Chrome for Teams...
[*] Joining URL: [REDACTED_TEAMS_MEETING_URL]
[*] Navigating Join Flow...
[*] Looking for Join button...
    [+] JOIN CLICKED!
[*] Waiting for connection (20s)...
[*] Starting continuous monitoring for 600 seconds...
[LOG] Time: 0s | RTT: 143.00 ms | State: connected
[LOG] Time: 1s | RTT: 137.00 ms | State: connected
[LOG] Time: 2s | RTT: 137.00 ms | State: connected
[LOG] Time: 3s | RTT: 152.00 ms | State: connected
[LOG] Time: 4s | RTT: 152.00 ms | State: connected
[LOG] Time: 5s | RTT: 152.00 ms | State: connected
[LOG] Time: 6s | RTT: 164.00 ms | State: connected
[LOG] Time: 7s | RTT: 164.00 ms | State: connected
[LOG] Time: 8s | RTT: 138.00 ms | State: connected
[LOG] Time: 10s | RTT: 138.00 ms | State: connected
[LOG] Time: 11s | RTT: 114.00 ms | State: connected
[LOG] Time: 12s | RTT: 114.00 ms | State: connected
[LOG] Time: 13s | RTT: 114.00 ms | State: connected
[LOG] Time: 14s | RTT: 142.00 ms | State: connected
[LOG] Time: 15s | RTT: 142.00 ms | State: connected
[LOG] Time: 16s | RTT: 157.00 ms | State: connected
[LOG] Time: 17s | RTT: 157.00 ms | State: connected
[LOG] Time: 19s | RTT: 153.00 ms | State: connected
[LOG] Time: 20s | RTT: 153.00 ms | State: connected
[LOG] Time: 21s | RTT: 153.00 ms | State: connected
[LOG] Time: 22s | RTT: 203.00 ms | State: connected
[LOG] Time: 23s | RTT: 203.00 ms | State: connected
[LOG] Time: 24s | RTT: 235.00 ms | State: connected
[LOG] Time: 25s | RTT: 235.00 ms | State: connected
[LOG] Time: 26s | RTT: 235.00 ms | State: connected
[LOG] Time: 27s | RTT: 167.00 ms | State: connected
[LOG] Time: 28s | RTT: 167.00 ms | State: connected
[LOG] Time: 30s | RTT: 159.00 ms | State: connected
[LOG] Time: 31s | RTT: 159.00 ms | State: connected
[LOG] Time: 32s | RTT: 159.00 ms | State: connected
[LOG] Time: 33s | RTT: 117.00 ms | State: connected
[LOG] Time: 34s | RTT: 117.00 ms | State: connected
[LOG] Time: 35s | RTT: 107.00 ms | State: connected
[LOG] Time: 36s | RTT: 107.00 ms | State: connected
[LOG] Time: 37s | RTT: 107.00 ms | State: connected
[LOG] Time: 38s | RTT: 147.00 ms | State: connected
[LOG] Time: 39s | RTT: 147.00 ms | State: connected
[LOG] Time: 40s | RTT: 135.00 ms | State: connected
[LOG] Time: 41s | RTT: 135.00 ms | State: connected
[LOG] Time: 43s | RTT: 127.00 ms | State: connected
[LOG] Time: 44s | RTT: 127.00 ms | State: connected
[LOG] Time: 45s | RTT: 127.00 ms | State: connected
[LOG] Time: 46s | RTT: 140.00 ms | State: connected
[LOG] Time: 47s | RTT: 140.00 ms | State: connected
[LOG] Time: 48s | RTT: 261.00 ms | State: connected
[LOG] Time: 49s | RTT: 261.00 ms | State: connected
[LOG] Time: 50s | RTT: 261.00 ms | State: connected
[LOG] Time: 51s | RTT: 146.00 ms | State: connected
[LOG] Time: 52s | RTT: 146.00 ms | State: connected
[LOG] Time: 54s | RTT: 128.00 ms | State: connected
[LOG] Time: 55s | RTT: 128.00 ms | State: connected
[LOG] Time: 56s | RTT: 122.00 ms | State: connected
[LOG] Time: 57s | RTT: 122.00 ms | State: connected
[LOG] Time: 58s | RTT: 122.00 ms | State: connected
[LOG] Time: 59s | RTT: 105.00 ms | State: connected
[LOG] Time: 60s | RTT: 105.00 ms | State: connected
[LOG] Time: 61s | RTT: 113.00 ms | State: connected
[LOG] Time: 62s | RTT: 113.00 ms | State: connected
[LOG] Time: 63s | RTT: 113.00 ms | State: connected
[LOG] Time: 64s | RTT: 120.00 ms | State: connected
[LOG] Time: 65s | RTT: 120.00 ms | State: connected
[LOG] Time: 67s | RTT: 140.00 ms | State: connected
[LOG] Time: 68s | RTT: 140.00 ms | State: connected
[LOG] Time: 69s | RTT: 140.00 ms | State: connected
[LOG] Time: 70s | RTT: 99.00 ms | State: connected
[LOG] Time: 71s | RTT: 99.00 ms | State: connected
[LOG] Time: 72s | RTT: 108.00 ms | State: connected
[LOG] Time: 73s | RTT: 108.00 ms | State: connected
[LOG] Time: 74s | RTT: 108.00 ms | State: connected
[LOG] Time: 75s | RTT: 135.00 ms | State: connected
[LOG] Time: 76s | RTT: 135.00 ms | State: connected
[LOG] Time: 78s | RTT: 138.00 ms | State: connected
[LOG] Time: 79s | RTT: 138.00 ms | State: connected
[LOG] Time: 80s | RTT: 101.00 ms | State: connected
[LOG] Time: 81s | RTT: 101.00 ms | State: connected
[LOG] Time: 82s | RTT: 101.00 ms | State: connected
[LOG] Time: 83s | RTT: 138.00 ms | State: connected
[LOG] Time: 84s | RTT: 138.00 ms | State: connected
[LOG] Time: 86s | RTT: 128.00 ms | State: connected
[LOG] Time: 87s | RTT: 128.00 ms | State: connected
[LOG] Time: 88s | RTT: 117.00 ms | State: connected
[LOG] Time: 89s | RTT: 117.00 ms | State: connected
[LOG] Time: 90s | RTT: 117.00 ms | State: connected
[LOG] Time: 91s | RTT: 134.00 ms | State: connected
[LOG] Time: 92s | RTT: 134.00 ms | State: connected
[LOG] Time: 93s | RTT: 105.00 ms | State: connected
[LOG] Time: 94s | RTT: 105.00 ms | State: connected
[LOG] Time: 95s | RTT: 105.00 ms | State: connected
[LOG] Time: 96s | RTT: 102.00 ms | State: connected
[LOG] Time: 98s | RTT: 102.00 ms | State: connected
[LOG] Time: 99s | RTT: 134.00 ms | State: connected
[LOG] Time: 100s | RTT: 134.00 ms | State: connected
[LOG] Time: 101s | RTT: 134.00 ms | State: connected
[LOG] Time: 102s | RTT: 140.00 ms | State: connected
[LOG] Time: 103s | RTT: 140.00 ms | State: connected
[LOG] Time: 104s | RTT: 99.00 ms | State: connected
[LOG] Time: 105s | RTT: 99.00 ms | State: connected
[LOG] Time: 106s | RTT: 118.00 ms | State: connected
[LOG] Time: 107s | RTT: 118.00 ms | State: connected
[LOG] Time: 108s | RTT: 118.00 ms | State: connected
[LOG] Time: 110s | RTT: 119.00 ms | State: connected
[LOG] Time: 111s | RTT: 119.00 ms | State: connected
[LOG] Time: 112s | RTT: 117.00 ms | State: connected
[LOG] Time: 113s | RTT: 117.00 ms | State: connected
[LOG] Time: 114s | RTT: 117.00 ms | State: connected
[LOG] Time: 115s | RTT: 125.00 ms | State: connected
[LOG] Time: 116s | RTT: 125.00 ms | State: connected
[LOG] Time: 117s | RTT: 125.00 ms | State: connected
[LOG] Time: 118s | RTT: 125.00 ms | State: connected
[LOG] Time: 119s | RTT: 125.00 ms | State: connected
[LOG] Time: 120s | RTT: 142.00 ms | State: connected
[LOG] Time: 121s | RTT: 142.00 ms | State: connected
[LOG] Time: 123s | RTT: 111.00 ms | State: connected
[LOG] Time: 124s | RTT: 111.00 ms | State: connected
[LOG] Time: 125s | RTT: 111.00 ms | State: connected
[LOG] Time: 126s | RTT: 126.00 ms | State: connected
[LOG] Time: 127s | RTT: 126.00 ms | State: connected
[LOG] Time: 128s | RTT: 115.00 ms | State: connected
[LOG] Time: 129s | RTT: 115.00 ms | State: connected
[LOG] Time: 130s | RTT: 132.00 ms | State: connected
[LOG] Time: 131s | RTT: 132.00 ms | State: connected
[LOG] Time: 132s | RTT: 132.00 ms | State: connected
[LOG] Time: 133s | RTT: 142.00 ms | State: connected
[LOG] Time: 135s | RTT: 142.00 ms | State: connected
[LOG] Time: 136s | RTT: 118.00 ms | State: connected
[LOG] Time: 137s | RTT: 118.00 ms | State: connected
[LOG] Time: 138s | RTT: 118.00 ms | State: connected
[LOG] Time: 139s | RTT: 121.00 ms | State: connected
[LOG] Time: 140s | RTT: 121.00 ms | State: connected
[LOG] Time: 141s | RTT: 115.00 ms | State: connected
[LOG] Time: 142s | RTT: 115.00 ms | State: connected
[LOG] Time: 143s | RTT: 118.00 ms | State: connected
[LOG] Time: 145s | RTT: 118.00 ms | State: connected
[LOG] Time: 146s | RTT: 118.00 ms | State: connected
[LOG] Time: 147s | RTT: 121.00 ms | State: connected
[LOG] Time: 148s | RTT: 121.00 ms | State: connected
[LOG] Time: 149s | RTT: 151.00 ms | State: connected
[LOG] Time: 150s | RTT: 151.00 ms | State: connected
[LOG] Time: 151s | RTT: 151.00 ms | State: connected
[LOG] Time: 152s | RTT: 137.00 ms | State: connected
[LOG] Time: 153s | RTT: 137.00 ms | State: connected
[LOG] Time: 154s | RTT: 133.00 ms | State: connected
[LOG] Time: 155s | RTT: 133.00 ms | State: connected
[LOG] Time: 156s | RTT: 133.00 ms | State: connected
[LOG] Time: 158s | RTT: 110.00 ms | State: connected
[LOG] Time: 159s | RTT: 110.00 ms | State: connected
[LOG] Time: 160s | RTT: 155.00 ms | State: connected
[LOG] Time: 161s | RTT: 155.00 ms | State: connected
[LOG] Time: 162s | RTT: 155.00 ms | State: connected
[LOG] Time: 163s | RTT: 155.00 ms | State: connected
[LOG] Time: 164s | RTT: 155.00 ms | State: connected
[LOG] Time: 165s | RTT: 149.00 ms | State: connected
[LOG] Time: 166s | RTT: 149.00 ms | State: connected
[LOG] Time: 167s | RTT: 138.00 ms | State: connected
[LOG] Time: 168s | RTT: 138.00 ms | State: connected
[LOG] Time: 170s | RTT: 138.00 ms | State: connected
[LOG] Time: 171s | RTT: 131.00 ms | State: connected
[LOG] Time: 172s | RTT: 131.00 ms | State: connected
[LOG] Time: 173s | RTT: 118.00 ms | State: connected
[LOG] Time: 174s | RTT: 118.00 ms | State: connected
[LOG] Time: 175s | RTT: 118.00 ms | State: connected
[LOG] Time: 176s | RTT: 99.00 ms | State: connected
[LOG] Time: 177s | RTT: 99.00 ms | State: connected
[LOG] Time: 178s | RTT: 121.00 ms | State: connected
[LOG] Time: 180s | RTT: 121.00 ms | State: connected
[LOG] Time: 181s | RTT: 123.00 ms | State: connected
[LOG] Time: 182s | RTT: 123.00 ms | State: connected
[LOG] Time: 183s | RTT: 123.00 ms | State: connected
[LOG] Time: 184s | RTT: 109.00 ms | State: connected
[LOG] Time: 185s | RTT: 109.00 ms | State: connected
[LOG] Time: 186s | RTT: 157.00 ms | State: connected
[LOG] Time: 187s | RTT: 157.00 ms | State: connected
[LOG] Time: 189s | RTT: 115.00 ms | State: connected
[LOG] Time: 190s | RTT: 115.00 ms | State: connected
[LOG] Time: 191s | RTT: 115.00 ms | State: connected
[LOG] Time: 192s | RTT: 122.00 ms | State: connected
[LOG] Time: 193s | RTT: 122.00 ms | State: connected
[LOG] Time: 194s | RTT: 107.00 ms | State: connected
[LOG] Time: 195s | RTT: 107.00 ms | State: connected
[LOG] Time: 196s | RTT: 107.00 ms | State: connected
[LOG] Time: 197s | RTT: 125.00 ms | State: connected
[LOG] Time: 199s | RTT: 125.00 ms | State: connected
[LOG] Time: 200s | RTT: 143.00 ms | State: connected
[LOG] Time: 201s | RTT: 143.00 ms | State: connected
[LOG] Time: 202s | RTT: 143.00 ms | State: connected
[LOG] Time: 203s | RTT: 143.00 ms | State: connected
[LOG] Time: 204s | RTT: 143.00 ms | State: connected
[LOG] Time: 205s | RTT: 125.00 ms | State: connected
[LOG] Time: 206s | RTT: 125.00 ms | State: connected
[LOG] Time: 207s | RTT: 138.00 ms | State: connected
[LOG] Time: 209s | RTT: 138.00 ms | State: connected
[LOG] Time: 210s | RTT: 138.00 ms | State: connected
[LOG] Time: 211s | RTT: 119.00 ms | State: connected
[LOG] Time: 212s | RTT: 119.00 ms | State: connected
[LOG] Time: 213s | RTT: 149.00 ms | State: connected
[LOG] Time: 214s | RTT: 149.00 ms | State: connected
[LOG] Time: 215s | RTT: 133.00 ms | State: connected
[LOG] Time: 216s | RTT: 133.00 ms | State: connected
[LOG] Time: 217s | RTT: 133.00 ms | State: connected
[LOG] Time: 218s | RTT: 139.00 ms | State: connected
[LOG] Time: 219s | RTT: 139.00 ms | State: connected
[LOG] Time: 221s | RTT: 118.00 ms | State: connected
[LOG] Time: 222s | RTT: 118.00 ms | State: connected
[LOG] Time: 223s | RTT: 118.00 ms | State: connected
[LOG] Time: 224s | RTT: 118.00 ms | State: connected
[LOG] Time: 225s | RTT: 118.00 ms | State: connected
[LOG] Time: 226s | RTT: 120.00 ms | State: connected
[LOG] Time: 227s | RTT: 120.00 ms | State: connected
[LOG] Time: 228s | RTT: 120.00 ms | State: connected
[LOG] Time: 229s | RTT: 104.00 ms | State: connected
[LOG] Time: 230s | RTT: 104.00 ms | State: connected
[LOG] Time: 232s | RTT: 117.00 ms | State: connected
[LOG] Time: 233s | RTT: 117.00 ms | State: connected
[LOG] Time: 234s | RTT: 141.00 ms | State: connected
[LOG] Time: 235s | RTT: 141.00 ms | State: connected
[LOG] Time: 236s | RTT: 141.00 ms | State: connected
[LOG] Time: 237s | RTT: 119.00 ms | State: connected
[LOG] Time: 238s | RTT: 119.00 ms | State: connected
[LOG] Time: 239s | RTT: 140.00 ms | State: connected
[LOG] Time: 241s | RTT: 140.00 ms | State: connected
[LOG] Time: 242s | RTT: 119.00 ms | State: connected
[LOG] Time: 243s | RTT: 119.00 ms | State: connected
[LOG] Time: 244s | RTT: 119.00 ms | State: connected
[LOG] Time: 245s | RTT: 103.00 ms | State: connected
[LOG] Time: 246s | RTT: 103.00 ms | State: connected
[LOG] Time: 247s | RTT: 137.00 ms | State: connected
[LOG] Time: 248s | RTT: 137.00 ms | State: connected
[LOG] Time: 249s | RTT: 137.00 ms | State: connected
[LOG] Time: 251s | RTT: 146.00 ms | State: connected
[LOG] Time: 252s | RTT: 146.00 ms | State: connected
[LOG] Time: 253s | RTT: 154.00 ms | State: connected
[LOG] Time: 254s | RTT: 154.00 ms | State: connected
[LOG] Time: 255s | RTT: 154.00 ms | State: connected
[LOG] Time: 256s | RTT: 108.00 ms | State: connected
[LOG] Time: 257s | RTT: 108.00 ms | State: connected
[LOG] Time: 258s | RTT: 158.00 ms | State: connected
[LOG] Time: 259s | RTT: 158.00 ms | State: connected
[LOG] Time: 260s | RTT: 97.00 ms | State: connected
[LOG] Time: 261s | RTT: 97.00 ms | State: connected
[LOG] Time: 262s | RTT: 97.00 ms | State: connected
[LOG] Time: 264s | RTT: 136.00 ms | State: connected
[LOG] Time: 265s | RTT: 136.00 ms | State: connected
[LOG] Time: 266s | RTT: 114.00 ms | State: connected
[LOG] Time: 267s | RTT: 114.00 ms | State: connected
[LOG] Time: 268s | RTT: 114.00 ms | State: connected
[LOG] Time: 269s | RTT: 124.00 ms | State: connected
[LOG] Time: 270s | RTT: 124.00 ms | State: connected
[LOG] Time: 271s | RTT: 256.00 ms | State: connected
[LOG] Time: 272s | RTT: 256.00 ms | State: connected
[LOG] Time: 273s | RTT: 256.00 ms | State: connected
[LOG] Time: 275s | RTT: 138.00 ms | State: connected
[LOG] Time: 276s | RTT: 138.00 ms | State: connected
[LOG] Time: 277s | RTT: 119.00 ms | State: connected
[LOG] Time: 278s | RTT: 119.00 ms | State: connected
[LOG] Time: 279s | RTT: 119.00 ms | State: connected
[LOG] Time: 280s | RTT: 165.00 ms | State: connected
[LOG] Time: 281s | RTT: 165.00 ms | State: connected
[LOG] Time: 282s | RTT: 244.00 ms | State: connected
[LOG] Time: 283s | RTT: 244.00 ms | State: connected
[LOG] Time: 284s | RTT: 140.00 ms | State: connected
[LOG] Time: 285s | RTT: 140.00 ms | State: connected
[LOG] Time: 287s | RTT: 140.00 ms | State: connected
[LOG] Time: 288s | RTT: 142.00 ms | State: connected
[LOG] Time: 289s | RTT: 142.00 ms | State: connected
[LOG] Time: 290s | RTT: 138.00 ms | State: connected
[LOG] Time: 291s | RTT: 138.00 ms | State: connected
[LOG] Time: 292s | RTT: 138.00 ms | State: connected
[LOG] Time: 293s | RTT: 132.00 ms | State: connected
[LOG] Time: 294s | RTT: 132.00 ms | State: connected
[LOG] Time: 295s | RTT: 127.00 ms | State: connected
[LOG] Time: 296s | RTT: 127.00 ms | State: connected
[LOG] Time: 297s | RTT: 127.00 ms | State: connected
[LOG] Time: 298s | RTT: 116.00 ms | State: connected
[LOG] Time: 300s | RTT: 116.00 ms | State: connected
[LOG] Time: 301s | RTT: 96.00 ms | State: connected
[LOG] Time: 302s | RTT: 96.00 ms | State: connected
[LOG] Time: 303s | RTT: 138.00 ms | State: connected
[LOG] Time: 304s | RTT: 138.00 ms | State: connected
[LOG] Time: 305s | RTT: 138.00 ms | State: connected
[LOG] Time: 306s | RTT: 119.00 ms | State: connected
[LOG] Time: 307s | RTT: 119.00 ms | State: connected
[LOG] Time: 308s | RTT: 115.00 ms | State: connected
[LOG] Time: 309s | RTT: 115.00 ms | State: connected
[LOG] Time: 310s | RTT: 115.00 ms | State: connected
[LOG] Time: 311s | RTT: 120.00 ms | State: connected
[LOG] Time: 313s | RTT: 120.00 ms | State: connected
[LOG] Time: 314s | RTT: 124.00 ms | State: connected
[LOG] Time: 315s | RTT: 124.00 ms | State: connected
[LOG] Time: 316s | RTT: 124.00 ms | State: connected
[LOG] Time: 317s | RTT: 104.00 ms | State: connected
[LOG] Time: 318s | RTT: 104.00 ms | State: connected
[LOG] Time: 319s | RTT: 147.00 ms | State: connected
[LOG] Time: 320s | RTT: 147.00 ms | State: connected
[LOG] Time: 321s | RTT: 147.00 ms | State: connected
[LOG] Time: 322s | RTT: 131.00 ms | State: connected
[LOG] Time: 323s | RTT: 131.00 ms | State: connected
[LOG] Time: 324s | RTT: 158.00 ms | State: connected
[LOG] Time: 326s | RTT: 158.00 ms | State: connected
[LOG] Time: 327s | RTT: 158.00 ms | State: connected
[LOG] Time: 328s | RTT: 146.00 ms | State: connected
[LOG] Time: 329s | RTT: 146.00 ms | State: connected
[LOG] Time: 330s | RTT: 142.00 ms | State: connected
[LOG] Time: 331s | RTT: 142.00 ms | State: connected
[LOG] Time: 332s | RTT: 140.00 ms | State: connected
[LOG] Time: 333s | RTT: 140.00 ms | State: connected
[LOG] Time: 334s | RTT: 140.00 ms | State: connected
[LOG] Time: 336s | RTT: 140.00 ms | State: connected
[LOG] Time: 337s | RTT: 140.00 ms | State: connected
[LOG] Time: 338s | RTT: 124.00 ms | State: connected
[LOG] Time: 339s | RTT: 124.00 ms | State: connected
[LOG] Time: 340s | RTT: 133.00 ms | State: connected
[LOG] Time: 341s | RTT: 133.00 ms | State: connected
[LOG] Time: 342s | RTT: 133.00 ms | State: connected
[LOG] Time: 343s | RTT: 99.00 ms | State: connected
[LOG] Time: 344s | RTT: 99.00 ms | State: connected
[LOG] Time: 345s | RTT: 112.00 ms | State: connected
[LOG] Time: 346s | RTT: 112.00 ms | State: connected
[LOG] Time: 348s | RTT: 112.00 ms | State: connected
[LOG] Time: 349s | RTT: 114.00 ms | State: connected
[LOG] Time: 350s | RTT: 114.00 ms | State: connected
[LOG] Time: 351s | RTT: 127.00 ms | State: connected
[LOG] Time: 352s | RTT: 127.00 ms | State: connected
[LOG] Time: 353s | RTT: 154.00 ms | State: connected
[LOG] Time: 354s | RTT: 154.00 ms | State: connected
[LOG] Time: 355s | RTT: 154.00 ms | State: connected
[LOG] Time: 357s | RTT: 124.00 ms | State: connected
[LOG] Time: 358s | RTT: 124.00 ms | State: connected
[LOG] Time: 359s | RTT: 133.00 ms | State: connected
[LOG] Time: 360s | RTT: 133.00 ms | State: connected
[LOG] Time: 361s | RTT: 133.00 ms | State: connected
[LOG] Time: 362s | RTT: 112.00 ms | State: connected
[LOG] Time: 363s | RTT: 112.00 ms | State: connected
[LOG] Time: 364s | RTT: 107.00 ms | State: connected
[LOG] Time: 365s | RTT: 107.00 ms | State: connected
[LOG] Time: 366s | RTT: 107.00 ms | State: connected
[LOG] Time: 367s | RTT: 148.00 ms | State: connected
[LOG] Time: 369s | RTT: 148.00 ms | State: connected
[LOG] Time: 370s | RTT: 148.00 ms | State: connected
[LOG] Time: 371s | RTT: 148.00 ms | State: connected
[LOG] Time: 372s | RTT: 131.00 ms | State: connected
[LOG] Time: 373s | RTT: 131.00 ms | State: connected
[LOG] Time: 374s | RTT: 131.00 ms | State: connected
[LOG] Time: 375s | RTT: 128.00 ms | State: connected
[LOG] Time: 376s | RTT: 128.00 ms | State: connected
[LOG] Time: 377s | RTT: 145.00 ms | State: connected
[LOG] Time: 378s | RTT: 145.00 ms | State: connected
[LOG] Time: 379s | RTT: 145.00 ms | State: connected
[LOG] Time: 381s | RTT: 99.00 ms | State: connected
[LOG] Time: 382s | RTT: 99.00 ms | State: connected
[LOG] Time: 383s | RTT: 102.00 ms | State: connected
[LOG] Time: 384s | RTT: 102.00 ms | State: connected
[LOG] Time: 385s | RTT: 102.00 ms | State: connected
[LOG] Time: 386s | RTT: 131.00 ms | State: connected
[LOG] Time: 387s | RTT: 131.00 ms | State: connected
[LOG] Time: 388s | RTT: 155.00 ms | State: connected
[LOG] Time: 389s | RTT: 155.00 ms | State: connected
[LOG] Time: 390s | RTT: 155.00 ms | State: connected
[LOG] Time: 391s | RTT: 145.00 ms | State: connected
[LOG] Time: 393s | RTT: 145.00 ms | State: connected
[LOG] Time: 394s | RTT: 114.00 ms | State: connected
[LOG] Time: 395s | RTT: 114.00 ms | State: connected
[LOG] Time: 396s | RTT: 142.00 ms | State: connected
[LOG] Time: 397s | RTT: 142.00 ms | State: connected
[LOG] Time: 398s | RTT: 142.00 ms | State: connected
[LOG] Time: 399s | RTT: 123.00 ms | State: connected
[LOG] Time: 400s | RTT: 123.00 ms | State: connected
[LOG] Time: 401s | RTT: 144.00 ms | State: connected
[LOG] Time: 402s | RTT: 144.00 ms | State: connected
[LOG] Time: 403s | RTT: 144.00 ms | State: connected
[LOG] Time: 404s | RTT: 107.00 ms | State: connected
[LOG] Time: 406s | RTT: 107.00 ms | State: connected
[LOG] Time: 407s | RTT: 136.00 ms | State: connected
[LOG] Time: 408s | RTT: 136.00 ms | State: connected
[LOG] Time: 409s | RTT: 136.00 ms | State: connected
[LOG] Time: 410s | RTT: 124.00 ms | State: connected
[LOG] Time: 411s | RTT: 124.00 ms | State: connected
[LOG] Time: 412s | RTT: 125.00 ms | State: connected
[LOG] Time: 413s | RTT: 125.00 ms | State: connected
[LOG] Time: 414s | RTT: 100.00 ms | State: connected
[LOG] Time: 415s | RTT: 100.00 ms | State: connected
[LOG] Time: 417s | RTT: 100.00 ms | State: connected
[LOG] Time: 418s | RTT: 133.00 ms | State: connected
[LOG] Time: 419s | RTT: 133.00 ms | State: connected
[LOG] Time: 420s | RTT: 140.00 ms | State: connected
[LOG] Time: 421s | RTT: 140.00 ms | State: connected
[LOG] Time: 422s | RTT: 140.00 ms | State: connected
[LOG] Time: 423s | RTT: 98.00 ms | State: connected
[LOG] Time: 424s | RTT: 98.00 ms | State: connected
[LOG] Time: 425s | RTT: 146.00 ms | State: connected
[LOG] Time: 426s | RTT: 146.00 ms | State: connected
[LOG] Time: 427s | RTT: 146.00 ms | State: connected
[LOG] Time: 429s | RTT: 138.00 ms | State: connected
[LOG] Time: 430s | RTT: 138.00 ms | State: connected
[LOG] Time: 431s | RTT: 105.00 ms | State: connected
[LOG] Time: 432s | RTT: 105.00 ms | State: connected
[LOG] Time: 433s | RTT: 139.00 ms | State: connected
[LOG] Time: 434s | RTT: 139.00 ms | State: connected
[LOG] Time: 435s | RTT: 139.00 ms | State: connected
[LOG] Time: 436s | RTT: 104.00 ms | State: connected
[LOG] Time: 437s | RTT: 104.00 ms | State: connected
[LOG] Time: 438s | RTT: 113.00 ms | State: connected
[LOG] Time: 439s | RTT: 113.00 ms | State: connected
[LOG] Time: 440s | RTT: 113.00 ms | State: connected
[LOG] Time: 442s | RTT: 94.00 ms | State: connected
[LOG] Time: 443s | RTT: 94.00 ms | State: connected
[LOG] Time: 444s | RTT: 142.00 ms | State: connected
[LOG] Time: 445s | RTT: 142.00 ms | State: connected
[LOG] Time: 446s | RTT: 142.00 ms | State: connected
[LOG] Time: 447s | RTT: 100.00 ms | State: connected
[LOG] Time: 448s | RTT: 100.00 ms | State: connected
[LOG] Time: 449s | RTT: 145.00 ms | State: connected
[LOG] Time: 450s | RTT: 145.00 ms | State: connected
[LOG] Time: 451s | RTT: 145.00 ms | State: connected
[LOG] Time: 452s | RTT: 140.00 ms | State: connected
[LOG] Time: 453s | RTT: 140.00 ms | State: connected
[LOG] Time: 455s | RTT: 147.00 ms | State: connected
[LOG] Time: 456s | RTT: 147.00 ms | State: connected
[LOG] Time: 457s | RTT: 104.00 ms | State: connected
[LOG] Time: 458s | RTT: 104.00 ms | State: connected
[LOG] Time: 459s | RTT: 104.00 ms | State: connected
[LOG] Time: 460s | RTT: 128.00 ms | State: connected
[LOG] Time: 461s | RTT: 128.00 ms | State: connected
[LOG] Time: 463s | RTT: 120.00 ms | State: connected
[LOG] Time: 464s | RTT: 120.00 ms | State: connected
[LOG] Time: 465s | RTT: 120.00 ms | State: connected
[LOG] Time: 466s | RTT: 147.00 ms | State: connected
[LOG] Time: 467s | RTT: 147.00 ms | State: connected
[LOG] Time: 468s | RTT: 136.00 ms | State: connected
[LOG] Time: 469s | RTT: 136.00 ms | State: connected
[LOG] Time: 471s | RTT: 143.00 ms | State: connected
[LOG] Time: 472s | RTT: 143.00 ms | State: connected
[LOG] Time: 473s | RTT: 134.00 ms | State: connected
[LOG] Time: 474s | RTT: 134.00 ms | State: connected
[LOG] Time: 475s | RTT: 134.00 ms | State: connected
[LOG] Time: 476s | RTT: 139.00 ms | State: connected
[LOG] Time: 477s | RTT: 139.00 ms | State: connected
[LOG] Time: 479s | RTT: 138.00 ms | State: connected
[LOG] Time: 480s | RTT: 138.00 ms | State: connected
[LOG] Time: 481s | RTT: 151.00 ms | State: connected
[LOG] Time: 482s | RTT: 151.00 ms | State: connected
[LOG] Time: 483s | RTT: 151.00 ms | State: connected
[LOG] Time: 484s | RTT: 129.00 ms | State: connected
[LOG] Time: 485s | RTT: 129.00 ms | State: connected
[LOG] Time: 486s | RTT: 127.00 ms | State: connected
[LOG] Time: 487s | RTT: 127.00 ms | State: connected
[LOG] Time: 489s | RTT: 127.00 ms | State: connected
[LOG] Time: 490s | RTT: 118.00 ms | State: connected
[LOG] Time: 491s | RTT: 118.00 ms | State: connected
[LOG] Time: 492s | RTT: 123.00 ms | State: connected
[LOG] Time: 493s | RTT: 123.00 ms | State: connected
[LOG] Time: 494s | RTT: 123.00 ms | State: connected
[LOG] Time: 495s | RTT: 105.00 ms | State: connected
[LOG] Time: 496s | RTT: 105.00 ms | State: connected
[LOG] Time: 497s | RTT: 131.00 ms | State: connected
[LOG] Time: 498s | RTT: 131.00 ms | State: connected
[LOG] Time: 500s | RTT: 106.00 ms | State: connected
[LOG] Time: 501s | RTT: 106.00 ms | State: connected
[LOG] Time: 502s | RTT: 106.00 ms | State: connected
[LOG] Time: 503s | RTT: 168.00 ms | State: connected
[LOG] Time: 504s | RTT: 168.00 ms | State: connected
[LOG] Time: 505s | RTT: 114.00 ms | State: connected
[LOG] Time: 506s | RTT: 114.00 ms | State: connected
[LOG] Time: 507s | RTT: 133.00 ms | State: connected
[LOG] Time: 508s | RTT: 133.00 ms | State: connected
[LOG] Time: 509s | RTT: 133.00 ms | State: connected
[LOG] Time: 511s | RTT: 111.00 ms | State: connected
[LOG] Time: 512s | RTT: 111.00 ms | State: connected
[LOG] Time: 513s | RTT: 112.00 ms | State: connected
[LOG] Time: 514s | RTT: 112.00 ms | State: connected
[LOG] Time: 515s | RTT: 112.00 ms | State: connected
[LOG] Time: 516s | RTT: 100.00 ms | State: connected
[LOG] Time: 517s | RTT: 100.00 ms | State: connected
[LOG] Time: 518s | RTT: 96.00 ms | State: connected
[LOG] Time: 519s | RTT: 96.00 ms | State: connected
[LOG] Time: 521s | RTT: 96.00 ms | State: connected
[LOG] Time: 522s | RTT: 149.00 ms | State: connected
[LOG] Time: 523s | RTT: 149.00 ms | State: connected
[LOG] Time: 524s | RTT: 112.00 ms | State: connected
[LOG] Time: 525s | RTT: 112.00 ms | State: connected
[LOG] Time: 526s | RTT: 104.00 ms | State: connected
[LOG] Time: 527s | RTT: 104.00 ms | State: connected
[LOG] Time: 528s | RTT: 104.00 ms | State: connected
[LOG] Time: 529s | RTT: 138.00 ms | State: connected
[LOG] Time: 530s | RTT: 138.00 ms | State: connected
[LOG] Time: 531s | RTT: 111.00 ms | State: connected
[LOG] Time: 533s | RTT: 111.00 ms | State: connected
[LOG] Time: 534s | RTT: 107.00 ms | State: connected
[LOG] Time: 535s | RTT: 107.00 ms | State: connected
[LOG] Time: 536s | RTT: 107.00 ms | State: connected
[LOG] Time: 537s | RTT: 111.00 ms | State: connected
[LOG] Time: 538s | RTT: 111.00 ms | State: connected
[LOG] Time: 539s | RTT: 151.00 ms | State: connected
[LOG] Time: 540s | RTT: 151.00 ms | State: connected
[LOG] Time: 542s | RTT: 151.00 ms | State: connected
[LOG] Time: 543s | RTT: 150.00 ms | State: connected
[LOG] Time: 544s | RTT: 150.00 ms | State: connected
[LOG] Time: 545s | RTT: 147.00 ms | State: connected
[LOG] Time: 546s | RTT: 147.00 ms | State: connected
[LOG] Time: 547s | RTT: 147.00 ms | State: connected
[LOG] Time: 548s | RTT: 136.00 ms | State: connected
[LOG] Time: 549s | RTT: 136.00 ms | State: connected
[LOG] Time: 550s | RTT: 147.00 ms | State: connected
[LOG] Time: 551s | RTT: 147.00 ms | State: connected
[LOG] Time: 553s | RTT: 190.00 ms | State: connected
[LOG] Time: 554s | RTT: 190.00 ms | State: connected
[LOG] Time: 555s | RTT: 190.00 ms | State: connected
[LOG] Time: 556s | RTT: 145.00 ms | State: connected
[LOG] Time: 557s | RTT: 145.00 ms | State: connected
[LOG] Time: 558s | RTT: 137.00 ms | State: connected
[LOG] Time: 559s | RTT: 137.00 ms | State: connected
[LOG] Time: 560s | RTT: 137.00 ms | State: connected
[LOG] Time: 561s | RTT: 121.00 ms | State: connected
[LOG] Time: 562s | RTT: 121.00 ms | State: connected
[LOG] Time: 564s | RTT: 125.00 ms | State: connected
[LOG] Time: 565s | RTT: 125.00 ms | State: connected
[LOG] Time: 566s | RTT: 125.00 ms | State: connected
[LOG] Time: 567s | RTT: 129.00 ms | State: connected
[LOG] Time: 568s | RTT: 129.00 ms | State: connected
[LOG] Time: 569s | RTT: 100.00 ms | State: connected
[LOG] Time: 570s | RTT: 100.00 ms | State: connected
[LOG] Time: 571s | RTT: 148.00 ms | State: connected
[LOG] Time: 572s | RTT: 148.00 ms | State: connected
[LOG] Time: 573s | RTT: 148.00 ms | State: connected
[LOG] Time: 574s | RTT: 142.00 ms | State: connected
[LOG] Time: 576s | RTT: 142.00 ms | State: connected
[LOG] Time: 577s | RTT: 140.00 ms | State: connected
[LOG] Time: 578s | RTT: 140.00 ms | State: connected
[LOG] Time: 579s | RTT: 140.00 ms | State: connected
[LOG] Time: 580s | RTT: 251.00 ms | State: connected
[LOG] Time: 581s | RTT: 251.00 ms | State: connected
[LOG] Time: 582s | RTT: 137.00 ms | State: connected
[LOG] Time: 583s | RTT: 137.00 ms | State: connected
[LOG] Time: 584s | RTT: 143.00 ms | State: connected
[LOG] Time: 586s | RTT: 143.00 ms | State: connected
[LOG] Time: 587s | RTT: 143.00 ms | State: connected
[LOG] Time: 588s | RTT: 151.00 ms | State: connected
[LOG] Time: 589s | RTT: 151.00 ms | State: connected
[LOG] Time: 590s | RTT: 176.00 ms | State: connected
[LOG] Time: 591s | RTT: 176.00 ms | State: connected
[LOG] Time: 592s | RTT: 176.00 ms | State: connected
[LOG] Time: 593s | RTT: 141.00 ms | State: connected
[LOG] Time: 594s | RTT: 141.00 ms | State: connected
[LOG] Time: 595s | RTT: 363.00 ms | State: connected
[LOG] Time: 596s | RTT: 363.00 ms | State: connected
[LOG] Time: 598s | RTT: 363.00 ms | State: connected
[LOG] Time: 599s | RTT: 159.00 ms | State: connected
[*] Monitoring finished.

SUCCESS! Remote IP: 48.208.154.50
[*] Resolving Server Location...
SUCCESS! Server Location: Boydton, United States (Microsoft Corporation)

[*] Running TCP MTR (Port 443)...
Start: 2026-02-20T13:59:50+0000
HOST: f07fff3882c0                Loss%   Snt   Last   Avg  Best  Wrst StDev
  1. AS???    172.17.0.1           0.0%    10    0.2   0.2   0.2   0.3   0.0
  2. AS???    10.1.0.1             0.0%    10    4.8  18.9   1.6  99.6  33.8
  3. AS???    100.64.0.1           0.0%    10   28.6  48.8  19.8 153.3  44.4
  4. AS???    172.16.251.0         0.0%    10   31.9  41.6  20.7 154.8  40.3
  5. AS???    ???                 100.0    10    0.0   0.0   0.0   0.0   0.0
  6. AS14593  206.224.66.157       0.0%    10   38.5  33.6  21.6  70.9  14.5
        206.224.66.147                   
     AS14593  206.224.66.147
        206.224.66.150                   
     AS14593  206.224.66.150
        206.224.66.155                   
     AS14593  206.224.66.155
        206.224.66.143                   
     AS14593  206.224.66.143
        206.224.66.149                   
     AS14593  206.224.66.149
  7. AS8075   104.44.14.15         0.0%    10   24.0  36.4  22.7  75.3  16.3
        104.44.56.169                    
     AS8075   104.44.56.169
  8. AS8075   104.44.53.189        0.0%    10   22.6  39.7  22.6  88.0  19.1
        51.10.4.7                        
     AS8075   51.10.4.7
        51.10.4.9                        
     AS8075   51.10.4.9
        104.44.53.187                    
     AS8075   104.44.53.187
  9. AS8075   104.44.21.143        0.0%    10   93.5 204.5  93.0 1103. 316.3
        104.44.21.151                    
     AS8075   104.44.21.151
        104.44.21.149                    
     AS8075   104.44.21.149
 10. AS8075   51.10.34.11          0.0%    10   92.3 111.6  91.8 219.0  38.1
        51.10.34.13                      
     AS8075   51.10.34.13
 11. AS8075   51.10.44.124         0.0%    10  4186. 1550. 112.1 4186. 1370.0
        51.10.44.130                     
     AS8075   51.10.44.130
 12. AS8075   51.10.19.210        20.0%    10  5248. 2033.  98.6 5248. 1769.0
        51.10.19.214                     
     AS8075   51.10.19.214
 13. AS8075   51.10.0.69          30.0%    10  3199. 1420.  91.8 4183. 1644.7
        51.10.0.63                       
     AS8075   51.10.0.63
 14. AS8075   51.10.36.106        60.0%    10  3166. 1447. 173.3 3166. 1250.4
        51.10.36.98                      
     AS8075   51.10.36.98
 15. AS8075   51.10.36.156        30.0%    10  1108. 1993.  92.1 7274. 2543.7
        51.10.36.152                     
     AS8075   51.10.36.152
        51.10.36.154                     
     AS8075   51.10.36.154
 16. AS8075   51.10.19.14         10.0%    10  3198. 3758.  94.9 7300. 2905.5
        51.10.19.16                      
     AS8075   51.10.19.16
        104.44.50.16                     
     AS8075   104.44.50.16
 17. AS8075   104.44.50.124       20.0%    10   93.3 613.3  92.7 4230. 1461.6
        104.44.50.98                     
     AS8075   104.44.50.98
        104.44.50.122                    
     AS8075   104.44.50.122
        104.44.50.146                    
     AS8075   104.44.50.146
        104.44.50.136                    
     AS8075   104.44.50.136
        104.44.50.96                     
     AS8075   104.44.50.96
        104.44.50.152                    
     AS8075   104.44.50.152
        104.44.50.158                    
     AS8075   104.44.50.158
 18. AS???    ???                 100.0    10    0.0   0.0   0.0   0.0   0.0

[*] Running UDP MTR...
Start: 2026-02-20T14:00:13+0000
HOST: f07fff3882c0                Loss%   Snt   Last   Avg  Best  Wrst StDev
  1. AS???    172.17.0.1           0.0%    10    0.2   0.2   0.1   0.5   0.1
  2. AS???    10.1.0.1             0.0%    10   20.9   5.2   1.9  20.9   5.8
  3. AS???    100.64.0.1           0.0%    10   41.1  29.3  19.6  41.1   6.9
  4. AS???    172.16.251.0         0.0%    10   67.6  31.2  18.8  67.6  14.4
  5. AS14593  206.224.64.34        0.0%    10   35.6  68.7  20.0 298.9  88.0
        206.224.64.22                    
     AS14593  206.224.64.22
        206.224.64.202                   
     AS14593  206.224.64.202
  6. AS14593  206.224.66.143       0.0%    10   27.1  31.4  19.5  93.0  22.0
        206.224.66.152                   
     AS14593  206.224.66.152
        206.224.66.145                   
     AS14593  206.224.66.145
        206.224.66.149                   
     AS14593  206.224.66.149
        206.224.66.147                   
     AS14593  206.224.66.147
  7. AS8075   104.44.56.169        0.0%    10   41.7  32.4  19.5  60.1  11.2
        104.44.14.15                     
     AS8075   104.44.14.15
  8. AS8075   104.44.53.189        0.0%    10   45.5  31.3  24.6  45.5   7.3
        51.10.4.7                        
     AS8075   51.10.4.7
        104.44.53.187                    
     AS8075   104.44.53.187
  9. AS8075   104.44.21.151        0.0%    10   98.4 103.5  90.6 125.5  10.7
        104.44.21.141                    
     AS8075   104.44.21.141
        104.44.21.143                    
     AS8075   104.44.21.143
        104.44.21.149                    
     AS8075   104.44.21.149
 10. AS8075   51.10.34.13         10.0%    10  111.0 100.8  93.3 111.0   5.9
        104.44.16.85                     
     AS8075   104.44.16.85
        51.10.34.11                      
     AS8075   51.10.34.11
 11. AS8075   51.10.17.151         0.0%    10  103.5 103.7  91.8 121.1   9.0
        51.10.44.130                     
     AS8075   51.10.44.130
        51.10.38.136                     
     AS8075   51.10.38.136
        51.10.44.124                     
     AS8075   51.10.44.124
 12. AS8075   51.10.10.245         0.0%    10  102.8  97.4  91.8 103.0   3.6
        51.10.10.247                     
     AS8075   51.10.10.247
        51.10.33.151                     
     AS8075   51.10.33.151
 13. AS8075   51.10.19.212        40.0%    10   94.3 100.1  92.8 107.1   6.0
 14. AS8075   51.10.0.75           0.0%    10  130.7 102.2  91.5 130.7  12.1
        51.10.0.65                       
     AS8075   51.10.0.65
 15. AS8075   51.10.0.73          70.0%    10   96.2  98.4  93.8 105.2   6.0
        51.10.0.59                       
     AS8075   51.10.0.59
        13.106.167.235                   
     AS8075   13.106.167.235
 16. AS8075   51.10.23.104        90.0%    10   98.0  98.0  98.0  98.0   0.0
 17. AS8075   104.44.50.136       30.0%    10  102.9  95.6  90.7 102.9   4.4
        104.44.50.128                    
     AS8075   104.44.50.128
        51.10.36.208                     
     AS8075   51.10.36.208
 18. AS8075   104.44.50.98        80.0%    10  126.5 111.2  95.9 126.5  21.6
        104.44.50.124                    
     AS8075   104.44.50.124
 19. AS8075   51.10.19.16         80.0%    10   99.3  96.7  94.1  99.3   3.7
 20. AS???    ???                 100.0    10    0.0   0.0   0.0   0.0   0.0
