[*] Config Loaded: Name='flight-van-hawaii-Teams', Duration=600s
[*] Launching Chrome for Teams...
[*] Joining URL: [MEETING_LINK_REMOVED]
[*] Navigating Join Flow...
[*] Looking for Join button...
    [+] JOIN CLICKED!
[*] Waiting for connection (20s)...
[*] Starting continuous monitoring for 600 seconds...
[LOG] Time: 0s | RTT: 206.00 ms | State: connected
[LOG] Time: 1s | RTT: 243.00 ms | State: connected
[LOG] Time: 2s | RTT: 243.00 ms | State: connected
[LOG] Time: 3s | RTT: 243.00 ms | State: connected
[LOG] Time: 4s | RTT: 230.00 ms | State: connected
[LOG] Time: 5s | RTT: 230.00 ms | State: connected
[LOG] Time: 6s | RTT: 203.00 ms | State: connected
[LOG] Time: 8s | RTT: 203.00 ms | State: connected
[LOG] Time: 9s | RTT: 203.00 ms | State: connected
[LOG] Time: 10s | RTT: 224.00 ms | State: connected
[LOG] Time: 11s | RTT: 224.00 ms | State: connected
[LOG] Time: 12s | RTT: 195.00 ms | State: connected
[LOG] Time: 13s | RTT: 195.00 ms | State: connected
[LOG] Time: 14s | RTT: 198.00 ms | State: connected
[LOG] Time: 15s | RTT: 198.00 ms | State: connected
[LOG] Time: 16s | RTT: 198.00 ms | State: connected
[LOG] Time: 17s | RTT: 220.00 ms | State: connected
[LOG] Time: 18s | RTT: 220.00 ms | State: connected
[LOG] Time: 19s | RTT: 210.00 ms | State: connected
[LOG] Time: 21s | RTT: 210.00 ms | State: connected
[LOG] Time: 22s | RTT: 210.00 ms | State: connected
[LOG] Time: 23s | RTT: 240.00 ms | State: connected
[LOG] Time: 24s | RTT: 240.00 ms | State: connected
[LOG] Time: 25s | RTT: 218.00 ms | State: connected
[LOG] Time: 26s | RTT: 218.00 ms | State: connected
[LOG] Time: 27s | RTT: 218.00 ms | State: connected
[LOG] Time: 28s | RTT: 214.00 ms | State: connected
[LOG] Time: 29s | RTT: 214.00 ms | State: connected
[LOG] Time: 30s | RTT: 223.00 ms | State: connected
[LOG] Time: 31s | RTT: 223.00 ms | State: connected
[LOG] Time: 33s | RTT: 207.00 ms | State: connected
[LOG] Time: 34s | RTT: 207.00 ms | State: connected
[LOG] Time: 35s | RTT: 207.00 ms | State: connected
[LOG] Time: 36s | RTT: 258.00 ms | State: connected
[LOG] Time: 37s | RTT: 258.00 ms | State: connected
[LOG] Time: 38s | RTT: 212.00 ms | State: connected
[LOG] Time: 39s | RTT: 212.00 ms | State: connected
[LOG] Time: 40s | RTT: 212.00 ms | State: connected
[LOG] Time: 41s | RTT: 252.00 ms | State: connected
[LOG] Time: 42s | RTT: 252.00 ms | State: connected
[LOG] Time: 43s | RTT: 234.00 ms | State: connected
[LOG] Time: 45s | RTT: 234.00 ms | State: connected
[LOG] Time: 46s | RTT: 234.00 ms | State: connected
[LOG] Time: 47s | RTT: 235.00 ms | State: connected
[LOG] Time: 48s | RTT: 235.00 ms | State: connected
[LOG] Time: 49s | RTT: 221.00 ms | State: connected
[LOG] Time: 50s | RTT: 221.00 ms | State: connected
[LOG] Time: 51s | RTT: 221.00 ms | State: connected
[LOG] Time: 52s | RTT: 262.00 ms | State: connected
[LOG] Time: 53s | RTT: 262.00 ms | State: connected
[LOG] Time: 54s | RTT: 246.00 ms | State: connected
[LOG] Time: 55s | RTT: 246.00 ms | State: connected
[LOG] Time: 56s | RTT: 246.00 ms | State: connected
[LOG] Time: 58s | RTT: 286.00 ms | State: connected
[LOG] Time: 59s | RTT: 286.00 ms | State: connected
[LOG] Time: 60s | RTT: 259.00 ms | State: connected
[LOG] Time: 61s | RTT: 259.00 ms | State: connected
[LOG] Time: 62s | RTT: 263.00 ms | State: connected
[LOG] Time: 63s | RTT: 263.00 ms | State: connected
[LOG] Time: 64s | RTT: 263.00 ms | State: connected
[LOG] Time: 65s | RTT: 240.00 ms | State: connected
[LOG] Time: 66s | RTT: 240.00 ms | State: connected
[LOG] Time: 67s | RTT: 273.00 ms | State: connected
[LOG] Time: 68s | RTT: 273.00 ms | State: connected
[LOG] Time: 69s | RTT: 273.00 ms | State: connected
[LOG] Time: 70s | RTT: 189.00 ms | State: connected
[LOG] Time: 72s | RTT: 189.00 ms | State: connected
[LOG] Time: 73s | RTT: 249.00 ms | State: connected
[LOG] Time: 74s | RTT: 249.00 ms | State: connected
[LOG] Time: 75s | RTT: 249.00 ms | State: connected
[LOG] Time: 76s | RTT: 220.00 ms | State: connected
[LOG] Time: 77s | RTT: 220.00 ms | State: connected
[LOG] Time: 78s | RTT: 210.00 ms | State: connected
[LOG] Time: 79s | RTT: 210.00 ms | State: connected
[LOG] Time: 80s | RTT: 210.00 ms | State: connected
[LOG] Time: 81s | RTT: 233.00 ms | State: connected
[LOG] Time: 82s | RTT: 233.00 ms | State: connected
[LOG] Time: 83s | RTT: 228.00 ms | State: connected
[LOG] Time: 85s | RTT: 228.00 ms | State: connected
[LOG] Time: 86s | RTT: 228.00 ms | State: connected
[LOG] Time: 87s | RTT: 213.00 ms | State: connected
[LOG] Time: 88s | RTT: 213.00 ms | State: connected
[LOG] Time: 89s | RTT: 214.00 ms | State: connected
[LOG] Time: 90s | RTT: 214.00 ms | State: connected
[LOG] Time: 91s | RTT: 207.00 ms | State: connected
[LOG] Time: 92s | RTT: 207.00 ms | State: connected
[LOG] Time: 93s | RTT: 207.00 ms | State: connected
[LOG] Time: 94s | RTT: 334.00 ms | State: connected
[LOG] Time: 95s | RTT: 334.00 ms | State: connected
[LOG] Time: 96s | RTT: 334.00 ms | State: connected
[LOG] Time: 97s | RTT: 309.00 ms | State: connected
[LOG] Time: 99s | RTT: 309.00 ms | State: connected
[LOG] Time: 100s | RTT: 246.00 ms | State: connected
[LOG] Time: 101s | RTT: 246.00 ms | State: connected
[LOG] Time: 102s | RTT: 219.00 ms | State: connected
[LOG] Time: 103s | RTT: 219.00 ms | State: connected
[LOG] Time: 104s | RTT: 219.00 ms | State: connected
[LOG] Time: 105s | RTT: 250.00 ms | State: connected
[LOG] Time: 106s | RTT: 250.00 ms | State: connected
[LOG] Time: 107s | RTT: 325.00 ms | State: connected
[LOG] Time: 108s | RTT: 325.00 ms | State: connected
[LOG] Time: 109s | RTT: 325.00 ms | State: connected
[LOG] Time: 110s | RTT: 310.00 ms | State: connected
[LOG] Time: 112s | RTT: 310.00 ms | State: connected
[LOG] Time: 113s | RTT: 226.00 ms | State: connected
[LOG] Time: 114s | RTT: 226.00 ms | State: connected
[LOG] Time: 115s | RTT: 226.00 ms | State: connected
[LOG] Time: 116s | RTT: 274.00 ms | State: connected
[LOG] Time: 117s | RTT: 274.00 ms | State: connected
[LOG] Time: 118s | RTT: 258.00 ms | State: connected
[LOG] Time: 119s | RTT: 258.00 ms | State: connected
[LOG] Time: 120s | RTT: 258.00 ms | State: connected
[LOG] Time: 121s | RTT: 309.00 ms | State: connected
[LOG] Time: 122s | RTT: 309.00 ms | State: connected
[LOG] Time: 123s | RTT: 245.00 ms | State: connected
[LOG] Time: 125s | RTT: 245.00 ms | State: connected
[LOG] Time: 126s | RTT: 250.00 ms | State: connected
[LOG] Time: 127s | RTT: 250.00 ms | State: connected
[LOG] Time: 128s | RTT: 250.00 ms | State: connected
[LOG] Time: 129s | RTT: 221.00 ms | State: connected
[LOG] Time: 130s | RTT: 221.00 ms | State: connected
[LOG] Time: 131s | RTT: 254.00 ms | State: connected
[LOG] Time: 132s | RTT: 254.00 ms | State: connected
[LOG] Time: 133s | RTT: 254.00 ms | State: connected
[LOG] Time: 134s | RTT: 246.00 ms | State: connected
[LOG] Time: 135s | RTT: 246.00 ms | State: connected
[LOG] Time: 136s | RTT: 215.00 ms | State: connected
[LOG] Time: 138s | RTT: 215.00 ms | State: connected
[LOG] Time: 139s | RTT: 215.00 ms | State: connected
[LOG] Time: 140s | RTT: 231.00 ms | State: connected
[LOG] Time: 141s | RTT: 231.00 ms | State: connected
[LOG] Time: 142s | RTT: 234.00 ms | State: connected
[LOG] Time: 143s | RTT: 234.00 ms | State: connected
[LOG] Time: 144s | RTT: 234.00 ms | State: connected
[LOG] Time: 145s | RTT: 218.00 ms | State: connected
[LOG] Time: 146s | RTT: 218.00 ms | State: connected
[LOG] Time: 147s | RTT: 254.00 ms | State: connected
[LOG] Time: 148s | RTT: 254.00 ms | State: connected
[LOG] Time: 149s | RTT: 254.00 ms | State: connected
[LOG] Time: 150s | RTT: 245.00 ms | State: connected
[LOG] Time: 152s | RTT: 245.00 ms | State: connected
[LOG] Time: 153s | RTT: 235.00 ms | State: connected
[LOG] Time: 154s | RTT: 235.00 ms | State: connected
[LOG] Time: 155s | RTT: 213.00 ms | State: connected
[LOG] Time: 156s | RTT: 213.00 ms | State: connected
[LOG] Time: 157s | RTT: 213.00 ms | State: connected
[LOG] Time: 158s | RTT: 211.00 ms | State: connected
[LOG] Time: 159s | RTT: 211.00 ms | State: connected
[LOG] Time: 160s | RTT: 245.00 ms | State: connected
[LOG] Time: 161s | RTT: 245.00 ms | State: connected
[LOG] Time: 162s | RTT: 245.00 ms | State: connected
[LOG] Time: 163s | RTT: 243.00 ms | State: connected
[LOG] Time: 165s | RTT: 243.00 ms | State: connected
[LOG] Time: 166s | RTT: 229.00 ms | State: connected
[LOG] Time: 167s | RTT: 229.00 ms | State: connected
[LOG] Time: 168s | RTT: 229.00 ms | State: connected
[LOG] Time: 169s | RTT: 254.00 ms | State: connected
[LOG] Time: 170s | RTT: 254.00 ms | State: connected
[LOG] Time: 171s | RTT: 235.00 ms | State: connected
[LOG] Time: 172s | RTT: 235.00 ms | State: connected
[LOG] Time: 173s | RTT: 235.00 ms | State: connected
[LOG] Time: 174s | RTT: 265.00 ms | State: connected
[LOG] Time: 175s | RTT: 265.00 ms | State: connected
[LOG] Time: 177s | RTT: 272.00 ms | State: connected
[LOG] Time: 178s | RTT: 272.00 ms | State: connected
[LOG] Time: 179s | RTT: 266.00 ms | State: connected
[LOG] Time: 180s | RTT: 266.00 ms | State: connected
[LOG] Time: 181s | RTT: 266.00 ms | State: connected
[LOG] Time: 182s | RTT: 250.00 ms | State: connected
[LOG] Time: 183s | RTT: 250.00 ms | State: connected
[LOG] Time: 184s | RTT: 235.00 ms | State: connected
[LOG] Time: 185s | RTT: 235.00 ms | State: connected
[LOG] Time: 186s | RTT: 235.00 ms | State: connected
[LOG] Time: 187s | RTT: 210.00 ms | State: connected
[LOG] Time: 189s | RTT: 210.00 ms | State: connected
[LOG] Time: 190s | RTT: 247.00 ms | State: connected
[LOG] Time: 191s | RTT: 247.00 ms | State: connected
[LOG] Time: 192s | RTT: 243.00 ms | State: connected
[LOG] Time: 193s | RTT: 243.00 ms | State: connected
[LOG] Time: 194s | RTT: 243.00 ms | State: connected
[LOG] Time: 195s | RTT: 241.00 ms | State: connected
[LOG] Time: 196s | RTT: 241.00 ms | State: connected
[LOG] Time: 197s | RTT: 220.00 ms | State: connected
[LOG] Time: 199s | RTT: 220.00 ms | State: connected
[LOG] Time: 200s | RTT: 220.00 ms | State: connected
[LOG] Time: 201s | RTT: 204.00 ms | State: connected
[LOG] Time: 202s | RTT: 204.00 ms | State: connected
[LOG] Time: 203s | RTT: 251.00 ms | State: connected
[LOG] Time: 204s | RTT: 251.00 ms | State: connected
[LOG] Time: 205s | RTT: 268.00 ms | State: connected
[LOG] Time: 206s | RTT: 268.00 ms | State: connected
[LOG] Time: 207s | RTT: 268.00 ms | State: connected
[LOG] Time: 209s | RTT: 214.00 ms | State: connected
[LOG] Time: 210s | RTT: 214.00 ms | State: connected
[LOG] Time: 211s | RTT: 247.00 ms | State: connected
[LOG] Time: 212s | RTT: 247.00 ms | State: connected
[LOG] Time: 213s | RTT: 247.00 ms | State: connected
[LOG] Time: 214s | RTT: 216.00 ms | State: connected
[LOG] Time: 215s | RTT: 216.00 ms | State: connected
[LOG] Time: 216s | RTT: 231.00 ms | State: connected
[LOG] Time: 217s | RTT: 231.00 ms | State: connected
[LOG] Time: 218s | RTT: 231.00 ms | State: connected
[LOG] Time: 219s | RTT: 240.00 ms | State: connected
[LOG] Time: 220s | RTT: 240.00 ms | State: connected
[LOG] Time: 222s | RTT: 277.00 ms | State: connected
[LOG] Time: 223s | RTT: 277.00 ms | State: connected
[LOG] Time: 224s | RTT: 277.00 ms | State: connected
[LOG] Time: 225s | RTT: 258.00 ms | State: connected
[LOG] Time: 226s | RTT: 258.00 ms | State: connected
[LOG] Time: 227s | RTT: 291.00 ms | State: connected
[LOG] Time: 228s | RTT: 291.00 ms | State: connected
[LOG] Time: 229s | RTT: 291.00 ms | State: connected
[LOG] Time: 230s | RTT: 805.00 ms | State: connected
[LOG] Time: 231s | RTT: 805.00 ms | State: connected
[LOG] Time: 232s | RTT: 233.00 ms | State: connected
[LOG] Time: 234s | RTT: 233.00 ms | State: connected
[LOG] Time: 235s | RTT: 190.00 ms | State: connected
[LOG] Time: 236s | RTT: 190.00 ms | State: connected
[LOG] Time: 237s | RTT: 229.00 ms | State: connected
[LOG] Time: 238s | RTT: 229.00 ms | State: connected
[LOG] Time: 239s | RTT: 229.00 ms | State: connected
[LOG] Time: 240s | RTT: 219.00 ms | State: connected
[LOG] Time: 241s | RTT: 219.00 ms | State: connected
[LOG] Time: 243s | RTT: 272.00 ms | State: connected
[LOG] Time: 244s | RTT: 272.00 ms | State: connected
[LOG] Time: 245s | RTT: 272.00 ms | State: connected
[LOG] Time: 246s | RTT: 255.00 ms | State: connected
[LOG] Time: 247s | RTT: 255.00 ms | State: connected
[LOG] Time: 248s | RTT: 210.00 ms | State: connected
[LOG] Time: 249s | RTT: 210.00 ms | State: connected
[LOG] Time: 250s | RTT: 210.00 ms | State: connected
[LOG] Time: 252s | RTT: 345.00 ms | State: connected
[LOG] Time: 253s | RTT: 345.00 ms | State: connected
[LOG] Time: 254s | RTT: 232.00 ms | State: connected
[LOG] Time: 255s | RTT: 232.00 ms | State: connected
[LOG] Time: 256s | RTT: 220.00 ms | State: connected
[LOG] Time: 257s | RTT: 220.00 ms | State: connected
[LOG] Time: 258s | RTT: 220.00 ms | State: connected
[LOG] Time: 259s | RTT: 199.00 ms | State: connected
[LOG] Time: 260s | RTT: 199.00 ms | State: connected
[LOG] Time: 262s | RTT: 201.00 ms | State: connected
[LOG] Time: 263s | RTT: 201.00 ms | State: connected
[LOG] Time: 264s | RTT: 191.00 ms | State: connected
[LOG] Time: 265s | RTT: 191.00 ms | State: connected
[LOG] Time: 266s | RTT: 191.00 ms | State: connected
[LOG] Time: 267s | RTT: 210.00 ms | State: connected
[LOG] Time: 268s | RTT: 210.00 ms | State: connected
[LOG] Time: 269s | RTT: 255.00 ms | State: connected
[LOG] Time: 270s | RTT: 255.00 ms | State: connected
[LOG] Time: 271s | RTT: 255.00 ms | State: connected
[LOG] Time: 272s | RTT: 245.00 ms | State: connected
[LOG] Time: 274s | RTT: 245.00 ms | State: connected
[LOG] Time: 275s | RTT: 456.00 ms | State: connected
[LOG] Time: 276s | RTT: 456.00 ms | State: connected
[LOG] Time: 277s | RTT: 456.00 ms | State: connected
[LOG] Time: 278s | RTT: 425.00 ms | State: connected
[LOG] Time: 279s | RTT: 425.00 ms | State: connected
[LOG] Time: 280s | RTT: 197.00 ms | State: connected
[LOG] Time: 281s | RTT: 197.00 ms | State: connected
[LOG] Time: 282s | RTT: 180.00 ms | State: connected
[LOG] Time: 283s | RTT: 180.00 ms | State: connected
[LOG] Time: 284s | RTT: 180.00 ms | State: connected
[LOG] Time: 285s | RTT: 216.00 ms | State: connected
[LOG] Time: 287s | RTT: 216.00 ms | State: connected
[LOG] Time: 288s | RTT: 185.00 ms | State: connected
[LOG] Time: 289s | RTT: 185.00 ms | State: connected
[LOG] Time: 290s | RTT: 185.00 ms | State: connected
[LOG] Time: 291s | RTT: 212.00 ms | State: connected
[LOG] Time: 292s | RTT: 212.00 ms | State: connected
[LOG] Time: 293s | RTT: 243.00 ms | State: connected
[LOG] Time: 294s | RTT: 243.00 ms | State: connected
[LOG] Time: 295s | RTT: 243.00 ms | State: connected
[LOG] Time: 296s | RTT: 224.00 ms | State: connected
[LOG] Time: 297s | RTT: 224.00 ms | State: connected
[LOG] Time: 299s | RTT: 235.00 ms | State: connected
[LOG] Time: 300s | RTT: 235.00 ms | State: connected
[LOG] Time: 301s | RTT: 235.00 ms | State: connected
[LOG] Time: 302s | RTT: 182.00 ms | State: connected
[LOG] Time: 303s | RTT: 182.00 ms | State: connected
[LOG] Time: 304s | RTT: 226.00 ms | State: connected
[LOG] Time: 305s | RTT: 226.00 ms | State: connected
[LOG] Time: 306s | RTT: 226.00 ms | State: connected
[LOG] Time: 307s | RTT: 214.00 ms | State: connected
[LOG] Time: 308s | RTT: 214.00 ms | State: connected
[LOG] Time: 309s | RTT: 199.00 ms | State: connected
[LOG] Time: 310s | RTT: 199.00 ms | State: connected
[LOG] Time: 312s | RTT: 177.00 ms | State: connected
[LOG] Time: 313s | RTT: 177.00 ms | State: connected
[LOG] Time: 314s | RTT: 177.00 ms | State: connected
[LOG] Time: 315s | RTT: 173.00 ms | State: connected
[LOG] Time: 316s | RTT: 173.00 ms | State: connected
[LOG] Time: 317s | RTT: 227.00 ms | State: connected
[LOG] Time: 318s | RTT: 227.00 ms | State: connected
[LOG] Time: 319s | RTT: 227.00 ms | State: connected
[LOG] Time: 320s | RTT: 223.00 ms | State: connected
[LOG] Time: 321s | RTT: 223.00 ms | State: connected
[LOG] Time: 322s | RTT: 188.00 ms | State: connected
[LOG] Time: 324s | RTT: 188.00 ms | State: connected
[LOG] Time: 325s | RTT: 188.00 ms | State: connected
[LOG] Time: 326s | RTT: 217.00 ms | State: connected
[LOG] Time: 327s | RTT: 217.00 ms | State: connected
[LOG] Time: 328s | RTT: 221.00 ms | State: connected
[LOG] Time: 329s | RTT: 221.00 ms | State: connected
[LOG] Time: 330s | RTT: 221.00 ms | State: connected
[LOG] Time: 331s | RTT: 188.00 ms | State: connected
[LOG] Time: 332s | RTT: 188.00 ms | State: connected
[LOG] Time: 333s | RTT: 244.00 ms | State: connected
[LOG] Time: 334s | RTT: 244.00 ms | State: connected
[LOG] Time: 335s | RTT: 209.00 ms | State: connected
[LOG] Time: 337s | RTT: 209.00 ms | State: connected
[LOG] Time: 338s | RTT: 209.00 ms | State: connected
[LOG] Time: 339s | RTT: 207.00 ms | State: connected
[LOG] Time: 340s | RTT: 207.00 ms | State: connected
[LOG] Time: 341s | RTT: 215.00 ms | State: connected
[LOG] Time: 342s | RTT: 215.00 ms | State: connected
[LOG] Time: 343s | RTT: 215.00 ms | State: connected
[LOG] Time: 344s | RTT: 269.00 ms | State: connected
[LOG] Time: 345s | RTT: 269.00 ms | State: connected
[LOG] Time: 346s | RTT: 206.00 ms | State: connected
[LOG] Time: 347s | RTT: 206.00 ms | State: connected
[LOG] Time: 348s | RTT: 206.00 ms | State: connected
[LOG] Time: 350s | RTT: 193.00 ms | State: connected
[LOG] Time: 351s | RTT: 193.00 ms | State: connected
[LOG] Time: 352s | RTT: 238.00 ms | State: connected
[LOG] Time: 353s | RTT: 238.00 ms | State: connected
[LOG] Time: 354s | RTT: 238.00 ms | State: connected
[LOG] Time: 355s | RTT: 197.00 ms | State: connected
[LOG] Time: 356s | RTT: 197.00 ms | State: connected
[LOG] Time: 357s | RTT: 224.00 ms | State: connected
[LOG] Time: 358s | RTT: 224.00 ms | State: connected
[LOG] Time: 359s | RTT: 226.00 ms | State: connected
[LOG] Time: 360s | RTT: 226.00 ms | State: connected
[LOG] Time: 362s | RTT: 226.00 ms | State: connected
[LOG] Time: 363s | RTT: 220.00 ms | State: connected
[LOG] Time: 364s | RTT: 220.00 ms | State: connected
[LOG] Time: 365s | RTT: 205.00 ms | State: connected
[LOG] Time: 366s | RTT: 205.00 ms | State: connected
[LOG] Time: 367s | RTT: 205.00 ms | State: connected
[LOG] Time: 368s | RTT: 200.00 ms | State: connected
[LOG] Time: 369s | RTT: 200.00 ms | State: connected
[LOG] Time: 370s | RTT: 188.00 ms | State: connected
[LOG] Time: 371s | RTT: 188.00 ms | State: connected
[LOG] Time: 372s | RTT: 188.00 ms | State: connected
[LOG] Time: 373s | RTT: 217.00 ms | State: connected
[LOG] Time: 375s | RTT: 217.00 ms | State: connected
[LOG] Time: 376s | RTT: 233.00 ms | State: connected
[LOG] Time: 377s | RTT: 233.00 ms | State: connected
[LOG] Time: 378s | RTT: 233.00 ms | State: connected
[LOG] Time: 379s | RTT: 365.00 ms | State: connected
[LOG] Time: 380s | RTT: 365.00 ms | State: connected
[LOG] Time: 381s | RTT: 244.00 ms | State: connected
[LOG] Time: 382s | RTT: 244.00 ms | State: connected
[LOG] Time: 383s | RTT: 229.00 ms | State: connected
[LOG] Time: 384s | RTT: 229.00 ms | State: connected
[LOG] Time: 385s | RTT: 229.00 ms | State: connected
[LOG] Time: 387s | RTT: 196.00 ms | State: connected
[LOG] Time: 388s | RTT: 196.00 ms | State: connected
[LOG] Time: 389s | RTT: 241.00 ms | State: connected
[LOG] Time: 390s | RTT: 241.00 ms | State: connected
[LOG] Time: 391s | RTT: 241.00 ms | State: connected
[LOG] Time: 392s | RTT: 256.00 ms | State: connected
[LOG] Time: 393s | RTT: 256.00 ms | State: connected
[LOG] Time: 394s | RTT: 369.00 ms | State: connected
[LOG] Time: 395s | RTT: 369.00 ms | State: connected
[LOG] Time: 396s | RTT: 369.00 ms | State: connected
[LOG] Time: 397s | RTT: 207.00 ms | State: connected
[LOG] Time: 398s | RTT: 207.00 ms | State: connected
[LOG] Time: 400s | RTT: 215.00 ms | State: connected
[LOG] Time: 401s | RTT: 215.00 ms | State: connected
[LOG] Time: 402s | RTT: 215.00 ms | State: connected
[LOG] Time: 403s | RTT: 230.00 ms | State: connected
[LOG] Time: 404s | RTT: 230.00 ms | State: connected
[LOG] Time: 405s | RTT: 294.00 ms | State: connected
[LOG] Time: 406s | RTT: 294.00 ms | State: connected
[LOG] Time: 407s | RTT: 294.00 ms | State: connected
[LOG] Time: 408s | RTT: 511.00 ms | State: connected
[LOG] Time: 409s | RTT: 511.00 ms | State: connected
[LOG] Time: 410s | RTT: 313.00 ms | State: connected
[LOG] Time: 412s | RTT: 313.00 ms | State: connected
[LOG] Time: 413s | RTT: 240.00 ms | State: connected
[LOG] Time: 414s | RTT: 240.00 ms | State: connected
[LOG] Time: 415s | RTT: 240.00 ms | State: connected
[LOG] Time: 416s | RTT: 244.00 ms | State: connected
[LOG] Time: 417s | RTT: 244.00 ms | State: connected
[LOG] Time: 418s | RTT: 244.00 ms | State: connected
[LOG] Time: 419s | RTT: 853.00 ms | State: connected
[LOG] Time: 420s | RTT: 853.00 ms | State: connected
[LOG] Time: 421s | RTT: 364.00 ms | State: connected
[LOG] Time: 423s | RTT: 364.00 ms | State: connected
[LOG] Time: 424s | RTT: 250.00 ms | State: connected
[LOG] Time: 425s | RTT: 250.00 ms | State: connected
[LOG] Time: 426s | RTT: 240.00 ms | State: connected
[LOG] Time: 427s | RTT: 240.00 ms | State: connected
[LOG] Time: 428s | RTT: 240.00 ms | State: connected
[LOG] Time: 429s | RTT: 230.00 ms | State: connected
[LOG] Time: 430s | RTT: 230.00 ms | State: connected
[LOG] Time: 431s | RTT: 260.00 ms | State: connected
[LOG] Time: 432s | RTT: 260.00 ms | State: connected
[LOG] Time: 433s | RTT: 260.00 ms | State: connected
[LOG] Time: 434s | RTT: 238.00 ms | State: connected
[LOG] Time: 436s | RTT: 238.00 ms | State: connected
[LOG] Time: 437s | RTT: 216.00 ms | State: connected
[LOG] Time: 438s | RTT: 216.00 ms | State: connected
[LOG] Time: 439s | RTT: 216.00 ms | State: connected
[LOG] Time: 440s | RTT: 243.00 ms | State: connected
[LOG] Time: 441s | RTT: 243.00 ms | State: connected
[LOG] Time: 442s | RTT: 216.00 ms | State: connected
[LOG] Time: 443s | RTT: 216.00 ms | State: connected
[LOG] Time: 444s | RTT: 216.00 ms | State: connected
[LOG] Time: 445s | RTT: 258.00 ms | State: connected
[LOG] Time: 446s | RTT: 258.00 ms | State: connected
[LOG] Time: 448s | RTT: 257.00 ms | State: connected
[LOG] Time: 449s | RTT: 257.00 ms | State: connected
[LOG] Time: 450s | RTT: 276.00 ms | State: connected
[LOG] Time: 451s | RTT: 276.00 ms | State: connected
[LOG] Time: 452s | RTT: 276.00 ms | State: connected
[LOG] Time: 453s | RTT: 224.00 ms | State: connected
[LOG] Time: 454s | RTT: 224.00 ms | State: connected
[LOG] Time: 455s | RTT: 197.00 ms | State: connected
[LOG] Time: 456s | RTT: 197.00 ms | State: connected
[LOG] Time: 457s | RTT: 197.00 ms | State: connected
[LOG] Time: 458s | RTT: 212.00 ms | State: connected
[LOG] Time: 459s | RTT: 212.00 ms | State: connected
[LOG] Time: 461s | RTT: 206.00 ms | State: connected
[LOG] Time: 462s | RTT: 206.00 ms | State: connected
[LOG] Time: 463s | RTT: 206.00 ms | State: connected
[LOG] Time: 464s | RTT: 202.00 ms | State: connected
[LOG] Time: 465s | RTT: 202.00 ms | State: connected
[LOG] Time: 466s | RTT: 232.00 ms | State: connected
[LOG] Time: 467s | RTT: 232.00 ms | State: connected
[LOG] Time: 468s | RTT: 232.00 ms | State: connected
[LOG] Time: 469s | RTT: 203.00 ms | State: connected
[LOG] Time: 470s | RTT: 203.00 ms | State: connected
[LOG] Time: 471s | RTT: 219.00 ms | State: connected
[LOG] Time: 473s | RTT: 219.00 ms | State: connected
[LOG] Time: 474s | RTT: 211.00 ms | State: connected
[LOG] Time: 475s | RTT: 211.00 ms | State: connected
[LOG] Time: 476s | RTT: 211.00 ms | State: connected
[LOG] Time: 477s | RTT: 194.00 ms | State: connected
[LOG] Time: 478s | RTT: 194.00 ms | State: connected
[LOG] Time: 479s | RTT: 238.00 ms | State: connected
[LOG] Time: 480s | RTT: 238.00 ms | State: connected
[LOG] Time: 481s | RTT: 238.00 ms | State: connected
[LOG] Time: 482s | RTT: 202.00 ms | State: connected
[LOG] Time: 483s | RTT: 202.00 ms | State: connected
[LOG] Time: 484s | RTT: 226.00 ms | State: connected
[LOG] Time: 486s | RTT: 226.00 ms | State: connected
[LOG] Time: 487s | RTT: 226.00 ms | State: connected
[LOG] Time: 488s | RTT: 246.00 ms | State: connected
[LOG] Time: 489s | RTT: 246.00 ms | State: connected
[LOG] Time: 490s | RTT: 197.00 ms | State: connected
[LOG] Time: 491s | RTT: 197.00 ms | State: connected
[LOG] Time: 492s | RTT: 202.00 ms | State: connected
[LOG] Time: 493s | RTT: 202.00 ms | State: connected
[LOG] Time: 494s | RTT: 202.00 ms | State: connected
[LOG] Time: 495s | RTT: 212.00 ms | State: connected
[LOG] Time: 496s | RTT: 212.00 ms | State: connected
[LOG] Time: 498s | RTT: 228.00 ms | State: connected
[LOG] Time: 499s | RTT: 228.00 ms | State: connected
[LOG] Time: 500s | RTT: 228.00 ms | State: connected
[LOG] Time: 501s | RTT: 195.00 ms | State: connected
[LOG] Time: 502s | RTT: 195.00 ms | State: connected
[LOG] Time: 503s | RTT: 226.00 ms | State: connected
[LOG] Time: 504s | RTT: 226.00 ms | State: connected
[LOG] Time: 505s | RTT: 226.00 ms | State: connected
[LOG] Time: 506s | RTT: 205.00 ms | State: connected
[LOG] Time: 507s | RTT: 205.00 ms | State: connected
[LOG] Time: 508s | RTT: 233.00 ms | State: connected
[LOG] Time: 510s | RTT: 233.00 ms | State: connected
[LOG] Time: 511s | RTT: 233.00 ms | State: connected
[LOG] Time: 512s | RTT: 261.00 ms | State: connected
[LOG] Time: 513s | RTT: 261.00 ms | State: connected
[LOG] Time: 514s | RTT: 253.00 ms | State: connected
[LOG] Time: 515s | RTT: 253.00 ms | State: connected
[LOG] Time: 516s | RTT: 253.00 ms | State: connected
[LOG] Time: 517s | RTT: 245.00 ms | State: connected
[LOG] Time: 518s | RTT: 245.00 ms | State: connected
[LOG] Time: 519s | RTT: 241.00 ms | State: connected
[LOG] Time: 520s | RTT: 241.00 ms | State: connected
[LOG] Time: 521s | RTT: 207.00 ms | State: connected
[LOG] Time: 523s | RTT: 207.00 ms | State: connected
[LOG] Time: 524s | RTT: 207.00 ms | State: connected
[LOG] Time: 525s | RTT: 255.00 ms | State: connected
[LOG] Time: 526s | RTT: 255.00 ms | State: connected
[LOG] Time: 527s | RTT: 233.00 ms | State: connected
[LOG] Time: 528s | RTT: 233.00 ms | State: connected
[LOG] Time: 529s | RTT: 233.00 ms | State: connected
[LOG] Time: 530s | RTT: 243.00 ms | State: connected
[LOG] Time: 531s | RTT: 243.00 ms | State: connected
[LOG] Time: 532s | RTT: 202.00 ms | State: connected
[LOG] Time: 533s | RTT: 202.00 ms | State: connected
[LOG] Time: 535s | RTT: 202.00 ms | State: connected
[LOG] Time: 536s | RTT: 234.00 ms | State: connected
[LOG] Time: 537s | RTT: 234.00 ms | State: connected
[LOG] Time: 538s | RTT: 203.00 ms | State: connected
[LOG] Time: 539s | RTT: 203.00 ms | State: connected
[LOG] Time: 540s | RTT: 265.00 ms | State: connected
[LOG] Time: 541s | RTT: 265.00 ms | State: connected
[LOG] Time: 542s | RTT: 265.00 ms | State: connected
[LOG] Time: 543s | RTT: 290.00 ms | State: connected
[LOG] Time: 544s | RTT: 290.00 ms | State: connected
[LOG] Time: 545s | RTT: 212.00 ms | State: connected
[LOG] Time: 547s | RTT: 212.00 ms | State: connected
[LOG] Time: 548s | RTT: 212.00 ms | State: connected
[LOG] Time: 549s | RTT: 245.00 ms | State: connected
[LOG] Time: 550s | RTT: 245.00 ms | State: connected
[LOG] Time: 551s | RTT: 243.00 ms | State: connected
[LOG] Time: 552s | RTT: 243.00 ms | State: connected
[LOG] Time: 553s | RTT: 243.00 ms | State: connected
[LOG] Time: 554s | RTT: 272.00 ms | State: connected
[LOG] Time: 555s | RTT: 272.00 ms | State: connected
[LOG] Time: 556s | RTT: 246.00 ms | State: connected
[LOG] Time: 557s | RTT: 246.00 ms | State: connected
[LOG] Time: 558s | RTT: 246.00 ms | State: connected
[LOG] Time: 560s | RTT: 249.00 ms | State: connected
[LOG] Time: 561s | RTT: 249.00 ms | State: connected
[LOG] Time: 562s | RTT: 278.00 ms | State: connected
[LOG] Time: 563s | RTT: 278.00 ms | State: connected
[LOG] Time: 564s | RTT: 228.00 ms | State: connected
[LOG] Time: 565s | RTT: 228.00 ms | State: connected
[LOG] Time: 566s | RTT: 228.00 ms | State: connected
[LOG] Time: 567s | RTT: 224.00 ms | State: connected
[LOG] Time: 568s | RTT: 224.00 ms | State: connected
[LOG] Time: 569s | RTT: 194.00 ms | State: connected
[LOG] Time: 571s | RTT: 194.00 ms | State: connected
[LOG] Time: 572s | RTT: 194.00 ms | State: connected
[LOG] Time: 573s | RTT: 238.00 ms | State: connected
[LOG] Time: 574s | RTT: 238.00 ms | State: connected
[LOG] Time: 575s | RTT: 228.00 ms | State: connected
[LOG] Time: 576s | RTT: 228.00 ms | State: connected
[LOG] Time: 577s | RTT: 228.00 ms | State: connected
[LOG] Time: 578s | RTT: 233.00 ms | State: connected
[LOG] Time: 579s | RTT: 233.00 ms | State: connected
[LOG] Time: 580s | RTT: 232.00 ms | State: connected
[LOG] Time: 581s | RTT: 232.00 ms | State: connected
[LOG] Time: 582s | RTT: 213.00 ms | State: connected
[LOG] Time: 584s | RTT: 213.00 ms | State: connected
[LOG] Time: 585s | RTT: 213.00 ms | State: connected
[LOG] Time: 586s | RTT: 216.00 ms | State: connected
[LOG] Time: 587s | RTT: 216.00 ms | State: connected
[LOG] Time: 588s | RTT: 216.00 ms | State: connected
[LOG] Time: 589s | RTT: 525.00 ms | State: connected
[LOG] Time: 590s | RTT: 525.00 ms | State: connected
[LOG] Time: 591s | RTT: 287.00 ms | State: connected
[LOG] Time: 592s | RTT: 287.00 ms | State: connected
[LOG] Time: 593s | RTT: 222.00 ms | State: connected
[LOG] Time: 594s | RTT: 222.00 ms | State: connected
[LOG] Time: 596s | RTT: 222.00 ms | State: connected
[LOG] Time: 597s | RTT: 419.00 ms | State: connected
[LOG] Time: 598s | RTT: 419.00 ms | State: connected
[LOG] Time: 599s | RTT: 242.00 ms | State: connected
[*] Monitoring finished.

SUCCESS! Remote IP: 48.208.173.226
[*] Resolving Server Location...
SUCCESS! Server Location: San Francisco, United States (Microsoft Corporation)

[*] Running TCP MTR (Port 443)...
Start: 2026-02-16T06:14:58+0000
HOST: 9f5ee31e9041                Loss%   Snt   Last   Avg  Best  Wrst StDev
  1. AS???    172.17.0.1           0.0%    10    0.2   0.2   0.2   0.3   0.0
  2. AS???    10.1.0.1             0.0%    10   15.9   4.6   2.0  15.9   4.2
  3. AS???    100.64.0.1           0.0%    10   79.3  82.6  78.5  90.6   4.4
  4. AS???    172.16.250.50        0.0%    10   89.0  82.1  74.4  93.8   6.7
  5. AS???    ???                 100.0    10    0.0   0.0   0.0   0.0   0.0
  6. AS14593  206.224.71.91        0.0%    10   79.6  82.0  69.7  90.8   5.8
        206.224.71.75                    
     AS14593  206.224.71.75
        206.224.71.77                    
     AS14593  206.224.71.77
        206.224.71.86                    
     AS14593  206.224.71.86
        206.224.71.88                    
     AS14593  206.224.71.88
        206.224.71.81                    
     AS14593  206.224.71.81
        206.224.71.83                    
     AS14593  206.224.71.83
        206.224.71.95                    
     AS14593  206.224.71.95
  7. AS8075   104.44.57.195        0.0%    10   76.4  88.0  76.4 113.2  10.1
        104.44.57.191                    
     AS8075   104.44.57.191
  8. AS8075   104.44.41.128        0.0%    10   88.4  91.3  78.9 117.5  12.7
        104.44.55.75                     
     AS8075   104.44.55.75
        104.44.42.2                      
     AS8075   104.44.42.2
        104.44.55.81                     
     AS8075   104.44.55.81
  9. AS8075   104.44.33.171        0.0%    10   88.8 622.5  81.0 4169. 1286.2
        104.44.33.179                    
     AS8075   104.44.33.179
        104.44.33.181                    
     AS8075   104.44.33.181
        104.44.33.173                    
     AS8075   104.44.33.173
 10. AS8075   51.10.26.167         0.0%    10   96.3 133.7  85.9 286.9  80.4
        51.10.26.165                     
     AS8075   51.10.26.165
 11. AS8075   104.44.17.22         0.0%    10   85.1 195.0  83.9 1144. 333.6
        104.44.20.215                    
     AS8075   104.44.20.215
        104.44.17.20                     
     AS8075   104.44.17.20
        104.44.22.156                    
     AS8075   104.44.22.156
        104.44.22.148                    
     AS8075   104.44.22.148
        104.44.22.154                    
     AS8075   104.44.22.154
 12. AS8075   104.44.22.168       50.0%    10   77.7  99.1  77.7 129.9  23.2
        104.44.22.174                    
     AS8075   104.44.22.174
        104.44.22.166                    
     AS8075   104.44.22.166
 13. AS???    ???                 100.0    10    0.0   0.0   0.0   0.0   0.0

[*] Running UDP MTR...
Start: 2026-02-16T06:15:18+0000
HOST: 9f5ee31e9041                Loss%   Snt   Last   Avg  Best  Wrst StDev
  1. AS???    172.17.0.1           0.0%    10    0.1   0.1   0.1   0.2   0.0
  2. AS???    10.1.0.1             0.0%    10    2.1   2.4   1.8   3.6   0.5
  3. AS???    100.64.0.1           0.0%    10   58.0  57.3  48.8  67.2   5.2
  4. AS???    172.16.250.50        0.0%    10   53.9  58.4  51.1  73.2   7.0
  5. AS14593  206.224.65.248       0.0%    10   56.7  55.9  49.7  62.3   4.5
        206.224.65.252                   
     AS14593  206.224.65.252
        206.224.66.0                     
     AS14593  206.224.66.0
        206.224.65.244                   
     AS14593  206.224.65.244
  6. AS14593  206.224.71.75        0.0%    10   56.0  54.7  49.1  66.8   6.2
        206.224.71.83                    
     AS14593  206.224.71.83
        206.224.71.95                    
     AS14593  206.224.71.95
        206.224.71.86                    
     AS14593  206.224.71.86
        206.224.71.91                    
     AS14593  206.224.71.91
        206.224.71.88                    
     AS14593  206.224.71.88
        206.224.71.77                    
     AS14593  206.224.71.77
  7. AS8075   104.44.57.191        0.0%    10   66.6  60.6  44.6  72.3   9.5
        104.44.57.195                    
     AS8075   104.44.57.195
  8. AS8075   104.44.41.128        0.0%    10   62.4  94.6  51.7 249.1  79.3
        104.44.42.2                      
     AS8075   104.44.42.2
        104.44.55.81                     
     AS8075   104.44.55.81
        104.44.55.75                     
     AS8075   104.44.55.75
  9. AS8075   104.44.33.171       20.0%    10   59.5  60.9  53.6  77.0   7.0
        104.44.33.179                    
     AS8075   104.44.33.179
        104.44.33.181                    
     AS8075   104.44.33.181
        104.44.33.173                    
     AS8075   104.44.33.173
 10. AS8075   51.10.26.167         0.0%    10   59.0  72.8  56.2 144.9  26.1
        51.10.26.165                     
     AS8075   51.10.26.165
 11. AS8075   104.44.22.156        0.0%    10   63.8  81.5  53.0 214.4  48.9
        104.44.23.63                     
     AS8075   104.44.23.63
        104.44.17.22                     
     AS8075   104.44.17.22
        104.44.20.215                    
     AS8075   104.44.20.215
        104.44.23.55                     
     AS8075   104.44.23.55
        104.44.22.148                    
     AS8075   104.44.22.148
 12. AS8075   104.44.23.71        50.0%    10   57.6  67.5  57.6  81.2   8.8
        104.44.23.65                     
     AS8075   104.44.23.65
        104.44.23.75                     
     AS8075   104.44.23.75
 13. AS???    ???                 100.0    10    0.0   0.0   0.0   0.0   0.0
