[*] Config Loaded: Name='flight-hawaii-van-Meet', Duration=900s
[*] Joining: [MEETING_LINK_REMOVED]
[*] Input field found. Typing name: flight-hawaii-van-Meet
[*] Looking for Join button...
    [+] JOIN CLICKED (XPath)!

[*] Starting continuous monitoring for 900 seconds...
[LOG] Time: 0s | RTT: 160.00 ms
[LOG] Time: 1s | RTT: 160.00 ms
[LOG] Time: 3s | RTT: 159.00 ms
[LOG] Time: 4s | RTT: 62.00 ms
[LOG] Time: 5s | RTT: 62.00 ms
[LOG] Time: 6s | RTT: 62.00 ms
[LOG] Time: 7s | RTT: 65.00 ms
[LOG] Time: 8s | RTT: 65.00 ms
[LOG] Time: 9s | RTT: 65.00 ms
[LOG] Time: 10s | RTT: 84.00 ms
[LOG] Time: 11s | RTT: 84.00 ms
[LOG] Time: 12s | RTT: 64.00 ms
[LOG] Time: 13s | RTT: 64.00 ms
[LOG] Time: 14s | RTT: 64.00 ms
[LOG] Time: 15s | RTT: 60.00 ms
[LOG] Time: 16s | RTT: 60.00 ms
[LOG] Time: 17s | RTT: 64.00 ms
[LOG] Time: 18s | RTT: 64.00 ms
[LOG] Time: 19s | RTT: 64.00 ms
[LOG] Time: 20s | RTT: 57.00 ms
[LOG] Time: 21s | RTT: 57.00 ms
[LOG] Time: 22s | RTT: 57.00 ms
[LOG] Time: 23s | RTT: 63.00 ms
[LOG] Time: 24s | RTT: 63.00 ms
[LOG] Time: 25s | RTT: 58.00 ms
[LOG] Time: 26s | RTT: 58.00 ms
[LOG] Time: 27s | RTT: 58.00 ms
[LOG] Time: 28s | RTT: 91.00 ms
[LOG] Time: 29s | RTT: 91.00 ms
[LOG] Time: 30s | RTT: 91.00 ms
[LOG] Time: 31s | RTT: 58.00 ms
[LOG] Time: 32s | RTT: 58.00 ms
[LOG] Time: 33s | RTT: 98.00 ms
[LOG] Time: 34s | RTT: 98.00 ms
[LOG] Time: 35s | RTT: 98.00 ms
[LOG] Time: 36s | RTT: 54.00 ms
[LOG] Time: 37s | RTT: 54.00 ms
[LOG] Time: 38s | RTT: 62.00 ms
[LOG] Time: 39s | RTT: 62.00 ms
[LOG] Time: 40s | RTT: 62.00 ms
[LOG] Time: 42s | RTT: 54.00 ms
[LOG] Time: 43s | RTT: 54.00 ms
[LOG] Time: 44s | RTT: 54.00 ms
[LOG] Time: 45s | RTT: 61.00 ms
[LOG] Time: 46s | RTT: 61.00 ms
[LOG] Time: 47s | RTT: 125.00 ms
[LOG] Time: 48s | RTT: 125.00 ms
[LOG] Time: 49s | RTT: 125.00 ms
[LOG] Time: 50s | RTT: 56.00 ms
[LOG] Time: 51s | RTT: 56.00 ms
[LOG] Time: 52s | RTT: 77.00 ms
[LOG] Time: 53s | RTT: 77.00 ms
[LOG] Time: 54s | RTT: 77.00 ms
[LOG] Time: 55s | RTT: 61.00 ms
[LOG] Time: 56s | RTT: 61.00 ms
[LOG] Time: 57s | RTT: 61.00 ms
[LOG] Time: 58s | RTT: 162.00 ms
[LOG] Time: 59s | RTT: 162.00 ms
[LOG] Time: 60s | RTT: 60.00 ms
[LOG] Time: 61s | RTT: 60.00 ms
[LOG] Time: 62s | RTT: 60.00 ms
[LOG] Time: 63s | RTT: 59.00 ms
[LOG] Time: 64s | RTT: 59.00 ms
[LOG] Time: 65s | RTT: 59.00 ms
[LOG] Time: 66s | RTT: 44.00 ms
[LOG] Time: 67s | RTT: 44.00 ms
[LOG] Time: 68s | RTT: 54.00 ms
[LOG] Time: 69s | RTT: 54.00 ms
[LOG] Time: 70s | RTT: 54.00 ms
[LOG] Time: 71s | RTT: 45.00 ms
[LOG] Time: 72s | RTT: 45.00 ms
[LOG] Time: 73s | RTT: 56.00 ms
[LOG] Time: 74s | RTT: 56.00 ms
[LOG] Time: 75s | RTT: 56.00 ms
[LOG] Time: 76s | RTT: 65.00 ms
[LOG] Time: 77s | RTT: 65.00 ms
[LOG] Time: 78s | RTT: 65.00 ms
[LOG] Time: 79s | RTT: 94.00 ms
[LOG] Time: 80s | RTT: 94.00 ms
[LOG] Time: 81s | RTT: 44.00 ms
[LOG] Time: 82s | RTT: 44.00 ms
[LOG] Time: 83s | RTT: 44.00 ms
[LOG] Time: 84s | RTT: 162.00 ms
[LOG] Time: 85s | RTT: 162.00 ms
[LOG] Time: 86s | RTT: 57.00 ms
[LOG] Time: 87s | RTT: 57.00 ms
[LOG] Time: 88s | RTT: 57.00 ms
[LOG] Time: 89s | RTT: 69.00 ms
[LOG] Time: 90s | RTT: 69.00 ms
[LOG] Time: 91s | RTT: 69.00 ms
[LOG] Time: 92s | RTT: 56.00 ms
[LOG] Time: 93s | RTT: 56.00 ms
[LOG] Time: 94s | RTT: 53.00 ms
[LOG] Time: 95s | RTT: 53.00 ms
[LOG] Time: 96s | RTT: 53.00 ms
[LOG] Time: 97s | RTT: 54.00 ms
[LOG] Time: 98s | RTT: 54.00 ms
[LOG] Time: 99s | RTT: 54.00 ms
[LOG] Time: 100s | RTT: 49.00 ms
[LOG] Time: 101s | RTT: 49.00 ms
[LOG] Time: 102s | RTT: 46.00 ms
[LOG] Time: 103s | RTT: 46.00 ms
[LOG] Time: 104s | RTT: 46.00 ms
[LOG] Time: 105s | RTT: 45.00 ms
[LOG] Time: 106s | RTT: 45.00 ms
[LOG] Time: 107s | RTT: 108.00 ms
[LOG] Time: 108s | RTT: 108.00 ms
[LOG] Time: 110s | RTT: 108.00 ms
[LOG] Time: 111s | RTT: 46.00 ms
[LOG] Time: 112s | RTT: 46.00 ms
[LOG] Time: 113s | RTT: 46.00 ms
[LOG] Time: 114s | RTT: 52.00 ms
[LOG] Time: 115s | RTT: 52.00 ms
[LOG] Time: 116s | RTT: 43.00 ms
[LOG] Time: 117s | RTT: 43.00 ms
[LOG] Time: 118s | RTT: 43.00 ms
[LOG] Time: 119s | RTT: 68.00 ms
[LOG] Time: 120s | RTT: 68.00 ms
[LOG] Time: 121s | RTT: 68.00 ms
[LOG] Time: 122s | RTT: 50.00 ms
[LOG] Time: 123s | RTT: 50.00 ms
[LOG] Time: 124s | RTT: 66.00 ms
[LOG] Time: 125s | RTT: 66.00 ms
[LOG] Time: 126s | RTT: 66.00 ms
[LOG] Time: 127s | RTT: 59.00 ms
[LOG] Time: 128s | RTT: 59.00 ms
[LOG] Time: 129s | RTT: 72.00 ms
[LOG] Time: 130s | RTT: 72.00 ms
[LOG] Time: 131s | RTT: 72.00 ms
[LOG] Time: 132s | RTT: 55.00 ms
[LOG] Time: 133s | RTT: 55.00 ms
[LOG] Time: 134s | RTT: 55.00 ms
[LOG] Time: 135s | RTT: 147.00 ms
[LOG] Time: 136s | RTT: 147.00 ms
[LOG] Time: 137s | RTT: 45.00 ms
[LOG] Time: 138s | RTT: 45.00 ms
[LOG] Time: 139s | RTT: 45.00 ms
[LOG] Time: 140s | RTT: 45.00 ms
[LOG] Time: 141s | RTT: 45.00 ms
[LOG] Time: 142s | RTT: 45.00 ms
[LOG] Time: 143s | RTT: 45.00 ms
[LOG] Time: 144s | RTT: 45.00 ms
[LOG] Time: 145s | RTT: 86.00 ms
[LOG] Time: 146s | RTT: 86.00 ms
[LOG] Time: 147s | RTT: 86.00 ms
[LOG] Time: 148s | RTT: 58.00 ms
[LOG] Time: 149s | RTT: 58.00 ms
[LOG] Time: 150s | RTT: 50.00 ms
[LOG] Time: 151s | RTT: 50.00 ms
[LOG] Time: 152s | RTT: 50.00 ms
[LOG] Time: 153s | RTT: 238.00 ms
[LOG] Time: 154s | RTT: 238.00 ms
[LOG] Time: 155s | RTT: 238.00 ms
[LOG] Time: 156s | RTT: 42.00 ms
[LOG] Time: 157s | RTT: 42.00 ms
[LOG] Time: 158s | RTT: 43.00 ms
[LOG] Time: 159s | RTT: 43.00 ms
[LOG] Time: 160s | RTT: 43.00 ms
[LOG] Time: 161s | RTT: 117.00 ms
[LOG] Time: 162s | RTT: 117.00 ms
[LOG] Time: 163s | RTT: 46.00 ms
[LOG] Time: 164s | RTT: 46.00 ms
[LOG] Time: 165s | RTT: 46.00 ms
[LOG] Time: 166s | RTT: 75.00 ms
[LOG] Time: 167s | RTT: 75.00 ms
[LOG] Time: 168s | RTT: 75.00 ms
[LOG] Time: 169s | RTT: 112.00 ms
[LOG] Time: 170s | RTT: 112.00 ms
[LOG] Time: 171s | RTT: 51.00 ms
[LOG] Time: 172s | RTT: 51.00 ms
[LOG] Time: 173s | RTT: 51.00 ms
[LOG] Time: 174s | RTT: 59.00 ms
[LOG] Time: 175s | RTT: 59.00 ms
[LOG] Time: 176s | RTT: 59.00 ms
[LOG] Time: 177s | RTT: 106.00 ms
[LOG] Time: 178s | RTT: 106.00 ms
[LOG] Time: 179s | RTT: 44.00 ms
[LOG] Time: 181s | RTT: 44.00 ms
[LOG] Time: 182s | RTT: 44.00 ms
[LOG] Time: 183s | RTT: 75.00 ms
[LOG] Time: 184s | RTT: 75.00 ms
[LOG] Time: 185s | RTT: 75.00 ms
[LOG] Time: 186s | RTT: 75.00 ms
[LOG] Time: 187s | RTT: 75.00 ms
[LOG] Time: 188s | RTT: 66.00 ms
[LOG] Time: 189s | RTT: 66.00 ms
[LOG] Time: 190s | RTT: 66.00 ms
[LOG] Time: 191s | RTT: 65.00 ms
[LOG] Time: 192s | RTT: 65.00 ms
[LOG] Time: 193s | RTT: 81.00 ms
[LOG] Time: 194s | RTT: 81.00 ms
[LOG] Time: 195s | RTT: 81.00 ms
[LOG] Time: 196s | RTT: 66.00 ms
[LOG] Time: 197s | RTT: 66.00 ms
[LOG] Time: 198s | RTT: 66.00 ms
[LOG] Time: 199s | RTT: 66.00 ms
[LOG] Time: 200s | RTT: 66.00 ms
[LOG] Time: 201s | RTT: 67.00 ms
[LOG] Time: 202s | RTT: 67.00 ms
[LOG] Time: 203s | RTT: 67.00 ms
[LOG] Time: 204s | RTT: 69.00 ms
[LOG] Time: 205s | RTT: 69.00 ms
[LOG] Time: 206s | RTT: 69.00 ms
[LOG] Time: 207s | RTT: 69.00 ms
[LOG] Time: 208s | RTT: 69.00 ms
[LOG] Time: 209s | RTT: 69.00 ms
[LOG] Time: 210s | RTT: 69.00 ms
[LOG] Time: 211s | RTT: 60.00 ms
[LOG] Time: 212s | RTT: 60.00 ms
[LOG] Time: 213s | RTT: 60.00 ms
[LOG] Time: 214s | RTT: 56.00 ms
[LOG] Time: 215s | RTT: 56.00 ms
[LOG] Time: 216s | RTT: 56.00 ms
[LOG] Time: 217s | RTT: 55.00 ms
[LOG] Time: 218s | RTT: 55.00 ms
[LOG] Time: 219s | RTT: 71.00 ms
[LOG] Time: 220s | RTT: 71.00 ms
[LOG] Time: 221s | RTT: 71.00 ms
[LOG] Time: 222s | RTT: 54.00 ms
[LOG] Time: 223s | RTT: 54.00 ms
[LOG] Time: 224s | RTT: 54.00 ms
[LOG] Time: 225s | RTT: 97.00 ms
[LOG] Time: 226s | RTT: 97.00 ms
[LOG] Time: 227s | RTT: 56.00 ms
[LOG] Time: 228s | RTT: 56.00 ms
[LOG] Time: 229s | RTT: 56.00 ms
[LOG] Time: 230s | RTT: 69.00 ms
[LOG] Time: 231s | RTT: 69.00 ms
[LOG] Time: 232s | RTT: 65.00 ms
[LOG] Time: 233s | RTT: 65.00 ms
[LOG] Time: 234s | RTT: 65.00 ms
[LOG] Time: 235s | RTT: 64.00 ms
[LOG] Time: 236s | RTT: 64.00 ms
[LOG] Time: 237s | RTT: 64.00 ms
[LOG] Time: 238s | RTT: 63.00 ms
[LOG] Time: 239s | RTT: 63.00 ms
[LOG] Time: 240s | RTT: 69.00 ms
[LOG] Time: 241s | RTT: 69.00 ms
[LOG] Time: 242s | RTT: 69.00 ms
[LOG] Time: 243s | RTT: 50.00 ms
[LOG] Time: 244s | RTT: 50.00 ms
[LOG] Time: 245s | RTT: 50.00 ms
[LOG] Time: 246s | RTT: 49.00 ms
[LOG] Time: 247s | RTT: 49.00 ms
[LOG] Time: 248s | RTT: 51.00 ms
[LOG] Time: 249s | RTT: 51.00 ms
[LOG] Time: 251s | RTT: 51.00 ms
[LOG] Time: 252s | RTT: 57.00 ms
[LOG] Time: 253s | RTT: 57.00 ms
[LOG] Time: 254s | RTT: 57.00 ms
[LOG] Time: 255s | RTT: 105.00 ms
[LOG] Time: 256s | RTT: 105.00 ms
[LOG] Time: 257s | RTT: 64.00 ms
[LOG] Time: 258s | RTT: 64.00 ms
[LOG] Time: 259s | RTT: 64.00 ms
[LOG] Time: 260s | RTT: 70.00 ms
[LOG] Time: 261s | RTT: 70.00 ms
[LOG] Time: 262s | RTT: 63.00 ms
[LOG] Time: 263s | RTT: 63.00 ms
[LOG] Time: 264s | RTT: 63.00 ms
[LOG] Time: 265s | RTT: 62.00 ms
[LOG] Time: 266s | RTT: 62.00 ms
[LOG] Time: 267s | RTT: 62.00 ms
[LOG] Time: 268s | RTT: 65.00 ms
[LOG] Time: 269s | RTT: 65.00 ms
[LOG] Time: 270s | RTT: 69.00 ms
[LOG] Time: 271s | RTT: 69.00 ms
[LOG] Time: 272s | RTT: 69.00 ms
[LOG] Time: 273s | RTT: 70.00 ms
[LOG] Time: 274s | RTT: 70.00 ms
[LOG] Time: 275s | RTT: 64.00 ms
[LOG] Time: 276s | RTT: 64.00 ms
[LOG] Time: 277s | RTT: 64.00 ms
[LOG] Time: 278s | RTT: 58.00 ms
[LOG] Time: 279s | RTT: 58.00 ms
[LOG] Time: 280s | RTT: 58.00 ms
[LOG] Time: 281s | RTT: 59.00 ms
[LOG] Time: 282s | RTT: 59.00 ms
[LOG] Time: 283s | RTT: 68.00 ms
[LOG] Time: 284s | RTT: 68.00 ms
[LOG] Time: 285s | RTT: 68.00 ms
[LOG] Time: 286s | RTT: 62.00 ms
[LOG] Time: 287s | RTT: 62.00 ms
[LOG] Time: 288s | RTT: 55.00 ms
[LOG] Time: 289s | RTT: 55.00 ms
[LOG] Time: 290s | RTT: 55.00 ms
[LOG] Time: 291s | RTT: 60.00 ms
[LOG] Time: 292s | RTT: 60.00 ms
[LOG] Time: 293s | RTT: 60.00 ms
[LOG] Time: 294s | RTT: 59.00 ms
[LOG] Time: 295s | RTT: 59.00 ms
[LOG] Time: 296s | RTT: 60.00 ms
[LOG] Time: 297s | RTT: 60.00 ms
[LOG] Time: 298s | RTT: 60.00 ms
[LOG] Time: 299s | RTT: 62.00 ms
[LOG] Time: 300s | RTT: 62.00 ms
[LOG] Time: 301s | RTT: 62.00 ms
[LOG] Time: 302s | RTT: 52.00 ms
[LOG] Time: 303s | RTT: 52.00 ms
[LOG] Time: 304s | RTT: 230.00 ms
[LOG] Time: 305s | RTT: 230.00 ms
[LOG] Time: 306s | RTT: 230.00 ms
[LOG] Time: 307s | RTT: 56.00 ms
[LOG] Time: 308s | RTT: 56.00 ms
[LOG] Time: 309s | RTT: 50.00 ms
[LOG] Time: 310s | RTT: 50.00 ms
[LOG] Time: 311s | RTT: 50.00 ms
[LOG] Time: 312s | RTT: 62.00 ms
[LOG] Time: 313s | RTT: 62.00 ms
[LOG] Time: 314s | RTT: 62.00 ms
[LOG] Time: 315s | RTT: 67.00 ms
[LOG] Time: 316s | RTT: 67.00 ms
[LOG] Time: 317s | RTT: 58.00 ms
[LOG] Time: 318s | RTT: 58.00 ms
[LOG] Time: 319s | RTT: 58.00 ms
[LOG] Time: 321s | RTT: 91.00 ms
[LOG] Time: 322s | RTT: 91.00 ms
[LOG] Time: 323s | RTT: 91.00 ms
[LOG] Time: 324s | RTT: 54.00 ms
[LOG] Time: 325s | RTT: 54.00 ms
[LOG] Time: 326s | RTT: 83.00 ms
[LOG] Time: 327s | RTT: 83.00 ms
[LOG] Time: 328s | RTT: 83.00 ms
[LOG] Time: 329s | RTT: 50.00 ms
[LOG] Time: 330s | RTT: 50.00 ms
[LOG] Time: 331s | RTT: 61.00 ms
[LOG] Time: 332s | RTT: 61.00 ms
[LOG] Time: 333s | RTT: 61.00 ms
[LOG] Time: 334s | RTT: 52.00 ms
[LOG] Time: 335s | RTT: 52.00 ms
[LOG] Time: 336s | RTT: 52.00 ms
[LOG] Time: 337s | RTT: 98.00 ms
[LOG] Time: 338s | RTT: 98.00 ms
[LOG] Time: 339s | RTT: 93.00 ms
[LOG] Time: 340s | RTT: 93.00 ms
[LOG] Time: 341s | RTT: 93.00 ms
[LOG] Time: 342s | RTT: 56.00 ms
[LOG] Time: 343s | RTT: 56.00 ms
[LOG] Time: 344s | RTT: 54.00 ms
[LOG] Time: 345s | RTT: 54.00 ms
[LOG] Time: 346s | RTT: 54.00 ms
[LOG] Time: 347s | RTT: 57.00 ms
[LOG] Time: 348s | RTT: 57.00 ms
[LOG] Time: 349s | RTT: 57.00 ms
[LOG] Time: 350s | RTT: 49.00 ms
[LOG] Time: 351s | RTT: 49.00 ms
[LOG] Time: 352s | RTT: 49.00 ms
[LOG] Time: 353s | RTT: 49.00 ms
[LOG] Time: 354s | RTT: 49.00 ms
[LOG] Time: 355s | RTT: 56.00 ms
[LOG] Time: 356s | RTT: 56.00 ms
[LOG] Time: 357s | RTT: 48.00 ms
[LOG] Time: 358s | RTT: 48.00 ms
[LOG] Time: 359s | RTT: 48.00 ms
[LOG] Time: 360s | RTT: 49.00 ms
[LOG] Time: 361s | RTT: 49.00 ms
[LOG] Time: 362s | RTT: 49.00 ms
[LOG] Time: 363s | RTT: 53.00 ms
[LOG] Time: 364s | RTT: 53.00 ms
[LOG] Time: 365s | RTT: 55.00 ms
[LOG] Time: 366s | RTT: 55.00 ms
[LOG] Time: 367s | RTT: 55.00 ms
[LOG] Time: 368s | RTT: 127.00 ms
[LOG] Time: 369s | RTT: 127.00 ms
[LOG] Time: 370s | RTT: 49.00 ms
[LOG] Time: 371s | RTT: 49.00 ms
[LOG] Time: 372s | RTT: 49.00 ms
[LOG] Time: 373s | RTT: 84.00 ms
[LOG] Time: 374s | RTT: 84.00 ms
[LOG] Time: 376s | RTT: 84.00 ms
[LOG] Time: 377s | RTT: 56.00 ms
[LOG] Time: 378s | RTT: 56.00 ms
[LOG] Time: 379s | RTT: 60.00 ms
[LOG] Time: 380s | RTT: 60.00 ms
[LOG] Time: 381s | RTT: 60.00 ms
[LOG] Time: 382s | RTT: 82.00 ms
[LOG] Time: 383s | RTT: 82.00 ms
[LOG] Time: 384s | RTT: 82.00 ms
[LOG] Time: 385s | RTT: 64.00 ms
[LOG] Time: 386s | RTT: 64.00 ms
[LOG] Time: 387s | RTT: 72.00 ms
[LOG] Time: 388s | RTT: 72.00 ms
[LOG] Time: 389s | RTT: 72.00 ms
[LOG] Time: 390s | RTT: 66.00 ms
[LOG] Time: 391s | RTT: 66.00 ms
[LOG] Time: 392s | RTT: 66.00 ms
[LOG] Time: 393s | RTT: 66.00 ms
[LOG] Time: 394s | RTT: 66.00 ms
[LOG] Time: 395s | RTT: 52.00 ms
[LOG] Time: 396s | RTT: 52.00 ms
[LOG] Time: 397s | RTT: 52.00 ms
[LOG] Time: 398s | RTT: 63.00 ms
[LOG] Time: 399s | RTT: 63.00 ms
[LOG] Time: 400s | RTT: 48.00 ms
[LOG] Time: 401s | RTT: 48.00 ms
[LOG] Time: 402s | RTT: 48.00 ms
[LOG] Time: 403s | RTT: 48.00 ms
[LOG] Time: 404s | RTT: 48.00 ms
[LOG] Time: 405s | RTT: 48.00 ms
[LOG] Time: 406s | RTT: 154.00 ms
[LOG] Time: 407s | RTT: 154.00 ms
[LOG] Time: 408s | RTT: 54.00 ms
[LOG] Time: 409s | RTT: 54.00 ms
[LOG] Time: 410s | RTT: 54.00 ms
[LOG] Time: 411s | RTT: 92.00 ms
[LOG] Time: 412s | RTT: 92.00 ms
[LOG] Time: 413s | RTT: 74.00 ms
[LOG] Time: 414s | RTT: 74.00 ms
[LOG] Time: 415s | RTT: 74.00 ms
[LOG] Time: 416s | RTT: 59.00 ms
[LOG] Time: 417s | RTT: 59.00 ms
[LOG] Time: 418s | RTT: 59.00 ms
[LOG] Time: 419s | RTT: 75.00 ms
[LOG] Time: 420s | RTT: 75.00 ms
[LOG] Time: 421s | RTT: 43.00 ms
[LOG] Time: 422s | RTT: 43.00 ms
[LOG] Time: 423s | RTT: 43.00 ms
[LOG] Time: 424s | RTT: 46.00 ms
[LOG] Time: 425s | RTT: 46.00 ms
[LOG] Time: 426s | RTT: 46.00 ms
[LOG] Time: 427s | RTT: 52.00 ms
[LOG] Time: 428s | RTT: 52.00 ms
[LOG] Time: 429s | RTT: 47.00 ms
[LOG] Time: 430s | RTT: 47.00 ms
[LOG] Time: 431s | RTT: 47.00 ms
[LOG] Time: 432s | RTT: 44.00 ms
[LOG] Time: 433s | RTT: 44.00 ms
[LOG] Time: 434s | RTT: 45.00 ms
[LOG] Time: 435s | RTT: 45.00 ms
[LOG] Time: 436s | RTT: 45.00 ms
[LOG] Time: 437s | RTT: 47.00 ms
[LOG] Time: 438s | RTT: 47.00 ms
[LOG] Time: 439s | RTT: 47.00 ms
[LOG] Time: 440s | RTT: 48.00 ms
[LOG] Time: 441s | RTT: 48.00 ms
[LOG] Time: 442s | RTT: 64.00 ms
[LOG] Time: 443s | RTT: 64.00 ms
[LOG] Time: 444s | RTT: 64.00 ms
[LOG] Time: 446s | RTT: 146.00 ms
[LOG] Time: 447s | RTT: 146.00 ms
[LOG] Time: 448s | RTT: 42.00 ms
[LOG] Time: 449s | RTT: 42.00 ms
[LOG] Time: 450s | RTT: 42.00 ms
[LOG] Time: 451s | RTT: 60.00 ms
[LOG] Time: 452s | RTT: 60.00 ms
[LOG] Time: 453s | RTT: 60.00 ms
[LOG] Time: 454s | RTT: 335.00 ms
[LOG] Time: 455s | RTT: 335.00 ms
[LOG] Time: 456s | RTT: 58.00 ms
[LOG] Time: 457s | RTT: 58.00 ms
[LOG] Time: 458s | RTT: 58.00 ms
[LOG] Time: 459s | RTT: 53.00 ms
[LOG] Time: 460s | RTT: 53.00 ms
[LOG] Time: 461s | RTT: 203.00 ms
[LOG] Time: 462s | RTT: 203.00 ms
[LOG] Time: 463s | RTT: 203.00 ms
[LOG] Time: 464s | RTT: 54.00 ms
[LOG] Time: 465s | RTT: 54.00 ms
[LOG] Time: 466s | RTT: 54.00 ms
[LOG] Time: 467s | RTT: 52.00 ms
[LOG] Time: 468s | RTT: 52.00 ms
[LOG] Time: 469s | RTT: 45.00 ms
[LOG] Time: 470s | RTT: 45.00 ms
[LOG] Time: 471s | RTT: 45.00 ms
[LOG] Time: 472s | RTT: 51.00 ms
[LOG] Time: 473s | RTT: 51.00 ms
[LOG] Time: 474s | RTT: 70.00 ms
[LOG] Time: 475s | RTT: 70.00 ms
[LOG] Time: 476s | RTT: 70.00 ms
[LOG] Time: 477s | RTT: 51.00 ms
[LOG] Time: 478s | RTT: 51.00 ms
[LOG] Time: 479s | RTT: 51.00 ms
[LOG] Time: 480s | RTT: 106.00 ms
[LOG] Time: 481s | RTT: 106.00 ms
[LOG] Time: 482s | RTT: 49.00 ms
[LOG] Time: 483s | RTT: 49.00 ms
[LOG] Time: 484s | RTT: 49.00 ms
[LOG] Time: 485s | RTT: 45.00 ms
[LOG] Time: 486s | RTT: 45.00 ms
[LOG] Time: 487s | RTT: 39.00 ms
[LOG] Time: 488s | RTT: 39.00 ms
[LOG] Time: 489s | RTT: 39.00 ms
[LOG] Time: 490s | RTT: 43.00 ms
[LOG] Time: 491s | RTT: 43.00 ms
[LOG] Time: 492s | RTT: 43.00 ms
[LOG] Time: 493s | RTT: 82.00 ms
[LOG] Time: 494s | RTT: 82.00 ms
[LOG] Time: 495s | RTT: 135.00 ms
[LOG] Time: 496s | RTT: 135.00 ms
[LOG] Time: 497s | RTT: 135.00 ms
[LOG] Time: 498s | RTT: 66.00 ms
[LOG] Time: 500s | RTT: 66.00 ms
[LOG] Time: 501s | RTT: 66.00 ms
[LOG] Time: 502s | RTT: 41.00 ms
[LOG] Time: 503s | RTT: 41.00 ms
[LOG] Time: 504s | RTT: 52.00 ms
[LOG] Time: 505s | RTT: 52.00 ms
[LOG] Time: 506s | RTT: 52.00 ms
[LOG] Time: 507s | RTT: 59.00 ms
[LOG] Time: 508s | RTT: 59.00 ms
[LOG] Time: 509s | RTT: 46.00 ms
[LOG] Time: 510s | RTT: 46.00 ms
[LOG] Time: 511s | RTT: 46.00 ms
[LOG] Time: 512s | RTT: 46.00 ms
[LOG] Time: 513s | RTT: 46.00 ms
[LOG] Time: 514s | RTT: 46.00 ms
[LOG] Time: 515s | RTT: 44.00 ms
[LOG] Time: 516s | RTT: 44.00 ms
[LOG] Time: 517s | RTT: 47.00 ms
[LOG] Time: 518s | RTT: 47.00 ms
[LOG] Time: 519s | RTT: 47.00 ms
[LOG] Time: 520s | RTT: 52.00 ms
[LOG] Time: 521s | RTT: 52.00 ms
[LOG] Time: 522s | RTT: 39.00 ms
[LOG] Time: 523s | RTT: 39.00 ms
[LOG] Time: 524s | RTT: 39.00 ms
[LOG] Time: 525s | RTT: 52.00 ms
[LOG] Time: 526s | RTT: 52.00 ms
[LOG] Time: 527s | RTT: 52.00 ms
[LOG] Time: 528s | RTT: 45.00 ms
[LOG] Time: 529s | RTT: 45.00 ms
[LOG] Time: 530s | RTT: 44.00 ms
[LOG] Time: 531s | RTT: 44.00 ms
[LOG] Time: 532s | RTT: 44.00 ms
[LOG] Time: 533s | RTT: 98.00 ms
[LOG] Time: 534s | RTT: 98.00 ms
[LOG] Time: 535s | RTT: 48.00 ms
[LOG] Time: 536s | RTT: 48.00 ms
[LOG] Time: 537s | RTT: 48.00 ms
[LOG] Time: 538s | RTT: 61.00 ms
[LOG] Time: 539s | RTT: 61.00 ms
[LOG] Time: 540s | RTT: 61.00 ms
[LOG] Time: 541s | RTT: 60.00 ms
[LOG] Time: 542s | RTT: 60.00 ms
[LOG] Time: 543s | RTT: 60.00 ms
[LOG] Time: 544s | RTT: 60.00 ms
[LOG] Time: 545s | RTT: 60.00 ms
[LOG] Time: 546s | RTT: 73.00 ms
[LOG] Time: 547s | RTT: 73.00 ms
[LOG] Time: 548s | RTT: 59.00 ms
[LOG] Time: 550s | RTT: 59.00 ms
[LOG] Time: 551s | RTT: 59.00 ms
[LOG] Time: 552s | RTT: 69.00 ms
[LOG] Time: 553s | RTT: 69.00 ms
[LOG] Time: 554s | RTT: 69.00 ms
[LOG] Time: 555s | RTT: 54.00 ms
[LOG] Time: 556s | RTT: 54.00 ms
[LOG] Time: 557s | RTT: 69.00 ms
[LOG] Time: 558s | RTT: 69.00 ms
[LOG] Time: 559s | RTT: 69.00 ms
[LOG] Time: 560s | RTT: 47.00 ms
[LOG] Time: 561s | RTT: 47.00 ms
[LOG] Time: 562s | RTT: 55.00 ms
[LOG] Time: 563s | RTT: 55.00 ms
[LOG] Time: 564s | RTT: 55.00 ms
[LOG] Time: 565s | RTT: 62.00 ms
[LOG] Time: 566s | RTT: 62.00 ms
[LOG] Time: 567s | RTT: 62.00 ms
[LOG] Time: 568s | RTT: 72.00 ms
[LOG] Time: 569s | RTT: 72.00 ms
[LOG] Time: 570s | RTT: 45.00 ms
[LOG] Time: 571s | RTT: 45.00 ms
[LOG] Time: 572s | RTT: 45.00 ms
[LOG] Time: 573s | RTT: 41.00 ms
[LOG] Time: 574s | RTT: 41.00 ms
[LOG] Time: 575s | RTT: 57.00 ms
[LOG] Time: 576s | RTT: 57.00 ms
[LOG] Time: 577s | RTT: 57.00 ms
[LOG] Time: 578s | RTT: 51.00 ms
[LOG] Time: 579s | RTT: 51.00 ms
[LOG] Time: 580s | RTT: 51.00 ms
[LOG] Time: 581s | RTT: 67.00 ms
[LOG] Time: 582s | RTT: 67.00 ms
[LOG] Time: 583s | RTT: 40.00 ms
[LOG] Time: 584s | RTT: 40.00 ms
[LOG] Time: 585s | RTT: 40.00 ms
[LOG] Time: 586s | RTT: 57.00 ms
[LOG] Time: 587s | RTT: 57.00 ms
[LOG] Time: 588s | RTT: 56.00 ms
[LOG] Time: 589s | RTT: 56.00 ms
[LOG] Time: 590s | RTT: 56.00 ms
[LOG] Time: 591s | RTT: 64.00 ms
[LOG] Time: 592s | RTT: 64.00 ms
[LOG] Time: 593s | RTT: 64.00 ms
[LOG] Time: 594s | RTT: 57.00 ms
[LOG] Time: 595s | RTT: 57.00 ms
[LOG] Time: 596s | RTT: 57.00 ms
[LOG] Time: 598s | RTT: 57.00 ms
[LOG] Time: 599s | RTT: 57.00 ms
[LOG] Time: 600s | RTT: 57.00 ms
[LOG] Time: 601s | RTT: 57.00 ms
[LOG] Time: 602s | RTT: 51.00 ms
[LOG] Time: 603s | RTT: 51.00 ms
[LOG] Time: 604s | RTT: 51.00 ms
[LOG] Time: 605s | RTT: 64.00 ms
[LOG] Time: 606s | RTT: 64.00 ms
[LOG] Time: 607s | RTT: 64.00 ms
[LOG] Time: 608s | RTT: 90.00 ms
[LOG] Time: 609s | RTT: 90.00 ms
[LOG] Time: 610s | RTT: 168.00 ms
[LOG] Time: 611s | RTT: 168.00 ms
[LOG] Time: 612s | RTT: 168.00 ms
[LOG] Time: 613s | RTT: 62.00 ms
[LOG] Time: 614s | RTT: 62.00 ms
[LOG] Time: 615s | RTT: 62.00 ms
[LOG] Time: 616s | RTT: 63.00 ms
[LOG] Time: 617s | RTT: 63.00 ms
[LOG] Time: 618s | RTT: 49.00 ms
[LOG] Time: 619s | RTT: 49.00 ms
[LOG] Time: 620s | RTT: 49.00 ms
[LOG] Time: 621s | RTT: 43.00 ms
[LOG] Time: 622s | RTT: 43.00 ms
[LOG] Time: 623s | RTT: 42.00 ms
[LOG] Time: 624s | RTT: 42.00 ms
[LOG] Time: 625s | RTT: 42.00 ms
[LOG] Time: 626s | RTT: 42.00 ms
[LOG] Time: 627s | RTT: 42.00 ms
[LOG] Time: 628s | RTT: 42.00 ms
[LOG] Time: 629s | RTT: 38.00 ms
[LOG] Time: 630s | RTT: 38.00 ms
[LOG] Time: 631s | RTT: 44.00 ms
[LOG] Time: 632s | RTT: 44.00 ms
[LOG] Time: 633s | RTT: 44.00 ms
[LOG] Time: 634s | RTT: 39.00 ms
[LOG] Time: 635s | RTT: 39.00 ms
[LOG] Time: 636s | RTT: 51.00 ms
[LOG] Time: 637s | RTT: 51.00 ms
[LOG] Time: 638s | RTT: 51.00 ms
[LOG] Time: 639s | RTT: 157.00 ms
[LOG] Time: 640s | RTT: 157.00 ms
[LOG] Time: 641s | RTT: 157.00 ms
[LOG] Time: 642s | RTT: 43.00 ms
[LOG] Time: 643s | RTT: 43.00 ms
[LOG] Time: 644s | RTT: 40.00 ms
[LOG] Time: 645s | RTT: 40.00 ms
[LOG] Time: 646s | RTT: 40.00 ms
[LOG] Time: 647s | RTT: 40.00 ms
[LOG] Time: 648s | RTT: 40.00 ms
[LOG] Time: 649s | RTT: 40.00 ms
[LOG] Time: 650s | RTT: 78.00 ms
[LOG] Time: 651s | RTT: 78.00 ms
[LOG] Time: 652s | RTT: 114.00 ms
[LOG] Time: 653s | RTT: 114.00 ms
[LOG] Time: 654s | RTT: 114.00 ms
[LOG] Time: 655s | RTT: 38.00 ms
[LOG] Time: 656s | RTT: 38.00 ms
[LOG] Time: 657s | RTT: 52.00 ms
[LOG] Time: 658s | RTT: 52.00 ms
[LOG] Time: 659s | RTT: 52.00 ms
[LOG] Time: 660s | RTT: 43.00 ms
[LOG] Time: 661s | RTT: 43.00 ms
[LOG] Time: 662s | RTT: 43.00 ms
[LOG] Time: 664s | RTT: 55.00 ms
[LOG] Time: 665s | RTT: 55.00 ms
[LOG] Time: 666s | RTT: 49.00 ms
[LOG] Time: 667s | RTT: 49.00 ms
[LOG] Time: 668s | RTT: 49.00 ms
[LOG] Time: 669s | RTT: 48.00 ms
[LOG] Time: 670s | RTT: 48.00 ms
[LOG] Time: 671s | RTT: 48.00 ms
[LOG] Time: 672s | RTT: 48.00 ms
[LOG] Time: 673s | RTT: 48.00 ms
[LOG] Time: 674s | RTT: 42.00 ms
[LOG] Time: 675s | RTT: 42.00 ms
[LOG] Time: 676s | RTT: 42.00 ms
[LOG] Time: 677s | RTT: 66.00 ms
[LOG] Time: 678s | RTT: 66.00 ms
[LOG] Time: 679s | RTT: 72.00 ms
[LOG] Time: 680s | RTT: 72.00 ms
[LOG] Time: 681s | RTT: 72.00 ms
[LOG] Time: 682s | RTT: 79.00 ms
[LOG] Time: 683s | RTT: 79.00 ms
[LOG] Time: 684s | RTT: 79.00 ms
[LOG] Time: 685s | RTT: 76.00 ms
[LOG] Time: 686s | RTT: 76.00 ms
[LOG] Time: 687s | RTT: 131.00 ms
[LOG] Time: 688s | RTT: 131.00 ms
[LOG] Time: 689s | RTT: 131.00 ms
[LOG] Time: 690s | RTT: 153.00 ms
[LOG] Time: 691s | RTT: 153.00 ms
[LOG] Time: 692s | RTT: 94.00 ms
[LOG] Time: 693s | RTT: 94.00 ms
[LOG] Time: 694s | RTT: 94.00 ms
[LOG] Time: 695s | RTT: 61.00 ms
[LOG] Time: 696s | RTT: 61.00 ms
[LOG] Time: 697s | RTT: 61.00 ms
[LOG] Time: 698s | RTT: 75.00 ms
[LOG] Time: 699s | RTT: 75.00 ms
[LOG] Time: 700s | RTT: 74.00 ms
[LOG] Time: 701s | RTT: 74.00 ms
[LOG] Time: 702s | RTT: 74.00 ms
[LOG] Time: 703s | RTT: 56.00 ms
[LOG] Time: 704s | RTT: 56.00 ms
[LOG] Time: 705s | RTT: 56.00 ms
[LOG] Time: 706s | RTT: 56.00 ms
[LOG] Time: 707s | RTT: 56.00 ms
[LOG] Time: 708s | RTT: 83.00 ms
[LOG] Time: 709s | RTT: 83.00 ms
[LOG] Time: 710s | RTT: 83.00 ms
[LOG] Time: 711s | RTT: 77.00 ms
[LOG] Time: 712s | RTT: 77.00 ms
[LOG] Time: 713s | RTT: 57.00 ms
[LOG] Time: 714s | RTT: 57.00 ms
[LOG] Time: 715s | RTT: 57.00 ms
[LOG] Time: 716s | RTT: 121.00 ms
[LOG] Time: 717s | RTT: 121.00 ms
[LOG] Time: 718s | RTT: 121.00 ms
[LOG] Time: 719s | RTT: 63.00 ms
[LOG] Time: 720s | RTT: 63.00 ms
[LOG] Time: 721s | RTT: 82.00 ms
[LOG] Time: 722s | RTT: 82.00 ms
[LOG] Time: 723s | RTT: 82.00 ms
[LOG] Time: 724s | RTT: 78.00 ms
[LOG] Time: 725s | RTT: 78.00 ms
[LOG] Time: 726s | RTT: 98.00 ms
[LOG] Time: 727s | RTT: 98.00 ms
[LOG] Time: 728s | RTT: 98.00 ms
[LOG] Time: 729s | RTT: 83.00 ms
[LOG] Time: 731s | RTT: 83.00 ms
[LOG] Time: 732s | RTT: 83.00 ms
[LOG] Time: 733s | RTT: 165.00 ms
[LOG] Time: 734s | RTT: 165.00 ms
[LOG] Time: 735s | RTT: 78.00 ms
[LOG] Time: 736s | RTT: 78.00 ms
[LOG] Time: 737s | RTT: 78.00 ms
[LOG] Time: 738s | RTT: 103.00 ms
[LOG] Time: 739s | RTT: 103.00 ms
[LOG] Time: 740s | RTT: 88.00 ms
[LOG] Time: 741s | RTT: 88.00 ms
[LOG] Time: 742s | RTT: 88.00 ms
[LOG] Time: 743s | RTT: 77.00 ms
[LOG] Time: 744s | RTT: 77.00 ms
[LOG] Time: 745s | RTT: 77.00 ms
[LOG] Time: 746s | RTT: 88.00 ms
[LOG] Time: 747s | RTT: 88.00 ms
[LOG] Time: 748s | RTT: 79.00 ms
[LOG] Time: 749s | RTT: 79.00 ms
[LOG] Time: 750s | RTT: 79.00 ms
[LOG] Time: 751s | RTT: 81.00 ms
[LOG] Time: 752s | RTT: 81.00 ms
[LOG] Time: 753s | RTT: 81.00 ms
[LOG] Time: 754s | RTT: 87.00 ms
[LOG] Time: 755s | RTT: 87.00 ms
[LOG] Time: 756s | RTT: 92.00 ms
[LOG] Time: 757s | RTT: 92.00 ms
[LOG] Time: 758s | RTT: 92.00 ms
[LOG] Time: 759s | RTT: 75.00 ms
[LOG] Time: 760s | RTT: 75.00 ms
[LOG] Time: 761s | RTT: 75.00 ms
[LOG] Time: 762s | RTT: 281.00 ms
[LOG] Time: 763s | RTT: 281.00 ms
[LOG] Time: 764s | RTT: 350.00 ms
[LOG] Time: 765s | RTT: 350.00 ms
[LOG] Time: 766s | RTT: 350.00 ms
[LOG] Time: 767s | RTT: 58.00 ms
[LOG] Time: 768s | RTT: 58.00 ms
[LOG] Time: 769s | RTT: 60.00 ms
[LOG] Time: 770s | RTT: 60.00 ms
[LOG] Time: 771s | RTT: 60.00 ms
[LOG] Time: 772s | RTT: 59.00 ms
[LOG] Time: 773s | RTT: 59.00 ms
[LOG] Time: 774s | RTT: 59.00 ms
[LOG] Time: 775s | RTT: 73.00 ms
[LOG] Time: 776s | RTT: 73.00 ms
[LOG] Time: 777s | RTT: 70.00 ms
[LOG] Time: 778s | RTT: 70.00 ms
[LOG] Time: 779s | RTT: 70.00 ms
[LOG] Time: 780s | RTT: 138.00 ms
[LOG] Time: 781s | RTT: 138.00 ms
[LOG] Time: 782s | RTT: 60.00 ms
[LOG] Time: 783s | RTT: 60.00 ms
[LOG] Time: 784s | RTT: 60.00 ms
[LOG] Time: 785s | RTT: 69.00 ms
[LOG] Time: 786s | RTT: 69.00 ms
[LOG] Time: 787s | RTT: 69.00 ms
[LOG] Time: 788s | RTT: 65.00 ms
[LOG] Time: 789s | RTT: 65.00 ms
[LOG] Time: 790s | RTT: 67.00 ms
[LOG] Time: 791s | RTT: 67.00 ms
[LOG] Time: 792s | RTT: 67.00 ms
[LOG] Time: 793s | RTT: 79.00 ms
[LOG] Time: 794s | RTT: 79.00 ms
[LOG] Time: 795s | RTT: 68.00 ms
[LOG] Time: 796s | RTT: 68.00 ms
[LOG] Time: 797s | RTT: 68.00 ms
[LOG] Time: 798s | RTT: 99.00 ms
[LOG] Time: 799s | RTT: 99.00 ms
[LOG] Time: 801s | RTT: 99.00 ms
[LOG] Time: 802s | RTT: 70.00 ms
[LOG] Time: 803s | RTT: 70.00 ms
[LOG] Time: 804s | RTT: 184.00 ms
[LOG] Time: 805s | RTT: 184.00 ms
[LOG] Time: 806s | RTT: 184.00 ms
[LOG] Time: 807s | RTT: 71.00 ms
[LOG] Time: 808s | RTT: 71.00 ms
[LOG] Time: 809s | RTT: 71.00 ms
[LOG] Time: 810s | RTT: 70.00 ms
[LOG] Time: 811s | RTT: 70.00 ms
[LOG] Time: 812s | RTT: 71.00 ms
[LOG] Time: 813s | RTT: 71.00 ms
[LOG] Time: 814s | RTT: 71.00 ms
[LOG] Time: 815s | RTT: 70.00 ms
[LOG] Time: 816s | RTT: 70.00 ms
[LOG] Time: 817s | RTT: 80.00 ms
[LOG] Time: 818s | RTT: 80.00 ms
[LOG] Time: 819s | RTT: 80.00 ms
[LOG] Time: 820s | RTT: 76.00 ms
[LOG] Time: 821s | RTT: 76.00 ms
[LOG] Time: 822s | RTT: 76.00 ms
[LOG] Time: 823s | RTT: 81.00 ms
[LOG] Time: 824s | RTT: 81.00 ms
[LOG] Time: 825s | RTT: 69.00 ms
[LOG] Time: 826s | RTT: 69.00 ms
[LOG] Time: 827s | RTT: 69.00 ms
[LOG] Time: 828s | RTT: 77.00 ms
[LOG] Time: 829s | RTT: 77.00 ms
[LOG] Time: 830s | RTT: 72.00 ms
[LOG] Time: 831s | RTT: 72.00 ms
[LOG] Time: 832s | RTT: 72.00 ms
[LOG] Time: 833s | RTT: 93.00 ms
[LOG] Time: 834s | RTT: 93.00 ms
[LOG] Time: 835s | RTT: 93.00 ms
[LOG] Time: 836s | RTT: 81.00 ms
[LOG] Time: 837s | RTT: 81.00 ms
[LOG] Time: 838s | RTT: 90.00 ms
[LOG] Time: 839s | RTT: 90.00 ms
[LOG] Time: 840s | RTT: 90.00 ms
[LOG] Time: 841s | RTT: 115.00 ms
[LOG] Time: 842s | RTT: 115.00 ms
[LOG] Time: 843s | RTT: 115.00 ms
[LOG] Time: 844s | RTT: 116.00 ms
[LOG] Time: 845s | RTT: 116.00 ms
[LOG] Time: 846s | RTT: 79.00 ms
[LOG] Time: 847s | RTT: 79.00 ms
[LOG] Time: 848s | RTT: 79.00 ms
[LOG] Time: 849s | RTT: 79.00 ms
[LOG] Time: 850s | RTT: 79.00 ms
[LOG] Time: 851s | RTT: 83.00 ms
[LOG] Time: 852s | RTT: 83.00 ms
[LOG] Time: 853s | RTT: 83.00 ms
[LOG] Time: 854s | RTT: 83.00 ms
[LOG] Time: 855s | RTT: 83.00 ms
[LOG] Time: 856s | RTT: 83.00 ms
[LOG] Time: 857s | RTT: 62.00 ms
[LOG] Time: 858s | RTT: 62.00 ms
[LOG] Time: 859s | RTT: 90.00 ms
[LOG] Time: 860s | RTT: 90.00 ms
[LOG] Time: 861s | RTT: 90.00 ms
[LOG] Time: 862s | RTT: 61.00 ms
[LOG] Time: 863s | RTT: 61.00 ms
[LOG] Time: 864s | RTT: 61.00 ms
[LOG] Time: 865s | RTT: 61.00 ms
[LOG] Time: 866s | RTT: 61.00 ms
[LOG] Time: 867s | RTT: 75.00 ms
[LOG] Time: 868s | RTT: 75.00 ms
[LOG] Time: 870s | RTT: 75.00 ms
[LOG] Time: 871s | RTT: 65.00 ms
[LOG] Time: 872s | RTT: 65.00 ms
[LOG] Time: 873s | RTT: 66.00 ms
[LOG] Time: 874s | RTT: 66.00 ms
[LOG] Time: 875s | RTT: 66.00 ms
[LOG] Time: 876s | RTT: 67.00 ms
[LOG] Time: 877s | RTT: 67.00 ms
[LOG] Time: 878s | RTT: 67.00 ms
[LOG] Time: 879s | RTT: 60.00 ms
[LOG] Time: 880s | RTT: 60.00 ms
[LOG] Time: 881s | RTT: 61.00 ms
[LOG] Time: 882s | RTT: 61.00 ms
[LOG] Time: 883s | RTT: 61.00 ms
[LOG] Time: 884s | RTT: 55.00 ms
[LOG] Time: 885s | RTT: 55.00 ms
[LOG] Time: 886s | RTT: 57.00 ms
[LOG] Time: 887s | RTT: 57.00 ms
[LOG] Time: 888s | RTT: 57.00 ms
[LOG] Time: 889s | RTT: 65.00 ms
[LOG] Time: 890s | RTT: 65.00 ms
[LOG] Time: 891s | RTT: 65.00 ms
[LOG] Time: 892s | RTT: 65.00 ms
[LOG] Time: 893s | RTT: 65.00 ms
[LOG] Time: 894s | RTT: 61.00 ms
[LOG] Time: 895s | RTT: 61.00 ms
[LOG] Time: 896s | RTT: 61.00 ms
[LOG] Time: 897s | RTT: 62.00 ms
[LOG] Time: 898s | RTT: 62.00 ms
[LOG] Time: 899s | RTT: 62.00 ms
[*] Monitoring finished.

SUCCESS! Remote IP: 74.125.250.245
[*] Resolving Server Location...
SUCCESS! Server Location: Mountain View, United States (Google LLC)

[*] Running TCP MTR (Port 443)...
Start: 2026-02-20T11:05:27+0000
HOST: 2bd6f40aa83a                Loss%   Snt   Last   Avg  Best  Wrst StDev
  1. AS???    172.17.0.1           0.0%    10    0.2   0.3   0.2   0.6   0.1
  2. AS???    10.1.0.1             0.0%    10    5.3   3.5   1.8  12.1   3.2
  3. AS???    100.64.0.1           0.0%    10   59.6  58.3  51.3  73.2   6.2
  4. AS???    172.16.251.64        0.0%    10   64.7  58.5  52.3  64.7   5.2
  5. AS???    ???                 100.0    10    0.0   0.0   0.0   0.0   0.0
  6. AS14593  206.224.71.77        0.0%    10   54.8  60.2  51.8  69.5   5.2
        206.224.71.91                    
     AS14593  206.224.71.91
        206.224.71.83                    
     AS14593  206.224.71.83
        206.224.71.95                    
     AS14593  206.224.71.95
  7. AS15169  72.14.208.64         0.0%    10   60.7  58.5  51.8  67.1   5.9
  8. AS15169  216.239.57.67        0.0%    10   68.9  58.1  51.6  68.9   5.3
        74.125.253.15                    
     AS15169  74.125.253.15
        64.233.174.209                   
     AS15169  64.233.174.209
        216.239.57.29                    
     AS15169  216.239.57.29
  9. AS15169  209.85.249.95        0.0%    10   54.7  58.6  51.9  65.5   5.0
        142.251.60.109                   
     AS15169  142.251.60.109
        142.251.79.37                    
     AS15169  142.251.79.37
        142.251.60.131                   
     AS15169  142.251.60.131
        142.251.79.39                    
     AS15169  142.251.79.39
        209.85.250.77                    
     AS15169  209.85.250.77
        142.250.226.45                   
     AS15169  142.250.226.45
        142.250.226.107                  
     AS15169  142.250.226.107
 10. AS???    ???                 100.0    10    0.0   0.0   0.0   0.0   0.0

[*] Running UDP MTR...
Start: 2026-02-20T11:05:41+0000
HOST: 2bd6f40aa83a                Loss%   Snt   Last   Avg  Best  Wrst StDev
  1. AS???    172.17.0.1           0.0%    10    0.1   0.1   0.1   0.2   0.0
  2. AS???    10.1.0.1             0.0%    10    3.5  22.5   1.9  68.2  23.3
  3. AS???    100.64.0.1           0.0%    10   58.8  70.5  55.2  95.5  12.3
  4. AS???    172.16.251.64        0.0%    10   60.4  60.6  51.1  72.2   7.8
  5. AS14593  206.224.65.250       0.0%    10  120.7  77.5  53.6 120.7  26.7
        206.224.65.246                   
     AS14593  206.224.65.246
        206.224.65.254                   
     AS14593  206.224.65.254
        206.224.66.2                     
     AS14593  206.224.66.2
  6. AS14593  206.224.71.77        0.0%    10   59.4  73.3  51.6 102.4  17.2
        206.224.71.83                    
     AS14593  206.224.71.83
        206.224.71.95                    
     AS14593  206.224.71.95
        206.224.71.91                    
     AS14593  206.224.71.91
  7. AS15169  72.14.208.64         0.0%    10   72.9  78.2  58.3 127.7  23.9
  8. AS???    ???                 100.0    10    0.0   0.0   0.0   0.0   0.0
