[*] Config Loaded: Name='flight-van-hawaii-Teams', Duration=600s
[*] Launching Chrome for Teams...
[*] Joining URL: [MEETING_LINK_REMOVED]
[*] Navigating Join Flow...
[*] Looking for Join button...
    [+] JOIN CLICKED!
[*] Waiting for connection (20s)...
[*] Starting continuous monitoring for 600 seconds...
[LOG] Time: 0s | RTT: 129.00 ms | State: connected
[LOG] Time: 1s | RTT: 129.00 ms | State: connected
[LOG] Time: 2s | RTT: 120.00 ms | State: connected
[LOG] Time: 3s | RTT: 120.00 ms | State: connected
[LOG] Time: 4s | RTT: 164.00 ms | State: connected
[LOG] Time: 5s | RTT: 164.00 ms | State: connected
[LOG] Time: 7s | RTT: 149.00 ms | State: connected
[LOG] Time: 8s | RTT: 149.00 ms | State: connected
[LOG] Time: 9s | RTT: 149.00 ms | State: connected
[LOG] Time: 10s | RTT: 147.00 ms | State: connected
[LOG] Time: 11s | RTT: 147.00 ms | State: connected
[LOG] Time: 12s | RTT: 162.00 ms | State: connected
[LOG] Time: 13s | RTT: 162.00 ms | State: connected
[LOG] Time: 14s | RTT: 162.00 ms | State: connected
[LOG] Time: 16s | RTT: 144.00 ms | State: connected
[LOG] Time: 17s | RTT: 144.00 ms | State: connected
[LOG] Time: 18s | RTT: 161.00 ms | State: connected
[LOG] Time: 19s | RTT: 161.00 ms | State: connected
[LOG] Time: 20s | RTT: 161.00 ms | State: connected
[LOG] Time: 21s | RTT: 146.00 ms | State: connected
[LOG] Time: 22s | RTT: 146.00 ms | State: connected
[LOG] Time: 23s | RTT: 133.00 ms | State: connected
[LOG] Time: 24s | RTT: 133.00 ms | State: connected
[LOG] Time: 25s | RTT: 152.00 ms | State: connected
[LOG] Time: 26s | RTT: 152.00 ms | State: connected
[LOG] Time: 28s | RTT: 152.00 ms | State: connected
[LOG] Time: 29s | RTT: 169.00 ms | State: connected
[LOG] Time: 30s | RTT: 169.00 ms | State: connected
[LOG] Time: 31s | RTT: 157.00 ms | State: connected
[LOG] Time: 32s | RTT: 157.00 ms | State: connected
[LOG] Time: 33s | RTT: 157.00 ms | State: connected
[LOG] Time: 34s | RTT: 109.00 ms | State: connected
[LOG] Time: 35s | RTT: 109.00 ms | State: connected
[LOG] Time: 36s | RTT: 155.00 ms | State: connected
[LOG] Time: 37s | RTT: 155.00 ms | State: connected
[LOG] Time: 38s | RTT: 155.00 ms | State: connected
[LOG] Time: 40s | RTT: 127.00 ms | State: connected
[LOG] Time: 41s | RTT: 127.00 ms | State: connected
[LOG] Time: 42s | RTT: 150.00 ms | State: connected
[LOG] Time: 43s | RTT: 150.00 ms | State: connected
[LOG] Time: 44s | RTT: 142.00 ms | State: connected
[LOG] Time: 45s | RTT: 142.00 ms | State: connected
[LOG] Time: 46s | RTT: 142.00 ms | State: connected
[LOG] Time: 47s | RTT: 134.00 ms | State: connected
[LOG] Time: 49s | RTT: 134.00 ms | State: connected
[LOG] Time: 50s | RTT: 130.00 ms | State: connected
[LOG] Time: 51s | RTT: 130.00 ms | State: connected
[LOG] Time: 52s | RTT: 130.00 ms | State: connected
[LOG] Time: 53s | RTT: 158.00 ms | State: connected
[LOG] Time: 54s | RTT: 158.00 ms | State: connected
[LOG] Time: 55s | RTT: 113.00 ms | State: connected
[LOG] Time: 56s | RTT: 113.00 ms | State: connected
[LOG] Time: 57s | RTT: 155.00 ms | State: connected
[LOG] Time: 58s | RTT: 155.00 ms | State: connected
[LOG] Time: 60s | RTT: 155.00 ms | State: connected
[LOG] Time: 61s | RTT: 152.00 ms | State: connected
[LOG] Time: 62s | RTT: 152.00 ms | State: connected
[LOG] Time: 63s | RTT: 147.00 ms | State: connected
[LOG] Time: 64s | RTT: 147.00 ms | State: connected
[LOG] Time: 65s | RTT: 152.00 ms | State: connected
[LOG] Time: 66s | RTT: 152.00 ms | State: connected
[LOG] Time: 67s | RTT: 152.00 ms | State: connected
[LOG] Time: 68s | RTT: 99.00 ms | State: connected
[LOG] Time: 70s | RTT: 99.00 ms | State: connected
[LOG] Time: 71s | RTT: 156.00 ms | State: connected
[LOG] Time: 72s | RTT: 156.00 ms | State: connected
[LOG] Time: 73s | RTT: 156.00 ms | State: connected
[LOG] Time: 74s | RTT: 141.00 ms | State: connected
[LOG] Time: 75s | RTT: 141.00 ms | State: connected
[LOG] Time: 76s | RTT: 114.00 ms | State: connected
[LOG] Time: 77s | RTT: 114.00 ms | State: connected
[LOG] Time: 78s | RTT: 114.00 ms | State: connected
[LOG] Time: 79s | RTT: 120.00 ms | State: connected
[LOG] Time: 80s | RTT: 120.00 ms | State: connected
[LOG] Time: 82s | RTT: 131.00 ms | State: connected
[LOG] Time: 83s | RTT: 131.00 ms | State: connected
[LOG] Time: 84s | RTT: 120.00 ms | State: connected
[LOG] Time: 85s | RTT: 120.00 ms | State: connected
[LOG] Time: 86s | RTT: 120.00 ms | State: connected
[LOG] Time: 87s | RTT: 108.00 ms | State: connected
[LOG] Time: 88s | RTT: 108.00 ms | State: connected
[LOG] Time: 89s | RTT: 144.00 ms | State: connected
[LOG] Time: 90s | RTT: 144.00 ms | State: connected
[LOG] Time: 91s | RTT: 144.00 ms | State: connected
[LOG] Time: 92s | RTT: 325.00 ms | State: connected
[LOG] Time: 94s | RTT: 325.00 ms | State: connected
[LOG] Time: 95s | RTT: 152.00 ms | State: connected
[LOG] Time: 96s | RTT: 152.00 ms | State: connected
[LOG] Time: 97s | RTT: 152.00 ms | State: connected
[LOG] Time: 98s | RTT: 202.00 ms | State: connected
[LOG] Time: 99s | RTT: 202.00 ms | State: connected
[LOG] Time: 100s | RTT: 155.00 ms | State: connected
[LOG] Time: 101s | RTT: 155.00 ms | State: connected
[LOG] Time: 102s | RTT: 155.00 ms | State: connected
[LOG] Time: 103s | RTT: 183.00 ms | State: connected
[LOG] Time: 104s | RTT: 183.00 ms | State: connected
[LOG] Time: 105s | RTT: 238.00 ms | State: connected
[LOG] Time: 107s | RTT: 238.00 ms | State: connected
[LOG] Time: 108s | RTT: 136.00 ms | State: connected
[LOG] Time: 109s | RTT: 136.00 ms | State: connected
[LOG] Time: 110s | RTT: 136.00 ms | State: connected
[LOG] Time: 111s | RTT: 119.00 ms | State: connected
[LOG] Time: 112s | RTT: 119.00 ms | State: connected
[LOG] Time: 113s | RTT: 166.00 ms | State: connected
[LOG] Time: 114s | RTT: 166.00 ms | State: connected
[LOG] Time: 115s | RTT: 166.00 ms | State: connected
[LOG] Time: 116s | RTT: 228.00 ms | State: connected
[LOG] Time: 117s | RTT: 228.00 ms | State: connected
[LOG] Time: 118s | RTT: 168.00 ms | State: connected
[LOG] Time: 120s | RTT: 168.00 ms | State: connected
[LOG] Time: 121s | RTT: 168.00 ms | State: connected
[LOG] Time: 122s | RTT: 178.00 ms | State: connected
[LOG] Time: 123s | RTT: 178.00 ms | State: connected
[LOG] Time: 124s | RTT: 217.00 ms | State: connected
[LOG] Time: 125s | RTT: 217.00 ms | State: connected
[LOG] Time: 126s | RTT: 217.00 ms | State: connected
[LOG] Time: 127s | RTT: 141.00 ms | State: connected
[LOG] Time: 128s | RTT: 141.00 ms | State: connected
[LOG] Time: 129s | RTT: 125.00 ms | State: connected
[LOG] Time: 130s | RTT: 125.00 ms | State: connected
[LOG] Time: 132s | RTT: 110.00 ms | State: connected
[LOG] Time: 133s | RTT: 110.00 ms | State: connected
[LOG] Time: 134s | RTT: 110.00 ms | State: connected
[LOG] Time: 135s | RTT: 132.00 ms | State: connected
[LOG] Time: 136s | RTT: 132.00 ms | State: connected
[LOG] Time: 137s | RTT: 132.00 ms | State: connected
[LOG] Time: 138s | RTT: 291.00 ms | State: connected
[LOG] Time: 139s | RTT: 291.00 ms | State: connected
[LOG] Time: 140s | RTT: 136.00 ms | State: connected
[LOG] Time: 141s | RTT: 136.00 ms | State: connected
[LOG] Time: 142s | RTT: 119.00 ms | State: connected
[LOG] Time: 143s | RTT: 119.00 ms | State: connected
[LOG] Time: 145s | RTT: 119.00 ms | State: connected
[LOG] Time: 146s | RTT: 237.00 ms | State: connected
[LOG] Time: 147s | RTT: 237.00 ms | State: connected
[LOG] Time: 148s | RTT: 122.00 ms | State: connected
[LOG] Time: 149s | RTT: 122.00 ms | State: connected
[LOG] Time: 150s | RTT: 122.00 ms | State: connected
[LOG] Time: 151s | RTT: 134.00 ms | State: connected
[LOG] Time: 152s | RTT: 134.00 ms | State: connected
[LOG] Time: 153s | RTT: 130.00 ms | State: connected
[LOG] Time: 154s | RTT: 130.00 ms | State: connected
[LOG] Time: 155s | RTT: 125.00 ms | State: connected
[LOG] Time: 157s | RTT: 125.00 ms | State: connected
[LOG] Time: 158s | RTT: 125.00 ms | State: connected
[LOG] Time: 159s | RTT: 121.00 ms | State: connected
[LOG] Time: 160s | RTT: 121.00 ms | State: connected
[LOG] Time: 161s | RTT: 109.00 ms | State: connected
[LOG] Time: 162s | RTT: 109.00 ms | State: connected
[LOG] Time: 163s | RTT: 109.00 ms | State: connected
[LOG] Time: 164s | RTT: 140.00 ms | State: connected
[LOG] Time: 165s | RTT: 140.00 ms | State: connected
[LOG] Time: 166s | RTT: 157.00 ms | State: connected
[LOG] Time: 167s | RTT: 157.00 ms | State: connected
[LOG] Time: 168s | RTT: 157.00 ms | State: connected
[LOG] Time: 170s | RTT: 136.00 ms | State: connected
[LOG] Time: 171s | RTT: 136.00 ms | State: connected
[LOG] Time: 172s | RTT: 143.00 ms | State: connected
[LOG] Time: 173s | RTT: 143.00 ms | State: connected
[LOG] Time: 174s | RTT: 143.00 ms | State: connected
[LOG] Time: 175s | RTT: 145.00 ms | State: connected
[LOG] Time: 176s | RTT: 145.00 ms | State: connected
[LOG] Time: 177s | RTT: 160.00 ms | State: connected
[LOG] Time: 178s | RTT: 160.00 ms | State: connected
[LOG] Time: 180s | RTT: 143.00 ms | State: connected
[LOG] Time: 181s | RTT: 143.00 ms | State: connected
[LOG] Time: 182s | RTT: 143.00 ms | State: connected
[LOG] Time: 183s | RTT: 157.00 ms | State: connected
[LOG] Time: 184s | RTT: 157.00 ms | State: connected
[LOG] Time: 185s | RTT: 147.00 ms | State: connected
[LOG] Time: 186s | RTT: 147.00 ms | State: connected
[LOG] Time: 188s | RTT: 144.00 ms | State: connected
[LOG] Time: 189s | RTT: 144.00 ms | State: connected
[LOG] Time: 190s | RTT: 144.00 ms | State: connected
[LOG] Time: 191s | RTT: 130.00 ms | State: connected
[LOG] Time: 192s | RTT: 130.00 ms | State: connected
[LOG] Time: 193s | RTT: 126.00 ms | State: connected
[LOG] Time: 194s | RTT: 126.00 ms | State: connected
[LOG] Time: 195s | RTT: 175.00 ms | State: connected
[LOG] Time: 196s | RTT: 175.00 ms | State: connected
[LOG] Time: 198s | RTT: 175.00 ms | State: connected
[LOG] Time: 199s | RTT: 122.00 ms | State: connected
[LOG] Time: 200s | RTT: 122.00 ms | State: connected
[LOG] Time: 201s | RTT: 170.00 ms | State: connected
[LOG] Time: 202s | RTT: 170.00 ms | State: connected
[LOG] Time: 203s | RTT: 130.00 ms | State: connected
[LOG] Time: 204s | RTT: 130.00 ms | State: connected
[LOG] Time: 206s | RTT: 130.00 ms | State: connected
[LOG] Time: 207s | RTT: 155.00 ms | State: connected
[LOG] Time: 208s | RTT: 155.00 ms | State: connected
[LOG] Time: 209s | RTT: 201.00 ms | State: connected
[LOG] Time: 210s | RTT: 201.00 ms | State: connected
[LOG] Time: 211s | RTT: 120.00 ms | State: connected
[LOG] Time: 212s | RTT: 120.00 ms | State: connected
[LOG] Time: 213s | RTT: 120.00 ms | State: connected
[LOG] Time: 215s | RTT: 136.00 ms | State: connected
[LOG] Time: 216s | RTT: 136.00 ms | State: connected
[LOG] Time: 217s | RTT: 141.00 ms | State: connected
[LOG] Time: 218s | RTT: 141.00 ms | State: connected
[LOG] Time: 219s | RTT: 141.00 ms | State: connected
[LOG] Time: 220s | RTT: 141.00 ms | State: connected
[LOG] Time: 221s | RTT: 141.00 ms | State: connected
[LOG] Time: 222s | RTT: 132.00 ms | State: connected
[LOG] Time: 223s | RTT: 132.00 ms | State: connected
[LOG] Time: 224s | RTT: 132.00 ms | State: connected
[LOG] Time: 226s | RTT: 169.00 ms | State: connected
[LOG] Time: 227s | RTT: 169.00 ms | State: connected
[LOG] Time: 228s | RTT: 129.00 ms | State: connected
[LOG] Time: 229s | RTT: 129.00 ms | State: connected
[LOG] Time: 230s | RTT: 170.00 ms | State: connected
[LOG] Time: 231s | RTT: 170.00 ms | State: connected
[LOG] Time: 232s | RTT: 170.00 ms | State: connected
[LOG] Time: 233s | RTT: 143.00 ms | State: connected
[LOG] Time: 234s | RTT: 143.00 ms | State: connected
[LOG] Time: 236s | RTT: 161.00 ms | State: connected
[LOG] Time: 237s | RTT: 161.00 ms | State: connected
[LOG] Time: 238s | RTT: 161.00 ms | State: connected
[LOG] Time: 239s | RTT: 134.00 ms | State: connected
[LOG] Time: 240s | RTT: 134.00 ms | State: connected
[LOG] Time: 241s | RTT: 132.00 ms | State: connected
[LOG] Time: 242s | RTT: 132.00 ms | State: connected
[LOG] Time: 243s | RTT: 109.00 ms | State: connected
[LOG] Time: 244s | RTT: 109.00 ms | State: connected
[LOG] Time: 245s | RTT: 109.00 ms | State: connected
[LOG] Time: 246s | RTT: 152.00 ms | State: connected
[LOG] Time: 248s | RTT: 152.00 ms | State: connected
[LOG] Time: 249s | RTT: 108.00 ms | State: connected
[LOG] Time: 250s | RTT: 108.00 ms | State: connected
[LOG] Time: 251s | RTT: 108.00 ms | State: connected
[LOG] Time: 252s | RTT: 144.00 ms | State: connected
[LOG] Time: 253s | RTT: 144.00 ms | State: connected
[LOG] Time: 254s | RTT: 144.00 ms | State: connected
[LOG] Time: 255s | RTT: 144.00 ms | State: connected
[LOG] Time: 256s | RTT: 144.00 ms | State: connected
[LOG] Time: 257s | RTT: 147.00 ms | State: connected
[LOG] Time: 258s | RTT: 147.00 ms | State: connected
[LOG] Time: 260s | RTT: 197.00 ms | State: connected
[LOG] Time: 261s | RTT: 197.00 ms | State: connected
[LOG] Time: 262s | RTT: 127.00 ms | State: connected
[LOG] Time: 263s | RTT: 127.00 ms | State: connected
[LOG] Time: 264s | RTT: 127.00 ms | State: connected
[LOG] Time: 265s | RTT: 175.00 ms | State: connected
[LOG] Time: 266s | RTT: 175.00 ms | State: connected
[LOG] Time: 267s | RTT: 169.00 ms | State: connected
[LOG] Time: 268s | RTT: 169.00 ms | State: connected
[LOG] Time: 269s | RTT: 169.00 ms | State: connected
[LOG] Time: 270s | RTT: 195.00 ms | State: connected
[LOG] Time: 272s | RTT: 195.00 ms | State: connected
[LOG] Time: 273s | RTT: 172.00 ms | State: connected
[LOG] Time: 274s | RTT: 172.00 ms | State: connected
[LOG] Time: 275s | RTT: 172.00 ms | State: connected
[LOG] Time: 276s | RTT: 135.00 ms | State: connected
[LOG] Time: 277s | RTT: 135.00 ms | State: connected
[LOG] Time: 278s | RTT: 176.00 ms | State: connected
[LOG] Time: 279s | RTT: 176.00 ms | State: connected
[LOG] Time: 280s | RTT: 176.00 ms | State: connected
[LOG] Time: 281s | RTT: 179.00 ms | State: connected
[LOG] Time: 282s | RTT: 179.00 ms | State: connected
[LOG] Time: 284s | RTT: 661.00 ms | State: connected
[LOG] Time: 285s | RTT: 661.00 ms | State: connected
[LOG] Time: 286s | RTT: 176.00 ms | State: connected
[LOG] Time: 287s | RTT: 176.00 ms | State: connected
[LOG] Time: 288s | RTT: 176.00 ms | State: connected
[LOG] Time: 289s | RTT: 145.00 ms | State: connected
[LOG] Time: 290s | RTT: 145.00 ms | State: connected
[LOG] Time: 291s | RTT: 190.00 ms | State: connected
[LOG] Time: 292s | RTT: 190.00 ms | State: connected
[LOG] Time: 293s | RTT: 190.00 ms | State: connected
[LOG] Time: 294s | RTT: 546.00 ms | State: connected
[LOG] Time: 296s | RTT: 546.00 ms | State: connected
[LOG] Time: 297s | RTT: 215.00 ms | State: connected
[LOG] Time: 298s | RTT: 215.00 ms | State: connected
[LOG] Time: 299s | RTT: 215.00 ms | State: connected
[LOG] Time: 300s | RTT: 367.00 ms | State: connected
[LOG] Time: 301s | RTT: 367.00 ms | State: connected
[LOG] Time: 302s | RTT: 222.00 ms | State: connected
[LOG] Time: 303s | RTT: 222.00 ms | State: connected
[LOG] Time: 304s | RTT: 108.00 ms | State: connected
[LOG] Time: 305s | RTT: 108.00 ms | State: connected
[LOG] Time: 306s | RTT: 108.00 ms | State: connected
[LOG] Time: 308s | RTT: 150.00 ms | State: connected
[LOG] Time: 309s | RTT: 150.00 ms | State: connected
[LOG] Time: 310s | RTT: 182.00 ms | State: connected
[LOG] Time: 311s | RTT: 182.00 ms | State: connected
[LOG] Time: 312s | RTT: 182.00 ms | State: connected
[LOG] Time: 313s | RTT: 350.00 ms | State: connected
[LOG] Time: 314s | RTT: 350.00 ms | State: connected
[LOG] Time: 315s | RTT: 146.00 ms | State: connected
[LOG] Time: 316s | RTT: 146.00 ms | State: connected
[LOG] Time: 317s | RTT: 146.00 ms | State: connected
[LOG] Time: 318s | RTT: 110.00 ms | State: connected
[LOG] Time: 319s | RTT: 110.00 ms | State: connected
[LOG] Time: 321s | RTT: 152.00 ms | State: connected
[LOG] Time: 322s | RTT: 152.00 ms | State: connected
[LOG] Time: 323s | RTT: 152.00 ms | State: connected
[LOG] Time: 324s | RTT: 138.00 ms | State: connected
[LOG] Time: 325s | RTT: 138.00 ms | State: connected
[LOG] Time: 326s | RTT: 118.00 ms | State: connected
[LOG] Time: 327s | RTT: 118.00 ms | State: connected
[LOG] Time: 328s | RTT: 113.00 ms | State: connected
[LOG] Time: 329s | RTT: 113.00 ms | State: connected
[LOG] Time: 330s | RTT: 113.00 ms | State: connected
[LOG] Time: 331s | RTT: 255.00 ms | State: connected
[LOG] Time: 332s | RTT: 255.00 ms | State: connected
[LOG] Time: 334s | RTT: 152.00 ms | State: connected
[LOG] Time: 335s | RTT: 152.00 ms | State: connected
[LOG] Time: 336s | RTT: 152.00 ms | State: connected
[LOG] Time: 337s | RTT: 141.00 ms | State: connected
[LOG] Time: 338s | RTT: 141.00 ms | State: connected
[LOG] Time: 339s | RTT: 110.00 ms | State: connected
[LOG] Time: 340s | RTT: 110.00 ms | State: connected
[LOG] Time: 341s | RTT: 110.00 ms | State: connected
[LOG] Time: 342s | RTT: 99.00 ms | State: connected
[LOG] Time: 343s | RTT: 99.00 ms | State: connected
[LOG] Time: 344s | RTT: 119.00 ms | State: connected
[LOG] Time: 345s | RTT: 119.00 ms | State: connected
[LOG] Time: 347s | RTT: 119.00 ms | State: connected
[LOG] Time: 348s | RTT: 114.00 ms | State: connected
[LOG] Time: 349s | RTT: 114.00 ms | State: connected
[LOG] Time: 350s | RTT: 155.00 ms | State: connected
[LOG] Time: 351s | RTT: 155.00 ms | State: connected
[LOG] Time: 352s | RTT: 155.00 ms | State: connected
[LOG] Time: 353s | RTT: 139.00 ms | State: connected
[LOG] Time: 354s | RTT: 139.00 ms | State: connected
[LOG] Time: 355s | RTT: 157.00 ms | State: connected
[LOG] Time: 356s | RTT: 157.00 ms | State: connected
[LOG] Time: 357s | RTT: 146.00 ms | State: connected
[LOG] Time: 358s | RTT: 146.00 ms | State: connected
[LOG] Time: 360s | RTT: 146.00 ms | State: connected
[LOG] Time: 361s | RTT: 135.00 ms | State: connected
[LOG] Time: 362s | RTT: 135.00 ms | State: connected
[LOG] Time: 363s | RTT: 135.00 ms | State: connected
[LOG] Time: 364s | RTT: 135.00 ms | State: connected
[LOG] Time: 365s | RTT: 135.00 ms | State: connected
[LOG] Time: 366s | RTT: 128.00 ms | State: connected
[LOG] Time: 367s | RTT: 128.00 ms | State: connected
[LOG] Time: 368s | RTT: 144.00 ms | State: connected
[LOG] Time: 369s | RTT: 144.00 ms | State: connected
[LOG] Time: 370s | RTT: 144.00 ms | State: connected
[LOG] Time: 372s | RTT: 127.00 ms | State: connected
[LOG] Time: 373s | RTT: 127.00 ms | State: connected
[LOG] Time: 374s | RTT: 157.00 ms | State: connected
[LOG] Time: 375s | RTT: 157.00 ms | State: connected
[LOG] Time: 376s | RTT: 157.00 ms | State: connected
[LOG] Time: 377s | RTT: 141.00 ms | State: connected
[LOG] Time: 378s | RTT: 141.00 ms | State: connected
[LOG] Time: 379s | RTT: 141.00 ms | State: connected
[LOG] Time: 380s | RTT: 141.00 ms | State: connected
[LOG] Time: 381s | RTT: 128.00 ms | State: connected
[LOG] Time: 382s | RTT: 128.00 ms | State: connected
[LOG] Time: 383s | RTT: 128.00 ms | State: connected
[LOG] Time: 385s | RTT: 108.00 ms | State: connected
[LOG] Time: 386s | RTT: 108.00 ms | State: connected
[LOG] Time: 387s | RTT: 177.00 ms | State: connected
[LOG] Time: 388s | RTT: 177.00 ms | State: connected
[LOG] Time: 389s | RTT: 177.00 ms | State: connected
[LOG] Time: 390s | RTT: 129.00 ms | State: connected
[LOG] Time: 391s | RTT: 129.00 ms | State: connected
[LOG] Time: 392s | RTT: 114.00 ms | State: connected
[LOG] Time: 393s | RTT: 114.00 ms | State: connected
[LOG] Time: 394s | RTT: 114.00 ms | State: connected
[LOG] Time: 395s | RTT: 151.00 ms | State: connected
[LOG] Time: 397s | RTT: 151.00 ms | State: connected
[LOG] Time: 398s | RTT: 163.00 ms | State: connected
[LOG] Time: 399s | RTT: 163.00 ms | State: connected
[LOG] Time: 400s | RTT: 150.00 ms | State: connected
[LOG] Time: 401s | RTT: 150.00 ms | State: connected
[LOG] Time: 402s | RTT: 150.00 ms | State: connected
[LOG] Time: 403s | RTT: 135.00 ms | State: connected
[LOG] Time: 404s | RTT: 135.00 ms | State: connected
[LOG] Time: 405s | RTT: 257.00 ms | State: connected
[LOG] Time: 406s | RTT: 257.00 ms | State: connected
[LOG] Time: 408s | RTT: 257.00 ms | State: connected
[LOG] Time: 409s | RTT: 193.00 ms | State: connected
[LOG] Time: 410s | RTT: 193.00 ms | State: connected
[LOG] Time: 411s | RTT: 190.00 ms | State: connected
[LOG] Time: 412s | RTT: 190.00 ms | State: connected
[LOG] Time: 413s | RTT: 190.00 ms | State: connected
[LOG] Time: 414s | RTT: 268.00 ms | State: connected
[LOG] Time: 415s | RTT: 268.00 ms | State: connected
[LOG] Time: 416s | RTT: 346.00 ms | State: connected
[LOG] Time: 417s | RTT: 346.00 ms | State: connected
[LOG] Time: 418s | RTT: 346.00 ms | State: connected
[LOG] Time: 419s | RTT: 165.00 ms | State: connected
[LOG] Time: 421s | RTT: 165.00 ms | State: connected
[LOG] Time: 422s | RTT: 271.00 ms | State: connected
[LOG] Time: 423s | RTT: 271.00 ms | State: connected
[LOG] Time: 424s | RTT: 271.00 ms | State: connected
[LOG] Time: 425s | RTT: 259.00 ms | State: connected
[LOG] Time: 426s | RTT: 259.00 ms | State: connected
[LOG] Time: 427s | RTT: 263.00 ms | State: connected
[LOG] Time: 428s | RTT: 263.00 ms | State: connected
[LOG] Time: 429s | RTT: 151.00 ms | State: connected
[LOG] Time: 430s | RTT: 151.00 ms | State: connected
[LOG] Time: 431s | RTT: 151.00 ms | State: connected
[LOG] Time: 433s | RTT: 151.00 ms | State: connected
[LOG] Time: 434s | RTT: 151.00 ms | State: connected
[LOG] Time: 435s | RTT: 133.00 ms | State: connected
[LOG] Time: 436s | RTT: 133.00 ms | State: connected
[LOG] Time: 437s | RTT: 133.00 ms | State: connected
[LOG] Time: 438s | RTT: 135.00 ms | State: connected
[LOG] Time: 439s | RTT: 135.00 ms | State: connected
[LOG] Time: 440s | RTT: 125.00 ms | State: connected
[LOG] Time: 441s | RTT: 125.00 ms | State: connected
[LOG] Time: 442s | RTT: 125.00 ms | State: connected
[LOG] Time: 443s | RTT: 119.00 ms | State: connected
[LOG] Time: 444s | RTT: 119.00 ms | State: connected
[LOG] Time: 446s | RTT: 131.00 ms | State: connected
[LOG] Time: 447s | RTT: 131.00 ms | State: connected
[LOG] Time: 448s | RTT: 131.00 ms | State: connected
[LOG] Time: 449s | RTT: 287.00 ms | State: connected
[LOG] Time: 450s | RTT: 287.00 ms | State: connected
[LOG] Time: 451s | RTT: 119.00 ms | State: connected
[LOG] Time: 452s | RTT: 119.00 ms | State: connected
[LOG] Time: 453s | RTT: 206.00 ms | State: connected
[LOG] Time: 454s | RTT: 206.00 ms | State: connected
[LOG] Time: 455s | RTT: 206.00 ms | State: connected
[LOG] Time: 456s | RTT: 146.00 ms | State: connected
[LOG] Time: 457s | RTT: 146.00 ms | State: connected
[LOG] Time: 459s | RTT: 163.00 ms | State: connected
[LOG] Time: 460s | RTT: 163.00 ms | State: connected
[LOG] Time: 461s | RTT: 163.00 ms | State: connected
[LOG] Time: 462s | RTT: 137.00 ms | State: connected
[LOG] Time: 463s | RTT: 137.00 ms | State: connected
[LOG] Time: 464s | RTT: 159.00 ms | State: connected
[LOG] Time: 465s | RTT: 159.00 ms | State: connected
[LOG] Time: 466s | RTT: 159.00 ms | State: connected
[LOG] Time: 467s | RTT: 148.00 ms | State: connected
[LOG] Time: 468s | RTT: 148.00 ms | State: connected
[LOG] Time: 469s | RTT: 120.00 ms | State: connected
[LOG] Time: 470s | RTT: 120.00 ms | State: connected
[LOG] Time: 471s | RTT: 120.00 ms | State: connected
[LOG] Time: 473s | RTT: 115.00 ms | State: connected
[LOG] Time: 474s | RTT: 115.00 ms | State: connected
[LOG] Time: 475s | RTT: 107.00 ms | State: connected
[LOG] Time: 476s | RTT: 107.00 ms | State: connected
[LOG] Time: 477s | RTT: 147.00 ms | State: connected
[LOG] Time: 478s | RTT: 147.00 ms | State: connected
[LOG] Time: 479s | RTT: 147.00 ms | State: connected
[LOG] Time: 480s | RTT: 159.00 ms | State: connected
[LOG] Time: 481s | RTT: 159.00 ms | State: connected
[LOG] Time: 482s | RTT: 137.00 ms | State: connected
[LOG] Time: 483s | RTT: 137.00 ms | State: connected
[LOG] Time: 484s | RTT: 137.00 ms | State: connected
[LOG] Time: 486s | RTT: 161.00 ms | State: connected
[LOG] Time: 487s | RTT: 161.00 ms | State: connected
[LOG] Time: 488s | RTT: 158.00 ms | State: connected
[LOG] Time: 489s | RTT: 158.00 ms | State: connected
[LOG] Time: 490s | RTT: 158.00 ms | State: connected
[LOG] Time: 491s | RTT: 145.00 ms | State: connected
[LOG] Time: 492s | RTT: 145.00 ms | State: connected
[LOG] Time: 493s | RTT: 129.00 ms | State: connected
[LOG] Time: 494s | RTT: 129.00 ms | State: connected
[LOG] Time: 495s | RTT: 129.00 ms | State: connected
[LOG] Time: 496s | RTT: 129.00 ms | State: connected
[LOG] Time: 497s | RTT: 129.00 ms | State: connected
[LOG] Time: 498s | RTT: 133.00 ms | State: connected
[LOG] Time: 500s | RTT: 133.00 ms | State: connected
[LOG] Time: 501s | RTT: 133.00 ms | State: connected
[LOG] Time: 502s | RTT: 99.00 ms | State: connected
[LOG] Time: 503s | RTT: 99.00 ms | State: connected
[LOG] Time: 504s | RTT: 104.00 ms | State: connected
[LOG] Time: 505s | RTT: 104.00 ms | State: connected
[LOG] Time: 506s | RTT: 104.00 ms | State: connected
[LOG] Time: 507s | RTT: 145.00 ms | State: connected
[LOG] Time: 508s | RTT: 145.00 ms | State: connected
[LOG] Time: 509s | RTT: 153.00 ms | State: connected
[LOG] Time: 510s | RTT: 153.00 ms | State: connected
[LOG] Time: 511s | RTT: 149.00 ms | State: connected
[LOG] Time: 513s | RTT: 149.00 ms | State: connected
[LOG] Time: 514s | RTT: 149.00 ms | State: connected
[LOG] Time: 515s | RTT: 134.00 ms | State: connected
[LOG] Time: 516s | RTT: 134.00 ms | State: connected
[LOG] Time: 517s | RTT: 125.00 ms | State: connected
[LOG] Time: 518s | RTT: 125.00 ms | State: connected
[LOG] Time: 519s | RTT: 125.00 ms | State: connected
[LOG] Time: 520s | RTT: 117.00 ms | State: connected
[LOG] Time: 521s | RTT: 117.00 ms | State: connected
[LOG] Time: 522s | RTT: 142.00 ms | State: connected
[LOG] Time: 523s | RTT: 142.00 ms | State: connected
[LOG] Time: 524s | RTT: 142.00 ms | State: connected
[LOG] Time: 526s | RTT: 147.00 ms | State: connected
[LOG] Time: 527s | RTT: 147.00 ms | State: connected
[LOG] Time: 528s | RTT: 124.00 ms | State: connected
[LOG] Time: 529s | RTT: 124.00 ms | State: connected
[LOG] Time: 530s | RTT: 155.00 ms | State: connected
[LOG] Time: 531s | RTT: 155.00 ms | State: connected
[LOG] Time: 532s | RTT: 155.00 ms | State: connected
[LOG] Time: 533s | RTT: 167.00 ms | State: connected
[LOG] Time: 534s | RTT: 167.00 ms | State: connected
[LOG] Time: 535s | RTT: 157.00 ms | State: connected
[LOG] Time: 537s | RTT: 157.00 ms | State: connected
[LOG] Time: 538s | RTT: 157.00 ms | State: connected
[LOG] Time: 539s | RTT: 153.00 ms | State: connected
[LOG] Time: 540s | RTT: 153.00 ms | State: connected
[LOG] Time: 541s | RTT: 167.00 ms | State: connected
[LOG] Time: 542s | RTT: 167.00 ms | State: connected
[LOG] Time: 543s | RTT: 167.00 ms | State: connected
[LOG] Time: 544s | RTT: 153.00 ms | State: connected
[LOG] Time: 545s | RTT: 153.00 ms | State: connected
[LOG] Time: 546s | RTT: 155.00 ms | State: connected
[LOG] Time: 547s | RTT: 155.00 ms | State: connected
[LOG] Time: 548s | RTT: 155.00 ms | State: connected
[LOG] Time: 549s | RTT: 159.00 ms | State: connected
[LOG] Time: 551s | RTT: 159.00 ms | State: connected
[LOG] Time: 552s | RTT: 162.00 ms | State: connected
[LOG] Time: 553s | RTT: 162.00 ms | State: connected
[LOG] Time: 554s | RTT: 162.00 ms | State: connected
[LOG] Time: 555s | RTT: 168.00 ms | State: connected
[LOG] Time: 556s | RTT: 168.00 ms | State: connected
[LOG] Time: 557s | RTT: 150.00 ms | State: connected
[LOG] Time: 558s | RTT: 150.00 ms | State: connected
[LOG] Time: 559s | RTT: 150.00 ms | State: connected
[LOG] Time: 560s | RTT: 171.00 ms | State: connected
[LOG] Time: 561s | RTT: 171.00 ms | State: connected
[LOG] Time: 562s | RTT: 157.00 ms | State: connected
[LOG] Time: 564s | RTT: 157.00 ms | State: connected
[LOG] Time: 565s | RTT: 146.00 ms | State: connected
[LOG] Time: 566s | RTT: 146.00 ms | State: connected
[LOG] Time: 567s | RTT: 146.00 ms | State: connected
[LOG] Time: 568s | RTT: 187.00 ms | State: connected
[LOG] Time: 569s | RTT: 187.00 ms | State: connected
[LOG] Time: 570s | RTT: 283.00 ms | State: connected
[LOG] Time: 571s | RTT: 283.00 ms | State: connected
[LOG] Time: 572s | RTT: 283.00 ms | State: connected
[LOG] Time: 573s | RTT: 254.00 ms | State: connected
[LOG] Time: 574s | RTT: 254.00 ms | State: connected
[LOG] Time: 575s | RTT: 178.00 ms | State: connected
[LOG] Time: 576s | RTT: 178.00 ms | State: connected
[LOG] Time: 578s | RTT: 178.00 ms | State: connected
[LOG] Time: 579s | RTT: 344.00 ms | State: connected
[LOG] Time: 580s | RTT: 344.00 ms | State: connected
[LOG] Time: 581s | RTT: 275.00 ms | State: connected
[LOG] Time: 582s | RTT: 275.00 ms | State: connected
[LOG] Time: 583s | RTT: 275.00 ms | State: connected
[LOG] Time: 584s | RTT: 153.00 ms | State: connected
[LOG] Time: 585s | RTT: 153.00 ms | State: connected
[LOG] Time: 586s | RTT: 200.00 ms | State: connected
[LOG] Time: 587s | RTT: 200.00 ms | State: connected
[LOG] Time: 588s | RTT: 141.00 ms | State: connected
[LOG] Time: 590s | RTT: 141.00 ms | State: connected
[LOG] Time: 591s | RTT: 141.00 ms | State: connected
[LOG] Time: 592s | RTT: 461.00 ms | State: connected
[LOG] Time: 593s | RTT: 461.00 ms | State: connected
[LOG] Time: 594s | RTT: 461.00 ms | State: connected
[LOG] Time: 595s | RTT: 481.00 ms | State: connected
[LOG] Time: 596s | RTT: 481.00 ms | State: connected
[LOG] Time: 597s | RTT: 194.00 ms | State: connected
[LOG] Time: 598s | RTT: 194.00 ms | State: connected
[LOG] Time: 599s | RTT: 218.00 ms | State: connected
[*] Monitoring finished.

SUCCESS! Remote IP: 48.208.173.226
[*] Resolving Server Location...
SUCCESS! Server Location: San Francisco, United States (Microsoft Corporation)

[*] Running TCP MTR (Port 443)...
Start: 2026-02-16T04:45:12+0000
HOST: 1f651d942f76                Loss%   Snt   Last   Avg  Best  Wrst StDev
  1. AS???    172.17.0.1           0.0%    10    0.2   0.2   0.2   0.3   0.0
  2. AS???    10.1.0.1             0.0%    10  782.1 129.7   3.5 782.1 251.6
  3. AS???    100.64.0.1           0.0%    10  775.5 182.3  31.5 775.5 261.4
  4. AS???    172.16.250.50        0.0%    10  732.7 179.1  36.4 732.7 238.5
  5. AS???    ???                 100.0    10    0.0   0.0   0.0   0.0   0.0
  6. AS14593  206.224.71.77        0.0%    10  658.6 235.8  34.0 658.6 198.6
        206.224.71.75                    
     AS14593  206.224.71.75
        206.224.71.91                    
     AS14593  206.224.71.91
        206.224.71.88                    
     AS14593  206.224.71.88
        206.224.71.95                    
     AS14593  206.224.71.95
        206.224.71.86                    
     AS14593  206.224.71.86
  7. AS8075   104.44.57.195        0.0%    10  620.9 228.6  39.5 620.9 181.8
        104.44.57.191                    
     AS8075   104.44.57.191
  8. AS8075   104.44.42.2          0.0%    10  844.1 238.0  47.3 844.1 229.9
        104.44.55.75                     
     AS8075   104.44.55.75
        104.44.41.128                    
     AS8075   104.44.41.128
        104.44.55.81                     
     AS8075   104.44.55.81
  9. AS8075   104.44.33.171        0.0%    10  855.9 526.1  48.7 2088. 664.9
        104.44.33.179                    
     AS8075   104.44.33.179
        104.44.33.173                    
     AS8075   104.44.33.173
 10. AS8075   51.10.26.167         0.0%    10  855.1 191.9  42.7 855.1 244.8
        51.10.26.165                     
     AS8075   51.10.26.165
 11. AS8075   104.44.17.22         0.0%    10  815.0 178.7  42.4 815.0 232.3
        104.44.22.146                    
     AS8075   104.44.22.146
        104.44.17.20                     
     AS8075   104.44.17.20
        104.44.22.154                    
     AS8075   104.44.22.154
        104.44.20.217                    
     AS8075   104.44.20.217
 12. AS8075   104.44.22.174       60.0%    10  774.7 342.3  47.9 774.7 308.2
        104.44.22.168                    
     AS8075   104.44.22.168
 13. AS???    ???                 100.0    10    0.0   0.0   0.0   0.0   0.0

[*] Running UDP MTR...
Start: 2026-02-16T04:45:34+0000
HOST: 1f651d942f76                Loss%   Snt   Last   Avg  Best  Wrst StDev
  1. AS???    172.17.0.1           0.0%    10    0.1   0.1   0.1   0.2   0.0
  2. AS???    10.1.0.1             0.0%    10    8.4  17.4   1.5 116.0  35.1
  3. AS???    100.64.0.1           0.0%    10   38.9  45.2  36.0  56.6   5.9
  4. AS???    172.16.250.50        0.0%    10   43.9  55.4  37.5 152.0  34.5
  5. AS14593  206.224.65.248       0.0%    10   84.3  52.8  37.7 101.7  22.2
        206.224.65.252                   
     AS14593  206.224.65.252
        206.224.65.244                   
     AS14593  206.224.65.244
        206.224.66.0                     
     AS14593  206.224.66.0
  6. AS14593  206.224.71.86        0.0%    10   51.7  49.0  35.4  91.9  16.9
        206.224.71.91                    
     AS14593  206.224.71.91
        206.224.71.83                    
     AS14593  206.224.71.83
        206.224.71.75                    
     AS14593  206.224.71.75
        206.224.71.88                    
     AS14593  206.224.71.88
  7. AS8075   104.44.57.191        0.0%    10   46.8  51.7  42.0  65.0   7.3
        104.44.57.195                    
     AS8075   104.44.57.195
  8. AS8075   104.44.41.128        0.0%    10   60.3  81.7  37.8 197.8  57.9
        104.44.42.2                      
     AS8075   104.44.42.2
        104.44.55.81                     
     AS8075   104.44.55.81
        104.44.55.75                     
     AS8075   104.44.55.75
  9. AS8075   104.44.33.171       30.0%    10   81.3  65.4  48.8 114.0  24.1
        104.44.33.181                    
     AS8075   104.44.33.181
        104.44.33.173                    
     AS8075   104.44.33.173
        104.44.33.179                    
     AS8075   104.44.33.179
 10. AS8075   51.10.26.165         0.0%    10   59.5  62.3  44.4 111.3  20.3
        51.10.26.167                     
     AS8075   51.10.26.167
 11. AS8075   104.44.17.20         0.0%    10  217.4  90.7  47.0 217.4  65.3
        104.44.22.148                    
     AS8075   104.44.22.148
        104.44.23.63                     
     AS8075   104.44.23.63
        104.44.20.217                    
     AS8075   104.44.20.217
        104.44.22.154                    
     AS8075   104.44.22.154
        104.44.22.146                    
     AS8075   104.44.22.146
 12. AS8075   104.44.22.176       50.0%    10   83.2  54.7  46.2  83.2  16.0
        104.44.22.168                    
     AS8075   104.44.22.168
        104.44.23.73                     
     AS8075   104.44.23.73
        104.44.23.75                     
     AS8075   104.44.23.75
 13. AS???    ???                 100.0    10    0.0   0.0   0.0   0.0   0.0
