[*] Config Loaded: Name='flight-hawaii-van-Zoom', Duration=900s
[*] Launching Chrome for Zoom...
[*] Joining URL: [MEETING_LINK_REMOVED]
[*] Name entered: flight-hawaii-van-Zoom
[*] Inside meeting. Starting monitoring...
[LOG] Time: 0s | RTT: 61.00 ms
[LOG] Time: 1s | RTT: 61.00 ms
[LOG] Time: 2s | RTT: 72.00 ms
[LOG] Time: 3s | RTT: 72.00 ms
[LOG] Time: 4s | RTT: 72.00 ms
[LOG] Time: 5s | RTT: 69.00 ms
[LOG] Time: 6s | RTT: 69.00 ms
[LOG] Time: 7s | RTT: 69.00 ms
[LOG] Time: 8s | RTT: 63.00 ms
[LOG] Time: 9s | RTT: 63.00 ms
[LOG] Time: 10s | RTT: 54.00 ms
[LOG] Time: 11s | RTT: 54.00 ms
[LOG] Time: 12s | RTT: 54.00 ms
[LOG] Time: 13s | RTT: 57.00 ms
[LOG] Time: 14s | RTT: 57.00 ms
[LOG] Time: 15s | RTT: 57.00 ms
[LOG] Time: 16s | RTT: 59.00 ms
[LOG] Time: 17s | RTT: 59.00 ms
[LOG] Time: 18s | RTT: 61.00 ms
[LOG] Time: 19s | RTT: 61.00 ms
[LOG] Time: 20s | RTT: 61.00 ms
[LOG] Time: 21s | RTT: 69.00 ms
[LOG] Time: 22s | RTT: 69.00 ms
[LOG] Time: 23s | RTT: 61.00 ms
[LOG] Time: 24s | RTT: 61.00 ms
[LOG] Time: 25s | RTT: 61.00 ms
[LOG] Time: 26s | RTT: 82.00 ms
[LOG] Time: 27s | RTT: 82.00 ms
[LOG] Time: 28s | RTT: 82.00 ms
[LOG] Time: 29s | RTT: 56.00 ms
[LOG] Time: 30s | RTT: 56.00 ms
[LOG] Time: 31s | RTT: 83.00 ms
[LOG] Time: 32s | RTT: 83.00 ms
[LOG] Time: 33s | RTT: 83.00 ms
[LOG] Time: 34s | RTT: 83.00 ms
[LOG] Time: 35s | RTT: 870.00 ms
[LOG] Time: 36s | RTT: 870.00 ms
[LOG] Time: 37s | RTT: 107.00 ms
[LOG] Time: 38s | RTT: 107.00 ms
[LOG] Time: 39s | RTT: 106.00 ms
[LOG] Time: 40s | RTT: 106.00 ms
[LOG] Time: 41s | RTT: 106.00 ms
[LOG] Time: 42s | RTT: 67.00 ms
[LOG] Time: 43s | RTT: 67.00 ms
[LOG] Time: 44s | RTT: 109.00 ms
[LOG] Time: 45s | RTT: 109.00 ms
[LOG] Time: 46s | RTT: 109.00 ms
[LOG] Time: 47s | RTT: 64.00 ms
[LOG] Time: 48s | RTT: 64.00 ms
[LOG] Time: 49s | RTT: 64.00 ms
[LOG] Time: 50s | RTT: 105.00 ms
[LOG] Time: 51s | RTT: 105.00 ms
[LOG] Time: 52s | RTT: 165.00 ms
[LOG] Time: 53s | RTT: 165.00 ms
[LOG] Time: 54s | RTT: 165.00 ms
[LOG] Time: 55s | RTT: 55.00 ms
[LOG] Time: 56s | RTT: 55.00 ms
[LOG] Time: 57s | RTT: 62.00 ms
[LOG] Time: 58s | RTT: 62.00 ms
[LOG] Time: 59s | RTT: 62.00 ms
[LOG] Time: 60s | RTT: 62.00 ms
[LOG] Time: 61s | RTT: 62.00 ms
[LOG] Time: 62s | RTT: 62.00 ms
[LOG] Time: 63s | RTT: 55.00 ms
[LOG] Time: 64s | RTT: 55.00 ms
[LOG] Time: 65s | RTT: 62.00 ms
[LOG] Time: 67s | RTT: 62.00 ms
[LOG] Time: 68s | RTT: 62.00 ms
[LOG] Time: 69s | RTT: 64.00 ms
[LOG] Time: 70s | RTT: 64.00 ms
[LOG] Time: 71s | RTT: 64.00 ms
[LOG] Time: 72s | RTT: 69.00 ms
[LOG] Time: 73s | RTT: 69.00 ms
[LOG] Time: 74s | RTT: 71.00 ms
[LOG] Time: 75s | RTT: 71.00 ms
[LOG] Time: 76s | RTT: 71.00 ms
[LOG] Time: 77s | RTT: 84.00 ms
[LOG] Time: 78s | RTT: 84.00 ms
[LOG] Time: 79s | RTT: 70.00 ms
[LOG] Time: 80s | RTT: 70.00 ms
[LOG] Time: 81s | RTT: 70.00 ms
[LOG] Time: 82s | RTT: 73.00 ms
[LOG] Time: 83s | RTT: 73.00 ms
[LOG] Time: 84s | RTT: 73.00 ms
[LOG] Time: 85s | RTT: 100.00 ms
[LOG] Time: 86s | RTT: 100.00 ms
[LOG] Time: 87s | RTT: 96.00 ms
[LOG] Time: 88s | RTT: 96.00 ms
[LOG] Time: 89s | RTT: 96.00 ms
[LOG] Time: 90s | RTT: 97.00 ms
[LOG] Time: 91s | RTT: 97.00 ms
[LOG] Time: 92s | RTT: 101.00 ms
[LOG] Time: 93s | RTT: 101.00 ms
[LOG] Time: 94s | RTT: 101.00 ms
[LOG] Time: 95s | RTT: 96.00 ms
[LOG] Time: 96s | RTT: 96.00 ms
[LOG] Time: 97s | RTT: 96.00 ms
[LOG] Time: 98s | RTT: 95.00 ms
[LOG] Time: 99s | RTT: 95.00 ms
[LOG] Time: 100s | RTT: 98.00 ms
[LOG] Time: 101s | RTT: 98.00 ms
[LOG] Time: 102s | RTT: 98.00 ms
[LOG] Time: 103s | RTT: 102.00 ms
[LOG] Time: 104s | RTT: 102.00 ms
[LOG] Time: 105s | RTT: 102.00 ms
[LOG] Time: 106s | RTT: 96.00 ms
[LOG] Time: 107s | RTT: 96.00 ms
[LOG] Time: 108s | RTT: 99.00 ms
[LOG] Time: 109s | RTT: 99.00 ms
[LOG] Time: 110s | RTT: 99.00 ms
[LOG] Time: 111s | RTT: 104.00 ms
[LOG] Time: 112s | RTT: 104.00 ms
[LOG] Time: 113s | RTT: 91.00 ms
[LOG] Time: 114s | RTT: 91.00 ms
[LOG] Time: 115s | RTT: 91.00 ms
[LOG] Time: 116s | RTT: 81.00 ms
[LOG] Time: 117s | RTT: 81.00 ms
[LOG] Time: 118s | RTT: 81.00 ms
[LOG] Time: 119s | RTT: 74.00 ms
[LOG] Time: 120s | RTT: 74.00 ms
[LOG] Time: 121s | RTT: 90.00 ms
[LOG] Time: 122s | RTT: 90.00 ms
[LOG] Time: 123s | RTT: 90.00 ms
[LOG] Time: 124s | RTT: 74.00 ms
[LOG] Time: 125s | RTT: 74.00 ms
[LOG] Time: 126s | RTT: 74.00 ms
[LOG] Time: 127s | RTT: 74.00 ms
[LOG] Time: 129s | RTT: 74.00 ms
[LOG] Time: 130s | RTT: 83.00 ms
[LOG] Time: 131s | RTT: 83.00 ms
[LOG] Time: 132s | RTT: 83.00 ms
[LOG] Time: 133s | RTT: 75.00 ms
[LOG] Time: 134s | RTT: 75.00 ms
[LOG] Time: 135s | RTT: 87.00 ms
[LOG] Time: 136s | RTT: 87.00 ms
[LOG] Time: 137s | RTT: 87.00 ms
[LOG] Time: 138s | RTT: 75.00 ms
[LOG] Time: 139s | RTT: 75.00 ms
[LOG] Time: 140s | RTT: 80.00 ms
[LOG] Time: 141s | RTT: 80.00 ms
[LOG] Time: 142s | RTT: 80.00 ms
[LOG] Time: 143s | RTT: 81.00 ms
[LOG] Time: 144s | RTT: 81.00 ms
[LOG] Time: 145s | RTT: 81.00 ms
[LOG] Time: 146s | RTT: 149.00 ms
[LOG] Time: 147s | RTT: 149.00 ms
[LOG] Time: 148s | RTT: 108.00 ms
[LOG] Time: 149s | RTT: 108.00 ms
[LOG] Time: 150s | RTT: 108.00 ms
[LOG] Time: 151s | RTT: 114.00 ms
[LOG] Time: 152s | RTT: 114.00 ms
[LOG] Time: 153s | RTT: 113.00 ms
[LOG] Time: 154s | RTT: 113.00 ms
[LOG] Time: 155s | RTT: 113.00 ms
[LOG] Time: 156s | RTT: 121.00 ms
[LOG] Time: 157s | RTT: 121.00 ms
[LOG] Time: 158s | RTT: 121.00 ms
[LOG] Time: 159s | RTT: 61.00 ms
[LOG] Time: 160s | RTT: 61.00 ms
[LOG] Time: 161s | RTT: 51.00 ms
[LOG] Time: 162s | RTT: 51.00 ms
[LOG] Time: 163s | RTT: 51.00 ms
[LOG] Time: 164s | RTT: 70.00 ms
[LOG] Time: 165s | RTT: 70.00 ms
[LOG] Time: 166s | RTT: 70.00 ms
[LOG] Time: 167s | RTT: 72.00 ms
[LOG] Time: 168s | RTT: 72.00 ms
[LOG] Time: 169s | RTT: 67.00 ms
[LOG] Time: 170s | RTT: 67.00 ms
[LOG] Time: 171s | RTT: 67.00 ms
[LOG] Time: 172s | RTT: 67.00 ms
[LOG] Time: 173s | RTT: 67.00 ms
[LOG] Time: 174s | RTT: 74.00 ms
[LOG] Time: 175s | RTT: 74.00 ms
[LOG] Time: 176s | RTT: 74.00 ms
[LOG] Time: 177s | RTT: 86.00 ms
[LOG] Time: 178s | RTT: 86.00 ms
[LOG] Time: 179s | RTT: 86.00 ms
[LOG] Time: 180s | RTT: 77.00 ms
[LOG] Time: 182s | RTT: 77.00 ms
[LOG] Time: 183s | RTT: 76.00 ms
[LOG] Time: 184s | RTT: 76.00 ms
[LOG] Time: 185s | RTT: 76.00 ms
[LOG] Time: 186s | RTT: 72.00 ms
[LOG] Time: 187s | RTT: 72.00 ms
[LOG] Time: 188s | RTT: 73.00 ms
[LOG] Time: 189s | RTT: 73.00 ms
[LOG] Time: 190s | RTT: 73.00 ms
[LOG] Time: 191s | RTT: 72.00 ms
[LOG] Time: 192s | RTT: 72.00 ms
[LOG] Time: 193s | RTT: 72.00 ms
[LOG] Time: 194s | RTT: 72.00 ms
[LOG] Time: 195s | RTT: 72.00 ms
[LOG] Time: 196s | RTT: 181.00 ms
[LOG] Time: 197s | RTT: 181.00 ms
[LOG] Time: 198s | RTT: 181.00 ms
[LOG] Time: 199s | RTT: 78.00 ms
[LOG] Time: 200s | RTT: 78.00 ms
[LOG] Time: 201s | RTT: 78.00 ms
[LOG] Time: 202s | RTT: 78.00 ms
[LOG] Time: 203s | RTT: 78.00 ms
[LOG] Time: 204s | RTT: 80.00 ms
[LOG] Time: 205s | RTT: 80.00 ms
[LOG] Time: 206s | RTT: 80.00 ms
[LOG] Time: 207s | RTT: 100.00 ms
[LOG] Time: 208s | RTT: 100.00 ms
[LOG] Time: 209s | RTT: 207.00 ms
[LOG] Time: 210s | RTT: 207.00 ms
[LOG] Time: 211s | RTT: 207.00 ms
[LOG] Time: 212s | RTT: 76.00 ms
[LOG] Time: 213s | RTT: 76.00 ms
[LOG] Time: 214s | RTT: 76.00 ms
[LOG] Time: 215s | RTT: 90.00 ms
[LOG] Time: 216s | RTT: 90.00 ms
[LOG] Time: 217s | RTT: 89.00 ms
[LOG] Time: 218s | RTT: 89.00 ms
[LOG] Time: 219s | RTT: 89.00 ms
[LOG] Time: 220s | RTT: 105.00 ms
[LOG] Time: 221s | RTT: 105.00 ms
[LOG] Time: 222s | RTT: 89.00 ms
[LOG] Time: 223s | RTT: 89.00 ms
[LOG] Time: 224s | RTT: 89.00 ms
[LOG] Time: 225s | RTT: 90.00 ms
[LOG] Time: 226s | RTT: 90.00 ms
[LOG] Time: 227s | RTT: 90.00 ms
[LOG] Time: 228s | RTT: 67.00 ms
[LOG] Time: 229s | RTT: 67.00 ms
[LOG] Time: 230s | RTT: 66.00 ms
[LOG] Time: 231s | RTT: 66.00 ms
[LOG] Time: 232s | RTT: 66.00 ms
[LOG] Time: 233s | RTT: 83.00 ms
[LOG] Time: 234s | RTT: 83.00 ms
[LOG] Time: 235s | RTT: 83.00 ms
[LOG] Time: 236s | RTT: 77.00 ms
[LOG] Time: 237s | RTT: 77.00 ms
[LOG] Time: 238s | RTT: 139.00 ms
[LOG] Time: 239s | RTT: 139.00 ms
[LOG] Time: 240s | RTT: 139.00 ms
[LOG] Time: 241s | RTT: 141.00 ms
[LOG] Time: 242s | RTT: 141.00 ms
[LOG] Time: 243s | RTT: 71.00 ms
[LOG] Time: 244s | RTT: 71.00 ms
[LOG] Time: 245s | RTT: 71.00 ms
[LOG] Time: 246s | RTT: 76.00 ms
[LOG] Time: 247s | RTT: 76.00 ms
[LOG] Time: 248s | RTT: 76.00 ms
[LOG] Time: 249s | RTT: 69.00 ms
[LOG] Time: 250s | RTT: 69.00 ms
[LOG] Time: 251s | RTT: 67.00 ms
[LOG] Time: 253s | RTT: 67.00 ms
[LOG] Time: 254s | RTT: 67.00 ms
[LOG] Time: 255s | RTT: 68.00 ms
[LOG] Time: 256s | RTT: 68.00 ms
[LOG] Time: 257s | RTT: 78.00 ms
[LOG] Time: 258s | RTT: 78.00 ms
[LOG] Time: 259s | RTT: 78.00 ms
[LOG] Time: 260s | RTT: 78.00 ms
[LOG] Time: 261s | RTT: 78.00 ms
[LOG] Time: 262s | RTT: 78.00 ms
[LOG] Time: 263s | RTT: 102.00 ms
[LOG] Time: 264s | RTT: 102.00 ms
[LOG] Time: 265s | RTT: 86.00 ms
[LOG] Time: 266s | RTT: 86.00 ms
[LOG] Time: 267s | RTT: 86.00 ms
[LOG] Time: 268s | RTT: 63.00 ms
[LOG] Time: 269s | RTT: 63.00 ms
[LOG] Time: 270s | RTT: 63.00 ms
[LOG] Time: 271s | RTT: 86.00 ms
[LOG] Time: 272s | RTT: 86.00 ms
[LOG] Time: 273s | RTT: 62.00 ms
[LOG] Time: 274s | RTT: 62.00 ms
[LOG] Time: 275s | RTT: 62.00 ms
[LOG] Time: 276s | RTT: 63.00 ms
[LOG] Time: 277s | RTT: 63.00 ms
[LOG] Time: 278s | RTT: 81.00 ms
[LOG] Time: 279s | RTT: 81.00 ms
[LOG] Time: 280s | RTT: 81.00 ms
[LOG] Time: 281s | RTT: 69.00 ms
[LOG] Time: 282s | RTT: 69.00 ms
[LOG] Time: 283s | RTT: 69.00 ms
[LOG] Time: 284s | RTT: 88.00 ms
[LOG] Time: 285s | RTT: 88.00 ms
[LOG] Time: 286s | RTT: 61.00 ms
[LOG] Time: 287s | RTT: 61.00 ms
[LOG] Time: 288s | RTT: 61.00 ms
[LOG] Time: 289s | RTT: 83.00 ms
[LOG] Time: 290s | RTT: 83.00 ms
[LOG] Time: 291s | RTT: 77.00 ms
[LOG] Time: 292s | RTT: 77.00 ms
[LOG] Time: 293s | RTT: 77.00 ms
[LOG] Time: 294s | RTT: 67.00 ms
[LOG] Time: 295s | RTT: 67.00 ms
[LOG] Time: 296s | RTT: 67.00 ms
[LOG] Time: 297s | RTT: 66.00 ms
[LOG] Time: 298s | RTT: 66.00 ms
[LOG] Time: 299s | RTT: 83.00 ms
[LOG] Time: 300s | RTT: 83.00 ms
[LOG] Time: 301s | RTT: 83.00 ms
[LOG] Time: 302s | RTT: 81.00 ms
[LOG] Time: 303s | RTT: 81.00 ms
[LOG] Time: 304s | RTT: 81.00 ms
[LOG] Time: 305s | RTT: 65.00 ms
[LOG] Time: 306s | RTT: 65.00 ms
[LOG] Time: 307s | RTT: 56.00 ms
[LOG] Time: 308s | RTT: 56.00 ms
[LOG] Time: 309s | RTT: 56.00 ms
[LOG] Time: 310s | RTT: 76.00 ms
[LOG] Time: 311s | RTT: 76.00 ms
[LOG] Time: 312s | RTT: 66.00 ms
[LOG] Time: 313s | RTT: 66.00 ms
[LOG] Time: 314s | RTT: 66.00 ms
[LOG] Time: 315s | RTT: 59.00 ms
[LOG] Time: 316s | RTT: 59.00 ms
[LOG] Time: 317s | RTT: 59.00 ms
[LOG] Time: 318s | RTT: 107.00 ms
[LOG] Time: 319s | RTT: 107.00 ms
[LOG] Time: 321s | RTT: 63.00 ms
[LOG] Time: 322s | RTT: 63.00 ms
[LOG] Time: 323s | RTT: 63.00 ms
[LOG] Time: 324s | RTT: 63.00 ms
[LOG] Time: 325s | RTT: 63.00 ms
[LOG] Time: 326s | RTT: 56.00 ms
[LOG] Time: 327s | RTT: 56.00 ms
[LOG] Time: 328s | RTT: 56.00 ms
[LOG] Time: 329s | RTT: 59.00 ms
[LOG] Time: 330s | RTT: 59.00 ms
[LOG] Time: 331s | RTT: 59.00 ms
[LOG] Time: 332s | RTT: 55.00 ms
[LOG] Time: 333s | RTT: 55.00 ms
[LOG] Time: 334s | RTT: 56.00 ms
[LOG] Time: 335s | RTT: 56.00 ms
[LOG] Time: 336s | RTT: 56.00 ms
[LOG] Time: 337s | RTT: 72.00 ms
[LOG] Time: 338s | RTT: 72.00 ms
[LOG] Time: 339s | RTT: 72.00 ms
[LOG] Time: 340s | RTT: 63.00 ms
[LOG] Time: 341s | RTT: 63.00 ms
[LOG] Time: 342s | RTT: 56.00 ms
[LOG] Time: 343s | RTT: 56.00 ms
[LOG] Time: 344s | RTT: 56.00 ms
[LOG] Time: 345s | RTT: 171.00 ms
[LOG] Time: 346s | RTT: 171.00 ms
[LOG] Time: 347s | RTT: 63.00 ms
[LOG] Time: 348s | RTT: 63.00 ms
[LOG] Time: 349s | RTT: 63.00 ms
[LOG] Time: 350s | RTT: 57.00 ms
[LOG] Time: 351s | RTT: 57.00 ms
[LOG] Time: 352s | RTT: 57.00 ms
[LOG] Time: 353s | RTT: 100.00 ms
[LOG] Time: 354s | RTT: 100.00 ms
[LOG] Time: 355s | RTT: 61.00 ms
[LOG] Time: 356s | RTT: 61.00 ms
[LOG] Time: 357s | RTT: 61.00 ms
[LOG] Time: 358s | RTT: 71.00 ms
[LOG] Time: 359s | RTT: 71.00 ms
[LOG] Time: 360s | RTT: 71.00 ms
[LOG] Time: 361s | RTT: 69.00 ms
[LOG] Time: 362s | RTT: 69.00 ms
[LOG] Time: 363s | RTT: 73.00 ms
[LOG] Time: 364s | RTT: 73.00 ms
[LOG] Time: 365s | RTT: 73.00 ms
[LOG] Time: 366s | RTT: 87.00 ms
[LOG] Time: 367s | RTT: 87.00 ms
[LOG] Time: 368s | RTT: 70.00 ms
[LOG] Time: 369s | RTT: 70.00 ms
[LOG] Time: 370s | RTT: 70.00 ms
[LOG] Time: 371s | RTT: 240.00 ms
[LOG] Time: 372s | RTT: 240.00 ms
[LOG] Time: 373s | RTT: 240.00 ms
[LOG] Time: 374s | RTT: 83.00 ms
[LOG] Time: 375s | RTT: 83.00 ms
[LOG] Time: 376s | RTT: 73.00 ms
[LOG] Time: 377s | RTT: 73.00 ms
[LOG] Time: 378s | RTT: 73.00 ms
[LOG] Time: 379s | RTT: 98.00 ms
[LOG] Time: 380s | RTT: 98.00 ms
[LOG] Time: 381s | RTT: 101.00 ms
[LOG] Time: 382s | RTT: 101.00 ms
[LOG] Time: 383s | RTT: 101.00 ms
[LOG] Time: 384s | RTT: 158.00 ms
[LOG] Time: 385s | RTT: 158.00 ms
[LOG] Time: 386s | RTT: 158.00 ms
[LOG] Time: 388s | RTT: 71.00 ms
[LOG] Time: 389s | RTT: 71.00 ms
[LOG] Time: 390s | RTT: 141.00 ms
[LOG] Time: 391s | RTT: 141.00 ms
[LOG] Time: 392s | RTT: 141.00 ms
[LOG] Time: 393s | RTT: 76.00 ms
[LOG] Time: 394s | RTT: 76.00 ms
[LOG] Time: 395s | RTT: 76.00 ms
[LOG] Time: 396s | RTT: 64.00 ms
[LOG] Time: 397s | RTT: 64.00 ms
[LOG] Time: 398s | RTT: 77.00 ms
[LOG] Time: 399s | RTT: 77.00 ms
[LOG] Time: 400s | RTT: 77.00 ms
[LOG] Time: 401s | RTT: 57.00 ms
[LOG] Time: 402s | RTT: 57.00 ms
[LOG] Time: 403s | RTT: 64.00 ms
[LOG] Time: 404s | RTT: 64.00 ms
[LOG] Time: 405s | RTT: 64.00 ms
[LOG] Time: 406s | RTT: 60.00 ms
[LOG] Time: 407s | RTT: 60.00 ms
[LOG] Time: 408s | RTT: 60.00 ms
[LOG] Time: 409s | RTT: 62.00 ms
[LOG] Time: 410s | RTT: 62.00 ms
[LOG] Time: 411s | RTT: 81.00 ms
[LOG] Time: 412s | RTT: 81.00 ms
[LOG] Time: 413s | RTT: 81.00 ms
[LOG] Time: 414s | RTT: 82.00 ms
[LOG] Time: 415s | RTT: 82.00 ms
[LOG] Time: 416s | RTT: 82.00 ms
[LOG] Time: 417s | RTT: 111.00 ms
[LOG] Time: 418s | RTT: 111.00 ms
[LOG] Time: 419s | RTT: 68.00 ms
[LOG] Time: 420s | RTT: 68.00 ms
[LOG] Time: 421s | RTT: 68.00 ms
[LOG] Time: 422s | RTT: 67.00 ms
[LOG] Time: 423s | RTT: 67.00 ms
[LOG] Time: 424s | RTT: 62.00 ms
[LOG] Time: 425s | RTT: 62.00 ms
[LOG] Time: 426s | RTT: 62.00 ms
[LOG] Time: 427s | RTT: 80.00 ms
[LOG] Time: 428s | RTT: 80.00 ms
[LOG] Time: 429s | RTT: 80.00 ms
[LOG] Time: 430s | RTT: 95.00 ms
[LOG] Time: 431s | RTT: 95.00 ms
[LOG] Time: 432s | RTT: 98.00 ms
[LOG] Time: 433s | RTT: 98.00 ms
[LOG] Time: 434s | RTT: 98.00 ms
[LOG] Time: 435s | RTT: 59.00 ms
[LOG] Time: 436s | RTT: 59.00 ms
[LOG] Time: 437s | RTT: 62.00 ms
[LOG] Time: 438s | RTT: 62.00 ms
[LOG] Time: 439s | RTT: 62.00 ms
[LOG] Time: 440s | RTT: 58.00 ms
[LOG] Time: 441s | RTT: 58.00 ms
[LOG] Time: 442s | RTT: 58.00 ms
[LOG] Time: 443s | RTT: 74.00 ms
[LOG] Time: 444s | RTT: 74.00 ms
[LOG] Time: 445s | RTT: 67.00 ms
[LOG] Time: 446s | RTT: 67.00 ms
[LOG] Time: 447s | RTT: 67.00 ms
[LOG] Time: 449s | RTT: 72.00 ms
[LOG] Time: 450s | RTT: 72.00 ms
[LOG] Time: 451s | RTT: 78.00 ms
[LOG] Time: 452s | RTT: 78.00 ms
[LOG] Time: 453s | RTT: 78.00 ms
[LOG] Time: 454s | RTT: 75.00 ms
[LOG] Time: 455s | RTT: 75.00 ms
[LOG] Time: 456s | RTT: 75.00 ms
[LOG] Time: 457s | RTT: 77.00 ms
[LOG] Time: 458s | RTT: 77.00 ms
[LOG] Time: 459s | RTT: 128.00 ms
[LOG] Time: 460s | RTT: 128.00 ms
[LOG] Time: 461s | RTT: 128.00 ms
[LOG] Time: 462s | RTT: 77.00 ms
[LOG] Time: 463s | RTT: 77.00 ms
[LOG] Time: 464s | RTT: 77.00 ms
[LOG] Time: 465s | RTT: 110.00 ms
[LOG] Time: 466s | RTT: 110.00 ms
[LOG] Time: 467s | RTT: 76.00 ms
[LOG] Time: 468s | RTT: 76.00 ms
[LOG] Time: 469s | RTT: 76.00 ms
[LOG] Time: 470s | RTT: 69.00 ms
[LOG] Time: 471s | RTT: 69.00 ms
[LOG] Time: 472s | RTT: 67.00 ms
[LOG] Time: 473s | RTT: 67.00 ms
[LOG] Time: 474s | RTT: 67.00 ms
[LOG] Time: 475s | RTT: 56.00 ms
[LOG] Time: 476s | RTT: 56.00 ms
[LOG] Time: 477s | RTT: 56.00 ms
[LOG] Time: 478s | RTT: 68.00 ms
[LOG] Time: 479s | RTT: 68.00 ms
[LOG] Time: 480s | RTT: 55.00 ms
[LOG] Time: 481s | RTT: 55.00 ms
[LOG] Time: 482s | RTT: 55.00 ms
[LOG] Time: 483s | RTT: 59.00 ms
[LOG] Time: 484s | RTT: 59.00 ms
[LOG] Time: 485s | RTT: 63.00 ms
[LOG] Time: 486s | RTT: 63.00 ms
[LOG] Time: 487s | RTT: 63.00 ms
[LOG] Time: 488s | RTT: 88.00 ms
[LOG] Time: 489s | RTT: 88.00 ms
[LOG] Time: 490s | RTT: 88.00 ms
[LOG] Time: 491s | RTT: 66.00 ms
[LOG] Time: 492s | RTT: 66.00 ms
[LOG] Time: 493s | RTT: 55.00 ms
[LOG] Time: 494s | RTT: 55.00 ms
[LOG] Time: 495s | RTT: 55.00 ms
[LOG] Time: 496s | RTT: 54.00 ms
[LOG] Time: 497s | RTT: 54.00 ms
[LOG] Time: 498s | RTT: 55.00 ms
[LOG] Time: 499s | RTT: 55.00 ms
[LOG] Time: 500s | RTT: 55.00 ms
[LOG] Time: 501s | RTT: 54.00 ms
[LOG] Time: 502s | RTT: 54.00 ms
[LOG] Time: 503s | RTT: 54.00 ms
[LOG] Time: 504s | RTT: 66.00 ms
[LOG] Time: 505s | RTT: 66.00 ms
[LOG] Time: 506s | RTT: 88.00 ms
[LOG] Time: 507s | RTT: 88.00 ms
[LOG] Time: 508s | RTT: 88.00 ms
[LOG] Time: 509s | RTT: 331.00 ms
[LOG] Time: 510s | RTT: 331.00 ms
[LOG] Time: 511s | RTT: 331.00 ms
[LOG] Time: 512s | RTT: 71.00 ms
[LOG] Time: 513s | RTT: 71.00 ms
[LOG] Time: 515s | RTT: 69.00 ms
[LOG] Time: 516s | RTT: 69.00 ms
[LOG] Time: 517s | RTT: 69.00 ms
[LOG] Time: 518s | RTT: 343.00 ms
[LOG] Time: 519s | RTT: 343.00 ms
[LOG] Time: 520s | RTT: 343.00 ms
[LOG] Time: 521s | RTT: 245.00 ms
[LOG] Time: 522s | RTT: 245.00 ms
[LOG] Time: 523s | RTT: 254.00 ms
[LOG] Time: 524s | RTT: 254.00 ms
[LOG] Time: 525s | RTT: 254.00 ms
[LOG] Time: 526s | RTT: 74.00 ms
[LOG] Time: 527s | RTT: 74.00 ms
[LOG] Time: 528s | RTT: 68.00 ms
[LOG] Time: 529s | RTT: 68.00 ms
[LOG] Time: 530s | RTT: 68.00 ms
[LOG] Time: 531s | RTT: 343.00 ms
[LOG] Time: 532s | RTT: 343.00 ms
[LOG] Time: 533s | RTT: 343.00 ms
[LOG] Time: 534s | RTT: 69.00 ms
[LOG] Time: 535s | RTT: 69.00 ms
[LOG] Time: 536s | RTT: 218.00 ms
[LOG] Time: 537s | RTT: 218.00 ms
[LOG] Time: 538s | RTT: 218.00 ms
[LOG] Time: 539s | RTT: 70.00 ms
[LOG] Time: 540s | RTT: 70.00 ms
[LOG] Time: 541s | RTT: 101.00 ms
[LOG] Time: 542s | RTT: 101.00 ms
[LOG] Time: 543s | RTT: 101.00 ms
[LOG] Time: 544s | RTT: 95.00 ms
[LOG] Time: 545s | RTT: 95.00 ms
[LOG] Time: 546s | RTT: 95.00 ms
[LOG] Time: 547s | RTT: 70.00 ms
[LOG] Time: 548s | RTT: 70.00 ms
[LOG] Time: 549s | RTT: 174.00 ms
[LOG] Time: 550s | RTT: 174.00 ms
[LOG] Time: 551s | RTT: 174.00 ms
[LOG] Time: 552s | RTT: 314.00 ms
[LOG] Time: 553s | RTT: 314.00 ms
[LOG] Time: 554s | RTT: 68.00 ms
[LOG] Time: 555s | RTT: 68.00 ms
[LOG] Time: 556s | RTT: 68.00 ms
[LOG] Time: 557s | RTT: 141.00 ms
[LOG] Time: 558s | RTT: 141.00 ms
[LOG] Time: 559s | RTT: 141.00 ms
[LOG] Time: 560s | RTT: 71.00 ms
[LOG] Time: 561s | RTT: 71.00 ms
[LOG] Time: 562s | RTT: 71.00 ms
[LOG] Time: 563s | RTT: 71.00 ms
[LOG] Time: 564s | RTT: 71.00 ms
[LOG] Time: 565s | RTT: 58.00 ms
[LOG] Time: 566s | RTT: 58.00 ms
[LOG] Time: 567s | RTT: 58.00 ms
[LOG] Time: 568s | RTT: 61.00 ms
[LOG] Time: 569s | RTT: 61.00 ms
[LOG] Time: 570s | RTT: 58.00 ms
[LOG] Time: 571s | RTT: 58.00 ms
[LOG] Time: 572s | RTT: 58.00 ms
[LOG] Time: 573s | RTT: 62.00 ms
[LOG] Time: 574s | RTT: 62.00 ms
[LOG] Time: 575s | RTT: 71.00 ms
[LOG] Time: 576s | RTT: 71.00 ms
[LOG] Time: 577s | RTT: 71.00 ms
[LOG] Time: 578s | RTT: 107.00 ms
[LOG] Time: 579s | RTT: 107.00 ms
[LOG] Time: 580s | RTT: 107.00 ms
[LOG] Time: 581s | RTT: 65.00 ms
[LOG] Time: 582s | RTT: 65.00 ms
[LOG] Time: 584s | RTT: 121.00 ms
[LOG] Time: 585s | RTT: 121.00 ms
[LOG] Time: 586s | RTT: 121.00 ms
[LOG] Time: 587s | RTT: 72.00 ms
[LOG] Time: 588s | RTT: 72.00 ms
[LOG] Time: 589s | RTT: 61.00 ms
[LOG] Time: 590s | RTT: 61.00 ms
[LOG] Time: 591s | RTT: 61.00 ms
[LOG] Time: 592s | RTT: 67.00 ms
[LOG] Time: 593s | RTT: 67.00 ms
[LOG] Time: 594s | RTT: 67.00 ms
[LOG] Time: 595s | RTT: 63.00 ms
[LOG] Time: 596s | RTT: 63.00 ms
[LOG] Time: 597s | RTT: 66.00 ms
[LOG] Time: 598s | RTT: 66.00 ms
[LOG] Time: 599s | RTT: 66.00 ms
[LOG] Time: 600s | RTT: 59.00 ms
[LOG] Time: 601s | RTT: 59.00 ms
[LOG] Time: 602s | RTT: 59.00 ms
[LOG] Time: 603s | RTT: 62.00 ms
[LOG] Time: 604s | RTT: 62.00 ms
[LOG] Time: 605s | RTT: 81.00 ms
[LOG] Time: 606s | RTT: 81.00 ms
[LOG] Time: 607s | RTT: 81.00 ms
[LOG] Time: 608s | RTT: 83.00 ms
[LOG] Time: 609s | RTT: 83.00 ms
[LOG] Time: 610s | RTT: 82.00 ms
[LOG] Time: 611s | RTT: 82.00 ms
[LOG] Time: 612s | RTT: 82.00 ms
[LOG] Time: 613s | RTT: 64.00 ms
[LOG] Time: 614s | RTT: 64.00 ms
[LOG] Time: 615s | RTT: 64.00 ms
[LOG] Time: 616s | RTT: 71.00 ms
[LOG] Time: 617s | RTT: 71.00 ms
[LOG] Time: 618s | RTT: 65.00 ms
[LOG] Time: 619s | RTT: 65.00 ms
[LOG] Time: 620s | RTT: 65.00 ms
[LOG] Time: 621s | RTT: 65.00 ms
[LOG] Time: 622s | RTT: 65.00 ms
[LOG] Time: 623s | RTT: 93.00 ms
[LOG] Time: 624s | RTT: 93.00 ms
[LOG] Time: 625s | RTT: 93.00 ms
[LOG] Time: 626s | RTT: 83.00 ms
[LOG] Time: 627s | RTT: 83.00 ms
[LOG] Time: 628s | RTT: 83.00 ms
[LOG] Time: 629s | RTT: 85.00 ms
[LOG] Time: 630s | RTT: 85.00 ms
[LOG] Time: 631s | RTT: 90.00 ms
[LOG] Time: 632s | RTT: 90.00 ms
[LOG] Time: 633s | RTT: 90.00 ms
[LOG] Time: 634s | RTT: 88.00 ms
[LOG] Time: 635s | RTT: 88.00 ms
[LOG] Time: 636s | RTT: 77.00 ms
[LOG] Time: 637s | RTT: 77.00 ms
[LOG] Time: 638s | RTT: 77.00 ms
[LOG] Time: 639s | RTT: 61.00 ms
[LOG] Time: 640s | RTT: 61.00 ms
[LOG] Time: 641s | RTT: 61.00 ms
[LOG] Time: 642s | RTT: 65.00 ms
[LOG] Time: 644s | RTT: 65.00 ms
[LOG] Time: 645s | RTT: 74.00 ms
[LOG] Time: 646s | RTT: 74.00 ms
[LOG] Time: 647s | RTT: 74.00 ms
[LOG] Time: 648s | RTT: 55.00 ms
[LOG] Time: 649s | RTT: 55.00 ms
[LOG] Time: 650s | RTT: 55.00 ms
[LOG] Time: 651s | RTT: 83.00 ms
[LOG] Time: 652s | RTT: 83.00 ms
[LOG] Time: 653s | RTT: 196.00 ms
[LOG] Time: 654s | RTT: 196.00 ms
[LOG] Time: 655s | RTT: 196.00 ms
[LOG] Time: 656s | RTT: 90.00 ms
[LOG] Time: 657s | RTT: 90.00 ms
[LOG] Time: 658s | RTT: 74.00 ms
[LOG] Time: 659s | RTT: 74.00 ms
[LOG] Time: 660s | RTT: 74.00 ms
[LOG] Time: 661s | RTT: 73.00 ms
[LOG] Time: 662s | RTT: 73.00 ms
[LOG] Time: 663s | RTT: 73.00 ms
[LOG] Time: 664s | RTT: 68.00 ms
[LOG] Time: 665s | RTT: 68.00 ms
[LOG] Time: 666s | RTT: 156.00 ms
[LOG] Time: 667s | RTT: 156.00 ms
[LOG] Time: 668s | RTT: 156.00 ms
[LOG] Time: 669s | RTT: 69.00 ms
[LOG] Time: 670s | RTT: 69.00 ms
[LOG] Time: 671s | RTT: 69.00 ms
[LOG] Time: 672s | RTT: 176.00 ms
[LOG] Time: 673s | RTT: 176.00 ms
[LOG] Time: 674s | RTT: 127.00 ms
[LOG] Time: 675s | RTT: 127.00 ms
[LOG] Time: 676s | RTT: 127.00 ms
[LOG] Time: 677s | RTT: 68.00 ms
[LOG] Time: 678s | RTT: 68.00 ms
[LOG] Time: 679s | RTT: 57.00 ms
[LOG] Time: 680s | RTT: 57.00 ms
[LOG] Time: 681s | RTT: 57.00 ms
[LOG] Time: 682s | RTT: 124.00 ms
[LOG] Time: 683s | RTT: 124.00 ms
[LOG] Time: 684s | RTT: 124.00 ms
[LOG] Time: 685s | RTT: 84.00 ms
[LOG] Time: 686s | RTT: 84.00 ms
[LOG] Time: 687s | RTT: 99.00 ms
[LOG] Time: 688s | RTT: 99.00 ms
[LOG] Time: 689s | RTT: 99.00 ms
[LOG] Time: 690s | RTT: 78.00 ms
[LOG] Time: 691s | RTT: 78.00 ms
[LOG] Time: 692s | RTT: 145.00 ms
[LOG] Time: 693s | RTT: 145.00 ms
[LOG] Time: 694s | RTT: 145.00 ms
[LOG] Time: 695s | RTT: 142.00 ms
[LOG] Time: 696s | RTT: 142.00 ms
[LOG] Time: 697s | RTT: 142.00 ms
[LOG] Time: 698s | RTT: 161.00 ms
[LOG] Time: 699s | RTT: 161.00 ms
[LOG] Time: 700s | RTT: 58.00 ms
[LOG] Time: 701s | RTT: 58.00 ms
[LOG] Time: 702s | RTT: 58.00 ms
[LOG] Time: 703s | RTT: 87.00 ms
[LOG] Time: 704s | RTT: 87.00 ms
[LOG] Time: 705s | RTT: 53.00 ms
[LOG] Time: 706s | RTT: 53.00 ms
[LOG] Time: 707s | RTT: 53.00 ms
[LOG] Time: 709s | RTT: 57.00 ms
[LOG] Time: 710s | RTT: 57.00 ms
[LOG] Time: 711s | RTT: 57.00 ms
[LOG] Time: 712s | RTT: 61.00 ms
[LOG] Time: 713s | RTT: 61.00 ms
[LOG] Time: 714s | RTT: 60.00 ms
[LOG] Time: 715s | RTT: 60.00 ms
[LOG] Time: 716s | RTT: 60.00 ms
[LOG] Time: 717s | RTT: 60.00 ms
[LOG] Time: 718s | RTT: 60.00 ms
[LOG] Time: 719s | RTT: 60.00 ms
[LOG] Time: 720s | RTT: 68.00 ms
[LOG] Time: 721s | RTT: 68.00 ms
[LOG] Time: 722s | RTT: 112.00 ms
[LOG] Time: 723s | RTT: 112.00 ms
[LOG] Time: 724s | RTT: 112.00 ms
[LOG] Time: 725s | RTT: 84.00 ms
[LOG] Time: 726s | RTT: 84.00 ms
[LOG] Time: 727s | RTT: 88.00 ms
[LOG] Time: 728s | RTT: 88.00 ms
[LOG] Time: 729s | RTT: 88.00 ms
[LOG] Time: 730s | RTT: 99.00 ms
[LOG] Time: 731s | RTT: 99.00 ms
[LOG] Time: 732s | RTT: 99.00 ms
[LOG] Time: 733s | RTT: 155.00 ms
[LOG] Time: 734s | RTT: 155.00 ms
[LOG] Time: 735s | RTT: 64.00 ms
[LOG] Time: 736s | RTT: 64.00 ms
[LOG] Time: 737s | RTT: 64.00 ms
[LOG] Time: 738s | RTT: 129.00 ms
[LOG] Time: 739s | Connecting/No Stats...
[LOG] Time: 740s | Connecting/No Stats...
[LOG] Time: 741s | Connecting/No Stats...
[LOG] Time: 742s | Connecting/No Stats...
[LOG] Time: 743s | Connecting/No Stats...
Start: 2026-02-20T10:14:49+0000
HOST: d64c2ef07293                Loss%   Snt   Last   Avg  Best  Wrst StDev
  1. AS???    172.17.0.1           0.0%    10    0.2   0.2   0.2   0.2   0.0
  2. AS???    10.1.0.1             0.0%    10    5.2   6.2   1.8  15.5   4.4
  3. AS???    100.64.0.1           0.0%    10   58.4  66.7  53.2 143.8  27.4
  4. AS???    172.16.251.64        0.0%    10   59.1  61.1  51.2  93.7  12.4
  5. AS???    ???                 100.0    10    0.0   0.0   0.0   0.0   0.0
  6. AS14593  206.224.65.240       0.0%    10   67.8  59.0  53.3  67.8   4.4
        206.224.65.238                   
     AS14593  206.224.65.238
        206.224.65.232                   
     AS14593  206.224.65.232
        206.224.65.236                   
     AS14593  206.224.65.236
        206.224.65.234                   
     AS14593  206.224.65.234
        206.224.65.228                   
     AS14593  206.224.65.228
  7. AS3356   4.7.108.221          0.0%    10   58.4  67.9  54.8 117.9  18.9
        65.175.1.33                      
     AS3257   65.175.1.33
  8. AS3257   89.149.130.14       20.0%    10   66.9  70.7  60.3  82.2   8.1
        4.69.219.61                      
     AS3356   4.69.219.61
  9. AS3257   76.74.24.250         0.0%    10   60.1  67.5  60.1  74.4   4.5
        4.16.40.90                       
     AS3356   4.16.40.90
 10. AS???    ???                 100.0    10    0.0   0.0   0.0   0.0   0.0
 11. AS???    ???                 100.0    10    0.0   0.0   0.0   0.0   0.0
 12. AS???    ???                 100.0    10    0.0   0.0   0.0   0.0   0.0
 13. AS???    ???                 100.0    10    0.0   0.0   0.0   0.0   0.0
 14. AS30103  144.195.71.43        0.0%    10   70.4  67.7  63.0  74.0   3.7
Start: 2026-02-20T10:15:02+0000
HOST: d64c2ef07293                Loss%   Snt   Last   Avg  Best  Wrst StDev
  1. AS???    172.17.0.1           0.0%    10    0.1   0.2   0.1   0.2   0.0
  2. AS???    10.1.0.1             0.0%    10   32.6   7.8   3.3  32.6   8.9
  3. AS???    100.64.0.1           0.0%    10   62.5  61.2  50.8  82.9  10.6
  4. AS???    172.16.251.64        0.0%    10   59.1  63.6  53.3  92.1  11.5
  5. AS14593  206.224.65.246      30.0%    10   59.5  62.8  51.4  83.6  10.5
        206.224.65.250                   
     AS14593  206.224.65.250
        206.224.65.254                   
     AS14593  206.224.65.254
  6. AS14593  206.224.65.232       0.0%    10   63.9  66.2  54.2  99.1  14.4
        206.224.65.240                   
     AS14593  206.224.65.240
        206.224.65.238                   
     AS14593  206.224.65.238
        206.224.65.228                   
     AS14593  206.224.65.228
        206.224.65.236                   
     AS14593  206.224.65.236
        206.224.65.234                   
     AS14593  206.224.65.234
        206.224.65.230                   
     AS14593  206.224.65.230
  7. AS3356   4.7.108.221          0.0%    10   57.4  60.2  49.8  76.3   6.8
        65.175.1.33                      
     AS3257   65.175.1.33
  8. AS3356   4.69.219.61         30.0%    10   79.1  75.2  63.7  92.2   9.5
        89.149.130.14                    
     AS3257   89.149.130.14
  9. AS???    ???                 100.0    10    0.0   0.0   0.0   0.0   0.0
[LOG] Time: 744s | Connecting/No Stats...
[LOG] Time: 745s | Connecting/No Stats...
[LOG] Time: 746s | Connecting/No Stats...
[LOG] Time: 747s | Connecting/No Stats...
[LOG] Time: 748s | Connecting/No Stats...
[LOG] Time: 749s | Connecting/No Stats...
[LOG] Time: 750s | Connecting/No Stats...
[LOG] Time: 751s | Connecting/No Stats...
[LOG] Time: 752s | Connecting/No Stats...
[LOG] Time: 753s | Connecting/No Stats...
[LOG] Time: 754s | Connecting/No Stats...
[LOG] Time: 755s | Connecting/No Stats...
[LOG] Time: 756s | Connecting/No Stats...
[LOG] Time: 757s | Connecting/No Stats...
[LOG] Time: 758s | Connecting/No Stats...
[LOG] Time: 759s | Connecting/No Stats...
[LOG] Time: 760s | Connecting/No Stats...
[LOG] Time: 761s | Connecting/No Stats...
[LOG] Time: 762s | Connecting/No Stats...
[LOG] Time: 763s | Connecting/No Stats...
[LOG] Time: 764s | Connecting/No Stats...
[LOG] Time: 765s | Connecting/No Stats...
[LOG] Time: 766s | Connecting/No Stats...
[LOG] Time: 767s | Connecting/No Stats...
[LOG] Time: 768s | Connecting/No Stats...
[LOG] Time: 769s | Connecting/No Stats...
[LOG] Time: 770s | Connecting/No Stats...
[LOG] Time: 771s | Connecting/No Stats...
[LOG] Time: 772s | Connecting/No Stats...
[LOG] Time: 773s | Connecting/No Stats...
[LOG] Time: 774s | Connecting/No Stats...
[LOG] Time: 775s | Connecting/No Stats...
[LOG] Time: 776s | Connecting/No Stats...
[LOG] Time: 777s | Connecting/No Stats...
[LOG] Time: 778s | Connecting/No Stats...
[LOG] Time: 779s | Connecting/No Stats...
[LOG] Time: 780s | Connecting/No Stats...
[LOG] Time: 781s | Connecting/No Stats...
[LOG] Time: 782s | Connecting/No Stats...
[LOG] Time: 784s | Connecting/No Stats...
[LOG] Time: 785s | Connecting/No Stats...
[LOG] Time: 786s | Connecting/No Stats...
[LOG] Time: 787s | Connecting/No Stats...
[LOG] Time: 788s | Connecting/No Stats...
[LOG] Time: 789s | Connecting/No Stats...
[LOG] Time: 790s | Connecting/No Stats...
[LOG] Time: 791s | Connecting/No Stats...
[LOG] Time: 792s | Connecting/No Stats...
[LOG] Time: 793s | Connecting/No Stats...
[LOG] Time: 794s | Connecting/No Stats...
[LOG] Time: 795s | Connecting/No Stats...
[LOG] Time: 796s | Connecting/No Stats...
[LOG] Time: 797s | Connecting/No Stats...
[LOG] Time: 798s | Connecting/No Stats...
[LOG] Time: 799s | Connecting/No Stats...
[LOG] Time: 800s | Connecting/No Stats...
[LOG] Time: 801s | Connecting/No Stats...
[LOG] Time: 802s | Connecting/No Stats...
[LOG] Time: 803s | Connecting/No Stats...
[LOG] Time: 804s | Connecting/No Stats...
[LOG] Time: 805s | Connecting/No Stats...
[LOG] Time: 806s | Connecting/No Stats...
[LOG] Time: 807s | Connecting/No Stats...
[LOG] Time: 808s | Connecting/No Stats...
[LOG] Time: 809s | Connecting/No Stats...
[LOG] Time: 810s | Connecting/No Stats...
[LOG] Time: 811s | Connecting/No Stats...
[LOG] Time: 812s | Connecting/No Stats...
[LOG] Time: 813s | Connecting/No Stats...
[LOG] Time: 814s | Connecting/No Stats...
[LOG] Time: 815s | Connecting/No Stats...
[LOG] Time: 816s | Connecting/No Stats...
[LOG] Time: 817s | Connecting/No Stats...
[LOG] Time: 818s | Connecting/No Stats...
[LOG] Time: 819s | Connecting/No Stats...
[LOG] Time: 820s | Connecting/No Stats...
[LOG] Time: 821s | Connecting/No Stats...
[LOG] Time: 822s | Connecting/No Stats...
[LOG] Time: 823s | Connecting/No Stats...
[LOG] Time: 824s | Connecting/No Stats...
[LOG] Time: 825s | Connecting/No Stats...
[LOG] Time: 826s | Connecting/No Stats...
[LOG] Time: 827s | Connecting/No Stats...
[LOG] Time: 828s | Connecting/No Stats...
[LOG] Time: 829s | Connecting/No Stats...
[LOG] Time: 830s | Connecting/No Stats...
[LOG] Time: 831s | Connecting/No Stats...
[LOG] Time: 832s | Connecting/No Stats...
[LOG] Time: 833s | Connecting/No Stats...
[LOG] Time: 834s | Connecting/No Stats...
[LOG] Time: 835s | Connecting/No Stats...
[LOG] Time: 836s | Connecting/No Stats...
[LOG] Time: 837s | Connecting/No Stats...
[LOG] Time: 838s | Connecting/No Stats...
[LOG] Time: 839s | Connecting/No Stats...
[LOG] Time: 840s | Connecting/No Stats...
[LOG] Time: 841s | Connecting/No Stats...
[LOG] Time: 842s | Connecting/No Stats...
[LOG] Time: 843s | Connecting/No Stats...
[LOG] Time: 844s | Connecting/No Stats...
[LOG] Time: 845s | Connecting/No Stats...
[LOG] Time: 846s | Connecting/No Stats...
[LOG] Time: 847s | Connecting/No Stats...
[LOG] Time: 848s | Connecting/No Stats...
[LOG] Time: 849s | Connecting/No Stats...
[LOG] Time: 850s | Connecting/No Stats...
[LOG] Time: 851s | Connecting/No Stats...
[LOG] Time: 852s | Connecting/No Stats...
[LOG] Time: 853s | Connecting/No Stats...
[LOG] Time: 854s | Connecting/No Stats...
[LOG] Time: 855s | Connecting/No Stats...
[LOG] Time: 856s | Connecting/No Stats...
[LOG] Time: 857s | Connecting/No Stats...
[LOG] Time: 858s | Connecting/No Stats...
[LOG] Time: 859s | Connecting/No Stats...
[LOG] Time: 860s | Connecting/No Stats...
[LOG] Time: 861s | Connecting/No Stats...
[LOG] Time: 862s | Connecting/No Stats...
[LOG] Time: 863s | Connecting/No Stats...
[LOG] Time: 864s | Connecting/No Stats...
[LOG] Time: 865s | Connecting/No Stats...
[LOG] Time: 866s | Connecting/No Stats...
[LOG] Time: 867s | Connecting/No Stats...
[LOG] Time: 868s | Connecting/No Stats...
[LOG] Time: 869s | Connecting/No Stats...
[LOG] Time: 871s | Connecting/No Stats...
[LOG] Time: 872s | Connecting/No Stats...
[LOG] Time: 873s | Connecting/No Stats...
[LOG] Time: 874s | Connecting/No Stats...
[LOG] Time: 875s | Connecting/No Stats...
[LOG] Time: 876s | Connecting/No Stats...
[LOG] Time: 877s | Connecting/No Stats...
[LOG] Time: 878s | Connecting/No Stats...
[LOG] Time: 879s | Connecting/No Stats...
[LOG] Time: 880s | Connecting/No Stats...
[LOG] Time: 881s | Connecting/No Stats...
[LOG] Time: 882s | Connecting/No Stats...
[LOG] Time: 883s | Connecting/No Stats...
[LOG] Time: 884s | Connecting/No Stats...
[LOG] Time: 885s | Connecting/No Stats...
[LOG] Time: 886s | Connecting/No Stats...
[LOG] Time: 887s | Connecting/No Stats...
[LOG] Time: 888s | Connecting/No Stats...
[LOG] Time: 889s | Connecting/No Stats...
[LOG] Time: 890s | Connecting/No Stats...
[LOG] Time: 891s | Connecting/No Stats...
[LOG] Time: 892s | Connecting/No Stats...
[LOG] Time: 893s | Connecting/No Stats...
[LOG] Time: 894s | Connecting/No Stats...
[LOG] Time: 895s | Connecting/No Stats...
[LOG] Time: 896s | Connecting/No Stats...
[LOG] Time: 897s | Connecting/No Stats...
[LOG] Time: 898s | Connecting/No Stats...
[LOG] Time: 899s | Connecting/No Stats...
[*] Monitoring finished.

SUCCESS! Remote IP: 144.195.71.43
[*] Resolving Server Location...
SUCCESS! Server Location: San Jose, United States (Zoom Video Communications, Inc)

[*] Running TCP MTR (Port 443)...

[*] Running UDP MTR...
[*] Closing browser...
