[*] Config Loaded: Name='flight-van-hawaii-Teams', Duration=600s
[*] Launching Chrome for Teams...
[*] Joining URL: [MEETING_LINK_REMOVED]
[*] Navigating Join Flow...
[*] Looking for Join button...
    [+] JOIN CLICKED!
[*] Waiting for connection (20s)...
[*] Starting continuous monitoring for 600 seconds...
[LOG] Time: 0s | RTT: 338.00 ms | State: connected
[LOG] Time: 1s | RTT: 197.00 ms | State: connected
[LOG] Time: 2s | RTT: 197.00 ms | State: connected
[LOG] Time: 3s | RTT: 197.00 ms | State: connected
[LOG] Time: 4s | RTT: 466.00 ms | State: connected
[LOG] Time: 5s | RTT: 466.00 ms | State: connected
[LOG] Time: 7s | RTT: 451.00 ms | State: connected
[LOG] Time: 8s | RTT: 451.00 ms | State: connected
[LOG] Time: 9s | RTT: 344.00 ms | State: connected
[LOG] Time: 10s | RTT: 344.00 ms | State: connected
[LOG] Time: 11s | RTT: 470.00 ms | State: connected
[LOG] Time: 12s | RTT: 470.00 ms | State: connected
[LOG] Time: 13s | RTT: 470.00 ms | State: connected
[LOG] Time: 14s | RTT: 193.00 ms | State: connected
[LOG] Time: 16s | RTT: 193.00 ms | State: connected
[LOG] Time: 17s | RTT: 475.00 ms | State: connected
[LOG] Time: 18s | RTT: 475.00 ms | State: connected
[LOG] Time: 19s | RTT: 475.00 ms | State: connected
[LOG] Time: 20s | RTT: 931.00 ms | State: connected
[LOG] Time: 21s | RTT: 931.00 ms | State: connected
[LOG] Time: 22s | RTT: 214.00 ms | State: connected
[LOG] Time: 23s | RTT: 214.00 ms | State: connected
[LOG] Time: 24s | RTT: 210.00 ms | State: connected
[LOG] Time: 25s | RTT: 210.00 ms | State: connected
[LOG] Time: 27s | RTT: 210.00 ms | State: connected
[LOG] Time: 28s | RTT: 199.00 ms | State: connected
[LOG] Time: 29s | RTT: 199.00 ms | State: connected
[LOG] Time: 30s | RTT: 181.00 ms | State: connected
[LOG] Time: 31s | RTT: 181.00 ms | State: connected
[LOG] Time: 32s | RTT: 181.00 ms | State: connected
[LOG] Time: 33s | RTT: 211.00 ms | State: connected
[LOG] Time: 34s | RTT: 211.00 ms | State: connected
[LOG] Time: 35s | RTT: 203.00 ms | State: connected
[LOG] Time: 36s | RTT: 203.00 ms | State: connected
[LOG] Time: 37s | RTT: 203.00 ms | State: connected
[LOG] Time: 39s | RTT: 242.00 ms | State: connected
[LOG] Time: 40s | RTT: 242.00 ms | State: connected
[LOG] Time: 41s | RTT: 202.00 ms | State: connected
[LOG] Time: 42s | RTT: 202.00 ms | State: connected
[LOG] Time: 43s | RTT: 207.00 ms | State: connected
[LOG] Time: 44s | RTT: 207.00 ms | State: connected
[LOG] Time: 45s | RTT: 207.00 ms | State: connected
[LOG] Time: 46s | RTT: 205.00 ms | State: connected
[LOG] Time: 47s | RTT: 205.00 ms | State: connected
[LOG] Time: 48s | RTT: 194.00 ms | State: connected
[LOG] Time: 49s | RTT: 194.00 ms | State: connected
[LOG] Time: 51s | RTT: 194.00 ms | State: connected
[LOG] Time: 52s | RTT: 193.00 ms | State: connected
[LOG] Time: 53s | RTT: 193.00 ms | State: connected
[LOG] Time: 54s | RTT: 227.00 ms | State: connected
[LOG] Time: 55s | RTT: 227.00 ms | State: connected
[LOG] Time: 56s | RTT: 260.00 ms | State: connected
[LOG] Time: 57s | RTT: 260.00 ms | State: connected
[LOG] Time: 58s | RTT: 260.00 ms | State: connected
[LOG] Time: 59s | RTT: 246.00 ms | State: connected
[LOG] Time: 60s | RTT: 246.00 ms | State: connected
[LOG] Time: 62s | RTT: 200.00 ms | State: connected
[LOG] Time: 63s | RTT: 200.00 ms | State: connected
[LOG] Time: 64s | RTT: 200.00 ms | State: connected
[LOG] Time: 65s | RTT: 235.00 ms | State: connected
[LOG] Time: 66s | RTT: 235.00 ms | State: connected
[LOG] Time: 67s | RTT: 213.00 ms | State: connected
[LOG] Time: 68s | RTT: 213.00 ms | State: connected
[LOG] Time: 69s | RTT: 213.00 ms | State: connected
[LOG] Time: 70s | RTT: 248.00 ms | State: connected
[LOG] Time: 71s | RTT: 248.00 ms | State: connected
[LOG] Time: 72s | RTT: 233.00 ms | State: connected
[LOG] Time: 73s | RTT: 233.00 ms | State: connected
[LOG] Time: 75s | RTT: 214.00 ms | State: connected
[LOG] Time: 76s | RTT: 214.00 ms | State: connected
[LOG] Time: 77s | RTT: 214.00 ms | State: connected
[LOG] Time: 78s | RTT: 210.00 ms | State: connected
[LOG] Time: 79s | RTT: 210.00 ms | State: connected
[LOG] Time: 80s | RTT: 243.00 ms | State: connected
[LOG] Time: 81s | RTT: 243.00 ms | State: connected
[LOG] Time: 82s | RTT: 243.00 ms | State: connected
[LOG] Time: 83s | RTT: 227.00 ms | State: connected
[LOG] Time: 84s | RTT: 227.00 ms | State: connected
[LOG] Time: 86s | RTT: 231.00 ms | State: connected
[LOG] Time: 87s | RTT: 231.00 ms | State: connected
[LOG] Time: 88s | RTT: 231.00 ms | State: connected
[LOG] Time: 89s | RTT: 198.00 ms | State: connected
[LOG] Time: 90s | RTT: 198.00 ms | State: connected
[LOG] Time: 91s | RTT: 223.00 ms | State: connected
[LOG] Time: 92s | RTT: 223.00 ms | State: connected
[LOG] Time: 93s | RTT: 223.00 ms | State: connected
[LOG] Time: 94s | RTT: 217.00 ms | State: connected
[LOG] Time: 95s | RTT: 217.00 ms | State: connected
[LOG] Time: 96s | RTT: 209.00 ms | State: connected
[LOG] Time: 98s | RTT: 209.00 ms | State: connected
[LOG] Time: 99s | RTT: 249.00 ms | State: connected
[LOG] Time: 100s | RTT: 249.00 ms | State: connected
[LOG] Time: 101s | RTT: 249.00 ms | State: connected
[LOG] Time: 102s | RTT: 213.00 ms | State: connected
[LOG] Time: 103s | RTT: 213.00 ms | State: connected
[LOG] Time: 104s | RTT: 208.00 ms | State: connected
[LOG] Time: 105s | RTT: 208.00 ms | State: connected
[LOG] Time: 106s | RTT: 208.00 ms | State: connected
[LOG] Time: 107s | RTT: 200.00 ms | State: connected
[LOG] Time: 108s | RTT: 200.00 ms | State: connected
[LOG] Time: 109s | RTT: 203.00 ms | State: connected
[LOG] Time: 111s | RTT: 203.00 ms | State: connected
[LOG] Time: 112s | RTT: 203.00 ms | State: connected
[LOG] Time: 113s | RTT: 207.00 ms | State: connected
[LOG] Time: 114s | RTT: 207.00 ms | State: connected
[LOG] Time: 115s | RTT: 256.00 ms | State: connected
[LOG] Time: 116s | RTT: 256.00 ms | State: connected
[LOG] Time: 117s | RTT: 256.00 ms | State: connected
[LOG] Time: 118s | RTT: 249.00 ms | State: connected
[LOG] Time: 119s | RTT: 249.00 ms | State: connected
[LOG] Time: 120s | RTT: 229.00 ms | State: connected
[LOG] Time: 122s | RTT: 229.00 ms | State: connected
[LOG] Time: 123s | RTT: 268.00 ms | State: connected
[LOG] Time: 124s | RTT: 268.00 ms | State: connected
[LOG] Time: 125s | RTT: 268.00 ms | State: connected
[LOG] Time: 126s | RTT: 295.00 ms | State: connected
[LOG] Time: 127s | RTT: 295.00 ms | State: connected
[LOG] Time: 128s | RTT: 221.00 ms | State: connected
[LOG] Time: 129s | RTT: 221.00 ms | State: connected
[LOG] Time: 130s | RTT: 221.00 ms | State: connected
[LOG] Time: 131s | RTT: 198.00 ms | State: connected
[LOG] Time: 132s | RTT: 198.00 ms | State: connected
[LOG] Time: 134s | RTT: 235.00 ms | State: connected
[LOG] Time: 135s | RTT: 235.00 ms | State: connected
[LOG] Time: 136s | RTT: 227.00 ms | State: connected
[LOG] Time: 137s | RTT: 227.00 ms | State: connected
[LOG] Time: 138s | RTT: 227.00 ms | State: connected
[LOG] Time: 139s | RTT: 331.00 ms | State: connected
[LOG] Time: 140s | RTT: 331.00 ms | State: connected
[LOG] Time: 141s | RTT: 210.00 ms | State: connected
[LOG] Time: 142s | RTT: 210.00 ms | State: connected
[LOG] Time: 143s | RTT: 210.00 ms | State: connected
[LOG] Time: 144s | RTT: 415.00 ms | State: connected
[LOG] Time: 145s | RTT: 415.00 ms | State: connected
[LOG] Time: 147s | RTT: 307.00 ms | State: connected
[LOG] Time: 148s | RTT: 307.00 ms | State: connected
[LOG] Time: 149s | RTT: 307.00 ms | State: connected
[LOG] Time: 150s | RTT: 452.00 ms | State: connected
[LOG] Time: 151s | RTT: 452.00 ms | State: connected
[LOG] Time: 152s | RTT: 432.00 ms | State: connected
[LOG] Time: 153s | RTT: 432.00 ms | State: connected
[LOG] Time: 154s | RTT: 432.00 ms | State: connected
[LOG] Time: 155s | RTT: 272.00 ms | State: connected
[LOG] Time: 157s | RTT: 272.00 ms | State: connected
[LOG] Time: 158s | RTT: 272.00 ms | State: connected
[LOG] Time: 159s | RTT: 1019.00 ms | State: connected
[LOG] Time: 160s | RTT: 227.00 ms | State: connected
[LOG] Time: 161s | RTT: 227.00 ms | State: connected
[LOG] Time: 162s | RTT: 227.00 ms | State: connected
[LOG] Time: 163s | RTT: 208.00 ms | State: connected
[LOG] Time: 164s | RTT: 208.00 ms | State: connected
[LOG] Time: 165s | RTT: 197.00 ms | State: connected
[LOG] Time: 166s | RTT: 197.00 ms | State: connected
[LOG] Time: 168s | RTT: 197.00 ms | State: connected
[LOG] Time: 169s | RTT: 297.00 ms | State: connected
[LOG] Time: 170s | RTT: 297.00 ms | State: connected
[LOG] Time: 171s | RTT: 199.00 ms | State: connected
[LOG] Time: 172s | RTT: 199.00 ms | State: connected
[LOG] Time: 173s | RTT: 228.00 ms | State: connected
[LOG] Time: 174s | RTT: 228.00 ms | State: connected
[LOG] Time: 175s | RTT: 228.00 ms | State: connected
[LOG] Time: 177s | RTT: 243.00 ms | State: connected
[LOG] Time: 178s | RTT: 243.00 ms | State: connected
[LOG] Time: 179s | RTT: 242.00 ms | State: connected
[LOG] Time: 180s | RTT: 242.00 ms | State: connected
[LOG] Time: 181s | RTT: 264.00 ms | State: connected
[LOG] Time: 182s | RTT: 264.00 ms | State: connected
[LOG] Time: 183s | RTT: 264.00 ms | State: connected
[LOG] Time: 185s | RTT: 246.00 ms | State: connected
[LOG] Time: 186s | RTT: 246.00 ms | State: connected
[LOG] Time: 187s | RTT: 231.00 ms | State: connected
[LOG] Time: 188s | RTT: 231.00 ms | State: connected
[LOG] Time: 189s | RTT: 214.00 ms | State: connected
[LOG] Time: 191s | RTT: 214.00 ms | State: connected
[LOG] Time: 192s | RTT: 205.00 ms | State: connected
[LOG] Time: 193s | RTT: 205.00 ms | State: connected
[LOG] Time: 194s | RTT: 205.00 ms | State: connected
[LOG] Time: 195s | RTT: 222.00 ms | State: connected
[LOG] Time: 196s | RTT: 222.00 ms | State: connected
[LOG] Time: 197s | RTT: 327.00 ms | State: connected
[LOG] Time: 198s | RTT: 327.00 ms | State: connected
[LOG] Time: 200s | RTT: 182.00 ms | State: connected
[LOG] Time: 201s | RTT: 182.00 ms | State: connected
[LOG] Time: 202s | RTT: 182.00 ms | State: connected
[LOG] Time: 203s | RTT: 208.00 ms | State: connected
[LOG] Time: 204s | RTT: 208.00 ms | State: connected
[LOG] Time: 205s | RTT: 197.00 ms | State: connected
[LOG] Time: 206s | RTT: 197.00 ms | State: connected
[LOG] Time: 207s | RTT: 197.00 ms | State: connected
[LOG] Time: 208s | RTT: 216.00 ms | State: connected
[LOG] Time: 210s | RTT: 216.00 ms | State: connected
[LOG] Time: 211s | RTT: 221.00 ms | State: connected
[LOG] Time: 212s | RTT: 221.00 ms | State: connected
[LOG] Time: 213s | RTT: 229.00 ms | State: connected
[LOG] Time: 214s | RTT: 229.00 ms | State: connected
[LOG] Time: 215s | RTT: 229.00 ms | State: connected
[LOG] Time: 216s | RTT: 219.00 ms | State: connected
[LOG] Time: 217s | RTT: 219.00 ms | State: connected
[LOG] Time: 218s | RTT: 209.00 ms | State: connected
[LOG] Time: 219s | RTT: 209.00 ms | State: connected
[LOG] Time: 220s | RTT: 209.00 ms | State: connected
[LOG] Time: 222s | RTT: 222.00 ms | State: connected
[LOG] Time: 223s | RTT: 222.00 ms | State: connected
[LOG] Time: 224s | RTT: 425.00 ms | State: connected
[LOG] Time: 225s | RTT: 425.00 ms | State: connected
[LOG] Time: 226s | RTT: 425.00 ms | State: connected
[LOG] Time: 227s | RTT: 395.00 ms | State: connected
[LOG] Time: 228s | RTT: 395.00 ms | State: connected
[LOG] Time: 229s | RTT: 226.00 ms | State: connected
[LOG] Time: 230s | RTT: 226.00 ms | State: connected
[LOG] Time: 231s | RTT: 226.00 ms | State: connected
[LOG] Time: 232s | RTT: 202.00 ms | State: connected
[LOG] Time: 233s | RTT: 202.00 ms | State: connected
[LOG] Time: 235s | RTT: 209.00 ms | State: connected
[LOG] Time: 236s | RTT: 209.00 ms | State: connected
[LOG] Time: 237s | RTT: 236.00 ms | State: connected
[LOG] Time: 238s | RTT: 236.00 ms | State: connected
[LOG] Time: 239s | RTT: 236.00 ms | State: connected
[LOG] Time: 240s | RTT: 205.00 ms | State: connected
[LOG] Time: 241s | RTT: 205.00 ms | State: connected
[LOG] Time: 242s | RTT: 240.00 ms | State: connected
[LOG] Time: 243s | RTT: 240.00 ms | State: connected
[LOG] Time: 244s | RTT: 240.00 ms | State: connected
[LOG] Time: 245s | RTT: 221.00 ms | State: connected
[LOG] Time: 247s | RTT: 221.00 ms | State: connected
[LOG] Time: 248s | RTT: 257.00 ms | State: connected
[LOG] Time: 249s | RTT: 257.00 ms | State: connected
[LOG] Time: 250s | RTT: 257.00 ms | State: connected
[LOG] Time: 251s | RTT: 215.00 ms | State: connected
[LOG] Time: 252s | RTT: 215.00 ms | State: connected
[LOG] Time: 253s | RTT: 193.00 ms | State: connected
[LOG] Time: 254s | RTT: 193.00 ms | State: connected
[LOG] Time: 255s | RTT: 193.00 ms | State: connected
[LOG] Time: 256s | RTT: 213.00 ms | State: connected
[LOG] Time: 257s | RTT: 213.00 ms | State: connected
[LOG] Time: 259s | RTT: 212.00 ms | State: connected
[LOG] Time: 260s | RTT: 212.00 ms | State: connected
[LOG] Time: 261s | RTT: 217.00 ms | State: connected
[LOG] Time: 262s | RTT: 217.00 ms | State: connected
[LOG] Time: 263s | RTT: 217.00 ms | State: connected
[LOG] Time: 264s | RTT: 220.00 ms | State: connected
[LOG] Time: 265s | RTT: 220.00 ms | State: connected
[LOG] Time: 266s | RTT: 207.00 ms | State: connected
[LOG] Time: 267s | RTT: 207.00 ms | State: connected
[LOG] Time: 268s | RTT: 207.00 ms | State: connected
[LOG] Time: 269s | RTT: 199.00 ms | State: connected
[LOG] Time: 270s | RTT: 199.00 ms | State: connected
[LOG] Time: 272s | RTT: 216.00 ms | State: connected
[LOG] Time: 273s | RTT: 216.00 ms | State: connected
[LOG] Time: 274s | RTT: 216.00 ms | State: connected
[LOG] Time: 275s | RTT: 192.00 ms | State: connected
[LOG] Time: 276s | RTT: 192.00 ms | State: connected
[LOG] Time: 277s | RTT: 223.00 ms | State: connected
[LOG] Time: 278s | RTT: 223.00 ms | State: connected
[LOG] Time: 279s | RTT: 223.00 ms | State: connected
[LOG] Time: 280s | RTT: 189.00 ms | State: connected
[LOG] Time: 281s | RTT: 189.00 ms | State: connected
[LOG] Time: 282s | RTT: 265.00 ms | State: connected
[LOG] Time: 283s | RTT: 265.00 ms | State: connected
[LOG] Time: 285s | RTT: 229.00 ms | State: connected
[LOG] Time: 286s | RTT: 229.00 ms | State: connected
[LOG] Time: 287s | RTT: 229.00 ms | State: connected
[LOG] Time: 288s | RTT: 210.00 ms | State: connected
[LOG] Time: 289s | RTT: 210.00 ms | State: connected
[LOG] Time: 290s | RTT: 194.00 ms | State: connected
[LOG] Time: 291s | RTT: 194.00 ms | State: connected
[LOG] Time: 292s | RTT: 194.00 ms | State: connected
[LOG] Time: 293s | RTT: 229.00 ms | State: connected
[LOG] Time: 294s | RTT: 229.00 ms | State: connected
[LOG] Time: 296s | RTT: 251.00 ms | State: connected
[LOG] Time: 297s | RTT: 251.00 ms | State: connected
[LOG] Time: 298s | RTT: 251.00 ms | State: connected
[LOG] Time: 299s | RTT: 244.00 ms | State: connected
[LOG] Time: 300s | RTT: 244.00 ms | State: connected
[LOG] Time: 301s | RTT: 317.00 ms | State: connected
[LOG] Time: 302s | RTT: 317.00 ms | State: connected
[LOG] Time: 303s | RTT: 317.00 ms | State: connected
[LOG] Time: 304s | RTT: 316.00 ms | State: connected
[LOG] Time: 305s | RTT: 316.00 ms | State: connected
[LOG] Time: 306s | RTT: 286.00 ms | State: connected
[LOG] Time: 308s | RTT: 286.00 ms | State: connected
[LOG] Time: 309s | RTT: 250.00 ms | State: connected
[LOG] Time: 310s | RTT: 250.00 ms | State: connected
[LOG] Time: 311s | RTT: 250.00 ms | State: connected
[LOG] Time: 312s | RTT: 303.00 ms | State: connected
[LOG] Time: 313s | RTT: 303.00 ms | State: connected
[LOG] Time: 314s | RTT: 197.00 ms | State: connected
[LOG] Time: 315s | RTT: 197.00 ms | State: connected
[LOG] Time: 316s | RTT: 197.00 ms | State: connected
[LOG] Time: 317s | RTT: 472.00 ms | State: connected
[LOG] Time: 318s | RTT: 472.00 ms | State: connected
[LOG] Time: 320s | RTT: 192.00 ms | State: connected
[LOG] Time: 321s | RTT: 192.00 ms | State: connected
[LOG] Time: 322s | RTT: 228.00 ms | State: connected
[LOG] Time: 323s | RTT: 228.00 ms | State: connected
[LOG] Time: 324s | RTT: 228.00 ms | State: connected
[LOG] Time: 325s | RTT: 212.00 ms | State: connected
[LOG] Time: 326s | RTT: 212.00 ms | State: connected
[LOG] Time: 327s | RTT: 212.00 ms | State: connected
[LOG] Time: 328s | RTT: 559.00 ms | State: connected
[LOG] Time: 329s | RTT: 559.00 ms | State: connected
[LOG] Time: 330s | RTT: 235.00 ms | State: connected
[LOG] Time: 332s | RTT: 235.00 ms | State: connected
[LOG] Time: 333s | RTT: 213.00 ms | State: connected
[LOG] Time: 334s | RTT: 213.00 ms | State: connected
[LOG] Time: 335s | RTT: 213.00 ms | State: connected
[LOG] Time: 336s | RTT: 195.00 ms | State: connected
[LOG] Time: 337s | RTT: 195.00 ms | State: connected
[LOG] Time: 338s | RTT: 168.00 ms | State: connected
[LOG] Time: 339s | RTT: 168.00 ms | State: connected
[LOG] Time: 340s | RTT: 168.00 ms | State: connected
[LOG] Time: 341s | RTT: 254.00 ms | State: connected
[LOG] Time: 342s | RTT: 254.00 ms | State: connected
[LOG] Time: 343s | RTT: 223.00 ms | State: connected
[LOG] Time: 345s | RTT: 223.00 ms | State: connected
[LOG] Time: 346s | RTT: 223.00 ms | State: connected
[LOG] Time: 347s | RTT: 528.00 ms | State: connected
[LOG] Time: 348s | RTT: 528.00 ms | State: connected
[LOG] Time: 349s | RTT: 208.00 ms | State: connected
[LOG] Time: 350s | RTT: 208.00 ms | State: connected
[LOG] Time: 351s | RTT: 175.00 ms | State: connected
[LOG] Time: 352s | RTT: 175.00 ms | State: connected
[LOG] Time: 353s | RTT: 175.00 ms | State: connected
[LOG] Time: 354s | RTT: 262.00 ms | State: connected
[LOG] Time: 355s | RTT: 262.00 ms | State: connected
[LOG] Time: 356s | RTT: 217.00 ms | State: connected
[LOG] Time: 358s | RTT: 217.00 ms | State: connected
[LOG] Time: 359s | RTT: 217.00 ms | State: connected
[LOG] Time: 360s | RTT: 210.00 ms | State: connected
[LOG] Time: 361s | RTT: 210.00 ms | State: connected
[LOG] Time: 362s | RTT: 199.00 ms | State: connected
[LOG] Time: 363s | RTT: 199.00 ms | State: connected
[LOG] Time: 364s | RTT: 199.00 ms | State: connected
[LOG] Time: 365s | RTT: 192.00 ms | State: connected
[LOG] Time: 366s | RTT: 192.00 ms | State: connected
[LOG] Time: 367s | RTT: 229.00 ms | State: connected
[LOG] Time: 368s | RTT: 229.00 ms | State: connected
[LOG] Time: 370s | RTT: 200.00 ms | State: connected
[LOG] Time: 371s | RTT: 200.00 ms | State: connected
[LOG] Time: 372s | RTT: 200.00 ms | State: connected
[LOG] Time: 373s | RTT: 180.00 ms | State: connected
[LOG] Time: 374s | RTT: 180.00 ms | State: connected
[LOG] Time: 375s | RTT: 236.00 ms | State: connected
[LOG] Time: 376s | RTT: 236.00 ms | State: connected
[LOG] Time: 377s | RTT: 236.00 ms | State: connected
[LOG] Time: 378s | RTT: 220.00 ms | State: connected
[LOG] Time: 379s | RTT: 220.00 ms | State: connected
[LOG] Time: 380s | RTT: 263.00 ms | State: connected
[LOG] Time: 382s | RTT: 263.00 ms | State: connected
[LOG] Time: 383s | RTT: 263.00 ms | State: connected
[LOG] Time: 384s | RTT: 204.00 ms | State: connected
[LOG] Time: 385s | RTT: 204.00 ms | State: connected
[LOG] Time: 386s | RTT: 215.00 ms | State: connected
[LOG] Time: 387s | RTT: 215.00 ms | State: connected
[LOG] Time: 388s | RTT: 215.00 ms | State: connected
[LOG] Time: 389s | RTT: 215.00 ms | State: connected
[LOG] Time: 390s | RTT: 215.00 ms | State: connected
[LOG] Time: 391s | RTT: 204.00 ms | State: connected
[LOG] Time: 392s | RTT: 204.00 ms | State: connected
[LOG] Time: 393s | RTT: 211.00 ms | State: connected
[LOG] Time: 395s | RTT: 211.00 ms | State: connected
[LOG] Time: 396s | RTT: 211.00 ms | State: connected
[LOG] Time: 397s | RTT: 254.00 ms | State: connected
[LOG] Time: 398s | RTT: 254.00 ms | State: connected
[LOG] Time: 399s | RTT: 234.00 ms | State: connected
[LOG] Time: 400s | RTT: 234.00 ms | State: connected
[LOG] Time: 401s | RTT: 234.00 ms | State: connected
[LOG] Time: 402s | RTT: 211.00 ms | State: connected
[LOG] Time: 403s | RTT: 211.00 ms | State: connected
[LOG] Time: 404s | RTT: 208.00 ms | State: connected
[LOG] Time: 405s | RTT: 208.00 ms | State: connected
[LOG] Time: 406s | RTT: 208.00 ms | State: connected
[LOG] Time: 408s | RTT: 246.00 ms | State: connected
[LOG] Time: 409s | RTT: 246.00 ms | State: connected
[LOG] Time: 410s | RTT: 219.00 ms | State: connected
[LOG] Time: 411s | RTT: 219.00 ms | State: connected
[LOG] Time: 412s | RTT: 219.00 ms | State: connected
[LOG] Time: 413s | RTT: 206.00 ms | State: connected
[LOG] Time: 414s | RTT: 206.00 ms | State: connected
[LOG] Time: 415s | RTT: 241.00 ms | State: connected
[LOG] Time: 416s | RTT: 241.00 ms | State: connected
[LOG] Time: 417s | RTT: 202.00 ms | State: connected
[LOG] Time: 418s | RTT: 202.00 ms | State: connected
[LOG] Time: 419s | RTT: 202.00 ms | State: connected
[LOG] Time: 421s | RTT: 225.00 ms | State: connected
[LOG] Time: 422s | RTT: 225.00 ms | State: connected
[LOG] Time: 423s | RTT: 243.00 ms | State: connected
[LOG] Time: 424s | RTT: 243.00 ms | State: connected
[LOG] Time: 425s | RTT: 243.00 ms | State: connected
[LOG] Time: 426s | RTT: 212.00 ms | State: connected
[LOG] Time: 427s | RTT: 212.00 ms | State: connected
[LOG] Time: 428s | RTT: 218.00 ms | State: connected
[LOG] Time: 429s | RTT: 218.00 ms | State: connected
[LOG] Time: 430s | RTT: 218.00 ms | State: connected
[LOG] Time: 431s | RTT: 227.00 ms | State: connected
[LOG] Time: 433s | RTT: 227.00 ms | State: connected
[LOG] Time: 434s | RTT: 262.00 ms | State: connected
[LOG] Time: 435s | RTT: 262.00 ms | State: connected
[LOG] Time: 436s | RTT: 262.00 ms | State: connected
[LOG] Time: 437s | RTT: 242.00 ms | State: connected
[LOG] Time: 438s | RTT: 242.00 ms | State: connected
[LOG] Time: 439s | RTT: 200.00 ms | State: connected
[LOG] Time: 440s | RTT: 200.00 ms | State: connected
[LOG] Time: 441s | RTT: 200.00 ms | State: connected
[LOG] Time: 442s | RTT: 323.00 ms | State: connected
[LOG] Time: 443s | RTT: 323.00 ms | State: connected
[LOG] Time: 444s | RTT: 313.00 ms | State: connected
[LOG] Time: 446s | RTT: 313.00 ms | State: connected
[LOG] Time: 447s | RTT: 313.00 ms | State: connected
[LOG] Time: 448s | RTT: 404.00 ms | State: connected
[LOG] Time: 449s | RTT: 404.00 ms | State: connected
[LOG] Time: 450s | RTT: 340.00 ms | State: connected
[LOG] Time: 451s | RTT: 340.00 ms | State: connected
[LOG] Time: 452s | RTT: 340.00 ms | State: connected
[LOG] Time: 453s | RTT: 756.00 ms | State: connected
[LOG] Time: 454s | RTT: 756.00 ms | State: connected
[LOG] Time: 455s | RTT: 380.00 ms | State: connected
[LOG] Time: 456s | RTT: 380.00 ms | State: connected
[LOG] Time: 458s | RTT: 229.00 ms | State: connected
[LOG] Time: 459s | RTT: 229.00 ms | State: connected
[LOG] Time: 460s | RTT: 229.00 ms | State: connected
[LOG] Time: 461s | RTT: 212.00 ms | State: connected
[LOG] Time: 462s | RTT: 212.00 ms | State: connected
[LOG] Time: 463s | RTT: 238.00 ms | State: connected
[LOG] Time: 464s | RTT: 238.00 ms | State: connected
[LOG] Time: 465s | RTT: 238.00 ms | State: connected
[LOG] Time: 466s | RTT: 283.00 ms | State: connected
[LOG] Time: 467s | RTT: 283.00 ms | State: connected
[LOG] Time: 468s | RTT: 220.00 ms | State: connected
[LOG] Time: 469s | RTT: 220.00 ms | State: connected
[LOG] Time: 471s | RTT: 219.00 ms | State: connected
[LOG] Time: 472s | RTT: 219.00 ms | State: connected
[LOG] Time: 473s | RTT: 219.00 ms | State: connected
[LOG] Time: 474s | RTT: 285.00 ms | State: connected
[LOG] Time: 475s | RTT: 285.00 ms | State: connected
[LOG] Time: 476s | RTT: 228.00 ms | State: connected
[LOG] Time: 477s | RTT: 228.00 ms | State: connected
[LOG] Time: 478s | RTT: 228.00 ms | State: connected
[LOG] Time: 479s | RTT: 207.00 ms | State: connected
[LOG] Time: 480s | RTT: 207.00 ms | State: connected
[LOG] Time: 481s | RTT: 570.00 ms | State: connected
[LOG] Time: 483s | RTT: 570.00 ms | State: connected
[LOG] Time: 484s | RTT: 570.00 ms | State: connected
[LOG] Time: 485s | RTT: 229.00 ms | State: connected
[LOG] Time: 486s | RTT: 229.00 ms | State: connected
[LOG] Time: 487s | RTT: 214.00 ms | State: connected
[LOG] Time: 488s | RTT: 214.00 ms | State: connected
[LOG] Time: 489s | RTT: 219.00 ms | State: connected
[LOG] Time: 490s | RTT: 219.00 ms | State: connected
[LOG] Time: 491s | RTT: 219.00 ms | State: connected
[LOG] Time: 492s | RTT: 245.00 ms | State: connected
[LOG] Time: 493s | RTT: 245.00 ms | State: connected
[LOG] Time: 494s | RTT: 191.00 ms | State: connected
[LOG] Time: 496s | RTT: 191.00 ms | State: connected
[LOG] Time: 497s | RTT: 191.00 ms | State: connected
[LOG] Time: 498s | RTT: 223.00 ms | State: connected
[LOG] Time: 499s | RTT: 223.00 ms | State: connected
[LOG] Time: 500s | RTT: 241.00 ms | State: connected
[LOG] Time: 501s | RTT: 241.00 ms | State: connected
[LOG] Time: 502s | RTT: 241.00 ms | State: connected
[LOG] Time: 503s | RTT: 204.00 ms | State: connected
[LOG] Time: 504s | RTT: 204.00 ms | State: connected
[LOG] Time: 505s | RTT: 187.00 ms | State: connected
[LOG] Time: 506s | RTT: 187.00 ms | State: connected
[LOG] Time: 507s | RTT: 187.00 ms | State: connected
[LOG] Time: 509s | RTT: 331.00 ms | State: connected
[LOG] Time: 510s | RTT: 331.00 ms | State: connected
[LOG] Time: 511s | RTT: 219.00 ms | State: connected
[LOG] Time: 512s | RTT: 219.00 ms | State: connected
[LOG] Time: 513s | RTT: 219.00 ms | State: connected
[LOG] Time: 514s | RTT: 257.00 ms | State: connected
[LOG] Time: 515s | RTT: 257.00 ms | State: connected
[LOG] Time: 516s | RTT: 301.00 ms | State: connected
[LOG] Time: 517s | RTT: 301.00 ms | State: connected
[LOG] Time: 518s | RTT: 223.00 ms | State: connected
[LOG] Time: 519s | RTT: 223.00 ms | State: connected
[LOG] Time: 520s | RTT: 223.00 ms | State: connected
[LOG] Time: 522s | RTT: 209.00 ms | State: connected
[LOG] Time: 523s | RTT: 209.00 ms | State: connected
[LOG] Time: 524s | RTT: 186.00 ms | State: connected
[LOG] Time: 525s | RTT: 186.00 ms | State: connected
[LOG] Time: 526s | RTT: 186.00 ms | State: connected
[LOG] Time: 527s | RTT: 240.00 ms | State: connected
[LOG] Time: 528s | RTT: 240.00 ms | State: connected
[LOG] Time: 529s | RTT: 181.00 ms | State: connected
[LOG] Time: 530s | RTT: 181.00 ms | State: connected
[LOG] Time: 531s | RTT: 181.00 ms | State: connected
[LOG] Time: 532s | RTT: 213.00 ms | State: connected
[LOG] Time: 533s | RTT: 213.00 ms | State: connected
[LOG] Time: 534s | RTT: 205.00 ms | State: connected
[LOG] Time: 536s | RTT: 205.00 ms | State: connected
[LOG] Time: 537s | RTT: 205.00 ms | State: connected
[LOG] Time: 538s | RTT: 240.00 ms | State: connected
[LOG] Time: 539s | RTT: 240.00 ms | State: connected
[LOG] Time: 540s | RTT: 180.00 ms | State: connected
[LOG] Time: 541s | RTT: 180.00 ms | State: connected
[LOG] Time: 542s | RTT: 180.00 ms | State: connected
[LOG] Time: 543s | RTT: 180.00 ms | State: connected
[LOG] Time: 544s | RTT: 232.00 ms | State: connected
[LOG] Time: 545s | RTT: 232.00 ms | State: connected
[LOG] Time: 546s | RTT: 195.00 ms | State: connected
[LOG] Time: 547s | RTT: 195.00 ms | State: connected
[LOG] Time: 549s | RTT: 175.00 ms | State: connected
[LOG] Time: 550s | RTT: 175.00 ms | State: connected
[LOG] Time: 551s | RTT: 175.00 ms | State: connected
[LOG] Time: 552s | RTT: 199.00 ms | State: connected
[LOG] Time: 553s | RTT: 199.00 ms | State: connected
[LOG] Time: 554s | RTT: 211.00 ms | State: connected
[LOG] Time: 555s | RTT: 211.00 ms | State: connected
[LOG] Time: 556s | RTT: 211.00 ms | State: connected
[LOG] Time: 557s | RTT: 191.00 ms | State: connected
[LOG] Time: 558s | RTT: 191.00 ms | State: connected
[LOG] Time: 559s | RTT: 191.00 ms | State: connected
[LOG] Time: 560s | RTT: 191.00 ms | State: connected
[LOG] Time: 562s | RTT: 191.00 ms | State: connected
[LOG] Time: 563s | RTT: 243.00 ms | State: connected
[LOG] Time: 564s | RTT: 243.00 ms | State: connected
[LOG] Time: 565s | RTT: 210.00 ms | State: connected
[LOG] Time: 566s | RTT: 210.00 ms | State: connected
[LOG] Time: 567s | RTT: 210.00 ms | State: connected
[LOG] Time: 568s | RTT: 197.00 ms | State: connected
[LOG] Time: 569s | RTT: 197.00 ms | State: connected
[LOG] Time: 570s | RTT: 194.00 ms | State: connected
[LOG] Time: 571s | RTT: 194.00 ms | State: connected
[LOG] Time: 572s | RTT: 194.00 ms | State: connected
[LOG] Time: 573s | RTT: 177.00 ms | State: connected
[LOG] Time: 575s | RTT: 177.00 ms | State: connected
[LOG] Time: 576s | RTT: 177.00 ms | State: connected
[LOG] Time: 577s | RTT: 177.00 ms | State: connected
[LOG] Time: 578s | RTT: 186.00 ms | State: connected
[LOG] Time: 579s | RTT: 186.00 ms | State: connected
[LOG] Time: 580s | RTT: 186.00 ms | State: connected
[LOG] Time: 581s | RTT: 196.00 ms | State: connected
[LOG] Time: 582s | RTT: 196.00 ms | State: connected
[LOG] Time: 583s | RTT: 217.00 ms | State: connected
[LOG] Time: 584s | RTT: 217.00 ms | State: connected
[LOG] Time: 585s | RTT: 217.00 ms | State: connected
[LOG] Time: 586s | RTT: 210.00 ms | State: connected
[LOG] Time: 587s | RTT: 210.00 ms | State: connected
[LOG] Time: 589s | RTT: 201.00 ms | State: connected
[LOG] Time: 590s | RTT: 201.00 ms | State: connected
[LOG] Time: 591s | RTT: 201.00 ms | State: connected
[LOG] Time: 592s | RTT: 233.00 ms | State: connected
[LOG] Time: 593s | RTT: 233.00 ms | State: connected
[LOG] Time: 594s | RTT: 195.00 ms | State: connected
[LOG] Time: 595s | RTT: 195.00 ms | State: connected
[LOG] Time: 596s | RTT: 195.00 ms | State: connected
[LOG] Time: 597s | RTT: 253.00 ms | State: connected
[LOG] Time: 598s | RTT: 253.00 ms | State: connected
[LOG] Time: 599s | RTT: 218.00 ms | State: connected
[*] Monitoring finished.

SUCCESS! Remote IP: 48.208.173.226
[*] Resolving Server Location...
SUCCESS! Server Location: San Francisco, United States (Microsoft Corporation)

[*] Running TCP MTR (Port 443)...
Start: 2026-02-16T05:36:56+0000
HOST: 98e900d1f817                Loss%   Snt   Last   Avg  Best  Wrst StDev
  1. AS???    172.17.0.1           0.0%    10    0.2   0.2   0.2   0.2   0.0
  2. AS???    10.1.0.1             0.0%    10   30.2  14.7   1.7  61.2  21.5
  3. AS???    100.64.0.1           0.0%    10   80.5  67.6  58.8  83.1   9.0
  4. AS???    172.16.250.50        0.0%    10   73.7  66.0  49.7  73.7   7.2
  5. AS???    ???                 100.0    10    0.0   0.0   0.0   0.0   0.0
  6. AS14593  206.224.71.91        0.0%    10   90.3  71.7  58.7  91.2  11.5
        206.224.71.75                    
     AS14593  206.224.71.75
        206.224.71.77                    
     AS14593  206.224.71.77
        206.224.71.86                    
     AS14593  206.224.71.86
        206.224.71.88                    
     AS14593  206.224.71.88
        206.224.71.81                    
     AS14593  206.224.71.81
        206.224.71.83                    
     AS14593  206.224.71.83
        206.224.71.95                    
     AS14593  206.224.71.95
  7. AS8075   104.44.57.195        0.0%    10   86.8  75.4  63.3  97.4  10.2
        104.44.57.191                    
     AS8075   104.44.57.191
  8. AS8075   104.44.41.128        0.0%    10   68.8  70.9  61.9  87.9   8.1
        104.44.55.75                     
     AS8075   104.44.55.75
        104.44.42.2                      
     AS8075   104.44.42.2
        104.44.55.81                     
     AS8075   104.44.55.81
  9. AS8075   104.44.33.171        0.0%    10   73.4 202.1  68.0 1103. 321.0
        104.44.33.179                    
     AS8075   104.44.33.179
        104.44.33.173                    
     AS8075   104.44.33.173
        104.44.33.181                    
     AS8075   104.44.33.181
 10. AS8075   51.10.26.167         0.0%    10   76.9  98.4  66.9 208.8  56.7
        51.10.26.165                     
     AS8075   51.10.26.165
 11. AS8075   104.44.17.22         0.0%    10   87.3  74.2  68.2  87.3   6.9
        104.44.20.215                    
     AS8075   104.44.20.215
        104.44.17.20                     
     AS8075   104.44.17.20
        104.44.22.156                    
     AS8075   104.44.22.156
        104.44.22.148                    
     AS8075   104.44.22.148
        104.44.22.154                    
     AS8075   104.44.22.154
 12. AS8075   104.44.22.168       50.0%    10   84.9  73.4  66.9  84.9   7.5
        104.44.22.174                    
     AS8075   104.44.22.174
        104.44.22.166                    
     AS8075   104.44.22.166
 13. AS???    ???                 100.0    10    0.0   0.0   0.0   0.0   0.0

[*] Running UDP MTR...
Start: 2026-02-16T05:37:17+0000
HOST: 98e900d1f817                Loss%   Snt   Last   Avg  Best  Wrst StDev
  1. AS???    172.17.0.1           0.0%    10    0.2   0.1   0.1   0.2   0.0
  2. AS???    10.1.0.1             0.0%    10   46.8  46.0   3.6 163.5  47.1
  3. AS???    100.64.0.1           0.0%    10   68.8 107.2  68.8 196.8  46.1
  4. AS???    172.16.250.50        0.0%    10  152.9  97.7  60.4 152.9  34.0
  5. AS14593  206.224.65.252       0.0%    10  114.7 105.2  66.6 187.3  40.8
        206.224.65.248                   
     AS14593  206.224.65.248
        206.224.65.244                   
     AS14593  206.224.65.244
        206.224.66.0                     
     AS14593  206.224.66.0
  6. AS14593  206.224.71.95        0.0%    10   75.3  92.9  61.2 154.9  35.8
        206.224.71.86                    
     AS14593  206.224.71.86
        206.224.71.75                    
     AS14593  206.224.71.75
        206.224.71.83                    
     AS14593  206.224.71.83
        206.224.71.81                    
     AS14593  206.224.71.81
        206.224.71.77                    
     AS14593  206.224.71.77
        206.224.71.88                    
     AS14593  206.224.71.88
  7. AS8075   104.44.57.195        0.0%    10  185.8 110.0  69.3 185.8  36.8
        104.44.57.191                    
     AS8075   104.44.57.191
  8. AS8075   104.44.42.2          0.0%    10  146.4 106.0  60.5 157.0  36.1
        104.44.55.75                     
     AS8075   104.44.55.75
        104.44.41.128                    
     AS8075   104.44.41.128
        104.44.55.81                     
     AS8075   104.44.55.81
  9. AS8075   104.44.33.181        0.0%    10  123.7 117.2  73.0 221.2  49.0
        104.44.33.171                    
     AS8075   104.44.33.171
        104.44.33.173                    
     AS8075   104.44.33.173
        104.44.33.179                    
     AS8075   104.44.33.179
 10. AS8075   51.10.26.167         0.0%    10   84.6 100.7  73.5 181.1  34.0
        51.10.26.165                     
     AS8075   51.10.26.165
 11. AS8075   104.44.17.22         0.0%    10  174.1 113.8  72.2 174.1  37.4
        104.44.23.55                     
     AS8075   104.44.23.55
        104.44.22.156                    
     AS8075   104.44.22.156
        104.44.17.20                     
     AS8075   104.44.17.20
        104.44.22.154                    
     AS8075   104.44.22.154
 12. AS8075   104.44.22.176       50.0%    10  153.1 188.0  85.4 510.4 182.2
        104.44.22.168                    
     AS8075   104.44.22.168
        104.44.22.166                    
     AS8075   104.44.22.166
        104.44.22.174                    
     AS8075   104.44.22.174
 13. AS???    ???                 100.0    10    0.0   0.0   0.0   0.0   0.0
