[*] Config Loaded: Name='flight-van-hawaii-Teams', Duration=600s
[*] Launching Chrome for Teams...
[*] Joining URL: [MEETING_LINK_REMOVED]
[*] Navigating Join Flow...
[*] Looking for Join button...
    [+] JOIN CLICKED!
[*] Waiting for connection (20s)...
[*] Starting continuous monitoring for 600 seconds...
[LOG] Time: 0s | RTT: 134.00 ms | State: connected
[LOG] Time: 1s | RTT: 134.00 ms | State: connected
[LOG] Time: 2s | RTT: 172.00 ms | State: connected
[LOG] Time: 3s | RTT: 172.00 ms | State: connected
[LOG] Time: 4s | RTT: 172.00 ms | State: connected
[LOG] Time: 5s | RTT: 129.00 ms | State: connected
[LOG] Time: 6s | RTT: 129.00 ms | State: connected
[LOG] Time: 7s | RTT: 158.00 ms | State: connected
[LOG] Time: 8s | RTT: 158.00 ms | State: connected
[LOG] Time: 10s | RTT: 148.00 ms | State: connected
[LOG] Time: 11s | RTT: 148.00 ms | State: connected
[LOG] Time: 12s | RTT: 148.00 ms | State: connected
[LOG] Time: 13s | RTT: 149.00 ms | State: connected
[LOG] Time: 14s | RTT: 149.00 ms | State: connected
[LOG] Time: 15s | RTT: 162.00 ms | State: connected
[LOG] Time: 16s | RTT: 162.00 ms | State: connected
[LOG] Time: 17s | RTT: 162.00 ms | State: connected
[LOG] Time: 18s | RTT: 149.00 ms | State: connected
[LOG] Time: 19s | RTT: 149.00 ms | State: connected
[LOG] Time: 20s | RTT: 161.00 ms | State: connected
[LOG] Time: 22s | RTT: 161.00 ms | State: connected
[LOG] Time: 23s | RTT: 167.00 ms | State: connected
[LOG] Time: 24s | RTT: 167.00 ms | State: connected
[LOG] Time: 25s | RTT: 167.00 ms | State: connected
[LOG] Time: 26s | RTT: 160.00 ms | State: connected
[LOG] Time: 27s | RTT: 160.00 ms | State: connected
[LOG] Time: 28s | RTT: 196.00 ms | State: connected
[LOG] Time: 29s | RTT: 196.00 ms | State: connected
[LOG] Time: 30s | RTT: 196.00 ms | State: connected
[LOG] Time: 32s | RTT: 172.00 ms | State: connected
[LOG] Time: 33s | RTT: 172.00 ms | State: connected
[LOG] Time: 34s | RTT: 185.00 ms | State: connected
[LOG] Time: 35s | RTT: 185.00 ms | State: connected
[LOG] Time: 36s | RTT: 160.00 ms | State: connected
[LOG] Time: 37s | RTT: 160.00 ms | State: connected
[LOG] Time: 38s | RTT: 160.00 ms | State: connected
[LOG] Time: 39s | RTT: 143.00 ms | State: connected
[LOG] Time: 40s | RTT: 143.00 ms | State: connected
[LOG] Time: 41s | RTT: 159.00 ms | State: connected
[LOG] Time: 42s | RTT: 159.00 ms | State: connected
[LOG] Time: 44s | RTT: 159.00 ms | State: connected
[LOG] Time: 45s | RTT: 192.00 ms | State: connected
[LOG] Time: 46s | RTT: 192.00 ms | State: connected
[LOG] Time: 47s | RTT: 168.00 ms | State: connected
[LOG] Time: 48s | RTT: 168.00 ms | State: connected
[LOG] Time: 49s | RTT: 168.00 ms | State: connected
[LOG] Time: 50s | RTT: 188.00 ms | State: connected
[LOG] Time: 51s | RTT: 188.00 ms | State: connected
[LOG] Time: 52s | RTT: 184.00 ms | State: connected
[LOG] Time: 53s | RTT: 184.00 ms | State: connected
[LOG] Time: 54s | RTT: 184.00 ms | State: connected
[LOG] Time: 56s | RTT: 173.00 ms | State: connected
[LOG] Time: 57s | RTT: 173.00 ms | State: connected
[LOG] Time: 58s | RTT: 161.00 ms | State: connected
[LOG] Time: 59s | RTT: 161.00 ms | State: connected
[LOG] Time: 60s | RTT: 159.00 ms | State: connected
[LOG] Time: 61s | RTT: 159.00 ms | State: connected
[LOG] Time: 62s | RTT: 159.00 ms | State: connected
[LOG] Time: 63s | RTT: 144.00 ms | State: connected
[LOG] Time: 64s | RTT: 144.00 ms | State: connected
[LOG] Time: 65s | RTT: 148.00 ms | State: connected
[LOG] Time: 67s | RTT: 148.00 ms | State: connected
[LOG] Time: 68s | RTT: 148.00 ms | State: connected
[LOG] Time: 69s | RTT: 143.00 ms | State: connected
[LOG] Time: 70s | RTT: 143.00 ms | State: connected
[LOG] Time: 71s | RTT: 130.00 ms | State: connected
[LOG] Time: 72s | RTT: 130.00 ms | State: connected
[LOG] Time: 73s | RTT: 130.00 ms | State: connected
[LOG] Time: 74s | RTT: 260.00 ms | State: connected
[LOG] Time: 75s | RTT: 260.00 ms | State: connected
[LOG] Time: 76s | RTT: 145.00 ms | State: connected
[LOG] Time: 77s | RTT: 145.00 ms | State: connected
[LOG] Time: 79s | RTT: 131.00 ms | State: connected
[LOG] Time: 80s | RTT: 131.00 ms | State: connected
[LOG] Time: 81s | RTT: 131.00 ms | State: connected
[LOG] Time: 82s | RTT: 234.00 ms | State: connected
[LOG] Time: 83s | RTT: 234.00 ms | State: connected
[LOG] Time: 84s | RTT: 234.00 ms | State: connected
[LOG] Time: 85s | RTT: 416.00 ms | State: connected
[LOG] Time: 86s | RTT: 416.00 ms | State: connected
[LOG] Time: 87s | RTT: 185.00 ms | State: connected
[LOG] Time: 88s | RTT: 185.00 ms | State: connected
[LOG] Time: 89s | RTT: 179.00 ms | State: connected
[LOG] Time: 91s | RTT: 179.00 ms | State: connected
[LOG] Time: 92s | RTT: 179.00 ms | State: connected
[LOG] Time: 93s | RTT: 144.00 ms | State: connected
[LOG] Time: 94s | RTT: 144.00 ms | State: connected
[LOG] Time: 95s | RTT: 119.00 ms | State: connected
[LOG] Time: 96s | RTT: 119.00 ms | State: connected
[LOG] Time: 97s | RTT: 127.00 ms | State: connected
[LOG] Time: 98s | RTT: 127.00 ms | State: connected
[LOG] Time: 99s | RTT: 127.00 ms | State: connected
[LOG] Time: 100s | RTT: 152.00 ms | State: connected
[LOG] Time: 102s | RTT: 152.00 ms | State: connected
[LOG] Time: 103s | RTT: 174.00 ms | State: connected
[LOG] Time: 104s | RTT: 174.00 ms | State: connected
[LOG] Time: 105s | RTT: 174.00 ms | State: connected
[LOG] Time: 106s | RTT: 190.00 ms | State: connected
[LOG] Time: 107s | RTT: 190.00 ms | State: connected
[LOG] Time: 108s | RTT: 157.00 ms | State: connected
[LOG] Time: 109s | RTT: 157.00 ms | State: connected
[LOG] Time: 110s | RTT: 157.00 ms | State: connected
[LOG] Time: 111s | RTT: 195.00 ms | State: connected
[LOG] Time: 112s | RTT: 195.00 ms | State: connected
[LOG] Time: 113s | RTT: 176.00 ms | State: connected
[LOG] Time: 115s | RTT: 176.00 ms | State: connected
[LOG] Time: 116s | RTT: 142.00 ms | State: connected
[LOG] Time: 117s | RTT: 142.00 ms | State: connected
[LOG] Time: 118s | RTT: 142.00 ms | State: connected
[LOG] Time: 119s | RTT: 146.00 ms | State: connected
[LOG] Time: 120s | RTT: 146.00 ms | State: connected
[LOG] Time: 121s | RTT: 146.00 ms | State: connected
[LOG] Time: 122s | RTT: 370.00 ms | State: connected
[LOG] Time: 123s | RTT: 370.00 ms | State: connected
[LOG] Time: 124s | RTT: 258.00 ms | State: connected
[LOG] Time: 125s | RTT: 258.00 ms | State: connected
[LOG] Time: 126s | RTT: 125.00 ms | State: connected
[LOG] Time: 128s | RTT: 125.00 ms | State: connected
[LOG] Time: 129s | RTT: 125.00 ms | State: connected
[LOG] Time: 130s | RTT: 124.00 ms | State: connected
[LOG] Time: 131s | RTT: 124.00 ms | State: connected
[LOG] Time: 132s | RTT: 115.00 ms | State: connected
[LOG] Time: 133s | RTT: 115.00 ms | State: connected
[LOG] Time: 134s | RTT: 115.00 ms | State: connected
[LOG] Time: 135s | RTT: 153.00 ms | State: connected
[LOG] Time: 136s | RTT: 153.00 ms | State: connected
[LOG] Time: 137s | RTT: 137.00 ms | State: connected
[LOG] Time: 138s | RTT: 137.00 ms | State: connected
[LOG] Time: 139s | RTT: 137.00 ms | State: connected
[LOG] Time: 141s | RTT: 159.00 ms | State: connected
[LOG] Time: 142s | RTT: 159.00 ms | State: connected
[LOG] Time: 143s | RTT: 171.00 ms | State: connected
[LOG] Time: 144s | RTT: 171.00 ms | State: connected
[LOG] Time: 145s | RTT: 154.00 ms | State: connected
[LOG] Time: 146s | RTT: 154.00 ms | State: connected
[LOG] Time: 147s | RTT: 154.00 ms | State: connected
[LOG] Time: 148s | RTT: 139.00 ms | State: connected
[LOG] Time: 149s | RTT: 139.00 ms | State: connected
[LOG] Time: 150s | RTT: 125.00 ms | State: connected
[LOG] Time: 151s | RTT: 125.00 ms | State: connected
[LOG] Time: 153s | RTT: 125.00 ms | State: connected
[LOG] Time: 154s | RTT: 153.00 ms | State: connected
[LOG] Time: 155s | RTT: 153.00 ms | State: connected
[LOG] Time: 156s | RTT: 166.00 ms | State: connected
[LOG] Time: 157s | RTT: 166.00 ms | State: connected
[LOG] Time: 158s | RTT: 166.00 ms | State: connected
[LOG] Time: 159s | RTT: 145.00 ms | State: connected
[LOG] Time: 160s | RTT: 145.00 ms | State: connected
[LOG] Time: 161s | RTT: 160.00 ms | State: connected
[LOG] Time: 162s | RTT: 160.00 ms | State: connected
[LOG] Time: 164s | RTT: 162.00 ms | State: connected
[LOG] Time: 165s | RTT: 162.00 ms | State: connected
[LOG] Time: 166s | RTT: 162.00 ms | State: connected
[LOG] Time: 167s | RTT: 158.00 ms | State: connected
[LOG] Time: 168s | RTT: 158.00 ms | State: connected
[LOG] Time: 169s | RTT: 164.00 ms | State: connected
[LOG] Time: 170s | RTT: 164.00 ms | State: connected
[LOG] Time: 171s | RTT: 164.00 ms | State: connected
[LOG] Time: 172s | RTT: 156.00 ms | State: connected
[LOG] Time: 174s | RTT: 156.00 ms | State: connected
[LOG] Time: 175s | RTT: 150.00 ms | State: connected
[LOG] Time: 176s | RTT: 150.00 ms | State: connected
[LOG] Time: 177s | RTT: 170.00 ms | State: connected
[LOG] Time: 178s | RTT: 170.00 ms | State: connected
[LOG] Time: 180s | RTT: 156.00 ms | State: connected
[LOG] Time: 181s | RTT: 156.00 ms | State: connected
[LOG] Time: 182s | RTT: 157.00 ms | State: connected
[LOG] Time: 183s | RTT: 157.00 ms | State: connected
[LOG] Time: 184s | RTT: 157.00 ms | State: connected
[LOG] Time: 186s | RTT: 157.00 ms | State: connected
[LOG] Time: 187s | RTT: 157.00 ms | State: connected
[LOG] Time: 188s | RTT: 165.00 ms | State: connected
[LOG] Time: 189s | RTT: 165.00 ms | State: connected
[LOG] Time: 190s | RTT: 157.00 ms | State: connected
[LOG] Time: 191s | RTT: 157.00 ms | State: connected
[LOG] Time: 192s | RTT: 157.00 ms | State: connected
[LOG] Time: 193s | RTT: 143.00 ms | State: connected
[LOG] Time: 195s | RTT: 143.00 ms | State: connected
[LOG] Time: 196s | RTT: 184.00 ms | State: connected
[LOG] Time: 197s | RTT: 184.00 ms | State: connected
[LOG] Time: 198s | RTT: 184.00 ms | State: connected
[LOG] Time: 199s | RTT: 182.00 ms | State: connected
[LOG] Time: 200s | RTT: 182.00 ms | State: connected
[LOG] Time: 201s | RTT: 187.00 ms | State: connected
[LOG] Time: 202s | RTT: 187.00 ms | State: connected
[LOG] Time: 203s | RTT: 128.00 ms | State: connected
[LOG] Time: 205s | RTT: 128.00 ms | State: connected
[LOG] Time: 206s | RTT: 128.00 ms | State: connected
[LOG] Time: 207s | RTT: 176.00 ms | State: connected
[LOG] Time: 208s | RTT: 176.00 ms | State: connected
[LOG] Time: 209s | RTT: 171.00 ms | State: connected
[LOG] Time: 210s | RTT: 171.00 ms | State: connected
[LOG] Time: 211s | RTT: 171.00 ms | State: connected
[LOG] Time: 212s | RTT: 163.00 ms | State: connected
[LOG] Time: 213s | RTT: 163.00 ms | State: connected
[LOG] Time: 214s | RTT: 212.00 ms | State: connected

got 3 SIGTERM/SIGINTs, forcefully exiting
