[*] Config Loaded: Name='flight-edm-vic-Meet', Duration=200s
[*] Joining: [MEETING_LINK_REMOVED]
[*] Input field found. Typing name: flight-edm-vic-Meet
[*] Looking for Join button...
    [+] JOIN CLICKED (XPath)!

[*] Starting continuous monitoring for 200 seconds...
[LOG] Time: 0s | RTT: 25.00 ms
[LOG] Time: 1s | RTT: 25.00 ms
[LOG] Time: 3s | RTT: 26.00 ms
[LOG] Time: 4s | RTT: 26.00 ms
[LOG] Time: 5s | RTT: 33.00 ms
[LOG] Time: 6s | RTT: 33.00 ms
[LOG] Time: 7s | RTT: 24.00 ms
[LOG] Time: 8s | RTT: 24.00 ms
[LOG] Time: 9s | RTT: 24.00 ms
[LOG] Time: 10s | RTT: 22.00 ms
[LOG] Time: 11s | RTT: 22.00 ms
[LOG] Time: 12s | RTT: 22.00 ms
[LOG] Time: 13s | RTT: 35.00 ms
[LOG] Time: 14s | RTT: 35.00 ms
[LOG] Time: 15s | RTT: 39.00 ms
[LOG] Time: 16s | RTT: 39.00 ms
[LOG] Time: 17s | RTT: 39.00 ms
[LOG] Time: 18s | RTT: 24.00 ms
[LOG] Time: 19s | RTT: 24.00 ms
[LOG] Time: 20s | RTT: 76.00 ms
[LOG] Time: 21s | RTT: 76.00 ms
[LOG] Time: 22s | RTT: 76.00 ms
[LOG] Time: 24s | RTT: 36.00 ms
[LOG] Time: 25s | RTT: 36.00 ms
[LOG] Time: 26s | RTT: 36.00 ms
[LOG] Time: 27s | RTT: 26.00 ms
[LOG] Time: 28s | RTT: 26.00 ms
[LOG] Time: 29s | RTT: 23.00 ms
[LOG] Time: 30s | RTT: 23.00 ms
[LOG] Time: 31s | RTT: 23.00 ms
[LOG] Time: 32s | RTT: 35.00 ms
[LOG] Time: 33s | RTT: 35.00 ms
[LOG] Time: 34s | RTT: 24.00 ms
[LOG] Time: 35s | RTT: 24.00 ms
[LOG] Time: 36s | RTT: 24.00 ms
[LOG] Time: 37s | RTT: 38.00 ms
[LOG] Time: 38s | RTT: 38.00 ms
[LOG] Time: 39s | RTT: 38.00 ms
[LOG] Time: 40s | RTT: 37.00 ms
[LOG] Time: 41s | RTT: 37.00 ms
[LOG] Time: 42s | RTT: 40.00 ms
[LOG] Time: 43s | RTT: 40.00 ms
[LOG] Time: 44s | RTT: 40.00 ms
[LOG] Time: 45s | RTT: 29.00 ms
[LOG] Time: 46s | RTT: 29.00 ms
[LOG] Time: 47s | RTT: 29.00 ms
[LOG] Time: 48s | RTT: 29.00 ms
[LOG] Time: 49s | RTT: 29.00 ms
[LOG] Time: 50s | RTT: 33.00 ms
[LOG] Time: 51s | RTT: 33.00 ms
[LOG] Time: 52s | RTT: 33.00 ms
[LOG] Time: 53s | RTT: 31.00 ms
[LOG] Time: 54s | RTT: 31.00 ms
[LOG] Time: 55s | RTT: 25.00 ms
[LOG] Time: 56s | RTT: 25.00 ms
[LOG] Time: 57s | RTT: 25.00 ms
[LOG] Time: 58s | RTT: 28.00 ms
[LOG] Time: 59s | RTT: 28.00 ms
[LOG] Time: 60s | RTT: 28.00 ms
[LOG] Time: 61s | RTT: 33.00 ms
[LOG] Time: 62s | RTT: 33.00 ms
[LOG] Time: 63s | RTT: 33.00 ms
[LOG] Time: 64s | RTT: 33.00 ms
[LOG] Time: 65s | RTT: 33.00 ms
[LOG] Time: 66s | RTT: 26.00 ms
[LOG] Time: 67s | RTT: 26.00 ms
[LOG] Time: 68s | RTT: 36.00 ms
[LOG] Time: 69s | RTT: 36.00 ms
[LOG] Time: 70s | RTT: 36.00 ms
[LOG] Time: 71s | RTT: 24.00 ms
[LOG] Time: 72s | RTT: 24.00 ms
[LOG] Time: 73s | RTT: 24.00 ms
[LOG] Time: 74s | RTT: 36.00 ms
[LOG] Time: 75s | RTT: 36.00 ms
[LOG] Time: 76s | RTT: 28.00 ms
[LOG] Time: 77s | RTT: 28.00 ms
[LOG] Time: 78s | RTT: 28.00 ms
[LOG] Time: 79s | RTT: 31.00 ms
[LOG] Time: 80s | RTT: 31.00 ms
[LOG] Time: 82s | RTT: 31.00 ms
[LOG] Time: 83s | RTT: 31.00 ms
[LOG] Time: 84s | RTT: 31.00 ms
[LOG] Time: 85s | RTT: 27.00 ms
[LOG] Time: 86s | RTT: 27.00 ms
[LOG] Time: 87s | RTT: 27.00 ms
[LOG] Time: 88s | RTT: 22.00 ms
[LOG] Time: 89s | RTT: 22.00 ms
[LOG] Time: 90s | RTT: 27.00 ms
[LOG] Time: 91s | RTT: 27.00 ms
[LOG] Time: 92s | RTT: 27.00 ms
[LOG] Time: 93s | RTT: 30.00 ms
[LOG] Time: 94s | RTT: 30.00 ms
[LOG] Time: 95s | RTT: 30.00 ms
[LOG] Time: 96s | RTT: 30.00 ms
[LOG] Time: 97s | RTT: 30.00 ms
[LOG] Time: 98s | RTT: 35.00 ms
[LOG] Time: 99s | RTT: 35.00 ms
[LOG] Time: 100s | RTT: 35.00 ms
[LOG] Time: 101s | RTT: 26.00 ms
[LOG] Time: 102s | RTT: 26.00 ms
[LOG] Time: 103s | RTT: 31.00 ms
[LOG] Time: 104s | RTT: 31.00 ms
[LOG] Time: 105s | RTT: 31.00 ms
[LOG] Time: 106s | RTT: 22.00 ms
[LOG] Time: 107s | RTT: 22.00 ms
[LOG] Time: 108s | RTT: 22.00 ms
[LOG] Time: 109s | RTT: 35.00 ms
[LOG] Time: 110s | RTT: 35.00 ms
[LOG] Time: 111s | RTT: 26.00 ms
[LOG] Time: 112s | RTT: 26.00 ms
[LOG] Time: 113s | RTT: 26.00 ms
[LOG] Time: 114s | RTT: 22.00 ms
[LOG] Time: 115s | RTT: 22.00 ms
[LOG] Time: 116s | RTT: 30.00 ms
[LOG] Time: 117s | RTT: 30.00 ms
[LOG] Time: 118s | RTT: 30.00 ms
[LOG] Time: 119s | RTT: 30.00 ms
[LOG] Time: 120s | RTT: 30.00 ms
[LOG] Time: 121s | RTT: 28.00 ms
[LOG] Time: 122s | RTT: 28.00 ms
[LOG] Time: 123s | RTT: 28.00 ms
[LOG] Time: 124s | RTT: 33.00 ms
[LOG] Time: 125s | RTT: 33.00 ms
[LOG] Time: 126s | RTT: 33.00 ms
[LOG] Time: 127s | RTT: 23.00 ms
[LOG] Time: 129s | RTT: 23.00 ms
[LOG] Time: 130s | RTT: 23.00 ms
[LOG] Time: 131s | RTT: 23.00 ms
[LOG] Time: 132s | RTT: 23.00 ms
[LOG] Time: 133s | RTT: 26.00 ms
[LOG] Time: 134s | RTT: 26.00 ms
[LOG] Time: 135s | RTT: 22.00 ms
[LOG] Time: 136s | RTT: 22.00 ms
[LOG] Time: 137s | RTT: 22.00 ms
[LOG] Time: 138s | RTT: 34.00 ms
[LOG] Time: 139s | RTT: 34.00 ms
[LOG] Time: 140s | RTT: 34.00 ms
[LOG] Time: 141s | RTT: 22.00 ms
[LOG] Time: 142s | RTT: 22.00 ms
[LOG] Time: 143s | RTT: 27.00 ms
[LOG] Time: 144s | RTT: 27.00 ms
[LOG] Time: 145s | RTT: 27.00 ms
[LOG] Time: 146s | RTT: 35.00 ms
[LOG] Time: 147s | RTT: 35.00 ms
[LOG] Time: 148s | RTT: 35.00 ms
[LOG] Time: 149s | RTT: 40.00 ms
[LOG] Time: 150s | RTT: 40.00 ms
[LOG] Time: 151s | RTT: 37.00 ms
[LOG] Time: 152s | RTT: 37.00 ms
[LOG] Time: 153s | RTT: 37.00 ms
[LOG] Time: 154s | RTT: 37.00 ms
[LOG] Time: 155s | RTT: 37.00 ms
[LOG] Time: 156s | RTT: 24.00 ms
[LOG] Time: 157s | RTT: 24.00 ms
[LOG] Time: 158s | RTT: 24.00 ms
[LOG] Time: 159s | RTT: 24.00 ms
[LOG] Time: 160s | RTT: 24.00 ms
[LOG] Time: 161s | RTT: 24.00 ms
[LOG] Time: 162s | RTT: 30.00 ms
[LOG] Time: 163s | RTT: 30.00 ms
[LOG] Time: 164s | RTT: 27.00 ms
[LOG] Time: 165s | RTT: 27.00 ms
[LOG] Time: 166s | RTT: 27.00 ms
[LOG] Time: 167s | RTT: 23.00 ms
[LOG] Time: 168s | RTT: 23.00 ms
[LOG] Time: 169s | RTT: 27.00 ms
[LOG] Time: 170s | RTT: 27.00 ms
[LOG] Time: 171s | RTT: 27.00 ms
[LOG] Time: 172s | RTT: 32.00 ms
[LOG] Time: 173s | RTT: 32.00 ms
[LOG] Time: 174s | RTT: 32.00 ms
[LOG] Time: 175s | RTT: 26.00 ms
[LOG] Time: 176s | RTT: 26.00 ms
[LOG] Time: 177s | RTT: 32.00 ms
[LOG] Time: 178s | RTT: 32.00 ms
[LOG] Time: 179s | RTT: 32.00 ms
[LOG] Time: 180s | RTT: 30.00 ms
[LOG] Time: 181s | RTT: 30.00 ms
[LOG] Time: 182s | RTT: 30.00 ms
[LOG] Time: 183s | RTT: 22.00 ms
[LOG] Time: 184s | RTT: 22.00 ms
[LOG] Time: 185s | RTT: 31.00 ms
[LOG] Time: 186s | RTT: 31.00 ms
[LOG] Time: 187s | RTT: 31.00 ms
[LOG] Time: 188s | RTT: 33.00 ms
[LOG] Time: 189s | RTT: 33.00 ms
[LOG] Time: 190s | RTT: 29.00 ms
[LOG] Time: 191s | RTT: 29.00 ms
[LOG] Time: 192s | RTT: 29.00 ms
[LOG] Time: 193s | RTT: 76.00 ms
[LOG] Time: 194s | RTT: 76.00 ms
[LOG] Time: 196s | RTT: 76.00 ms
[LOG] Time: 197s | RTT: 28.00 ms
[LOG] Time: 198s | RTT: 28.00 ms
[LOG] Time: 199s | RTT: 34.00 ms
[*] Monitoring finished.

SUCCESS! Remote IP: 74.125.250.249
[*] Resolving Server Location...
SUCCESS! Server Location: Mountain View, United States (Google LLC)

[*] Running TCP MTR (Port 443)...
Start: 2026-02-14T15:46:41+0000
HOST: 2aaeb1e96535                Loss%   Snt   Last   Avg  Best  Wrst StDev
  1. AS???    172.17.0.1           0.0%    50    0.3   0.2   0.2   0.4   0.0
  2. AS???    10.1.0.1            70.0%    50    2.5   2.5   1.8   3.8   0.5
  3. AS???    100.64.0.1           0.0%    50   30.9  25.3  18.3  35.6   4.7
  4. AS???    172.16.252.56        2.0%    50   20.1  24.3  18.0  36.5   4.3
  5. AS???    ???                 100.0    50    0.0   0.0   0.0   0.0   0.0
  6. AS???    172.17.0.1           0.0%    50    0.3  25.0   0.3  40.4   6.5
        206.224.66.157                   
     AS14593  206.224.66.157
        206.224.66.145                   
     AS14593  206.224.66.145
        206.224.66.155                   
     AS14593  206.224.66.155
        206.224.66.149                   
     AS14593  206.224.66.149

[*] Running UDP MTR...
