[*] Config Loaded: Name='flight-van-hawaii-Teams', Duration=600s
[*] Launching Chrome for Teams...
[*] Joining URL: [MEETING_LINK_REMOVED]
[*] Navigating Join Flow...
[*] Looking for Join button...
    [+] JOIN CLICKED!
[*] Waiting for connection (20s)...
[*] Starting continuous monitoring for 600 seconds...
[LOG] Time: 0s | RTT: 136.00 ms | State: connected
[LOG] Time: 1s | RTT: 255.00 ms | State: connected
[LOG] Time: 2s | RTT: 255.00 ms | State: connected
[LOG] Time: 3s | RTT: 255.00 ms | State: connected
[LOG] Time: 4s | RTT: 160.00 ms | State: connected
[LOG] Time: 5s | RTT: 160.00 ms | State: connected
[LOG] Time: 6s | RTT: 137.00 ms | State: connected
[LOG] Time: 7s | RTT: 137.00 ms | State: connected
[LOG] Time: 8s | RTT: 137.00 ms | State: connected
[LOG] Time: 10s | RTT: 137.00 ms | State: connected
[LOG] Time: 11s | RTT: 137.00 ms | State: connected
[LOG] Time: 12s | RTT: 140.00 ms | State: connected
[LOG] Time: 13s | RTT: 140.00 ms | State: connected
[LOG] Time: 14s | RTT: 123.00 ms | State: connected
[LOG] Time: 15s | RTT: 123.00 ms | State: connected
[LOG] Time: 16s | RTT: 123.00 ms | State: connected
[LOG] Time: 17s | RTT: 242.00 ms | State: connected
[LOG] Time: 18s | RTT: 242.00 ms | State: connected
[LOG] Time: 19s | RTT: 344.00 ms | State: connected
[LOG] Time: 20s | RTT: 344.00 ms | State: connected
[LOG] Time: 22s | RTT: 344.00 ms | State: connected
[LOG] Time: 23s | RTT: 196.00 ms | State: connected
[LOG] Time: 24s | RTT: 196.00 ms | State: connected
[LOG] Time: 25s | RTT: 289.00 ms | State: connected
[LOG] Time: 26s | RTT: 289.00 ms | State: connected
[LOG] Time: 27s | RTT: 289.00 ms | State: connected
[LOG] Time: 28s | RTT: 142.00 ms | State: connected
[LOG] Time: 29s | RTT: 142.00 ms | State: connected
[LOG] Time: 30s | RTT: 306.00 ms | State: connected
[LOG] Time: 31s | RTT: 306.00 ms | State: connected
[LOG] Time: 32s | RTT: 306.00 ms | State: connected
[LOG] Time: 34s | RTT: 268.00 ms | State: connected
[LOG] Time: 35s | RTT: 268.00 ms | State: connected
[LOG] Time: 36s | RTT: 150.00 ms | State: connected
[LOG] Time: 37s | RTT: 150.00 ms | State: connected
[LOG] Time: 38s | RTT: 240.00 ms | State: connected
[LOG] Time: 39s | RTT: 240.00 ms | State: connected
[LOG] Time: 40s | RTT: 240.00 ms | State: connected
[LOG] Time: 41s | RTT: 146.00 ms | State: connected
[LOG] Time: 42s | RTT: 146.00 ms | State: connected
[LOG] Time: 43s | RTT: 287.00 ms | State: connected
[LOG] Time: 45s | RTT: 287.00 ms | State: connected
[LOG] Time: 46s | RTT: 287.00 ms | State: connected
[LOG] Time: 47s | RTT: 159.00 ms | State: connected
[LOG] Time: 48s | RTT: 159.00 ms | State: connected
[LOG] Time: 49s | RTT: 147.00 ms | State: connected
[LOG] Time: 50s | RTT: 147.00 ms | State: connected
[LOG] Time: 51s | RTT: 147.00 ms | State: connected
[LOG] Time: 52s | RTT: 186.00 ms | State: connected
[LOG] Time: 53s | RTT: 186.00 ms | State: connected
[LOG] Time: 54s | RTT: 111.00 ms | State: connected
[LOG] Time: 55s | RTT: 111.00 ms | State: connected
[LOG] Time: 56s | RTT: 148.00 ms | State: connected
[LOG] Time: 58s | RTT: 148.00 ms | State: connected
[LOG] Time: 59s | RTT: 148.00 ms | State: connected
[LOG] Time: 60s | RTT: 146.00 ms | State: connected
[LOG] Time: 61s | RTT: 146.00 ms | State: connected
[LOG] Time: 62s | RTT: 125.00 ms | State: connected
[LOG] Time: 63s | RTT: 125.00 ms | State: connected
[LOG] Time: 64s | RTT: 125.00 ms | State: connected
[LOG] Time: 65s | RTT: 125.00 ms | State: connected
[LOG] Time: 66s | RTT: 125.00 ms | State: connected
[LOG] Time: 67s | RTT: 108.00 ms | State: connected
[LOG] Time: 68s | RTT: 108.00 ms | State: connected
[LOG] Time: 70s | RTT: 108.00 ms | State: connected
[LOG] Time: 71s | RTT: 117.00 ms | State: connected
[LOG] Time: 72s | RTT: 117.00 ms | State: connected
[LOG] Time: 73s | RTT: 111.00 ms | State: connected
[LOG] Time: 74s | RTT: 111.00 ms | State: connected
[LOG] Time: 75s | RTT: 116.00 ms | State: connected
[LOG] Time: 76s | RTT: 116.00 ms | State: connected
[LOG] Time: 77s | RTT: 116.00 ms | State: connected
[LOG] Time: 78s | RTT: 159.00 ms | State: connected
[LOG] Time: 79s | RTT: 159.00 ms | State: connected
[LOG] Time: 80s | RTT: 104.00 ms | State: connected
[LOG] Time: 82s | RTT: 104.00 ms | State: connected
[LOG] Time: 83s | RTT: 104.00 ms | State: connected
[LOG] Time: 84s | RTT: 155.00 ms | State: connected
[LOG] Time: 85s | RTT: 155.00 ms | State: connected
[LOG] Time: 86s | RTT: 127.00 ms | State: connected
[LOG] Time: 87s | RTT: 127.00 ms | State: connected
[LOG] Time: 88s | RTT: 127.00 ms | State: connected
[LOG] Time: 89s | RTT: 117.00 ms | State: connected
[LOG] Time: 90s | RTT: 117.00 ms | State: connected
[LOG] Time: 91s | RTT: 165.00 ms | State: connected
[LOG] Time: 92s | RTT: 165.00 ms | State: connected
[LOG] Time: 94s | RTT: 165.00 ms | State: connected
[LOG] Time: 95s | RTT: 146.00 ms | State: connected
[LOG] Time: 96s | RTT: 146.00 ms | State: connected
[LOG] Time: 97s | RTT: 143.00 ms | State: connected
[LOG] Time: 98s | RTT: 143.00 ms | State: connected
[LOG] Time: 99s | RTT: 199.00 ms | State: connected
[LOG] Time: 100s | RTT: 199.00 ms | State: connected
[LOG] Time: 101s | RTT: 199.00 ms | State: connected
[LOG] Time: 102s | RTT: 140.00 ms | State: connected
[LOG] Time: 103s | RTT: 140.00 ms | State: connected
[LOG] Time: 104s | RTT: 134.00 ms | State: connected
[LOG] Time: 105s | RTT: 134.00 ms | State: connected
[LOG] Time: 107s | RTT: 134.00 ms | State: connected
[LOG] Time: 108s | RTT: 117.00 ms | State: connected
[LOG] Time: 109s | RTT: 117.00 ms | State: connected
[LOG] Time: 110s | RTT: 154.00 ms | State: connected
[LOG] Time: 111s | RTT: 154.00 ms | State: connected
[LOG] Time: 112s | RTT: 154.00 ms | State: connected
[LOG] Time: 113s | RTT: 125.00 ms | State: connected
[LOG] Time: 114s | RTT: 125.00 ms | State: connected
[LOG] Time: 115s | RTT: 130.00 ms | State: connected
[LOG] Time: 116s | RTT: 130.00 ms | State: connected
[LOG] Time: 117s | RTT: 139.00 ms | State: connected
[LOG] Time: 119s | RTT: 139.00 ms | State: connected
[LOG] Time: 120s | RTT: 139.00 ms | State: connected
[LOG] Time: 121s | RTT: 173.00 ms | State: connected
[LOG] Time: 122s | RTT: 173.00 ms | State: connected
[LOG] Time: 123s | RTT: 166.00 ms | State: connected
[LOG] Time: 124s | RTT: 166.00 ms | State: connected
[LOG] Time: 125s | RTT: 166.00 ms | State: connected
[LOG] Time: 126s | RTT: 149.00 ms | State: connected
[LOG] Time: 127s | RTT: 149.00 ms | State: connected
[LOG] Time: 128s | RTT: 168.00 ms | State: connected
[LOG] Time: 129s | RTT: 168.00 ms | State: connected
[LOG] Time: 131s | RTT: 168.00 ms | State: connected
[LOG] Time: 132s | RTT: 139.00 ms | State: connected
[LOG] Time: 133s | RTT: 139.00 ms | State: connected
[LOG] Time: 134s | RTT: 144.00 ms | State: connected
[LOG] Time: 135s | RTT: 144.00 ms | State: connected
[LOG] Time: 136s | RTT: 144.00 ms | State: connected
[LOG] Time: 137s | RTT: 168.00 ms | State: connected
[LOG] Time: 138s | RTT: 168.00 ms | State: connected
[LOG] Time: 139s | RTT: 131.00 ms | State: connected
[LOG] Time: 140s | RTT: 131.00 ms | State: connected
[LOG] Time: 141s | RTT: 117.00 ms | State: connected
[LOG] Time: 142s | RTT: 117.00 ms | State: connected
[LOG] Time: 144s | RTT: 117.00 ms | State: connected
[LOG] Time: 145s | RTT: 150.00 ms | State: connected
[LOG] Time: 146s | RTT: 150.00 ms | State: connected
[LOG] Time: 147s | RTT: 141.00 ms | State: connected
[LOG] Time: 148s | RTT: 141.00 ms | State: connected
[LOG] Time: 149s | RTT: 141.00 ms | State: connected
[LOG] Time: 150s | RTT: 123.00 ms | State: connected
[LOG] Time: 151s | RTT: 123.00 ms | State: connected
[LOG] Time: 152s | RTT: 109.00 ms | State: connected
[LOG] Time: 153s | RTT: 109.00 ms | State: connected
[LOG] Time: 155s | RTT: 109.00 ms | State: connected
[LOG] Time: 156s | RTT: 146.00 ms | State: connected
[LOG] Time: 157s | RTT: 146.00 ms | State: connected
[LOG] Time: 158s | RTT: 115.00 ms | State: connected
[LOG] Time: 159s | RTT: 115.00 ms | State: connected
[LOG] Time: 160s | RTT: 126.00 ms | State: connected
[LOG] Time: 161s | RTT: 126.00 ms | State: connected
[LOG] Time: 162s | RTT: 126.00 ms | State: connected
[LOG] Time: 163s | RTT: 176.00 ms | State: connected
[LOG] Time: 165s | RTT: 176.00 ms | State: connected
[LOG] Time: 166s | RTT: 163.00 ms | State: connected
[LOG] Time: 167s | RTT: 163.00 ms | State: connected
[LOG] Time: 168s | RTT: 163.00 ms | State: connected
[LOG] Time: 169s | RTT: 350.00 ms | State: connected
[LOG] Time: 170s | RTT: 350.00 ms | State: connected
[LOG] Time: 171s | RTT: 229.00 ms | State: connected
[LOG] Time: 172s | RTT: 229.00 ms | State: connected
[LOG] Time: 174s | RTT: 148.00 ms | State: connected
[LOG] Time: 175s | RTT: 148.00 ms | State: connected
[LOG] Time: 176s | RTT: 164.00 ms | State: connected
[LOG] Time: 177s | RTT: 164.00 ms | State: connected
[LOG] Time: 178s | RTT: 164.00 ms | State: connected
[LOG] Time: 179s | RTT: 139.00 ms | State: connected
[LOG] Time: 180s | RTT: 139.00 ms | State: connected
[LOG] Time: 182s | RTT: 115.00 ms | State: connected
[LOG] Time: 183s | RTT: 115.00 ms | State: connected
[LOG] Time: 184s | RTT: 115.00 ms | State: connected
[LOG] Time: 185s | RTT: 318.00 ms | State: connected
[LOG] Time: 186s | RTT: 318.00 ms | State: connected
[LOG] Time: 187s | RTT: 288.00 ms | State: connected
[LOG] Time: 188s | RTT: 288.00 ms | State: connected
[LOG] Time: 189s | RTT: 179.00 ms | State: connected
[LOG] Time: 190s | RTT: 179.00 ms | State: connected
[LOG] Time: 192s | RTT: 179.00 ms | State: connected
[LOG] Time: 193s | RTT: 166.00 ms | State: connected
[LOG] Time: 194s | RTT: 166.00 ms | State: connected
[LOG] Time: 195s | RTT: 319.00 ms | State: connected
[LOG] Time: 196s | RTT: 319.00 ms | State: connected
[LOG] Time: 197s | RTT: 110.00 ms | State: connected
[LOG] Time: 198s | RTT: 110.00 ms | State: connected
[LOG] Time: 200s | RTT: 110.00 ms | State: connected
[LOG] Time: 201s | RTT: 172.00 ms | State: connected
[LOG] Time: 202s | RTT: 172.00 ms | State: connected
[LOG] Time: 203s | RTT: 196.00 ms | State: connected
[LOG] Time: 204s | RTT: 196.00 ms | State: connected
[LOG] Time: 205s | RTT: 196.00 ms | State: connected
[LOG] Time: 206s | RTT: 142.00 ms | State: connected
[LOG] Time: 207s | RTT: 142.00 ms | State: connected
[LOG] Time: 208s | RTT: 171.00 ms | State: connected
[LOG] Time: 209s | RTT: 171.00 ms | State: connected
[LOG] Time: 211s | RTT: 144.00 ms | State: connected
[LOG] Time: 212s | RTT: 144.00 ms | State: connected
[LOG] Time: 213s | RTT: 144.00 ms | State: connected
[LOG] Time: 214s | RTT: 138.00 ms | State: connected
[LOG] Time: 215s | RTT: 138.00 ms | State: connected
[LOG] Time: 216s | RTT: 131.00 ms | State: connected
[LOG] Time: 217s | RTT: 131.00 ms | State: connected
[LOG] Time: 218s | RTT: 131.00 ms | State: connected
[LOG] Time: 219s | RTT: 305.00 ms | State: connected
[LOG] Time: 220s | RTT: 305.00 ms | State: connected
[LOG] Time: 221s | RTT: 164.00 ms | State: connected
[LOG] Time: 223s | RTT: 164.00 ms | State: connected
[LOG] Time: 224s | RTT: 164.00 ms | State: connected
[LOG] Time: 225s | RTT: 187.00 ms | State: connected
[LOG] Time: 226s | RTT: 187.00 ms | State: connected
[LOG] Time: 227s | RTT: 155.00 ms | State: connected
[LOG] Time: 228s | RTT: 155.00 ms | State: connected
[LOG] Time: 229s | RTT: 142.00 ms | State: connected
[LOG] Time: 230s | RTT: 142.00 ms | State: connected
[LOG] Time: 231s | RTT: 142.00 ms | State: connected
[LOG] Time: 232s | RTT: 118.00 ms | State: connected
[LOG] Time: 234s | RTT: 118.00 ms | State: connected
[LOG] Time: 235s | RTT: 161.00 ms | State: connected
[LOG] Time: 236s | RTT: 161.00 ms | State: connected
[LOG] Time: 237s | RTT: 161.00 ms | State: connected
[LOG] Time: 238s | RTT: 124.00 ms | State: connected
[LOG] Time: 239s | RTT: 124.00 ms | State: connected
[LOG] Time: 240s | RTT: 158.00 ms | State: connected
[LOG] Time: 241s | RTT: 158.00 ms | State: connected
[LOG] Time: 242s | RTT: 158.00 ms | State: connected
[LOG] Time: 243s | RTT: 175.00 ms | State: connected
[LOG] Time: 244s | RTT: 175.00 ms | State: connected
[LOG] Time: 246s | RTT: 178.00 ms | State: connected
[LOG] Time: 247s | RTT: 178.00 ms | State: connected
[LOG] Time: 248s | RTT: 172.00 ms | State: connected
[LOG] Time: 249s | RTT: 172.00 ms | State: connected
[LOG] Time: 250s | RTT: 172.00 ms | State: connected
[LOG] Time: 251s | RTT: 147.00 ms | State: connected
[LOG] Time: 252s | RTT: 147.00 ms | State: connected
[LOG] Time: 253s | RTT: 153.00 ms | State: connected
[LOG] Time: 254s | RTT: 153.00 ms | State: connected
[LOG] Time: 255s | RTT: 153.00 ms | State: connected
[LOG] Time: 256s | RTT: 137.00 ms | State: connected
[LOG] Time: 258s | RTT: 137.00 ms | State: connected
[LOG] Time: 259s | RTT: 137.00 ms | State: connected
[LOG] Time: 260s | RTT: 137.00 ms | State: connected
[LOG] Time: 261s | RTT: 137.00 ms | State: connected
[LOG] Time: 262s | RTT: 119.00 ms | State: connected
[LOG] Time: 263s | RTT: 119.00 ms | State: connected
[LOG] Time: 264s | RTT: 162.00 ms | State: connected
[LOG] Time: 265s | RTT: 162.00 ms | State: connected
[LOG] Time: 266s | RTT: 162.00 ms | State: connected
[LOG] Time: 267s | RTT: 161.00 ms | State: connected
[LOG] Time: 268s | RTT: 161.00 ms | State: connected
[LOG] Time: 269s | RTT: 147.00 ms | State: connected
[LOG] Time: 271s | RTT: 147.00 ms | State: connected
[LOG] Time: 272s | RTT: 144.00 ms | State: connected
[LOG] Time: 273s | RTT: 144.00 ms | State: connected
[LOG] Time: 274s | RTT: 144.00 ms | State: connected
[LOG] Time: 275s | RTT: 118.00 ms | State: connected
[LOG] Time: 276s | RTT: 118.00 ms | State: connected
[LOG] Time: 277s | RTT: 167.00 ms | State: connected
[LOG] Time: 278s | RTT: 167.00 ms | State: connected
[LOG] Time: 279s | RTT: 167.00 ms | State: connected
[LOG] Time: 280s | RTT: 142.00 ms | State: connected
[LOG] Time: 281s | RTT: 142.00 ms | State: connected
[LOG] Time: 283s | RTT: 125.00 ms | State: connected
[LOG] Time: 284s | RTT: 125.00 ms | State: connected
[LOG] Time: 285s | RTT: 125.00 ms | State: connected
[LOG] Time: 286s | RTT: 126.00 ms | State: connected
[LOG] Time: 287s | RTT: 126.00 ms | State: connected
[LOG] Time: 288s | RTT: 108.00 ms | State: connected
[LOG] Time: 289s | RTT: 108.00 ms | State: connected
[LOG] Time: 290s | RTT: 103.00 ms | State: connected
[LOG] Time: 291s | RTT: 103.00 ms | State: connected
[LOG] Time: 292s | RTT: 103.00 ms | State: connected
[LOG] Time: 293s | RTT: 194.00 ms | State: connected
[LOG] Time: 294s | RTT: 194.00 ms | State: connected
[LOG] Time: 296s | RTT: 163.00 ms | State: connected
[LOG] Time: 297s | RTT: 163.00 ms | State: connected
[LOG] Time: 298s | RTT: 163.00 ms | State: connected
[LOG] Time: 299s | RTT: 121.00 ms | State: connected
[LOG] Time: 300s | RTT: 121.00 ms | State: connected
[LOG] Time: 301s | RTT: 115.00 ms | State: connected
[LOG] Time: 302s | RTT: 115.00 ms | State: connected
[LOG] Time: 303s | RTT: 115.00 ms | State: connected
[LOG] Time: 304s | RTT: 167.00 ms | State: connected
[LOG] Time: 305s | RTT: 167.00 ms | State: connected
[LOG] Time: 306s | RTT: 150.00 ms | State: connected
[LOG] Time: 308s | RTT: 150.00 ms | State: connected
[LOG] Time: 309s | RTT: 150.00 ms | State: connected
[LOG] Time: 310s | RTT: 148.00 ms | State: connected
[LOG] Time: 311s | RTT: 148.00 ms | State: connected
[LOG] Time: 312s | RTT: 147.00 ms | State: connected
[LOG] Time: 313s | RTT: 147.00 ms | State: connected
[LOG] Time: 314s | RTT: 147.00 ms | State: connected
[LOG] Time: 315s | RTT: 133.00 ms | State: connected
[LOG] Time: 316s | RTT: 133.00 ms | State: connected
[LOG] Time: 317s | RTT: 183.00 ms | State: connected
[LOG] Time: 318s | RTT: 183.00 ms | State: connected
[LOG] Time: 319s | RTT: 209.00 ms | State: connected
[LOG] Time: 321s | RTT: 209.00 ms | State: connected
[LOG] Time: 322s | RTT: 209.00 ms | State: connected
[LOG] Time: 323s | RTT: 194.00 ms | State: connected
[LOG] Time: 324s | RTT: 194.00 ms | State: connected
[LOG] Time: 325s | RTT: 173.00 ms | State: connected
[LOG] Time: 326s | RTT: 173.00 ms | State: connected
[LOG] Time: 327s | RTT: 173.00 ms | State: connected
[LOG] Time: 328s | RTT: 180.00 ms | State: connected
[LOG] Time: 329s | RTT: 180.00 ms | State: connected
[LOG] Time: 330s | RTT: 213.00 ms | State: connected
[LOG] Time: 331s | RTT: 213.00 ms | State: connected
[LOG] Time: 332s | RTT: 213.00 ms | State: connected
[LOG] Time: 334s | RTT: 142.00 ms | State: connected
[LOG] Time: 335s | RTT: 142.00 ms | State: connected
[LOG] Time: 336s | RTT: 241.00 ms | State: connected
[LOG] Time: 337s | RTT: 241.00 ms | State: connected
[LOG] Time: 338s | RTT: 241.00 ms | State: connected
[LOG] Time: 339s | RTT: 165.00 ms | State: connected
[LOG] Time: 340s | RTT: 165.00 ms | State: connected
[LOG] Time: 341s | RTT: 148.00 ms | State: connected
[LOG] Time: 342s | RTT: 148.00 ms | State: connected
[LOG] Time: 343s | RTT: 153.00 ms | State: connected
[LOG] Time: 344s | RTT: 153.00 ms | State: connected
[LOG] Time: 345s | RTT: 153.00 ms | State: connected
[LOG] Time: 347s | RTT: 163.00 ms | State: connected
[LOG] Time: 348s | RTT: 163.00 ms | State: connected
[LOG] Time: 349s | RTT: 133.00 ms | State: connected
[LOG] Time: 350s | RTT: 133.00 ms | State: connected
[LOG] Time: 351s | RTT: 133.00 ms | State: connected
[LOG] Time: 352s | RTT: 128.00 ms | State: connected
[LOG] Time: 353s | RTT: 128.00 ms | State: connected
[LOG] Time: 354s | RTT: 291.00 ms | State: connected
[LOG] Time: 355s | RTT: 291.00 ms | State: connected
[LOG] Time: 356s | RTT: 291.00 ms | State: connected
[LOG] Time: 357s | RTT: 240.00 ms | State: connected
[LOG] Time: 358s | RTT: 240.00 ms | State: connected
[LOG] Time: 360s | RTT: 128.00 ms | State: connected
[LOG] Time: 361s | RTT: 128.00 ms | State: connected
[LOG] Time: 362s | RTT: 128.00 ms | State: connected
[LOG] Time: 363s | RTT: 136.00 ms | State: connected
[LOG] Time: 364s | RTT: 136.00 ms | State: connected
[LOG] Time: 365s | RTT: 111.00 ms | State: connected
[LOG] Time: 366s | RTT: 111.00 ms | State: connected
[LOG] Time: 367s | RTT: 111.00 ms | State: connected
[LOG] Time: 368s | RTT: 292.00 ms | State: connected
[LOG] Time: 369s | RTT: 292.00 ms | State: connected
[LOG] Time: 370s | RTT: 134.00 ms | State: connected
[LOG] Time: 372s | RTT: 134.00 ms | State: connected
[LOG] Time: 373s | RTT: 183.00 ms | State: connected
[LOG] Time: 374s | RTT: 183.00 ms | State: connected
[LOG] Time: 375s | RTT: 183.00 ms | State: connected
[LOG] Time: 376s | RTT: 152.00 ms | State: connected
[LOG] Time: 377s | RTT: 152.00 ms | State: connected
[LOG] Time: 378s | RTT: 150.00 ms | State: connected
[LOG] Time: 379s | RTT: 150.00 ms | State: connected
[LOG] Time: 380s | RTT: 150.00 ms | State: connected
[LOG] Time: 381s | RTT: 139.00 ms | State: connected
[LOG] Time: 382s | RTT: 139.00 ms | State: connected
[LOG] Time: 383s | RTT: 127.00 ms | State: connected
[LOG] Time: 384s | RTT: 127.00 ms | State: connected
[LOG] Time: 386s | RTT: 127.00 ms | State: connected
[LOG] Time: 387s | RTT: 158.00 ms | State: connected
[LOG] Time: 388s | RTT: 158.00 ms | State: connected
[LOG] Time: 389s | RTT: 137.00 ms | State: connected
[LOG] Time: 390s | RTT: 137.00 ms | State: connected
[LOG] Time: 391s | RTT: 137.00 ms | State: connected
[LOG] Time: 392s | RTT: 164.00 ms | State: connected
[LOG] Time: 393s | RTT: 164.00 ms | State: connected
[LOG] Time: 394s | RTT: 155.00 ms | State: connected
[LOG] Time: 395s | RTT: 155.00 ms | State: connected
[LOG] Time: 396s | RTT: 142.00 ms | State: connected
[LOG] Time: 398s | RTT: 142.00 ms | State: connected
[LOG] Time: 399s | RTT: 142.00 ms | State: connected
[LOG] Time: 400s | RTT: 125.00 ms | State: connected
[LOG] Time: 401s | RTT: 125.00 ms | State: connected
[LOG] Time: 402s | RTT: 130.00 ms | State: connected
[LOG] Time: 403s | RTT: 130.00 ms | State: connected
[LOG] Time: 404s | RTT: 130.00 ms | State: connected
[LOG] Time: 405s | RTT: 164.00 ms | State: connected
[LOG] Time: 406s | RTT: 164.00 ms | State: connected
[LOG] Time: 407s | RTT: 145.00 ms | State: connected
[LOG] Time: 408s | RTT: 145.00 ms | State: connected
[LOG] Time: 409s | RTT: 145.00 ms | State: connected
[LOG] Time: 410s | RTT: 167.00 ms | State: connected
[LOG] Time: 412s | RTT: 167.00 ms | State: connected
[LOG] Time: 413s | RTT: 117.00 ms | State: connected
[LOG] Time: 414s | RTT: 117.00 ms | State: connected
[LOG] Time: 415s | RTT: 117.00 ms | State: connected
[LOG] Time: 416s | RTT: 138.00 ms | State: connected
[LOG] Time: 417s | RTT: 138.00 ms | State: connected
[LOG] Time: 418s | RTT: 221.00 ms | State: connected
[LOG] Time: 419s | RTT: 221.00 ms | State: connected
[LOG] Time: 420s | RTT: 221.00 ms | State: connected
[LOG] Time: 421s | RTT: 119.00 ms | State: connected
[LOG] Time: 422s | RTT: 119.00 ms | State: connected
[LOG] Time: 423s | RTT: 159.00 ms | State: connected
[LOG] Time: 425s | RTT: 159.00 ms | State: connected
[LOG] Time: 426s | RTT: 127.00 ms | State: connected
[LOG] Time: 427s | RTT: 127.00 ms | State: connected
[LOG] Time: 428s | RTT: 127.00 ms | State: connected
[LOG] Time: 429s | RTT: 151.00 ms | State: connected
[LOG] Time: 430s | RTT: 151.00 ms | State: connected
[LOG] Time: 431s | RTT: 128.00 ms | State: connected
[LOG] Time: 432s | RTT: 128.00 ms | State: connected
[LOG] Time: 433s | RTT: 128.00 ms | State: connected
[LOG] Time: 434s | RTT: 121.00 ms | State: connected
[LOG] Time: 435s | RTT: 121.00 ms | State: connected
[LOG] Time: 436s | RTT: 146.00 ms | State: connected
[LOG] Time: 438s | RTT: 146.00 ms | State: connected
[LOG] Time: 439s | RTT: 146.00 ms | State: connected
[LOG] Time: 440s | RTT: 130.00 ms | State: connected
[LOG] Time: 441s | RTT: 130.00 ms | State: connected
[LOG] Time: 442s | RTT: 208.00 ms | State: connected
[LOG] Time: 443s | RTT: 208.00 ms | State: connected
[LOG] Time: 444s | RTT: 208.00 ms | State: connected
[LOG] Time: 445s | RTT: 125.00 ms | State: connected
[LOG] Time: 446s | RTT: 125.00 ms | State: connected
[LOG] Time: 447s | RTT: 117.00 ms | State: connected
[LOG] Time: 448s | RTT: 117.00 ms | State: connected
[LOG] Time: 449s | RTT: 117.00 ms | State: connected
[LOG] Time: 450s | RTT: 151.00 ms | State: connected
[LOG] Time: 452s | RTT: 151.00 ms | State: connected
[LOG] Time: 453s | RTT: 131.00 ms | State: connected
[LOG] Time: 454s | RTT: 131.00 ms | State: connected
[LOG] Time: 455s | RTT: 131.00 ms | State: connected
[LOG] Time: 456s | RTT: 160.00 ms | State: connected
[LOG] Time: 457s | RTT: 160.00 ms | State: connected
[LOG] Time: 458s | RTT: 162.00 ms | State: connected
[LOG] Time: 459s | RTT: 162.00 ms | State: connected
[LOG] Time: 460s | RTT: 143.00 ms | State: connected
[LOG] Time: 461s | RTT: 143.00 ms | State: connected
[LOG] Time: 462s | RTT: 143.00 ms | State: connected
[LOG] Time: 463s | RTT: 133.00 ms | State: connected
[LOG] Time: 464s | RTT: 133.00 ms | State: connected
[LOG] Time: 466s | RTT: 167.00 ms | State: connected
[LOG] Time: 467s | RTT: 167.00 ms | State: connected
[LOG] Time: 468s | RTT: 167.00 ms | State: connected
[LOG] Time: 469s | RTT: 137.00 ms | State: connected
[LOG] Time: 470s | RTT: 137.00 ms | State: connected
[LOG] Time: 471s | RTT: 117.00 ms | State: connected
[LOG] Time: 472s | RTT: 117.00 ms | State: connected
[LOG] Time: 473s | RTT: 117.00 ms | State: connected
[LOG] Time: 474s | RTT: 156.00 ms | State: connected
[LOG] Time: 476s | RTT: 156.00 ms | State: connected
[LOG] Time: 477s | RTT: 642.00 ms | State: connected
[LOG] Time: 478s | RTT: 642.00 ms | State: connected
[LOG] Time: 479s | RTT: 128.00 ms | State: connected
[LOG] Time: 480s | RTT: 128.00 ms | State: connected
[LOG] Time: 481s | RTT: 165.00 ms | State: connected
[LOG] Time: 483s | RTT: 165.00 ms | State: connected
[LOG] Time: 484s | RTT: 165.00 ms | State: connected
[LOG] Time: 485s | RTT: 150.00 ms | State: connected
[LOG] Time: 486s | RTT: 150.00 ms | State: connected
[LOG] Time: 487s | RTT: 380.00 ms | State: connected
[LOG] Time: 488s | RTT: 380.00 ms | State: connected
[LOG] Time: 489s | RTT: 380.00 ms | State: connected
[LOG] Time: 490s | RTT: 163.00 ms | State: connected
[LOG] Time: 492s | RTT: 163.00 ms | State: connected
[LOG] Time: 493s | RTT: 152.00 ms | State: connected
[LOG] Time: 494s | RTT: 152.00 ms | State: connected
[LOG] Time: 495s | RTT: 139.00 ms | State: connected
[LOG] Time: 496s | RTT: 139.00 ms | State: connected
[LOG] Time: 497s | RTT: 139.00 ms | State: connected
[LOG] Time: 498s | RTT: 110.00 ms | State: connected
[LOG] Time: 499s | RTT: 110.00 ms | State: connected
[LOG] Time: 500s | RTT: 216.00 ms | State: connected
[LOG] Time: 501s | RTT: 216.00 ms | State: connected
[LOG] Time: 502s | RTT: 216.00 ms | State: connected
[LOG] Time: 504s | RTT: 529.00 ms | State: connected
[LOG] Time: 505s | RTT: 529.00 ms | State: connected
[LOG] Time: 506s | RTT: 234.00 ms | State: connected
[LOG] Time: 507s | RTT: 234.00 ms | State: connected
[LOG] Time: 508s | RTT: 180.00 ms | State: connected
[LOG] Time: 509s | RTT: 180.00 ms | State: connected
[LOG] Time: 510s | RTT: 180.00 ms | State: connected
[LOG] Time: 511s | RTT: 148.00 ms | State: connected
[LOG] Time: 512s | RTT: 148.00 ms | State: connected
[LOG] Time: 513s | RTT: 218.00 ms | State: connected
[LOG] Time: 515s | RTT: 218.00 ms | State: connected
[LOG] Time: 516s | RTT: 218.00 ms | State: connected
[LOG] Time: 517s | RTT: 177.00 ms | State: connected
[LOG] Time: 518s | RTT: 177.00 ms | State: connected
[LOG] Time: 519s | RTT: 201.00 ms | State: connected
[LOG] Time: 520s | RTT: 201.00 ms | State: connected
[LOG] Time: 521s | RTT: 201.00 ms | State: connected
[LOG] Time: 522s | RTT: 177.00 ms | State: connected
[LOG] Time: 523s | RTT: 177.00 ms | State: connected
[LOG] Time: 524s | RTT: 199.00 ms | State: connected
[LOG] Time: 525s | RTT: 199.00 ms | State: connected
[LOG] Time: 527s | RTT: 121.00 ms | State: connected
[LOG] Time: 528s | RTT: 121.00 ms | State: connected
[LOG] Time: 529s | RTT: 121.00 ms | State: connected
[LOG] Time: 530s | RTT: 433.00 ms | State: connected
[LOG] Time: 531s | RTT: 433.00 ms | State: connected
[LOG] Time: 532s | RTT: 137.00 ms | State: connected
[LOG] Time: 533s | RTT: 137.00 ms | State: connected
[LOG] Time: 534s | RTT: 137.00 ms | State: connected
[LOG] Time: 535s | RTT: 166.00 ms | State: connected
[LOG] Time: 536s | RTT: 166.00 ms | State: connected
[LOG] Time: 537s | RTT: 230.00 ms | State: connected
[LOG] Time: 538s | RTT: 230.00 ms | State: connected
[LOG] Time: 540s | RTT: 230.00 ms | State: connected
[LOG] Time: 541s | RTT: 233.00 ms | State: connected
[LOG] Time: 542s | RTT: 233.00 ms | State: connected
[LOG] Time: 543s | RTT: 224.00 ms | State: connected
[LOG] Time: 544s | RTT: 224.00 ms | State: connected
[LOG] Time: 545s | RTT: 224.00 ms | State: connected
[LOG] Time: 546s | RTT: 119.00 ms | State: connected
[LOG] Time: 547s | RTT: 119.00 ms | State: connected
[LOG] Time: 548s | RTT: 192.00 ms | State: connected
[LOG] Time: 549s | RTT: 192.00 ms | State: connected
[LOG] Time: 550s | RTT: 192.00 ms | State: connected
[LOG] Time: 551s | RTT: 156.00 ms | State: connected
[LOG] Time: 553s | RTT: 156.00 ms | State: connected
[LOG] Time: 554s | RTT: 125.00 ms | State: connected
[LOG] Time: 555s | RTT: 125.00 ms | State: connected
[LOG] Time: 556s | RTT: 125.00 ms | State: connected
[LOG] Time: 557s | RTT: 169.00 ms | State: connected
[LOG] Time: 558s | RTT: 169.00 ms | State: connected
[LOG] Time: 559s | RTT: 144.00 ms | State: connected
[LOG] Time: 560s | RTT: 144.00 ms | State: connected
[LOG] Time: 561s | RTT: 144.00 ms | State: connected
[LOG] Time: 562s | RTT: 389.00 ms | State: connected
[LOG] Time: 563s | RTT: 389.00 ms | State: connected
[LOG] Time: 564s | RTT: 160.00 ms | State: connected
[LOG] Time: 565s | RTT: 160.00 ms | State: connected
[LOG] Time: 567s | RTT: 160.00 ms | State: connected
[LOG] Time: 568s | RTT: 347.00 ms | State: connected
[LOG] Time: 569s | RTT: 347.00 ms | State: connected
[LOG] Time: 570s | RTT: 215.00 ms | State: connected
[LOG] Time: 571s | RTT: 215.00 ms | State: connected
[LOG] Time: 572s | RTT: 156.00 ms | State: connected
[LOG] Time: 573s | RTT: 156.00 ms | State: connected
[LOG] Time: 574s | RTT: 156.00 ms | State: connected
[LOG] Time: 575s | RTT: 348.00 ms | State: connected
[LOG] Time: 576s | RTT: 348.00 ms | State: connected
[LOG] Time: 577s | RTT: 417.00 ms | State: connected
[LOG] Time: 578s | RTT: 417.00 ms | State: connected
[LOG] Time: 580s | RTT: 417.00 ms | State: connected
[LOG] Time: 581s | RTT: 128.00 ms | State: connected
[LOG] Time: 582s | RTT: 128.00 ms | State: connected
[LOG] Time: 583s | RTT: 148.00 ms | State: connected
[LOG] Time: 584s | RTT: 148.00 ms | State: connected
[LOG] Time: 585s | RTT: 148.00 ms | State: connected
[LOG] Time: 586s | RTT: 290.00 ms | State: connected
[LOG] Time: 587s | RTT: 290.00 ms | State: connected
[LOG] Time: 588s | RTT: 202.00 ms | State: connected
[LOG] Time: 589s | RTT: 202.00 ms | State: connected
[LOG] Time: 590s | RTT: 202.00 ms | State: connected
[LOG] Time: 591s | RTT: 233.00 ms | State: connected
[LOG] Time: 593s | RTT: 233.00 ms | State: connected
[LOG] Time: 594s | RTT: 168.00 ms | State: connected
[LOG] Time: 595s | RTT: 168.00 ms | State: connected
[LOG] Time: 596s | RTT: 201.00 ms | State: connected
[LOG] Time: 597s | RTT: 201.00 ms | State: connected
[LOG] Time: 598s | RTT: 201.00 ms | State: connected
[LOG] Time: 599s | RTT: 127.00 ms | State: connected
[*] Monitoring finished.

SUCCESS! Remote IP: 48.208.173.226
[*] Resolving Server Location...
SUCCESS! Server Location: San Francisco, United States (Microsoft Corporation)

[*] Running TCP MTR (Port 443)...
Start: 2026-02-16T05:49:34+0000
HOST: 3bad8f60ad16                Loss%   Snt   Last   Avg  Best  Wrst StDev
  1. AS???    172.17.0.1           0.0%    10    0.3   0.2   0.2   0.3   0.0
  2. AS???    10.1.0.1             0.0%    10    4.9  33.2   4.9 104.4  31.3
  3. AS???    100.64.0.1           0.0%    10   74.6  66.1  41.0 107.6  19.4
  4. AS???    172.16.250.50        0.0%    10  102.4  90.1  42.0 264.6  65.4
  5. AS???    ???                 100.0    10    0.0   0.0   0.0   0.0   0.0
  6. AS14593  206.224.71.91        0.0%    10   70.8  79.5  48.7 184.4  40.0
        206.224.71.75                    
     AS14593  206.224.71.75
        206.224.71.77                    
     AS14593  206.224.71.77
        206.224.71.86                    
     AS14593  206.224.71.86
        206.224.71.88                    
     AS14593  206.224.71.88
        206.224.71.81                    
     AS14593  206.224.71.81
        206.224.71.83                    
     AS14593  206.224.71.83
        206.224.71.95                    
     AS14593  206.224.71.95
  7. AS8075   104.44.57.195        0.0%    10   88.3  75.2  46.7 148.6  29.2
        104.44.57.191                    
     AS8075   104.44.57.191
  8. AS8075   104.44.41.128        0.0%    10  256.0 113.0  46.4 271.8  81.7
        104.44.55.75                     
     AS8075   104.44.55.75
        104.44.42.2                      
     AS8075   104.44.42.2
        104.44.55.81                     
     AS8075   104.44.55.81
  9. AS8075   104.44.33.171        0.0%    10  107.5 101.1  59.4 137.8  23.7
        104.44.33.179                    
     AS8075   104.44.33.179
        104.44.33.173                    
     AS8075   104.44.33.173
        104.44.33.181                    
     AS8075   104.44.33.181
 10. AS8075   51.10.26.167         0.0%    10   66.8  95.2  62.4 167.3  34.0
        51.10.26.165                     
     AS8075   51.10.26.165
 11. AS8075   104.44.17.22         0.0%    10   67.5  87.6  57.4 138.4  28.8
        104.44.20.215                    
     AS8075   104.44.20.215
        104.44.17.20                     
     AS8075   104.44.17.20
        104.44.22.156                    
     AS8075   104.44.22.156
        104.44.22.148                    
     AS8075   104.44.22.148
        104.44.22.154                    
     AS8075   104.44.22.154
 12. AS8075   104.44.22.168       50.0%    10   94.3  73.4  51.1  94.3  18.6
        104.44.22.174                    
     AS8075   104.44.22.174
        104.44.22.166                    
     AS8075   104.44.22.166
 13. AS???    ???                 100.0    10    0.0   0.0   0.0   0.0   0.0

[*] Running UDP MTR...
Start: 2026-02-16T05:49:57+0000
HOST: 3bad8f60ad16                Loss%   Snt   Last   Avg  Best  Wrst StDev
  1. AS???    172.17.0.1           0.0%    10    0.1   0.1   0.1   0.2   0.0
  2. AS???    10.1.0.1             0.0%    10   47.7  17.4   3.9  47.7  14.0
  3. AS???    100.64.0.1           0.0%    10   50.6  56.9  48.3  80.1   9.4
  4. AS???    172.16.250.50        0.0%    10   51.2  58.4  45.4  85.3  14.0
  5. AS14593  206.224.66.0         0.0%    10   47.3  74.4  46.5 225.5  53.8
        206.224.65.244                   
     AS14593  206.224.65.244
        206.224.65.248                   
     AS14593  206.224.65.248
  6. AS14593  206.224.71.75        0.0%    10   46.7  81.7  46.2 179.1  48.8
        206.224.71.77                    
     AS14593  206.224.71.77
        206.224.71.91                    
     AS14593  206.224.71.91
        206.224.71.95                    
     AS14593  206.224.71.95
        206.224.71.86                    
     AS14593  206.224.71.86
        206.224.71.81                    
     AS14593  206.224.71.81
  7. AS8075   104.44.57.191        0.0%    10  133.3  92.2  47.3 148.3  33.5
        104.44.57.195                    
     AS8075   104.44.57.195
  8. AS8075   104.44.41.128        0.0%    10  224.9 117.9  58.9 262.1  73.1
        104.44.55.81                     
     AS8075   104.44.55.81
        104.44.55.75                     
     AS8075   104.44.55.75
        104.44.42.2                      
     AS8075   104.44.42.2
  9. AS8075   104.44.33.171        0.0%    10   75.0  69.7  55.0 102.5  14.9
        104.44.33.179                    
     AS8075   104.44.33.179
        104.44.33.181                    
     AS8075   104.44.33.181
        104.44.33.173                    
     AS8075   104.44.33.173
 10. AS8075   51.10.26.167         0.0%    10  136.2  72.6  48.8 136.2  26.5
        51.10.26.165                     
     AS8075   51.10.26.165
 11. AS8075   104.44.17.20        10.0%    10   97.8  80.0  54.1 127.0  27.2
        104.44.17.22                     
     AS8075   104.44.17.22
        104.44.22.156                    
     AS8075   104.44.22.156
        104.44.23.55                     
     AS8075   104.44.23.55
 12. AS8075   104.44.23.75        60.0%    10   70.6  65.7  51.1  79.7  12.2
        104.44.22.166                    
     AS8075   104.44.22.166
 13. AS???    ???                 100.0    10    0.0   0.0   0.0   0.0   0.0
