[*] Config Loaded: Name='flight-van-hawaii-Teams', Duration=600s
[*] Launching Chrome for Teams...
[*] Joining URL: [MEETING_LINK_REMOVED]
[*] Navigating Join Flow...
[*] Looking for Join button...
    [+] JOIN CLICKED!
[*] Waiting for connection (20s)...
[*] Starting continuous monitoring for 600 seconds...
[LOG] Time: 0s | RTT: 224.00 ms | State: connected
[LOG] Time: 1s | RTT: 224.00 ms | State: connected
[LOG] Time: 2s | RTT: 280.00 ms | State: connected
[LOG] Time: 3s | RTT: 280.00 ms | State: connected
[LOG] Time: 4s | RTT: 281.00 ms | State: connected
[LOG] Time: 5s | RTT: 281.00 ms | State: connected
[LOG] Time: 6s | RTT: 205.00 ms | State: connected
[LOG] Time: 7s | RTT: 205.00 ms | State: connected
[LOG] Time: 8s | RTT: 205.00 ms | State: connected
[LOG] Time: 9s | RTT: 245.00 ms | State: connected
[LOG] Time: 11s | RTT: 245.00 ms | State: connected
[LOG] Time: 12s | RTT: 318.00 ms | State: connected
[LOG] Time: 13s | RTT: 318.00 ms | State: connected
[LOG] Time: 14s | RTT: 318.00 ms | State: connected
[LOG] Time: 15s | RTT: 839.00 ms | State: connected
[LOG] Time: 16s | RTT: 839.00 ms | State: connected
[LOG] Time: 17s | RTT: 247.00 ms | State: connected
[LOG] Time: 18s | RTT: 247.00 ms | State: connected
[LOG] Time: 19s | RTT: 224.00 ms | State: connected
[LOG] Time: 20s | RTT: 224.00 ms | State: connected
[LOG] Time: 22s | RTT: 224.00 ms | State: connected
[LOG] Time: 23s | RTT: 169.00 ms | State: connected
[LOG] Time: 24s | RTT: 169.00 ms | State: connected
[LOG] Time: 25s | RTT: 210.00 ms | State: connected
[LOG] Time: 26s | RTT: 210.00 ms | State: connected
[LOG] Time: 27s | RTT: 209.00 ms | State: connected
[LOG] Time: 29s | RTT: 209.00 ms | State: connected
[LOG] Time: 30s | RTT: 209.00 ms | State: connected
[LOG] Time: 31s | RTT: 162.00 ms | State: connected
[LOG] Time: 32s | RTT: 162.00 ms | State: connected
[LOG] Time: 33s | RTT: 205.00 ms | State: connected
[LOG] Time: 34s | RTT: 205.00 ms | State: connected
[LOG] Time: 35s | RTT: 205.00 ms | State: connected
[LOG] Time: 36s | RTT: 212.00 ms | State: connected
[LOG] Time: 37s | RTT: 212.00 ms | State: connected
[LOG] Time: 38s | RTT: 208.00 ms | State: connected
[LOG] Time: 40s | RTT: 208.00 ms | State: connected
[LOG] Time: 41s | RTT: 180.00 ms | State: connected
[LOG] Time: 42s | RTT: 180.00 ms | State: connected
[LOG] Time: 43s | RTT: 180.00 ms | State: connected
[LOG] Time: 44s | RTT: 175.00 ms | State: connected
[LOG] Time: 45s | RTT: 175.00 ms | State: connected
[LOG] Time: 46s | RTT: 183.00 ms | State: connected
[LOG] Time: 47s | RTT: 183.00 ms | State: connected
[LOG] Time: 48s | RTT: 212.00 ms | State: connected
[LOG] Time: 50s | RTT: 212.00 ms | State: connected
[LOG] Time: 51s | RTT: 212.00 ms | State: connected
[LOG] Time: 52s | RTT: 214.00 ms | State: connected
[LOG] Time: 53s | RTT: 214.00 ms | State: connected
[LOG] Time: 54s | RTT: 195.00 ms | State: connected
[LOG] Time: 55s | RTT: 195.00 ms | State: connected
[LOG] Time: 56s | RTT: 195.00 ms | State: connected
[LOG] Time: 57s | RTT: 181.00 ms | State: connected
[LOG] Time: 58s | RTT: 181.00 ms | State: connected
[LOG] Time: 59s | RTT: 178.00 ms | State: connected
[LOG] Time: 60s | RTT: 178.00 ms | State: connected
[LOG] Time: 62s | RTT: 178.00 ms | State: connected
[LOG] Time: 63s | RTT: 197.00 ms | State: connected
[LOG] Time: 64s | RTT: 197.00 ms | State: connected
[LOG] Time: 65s | RTT: 209.00 ms | State: connected
[LOG] Time: 66s | RTT: 209.00 ms | State: connected
[LOG] Time: 67s | RTT: 209.00 ms | State: connected
[LOG] Time: 68s | RTT: 202.00 ms | State: connected
[LOG] Time: 69s | RTT: 202.00 ms | State: connected
[LOG] Time: 70s | RTT: 224.00 ms | State: connected
[LOG] Time: 71s | RTT: 224.00 ms | State: connected
[LOG] Time: 72s | RTT: 201.00 ms | State: connected
[LOG] Time: 74s | RTT: 201.00 ms | State: connected
[LOG] Time: 75s | RTT: 201.00 ms | State: connected
[LOG] Time: 76s | RTT: 210.00 ms | State: connected
[LOG] Time: 77s | RTT: 210.00 ms | State: connected
[LOG] Time: 78s | RTT: 202.00 ms | State: connected
[LOG] Time: 79s | RTT: 202.00 ms | State: connected
[LOG] Time: 80s | RTT: 202.00 ms | State: connected
[LOG] Time: 81s | RTT: 156.00 ms | State: connected
[LOG] Time: 82s | RTT: 156.00 ms | State: connected
[LOG] Time: 83s | RTT: 327.00 ms | State: connected
[LOG] Time: 84s | RTT: 327.00 ms | State: connected
[LOG] Time: 85s | RTT: 327.00 ms | State: connected
[LOG] Time: 87s | RTT: 193.00 ms | State: connected
[LOG] Time: 88s | RTT: 193.00 ms | State: connected
[LOG] Time: 89s | RTT: 184.00 ms | State: connected
[LOG] Time: 90s | RTT: 184.00 ms | State: connected
[LOG] Time: 91s | RTT: 171.00 ms | State: connected
[LOG] Time: 92s | RTT: 171.00 ms | State: connected
[LOG] Time: 93s | RTT: 171.00 ms | State: connected
[LOG] Time: 94s | RTT: 158.00 ms | State: connected
[LOG] Time: 95s | RTT: 158.00 ms | State: connected
[LOG] Time: 96s | RTT: 204.00 ms | State: connected
[LOG] Time: 97s | RTT: 204.00 ms | State: connected
[LOG] Time: 99s | RTT: 204.00 ms | State: connected
[LOG] Time: 100s | RTT: 174.00 ms | State: connected
[LOG] Time: 101s | RTT: 174.00 ms | State: connected
[LOG] Time: 102s | RTT: 203.00 ms | State: connected
[LOG] Time: 103s | RTT: 203.00 ms | State: connected
[LOG] Time: 104s | RTT: 203.00 ms | State: connected
[LOG] Time: 105s | RTT: 180.00 ms | State: connected
[LOG] Time: 106s | RTT: 180.00 ms | State: connected
[LOG] Time: 107s | RTT: 190.00 ms | State: connected
[LOG] Time: 108s | RTT: 190.00 ms | State: connected
[LOG] Time: 109s | RTT: 190.00 ms | State: connected
[LOG] Time: 110s | RTT: 182.00 ms | State: connected
[LOG] Time: 112s | RTT: 182.00 ms | State: connected
[LOG] Time: 113s | RTT: 177.00 ms | State: connected
[LOG] Time: 114s | RTT: 177.00 ms | State: connected
[LOG] Time: 115s | RTT: 211.00 ms | State: connected
[LOG] Time: 116s | RTT: 211.00 ms | State: connected
[LOG] Time: 117s | RTT: 211.00 ms | State: connected
[LOG] Time: 118s | RTT: 168.00 ms | State: connected
[LOG] Time: 119s | RTT: 168.00 ms | State: connected
[LOG] Time: 120s | RTT: 195.00 ms | State: connected
[LOG] Time: 121s | RTT: 195.00 ms | State: connected
[LOG] Time: 122s | RTT: 195.00 ms | State: connected
[LOG] Time: 124s | RTT: 190.00 ms | State: connected
[LOG] Time: 125s | RTT: 190.00 ms | State: connected
[LOG] Time: 126s | RTT: 218.00 ms | State: connected
[LOG] Time: 127s | RTT: 218.00 ms | State: connected
[LOG] Time: 128s | RTT: 218.00 ms | State: connected
[LOG] Time: 129s | RTT: 173.00 ms | State: connected
[LOG] Time: 130s | RTT: 173.00 ms | State: connected
[LOG] Time: 131s | RTT: 159.00 ms | State: connected
[LOG] Time: 132s | RTT: 159.00 ms | State: connected
[LOG] Time: 133s | RTT: 159.00 ms | State: connected
[LOG] Time: 134s | RTT: 215.00 ms | State: connected
[LOG] Time: 136s | RTT: 215.00 ms | State: connected
[LOG] Time: 137s | RTT: 467.00 ms | State: connected
[LOG] Time: 138s | RTT: 467.00 ms | State: connected
[LOG] Time: 139s | RTT: 185.00 ms | State: connected
[LOG] Time: 140s | RTT: 185.00 ms | State: connected
[LOG] Time: 141s | RTT: 185.00 ms | State: connected
[LOG] Time: 142s | RTT: 183.00 ms | State: connected
[LOG] Time: 143s | RTT: 183.00 ms | State: connected
[LOG] Time: 144s | RTT: 450.00 ms | State: connected
[LOG] Time: 145s | RTT: 450.00 ms | State: connected
[LOG] Time: 147s | RTT: 450.00 ms | State: connected
[LOG] Time: 148s | RTT: 277.00 ms | State: connected
[LOG] Time: 149s | RTT: 277.00 ms | State: connected
[LOG] Time: 150s | RTT: 218.00 ms | State: connected
[LOG] Time: 151s | RTT: 218.00 ms | State: connected
[LOG] Time: 152s | RTT: 218.00 ms | State: connected
[LOG] Time: 153s | RTT: 335.00 ms | State: connected
[LOG] Time: 154s | RTT: 335.00 ms | State: connected
[LOG] Time: 155s | RTT: 205.00 ms | State: connected
[LOG] Time: 156s | RTT: 205.00 ms | State: connected
[LOG] Time: 157s | RTT: 205.00 ms | State: connected
[LOG] Time: 159s | RTT: 205.00 ms | State: connected
[LOG] Time: 160s | RTT: 205.00 ms | State: connected
[LOG] Time: 161s | RTT: 297.00 ms | State: connected
[LOG] Time: 162s | RTT: 297.00 ms | State: connected
[LOG] Time: 163s | RTT: 223.00 ms | State: connected
[LOG] Time: 164s | RTT: 223.00 ms | State: connected
[LOG] Time: 165s | RTT: 223.00 ms | State: connected
[LOG] Time: 166s | RTT: 231.00 ms | State: connected
[LOG] Time: 167s | RTT: 231.00 ms | State: connected
[LOG] Time: 168s | RTT: 624.00 ms | State: connected
[LOG] Time: 170s | RTT: 624.00 ms | State: connected
[LOG] Time: 171s | RTT: 624.00 ms | State: connected
[LOG] Time: 172s | RTT: 555.00 ms | State: connected
[LOG] Time: 173s | RTT: 555.00 ms | State: connected
[LOG] Time: 174s | RTT: 367.00 ms | State: connected
[LOG] Time: 175s | RTT: 367.00 ms | State: connected
[LOG] Time: 176s | RTT: 247.00 ms | State: connected
[LOG] Time: 177s | RTT: 247.00 ms | State: connected
[LOG] Time: 178s | RTT: 247.00 ms | State: connected
[LOG] Time: 179s | RTT: 226.00 ms | State: connected
[LOG] Time: 181s | RTT: 226.00 ms | State: connected
[LOG] Time: 182s | RTT: 231.00 ms | State: connected
[LOG] Time: 183s | RTT: 231.00 ms | State: connected
[LOG] Time: 184s | RTT: 250.00 ms | State: connected
[LOG] Time: 185s | RTT: 250.00 ms | State: connected
[LOG] Time: 186s | RTT: 250.00 ms | State: connected
[LOG] Time: 187s | RTT: 884.00 ms | State: connected
[LOG] Time: 188s | RTT: 884.00 ms | State: connected
[LOG] Time: 189s | RTT: 199.00 ms | State: connected
[LOG] Time: 191s | RTT: 199.00 ms | State: connected
[LOG] Time: 192s | RTT: 199.00 ms | State: connected
[LOG] Time: 193s | RTT: 247.00 ms | State: connected
[LOG] Time: 194s | RTT: 247.00 ms | State: connected
[LOG] Time: 195s | RTT: 181.00 ms | State: connected
[LOG] Time: 196s | RTT: 181.00 ms | State: connected
[LOG] Time: 197s | RTT: 170.00 ms | State: connected
[LOG] Time: 198s | RTT: 170.00 ms | State: connected
[LOG] Time: 199s | RTT: 170.00 ms | State: connected
[LOG] Time: 201s | RTT: 168.00 ms | State: connected
[LOG] Time: 202s | RTT: 168.00 ms | State: connected
[LOG] Time: 203s | RTT: 213.00 ms | State: connected
[LOG] Time: 204s | RTT: 213.00 ms | State: connected
[LOG] Time: 205s | RTT: 191.00 ms | State: connected
[LOG] Time: 206s | RTT: 191.00 ms | State: connected
[LOG] Time: 207s | RTT: 191.00 ms | State: connected
[LOG] Time: 208s | RTT: 183.00 ms | State: connected
[LOG] Time: 210s | RTT: 183.00 ms | State: connected
[LOG] Time: 211s | RTT: 197.00 ms | State: connected
[LOG] Time: 212s | RTT: 197.00 ms | State: connected
[LOG] Time: 213s | RTT: 197.00 ms | State: connected
[LOG] Time: 214s | RTT: 178.00 ms | State: connected
[LOG] Time: 215s | RTT: 178.00 ms | State: connected
[LOG] Time: 217s | RTT: 181.00 ms | State: connected
[LOG] Time: 218s | RTT: 181.00 ms | State: connected
[LOG] Time: 219s | RTT: 188.00 ms | State: connected
[LOG] Time: 220s | RTT: 188.00 ms | State: connected
[LOG] Time: 221s | RTT: 170.00 ms | State: connected
[LOG] Time: 222s | RTT: 170.00 ms | State: connected
[LOG] Time: 224s | RTT: 170.00 ms | State: connected
[LOG] Time: 225s | RTT: 206.00 ms | State: connected
[LOG] Time: 226s | RTT: 206.00 ms | State: connected
[LOG] Time: 227s | RTT: 206.00 ms | State: connected
[LOG] Time: 228s | RTT: 206.00 ms | State: connected
[LOG] Time: 229s | RTT: 190.00 ms | State: connected
[LOG] Time: 230s | RTT: 190.00 ms | State: connected
[LOG] Time: 231s | RTT: 190.00 ms | State: connected
[LOG] Time: 232s | RTT: 175.00 ms | State: connected
[LOG] Time: 233s | RTT: 175.00 ms | State: connected
[LOG] Time: 235s | RTT: 200.00 ms | State: connected
[LOG] Time: 236s | RTT: 200.00 ms | State: connected
[LOG] Time: 237s | RTT: 200.00 ms | State: connected
[LOG] Time: 238s | RTT: 182.00 ms | State: connected
[LOG] Time: 239s | RTT: 182.00 ms | State: connected
[LOG] Time: 240s | RTT: 186.00 ms | State: connected
[LOG] Time: 241s | RTT: 186.00 ms | State: connected
[LOG] Time: 242s | RTT: 174.00 ms | State: connected
[LOG] Time: 243s | RTT: 174.00 ms | State: connected
[LOG] Time: 244s | RTT: 174.00 ms | State: connected
[LOG] Time: 246s | RTT: 205.00 ms | State: connected
[LOG] Time: 247s | RTT: 205.00 ms | State: connected
[LOG] Time: 248s | RTT: 200.00 ms | State: connected
[LOG] Time: 249s | RTT: 200.00 ms | State: connected
[LOG] Time: 250s | RTT: 200.00 ms | State: connected
[LOG] Time: 251s | RTT: 216.00 ms | State: connected
[LOG] Time: 252s | RTT: 216.00 ms | State: connected
[LOG] Time: 253s | RTT: 196.00 ms | State: connected
[LOG] Time: 254s | RTT: 196.00 ms | State: connected
[LOG] Time: 255s | RTT: 196.00 ms | State: connected
[LOG] Time: 256s | RTT: 179.00 ms | State: connected
[LOG] Time: 258s | RTT: 179.00 ms | State: connected
[LOG] Time: 259s | RTT: 173.00 ms | State: connected
[LOG] Time: 260s | RTT: 173.00 ms | State: connected
[LOG] Time: 261s | RTT: 173.00 ms | State: connected
[LOG] Time: 262s | RTT: 200.00 ms | State: connected
[LOG] Time: 263s | RTT: 200.00 ms | State: connected
[LOG] Time: 264s | RTT: 194.00 ms | State: connected
[LOG] Time: 265s | RTT: 194.00 ms | State: connected
[LOG] Time: 266s | RTT: 190.00 ms | State: connected
[LOG] Time: 267s | RTT: 190.00 ms | State: connected
[LOG] Time: 268s | RTT: 190.00 ms | State: connected
[LOG] Time: 270s | RTT: 192.00 ms | State: connected
[LOG] Time: 271s | RTT: 192.00 ms | State: connected
[LOG] Time: 272s | RTT: 205.00 ms | State: connected
[LOG] Time: 273s | RTT: 205.00 ms | State: connected
[LOG] Time: 274s | RTT: 205.00 ms | State: connected
[LOG] Time: 275s | RTT: 203.00 ms | State: connected
[LOG] Time: 276s | RTT: 203.00 ms | State: connected
[LOG] Time: 277s | RTT: 214.00 ms | State: connected
[LOG] Time: 278s | RTT: 214.00 ms | State: connected
[LOG] Time: 279s | RTT: 214.00 ms | State: connected
[LOG] Time: 280s | RTT: 253.00 ms | State: connected
[LOG] Time: 281s | RTT: 253.00 ms | State: connected
[LOG] Time: 283s | RTT: 165.00 ms | State: connected
[LOG] Time: 284s | RTT: 165.00 ms | State: connected
[LOG] Time: 285s | RTT: 165.00 ms | State: connected
[LOG] Time: 286s | RTT: 434.00 ms | State: connected
[LOG] Time: 287s | RTT: 434.00 ms | State: connected
[LOG] Time: 288s | RTT: 216.00 ms | State: connected
[LOG] Time: 289s | RTT: 216.00 ms | State: connected
[LOG] Time: 290s | RTT: 195.00 ms | State: connected
[LOG] Time: 291s | RTT: 195.00 ms | State: connected
[LOG] Time: 292s | RTT: 195.00 ms | State: connected
[LOG] Time: 293s | RTT: 183.00 ms | State: connected
[LOG] Time: 295s | RTT: 183.00 ms | State: connected
[LOG] Time: 296s | RTT: 279.00 ms | State: connected
[LOG] Time: 297s | RTT: 279.00 ms | State: connected
[LOG] Time: 298s | RTT: 279.00 ms | State: connected
[LOG] Time: 299s | RTT: 282.00 ms | State: connected
[LOG] Time: 300s | RTT: 282.00 ms | State: connected
[LOG] Time: 301s | RTT: 190.00 ms | State: connected
[LOG] Time: 302s | RTT: 190.00 ms | State: connected
[LOG] Time: 303s | RTT: 190.00 ms | State: connected
[LOG] Time: 304s | RTT: 200.00 ms | State: connected
[LOG] Time: 305s | RTT: 200.00 ms | State: connected
[LOG] Time: 307s | RTT: 270.00 ms | State: connected
[LOG] Time: 308s | RTT: 270.00 ms | State: connected
[LOG] Time: 309s | RTT: 270.00 ms | State: connected
[LOG] Time: 310s | RTT: 215.00 ms | State: connected
[LOG] Time: 311s | RTT: 215.00 ms | State: connected
[LOG] Time: 312s | RTT: 205.00 ms | State: connected
[LOG] Time: 313s | RTT: 205.00 ms | State: connected
[LOG] Time: 314s | RTT: 203.00 ms | State: connected
[LOG] Time: 315s | RTT: 203.00 ms | State: connected
[LOG] Time: 316s | RTT: 203.00 ms | State: connected
[LOG] Time: 317s | RTT: 203.00 ms | State: connected
[LOG] Time: 319s | RTT: 203.00 ms | State: connected
[LOG] Time: 320s | RTT: 240.00 ms | State: connected
[LOG] Time: 321s | RTT: 240.00 ms | State: connected
[LOG] Time: 322s | RTT: 240.00 ms | State: connected
[LOG] Time: 323s | RTT: 226.00 ms | State: connected
[LOG] Time: 324s | RTT: 226.00 ms | State: connected
[LOG] Time: 325s | RTT: 172.00 ms | State: connected
[LOG] Time: 326s | RTT: 172.00 ms | State: connected
[LOG] Time: 327s | RTT: 172.00 ms | State: connected
[LOG] Time: 328s | RTT: 321.00 ms | State: connected
[LOG] Time: 329s | RTT: 321.00 ms | State: connected
[LOG] Time: 331s | RTT: 212.00 ms | State: connected
[LOG] Time: 332s | RTT: 212.00 ms | State: connected
[LOG] Time: 333s | RTT: 178.00 ms | State: connected
[LOG] Time: 334s | RTT: 178.00 ms | State: connected
[LOG] Time: 335s | RTT: 178.00 ms | State: connected
[LOG] Time: 336s | RTT: 194.00 ms | State: connected
[LOG] Time: 337s | RTT: 194.00 ms | State: connected
[LOG] Time: 338s | RTT: 213.00 ms | State: connected
[LOG] Time: 339s | RTT: 213.00 ms | State: connected
[LOG] Time: 340s | RTT: 213.00 ms | State: connected
[LOG] Time: 341s | RTT: 208.00 ms | State: connected
[LOG] Time: 342s | RTT: 208.00 ms | State: connected
[LOG] Time: 343s | RTT: 250.00 ms | State: connected
[LOG] Time: 345s | RTT: 250.00 ms | State: connected
[LOG] Time: 346s | RTT: 250.00 ms | State: connected
[LOG] Time: 347s | RTT: 237.00 ms | State: connected
[LOG] Time: 348s | RTT: 237.00 ms | State: connected
[LOG] Time: 349s | RTT: 220.00 ms | State: connected
[LOG] Time: 350s | RTT: 220.00 ms | State: connected
[LOG] Time: 351s | RTT: 220.00 ms | State: connected
[LOG] Time: 352s | RTT: 214.00 ms | State: connected
[LOG] Time: 353s | RTT: 214.00 ms | State: connected
[LOG] Time: 354s | RTT: 261.00 ms | State: connected
[LOG] Time: 355s | RTT: 261.00 ms | State: connected
[LOG] Time: 357s | RTT: 261.00 ms | State: connected
[LOG] Time: 358s | RTT: 250.00 ms | State: connected
[LOG] Time: 359s | RTT: 250.00 ms | State: connected
[LOG] Time: 360s | RTT: 221.00 ms | State: connected
[LOG] Time: 361s | RTT: 221.00 ms | State: connected
[LOG] Time: 362s | RTT: 222.00 ms | State: connected
[LOG] Time: 363s | RTT: 222.00 ms | State: connected
[LOG] Time: 364s | RTT: 222.00 ms | State: connected
[LOG] Time: 365s | RTT: 236.00 ms | State: connected
[LOG] Time: 366s | RTT: 236.00 ms | State: connected
[LOG] Time: 367s | RTT: 218.00 ms | State: connected
[LOG] Time: 369s | RTT: 218.00 ms | State: connected
[LOG] Time: 370s | RTT: 218.00 ms | State: connected
[LOG] Time: 371s | RTT: 191.00 ms | State: connected
[LOG] Time: 372s | RTT: 191.00 ms | State: connected
[LOG] Time: 373s | RTT: 220.00 ms | State: connected
[LOG] Time: 374s | RTT: 220.00 ms | State: connected
[LOG] Time: 375s | RTT: 220.00 ms | State: connected
[LOG] Time: 376s | RTT: 262.00 ms | State: connected
[LOG] Time: 377s | RTT: 262.00 ms | State: connected
[LOG] Time: 378s | RTT: 206.00 ms | State: connected
[LOG] Time: 379s | RTT: 206.00 ms | State: connected
[LOG] Time: 381s | RTT: 216.00 ms | State: connected
[LOG] Time: 382s | RTT: 216.00 ms | State: connected
[LOG] Time: 383s | RTT: 216.00 ms | State: connected
[LOG] Time: 384s | RTT: 240.00 ms | State: connected
[LOG] Time: 385s | RTT: 240.00 ms | State: connected
[LOG] Time: 386s | RTT: 239.00 ms | State: connected
[LOG] Time: 387s | RTT: 239.00 ms | State: connected
[LOG] Time: 388s | RTT: 239.00 ms | State: connected
[LOG] Time: 389s | RTT: 262.00 ms | State: connected
[LOG] Time: 390s | RTT: 262.00 ms | State: connected
[LOG] Time: 391s | RTT: 205.00 ms | State: connected
[LOG] Time: 392s | RTT: 205.00 ms | State: connected
[LOG] Time: 394s | RTT: 205.00 ms | State: connected
[LOG] Time: 395s | RTT: 199.00 ms | State: connected
[LOG] Time: 396s | RTT: 199.00 ms | State: connected
[LOG] Time: 397s | RTT: 231.00 ms | State: connected
[LOG] Time: 398s | RTT: 231.00 ms | State: connected
[LOG] Time: 399s | RTT: 231.00 ms | State: connected
[LOG] Time: 400s | RTT: 196.00 ms | State: connected
[LOG] Time: 401s | RTT: 196.00 ms | State: connected
[LOG] Time: 402s | RTT: 242.00 ms | State: connected
[LOG] Time: 403s | RTT: 242.00 ms | State: connected
[LOG] Time: 404s | RTT: 242.00 ms | State: connected
[LOG] Time: 405s | RTT: 229.00 ms | State: connected
[LOG] Time: 406s | RTT: 229.00 ms | State: connected
[LOG] Time: 408s | RTT: 207.00 ms | State: connected
[LOG] Time: 409s | RTT: 207.00 ms | State: connected
[LOG] Time: 410s | RTT: 181.00 ms | State: connected
[LOG] Time: 411s | RTT: 181.00 ms | State: connected
[LOG] Time: 412s | RTT: 181.00 ms | State: connected
[LOG] Time: 413s | RTT: 212.00 ms | State: connected
[LOG] Time: 414s | RTT: 212.00 ms | State: connected
[LOG] Time: 415s | RTT: 212.00 ms | State: connected
[LOG] Time: 416s | RTT: 212.00 ms | State: connected
[LOG] Time: 417s | RTT: 212.00 ms | State: connected
[LOG] Time: 418s | RTT: 195.00 ms | State: connected
[LOG] Time: 420s | RTT: 195.00 ms | State: connected
[LOG] Time: 421s | RTT: 196.00 ms | State: connected
[LOG] Time: 422s | RTT: 196.00 ms | State: connected
[LOG] Time: 423s | RTT: 196.00 ms | State: connected
[LOG] Time: 424s | RTT: 203.00 ms | State: connected
[LOG] Time: 425s | RTT: 203.00 ms | State: connected
[LOG] Time: 426s | RTT: 184.00 ms | State: connected
[LOG] Time: 427s | RTT: 184.00 ms | State: connected
[LOG] Time: 428s | RTT: 184.00 ms | State: connected
[LOG] Time: 429s | RTT: 221.00 ms | State: connected
[LOG] Time: 430s | RTT: 221.00 ms | State: connected
[LOG] Time: 431s | RTT: 204.00 ms | State: connected
[LOG] Time: 433s | RTT: 204.00 ms | State: connected
[LOG] Time: 434s | RTT: 187.00 ms | State: connected
[LOG] Time: 435s | RTT: 187.00 ms | State: connected
[LOG] Time: 436s | RTT: 187.00 ms | State: connected
[LOG] Time: 437s | RTT: 176.00 ms | State: connected
[LOG] Time: 438s | RTT: 176.00 ms | State: connected
[LOG] Time: 439s | RTT: 189.00 ms | State: connected
[LOG] Time: 440s | RTT: 189.00 ms | State: connected
[LOG] Time: 441s | RTT: 189.00 ms | State: connected
[LOG] Time: 442s | RTT: 359.00 ms | State: connected
[LOG] Time: 443s | RTT: 359.00 ms | State: connected
[LOG] Time: 444s | RTT: 178.00 ms | State: connected
[LOG] Time: 446s | RTT: 178.00 ms | State: connected
[LOG] Time: 447s | RTT: 178.00 ms | State: connected
[LOG] Time: 448s | RTT: 253.00 ms | State: connected
[LOG] Time: 449s | RTT: 253.00 ms | State: connected
[LOG] Time: 450s | RTT: 297.00 ms | State: connected
[LOG] Time: 451s | RTT: 297.00 ms | State: connected
[LOG] Time: 452s | RTT: 297.00 ms | State: connected
[LOG] Time: 453s | RTT: 696.00 ms | State: connected
[LOG] Time: 454s | RTT: 696.00 ms | State: connected
[LOG] Time: 455s | RTT: 208.00 ms | State: connected
[LOG] Time: 456s | RTT: 208.00 ms | State: connected
[LOG] Time: 457s | RTT: 208.00 ms | State: connected
[LOG] Time: 459s | RTT: 304.00 ms | State: connected
[LOG] Time: 460s | RTT: 304.00 ms | State: connected
[LOG] Time: 461s | RTT: 180.00 ms | State: connected
[LOG] Time: 462s | RTT: 180.00 ms | State: connected
[LOG] Time: 463s | RTT: 180.00 ms | State: connected
[LOG] Time: 464s | RTT: 709.00 ms | State: connected
[LOG] Time: 465s | RTT: 709.00 ms | State: connected
[LOG] Time: 466s | RTT: 213.00 ms | State: connected
[LOG] Time: 467s | RTT: 213.00 ms | State: connected
[LOG] Time: 468s | RTT: 213.00 ms | State: connected
[LOG] Time: 469s | RTT: 405.00 ms | State: connected
[LOG] Time: 471s | RTT: 405.00 ms | State: connected
[LOG] Time: 472s | RTT: 373.00 ms | State: connected
[LOG] Time: 473s | RTT: 373.00 ms | State: connected
[LOG] Time: 474s | RTT: 210.00 ms | State: connected
[LOG] Time: 475s | RTT: 210.00 ms | State: connected
[LOG] Time: 476s | RTT: 210.00 ms | State: connected
[LOG] Time: 477s | RTT: 212.00 ms | State: connected
[LOG] Time: 478s | RTT: 212.00 ms | State: connected
[LOG] Time: 479s | RTT: 348.00 ms | State: connected
[LOG] Time: 480s | RTT: 348.00 ms | State: connected
[LOG] Time: 481s | RTT: 348.00 ms | State: connected
[LOG] Time: 483s | RTT: 297.00 ms | State: connected
[LOG] Time: 484s | RTT: 297.00 ms | State: connected
[LOG] Time: 485s | RTT: 202.00 ms | State: connected
[LOG] Time: 486s | RTT: 202.00 ms | State: connected
[LOG] Time: 487s | RTT: 285.00 ms | State: connected
[LOG] Time: 488s | RTT: 285.00 ms | State: connected
[LOG] Time: 489s | RTT: 285.00 ms | State: connected
[LOG] Time: 490s | RTT: 231.00 ms | State: connected
[LOG] Time: 491s | RTT: 231.00 ms | State: connected
[LOG] Time: 492s | RTT: 334.00 ms | State: connected
[LOG] Time: 494s | RTT: 334.00 ms | State: connected
[LOG] Time: 495s | RTT: 334.00 ms | State: connected
[LOG] Time: 496s | RTT: 285.00 ms | State: connected
[LOG] Time: 497s | RTT: 285.00 ms | State: connected
[LOG] Time: 498s | RTT: 177.00 ms | State: connected
[LOG] Time: 499s | RTT: 177.00 ms | State: connected
[LOG] Time: 500s | RTT: 282.00 ms | State: connected
[LOG] Time: 501s | RTT: 282.00 ms | State: connected
[LOG] Time: 503s | RTT: 282.00 ms | State: connected
[LOG] Time: 504s | RTT: 223.00 ms | State: connected
[LOG] Time: 505s | RTT: 223.00 ms | State: connected
[LOG] Time: 506s | RTT: 256.00 ms | State: connected
[LOG] Time: 507s | RTT: 256.00 ms | State: connected
[LOG] Time: 508s | RTT: 256.00 ms | State: connected
[LOG] Time: 509s | RTT: 267.00 ms | State: connected
[LOG] Time: 510s | RTT: 267.00 ms | State: connected
[LOG] Time: 511s | RTT: 211.00 ms | State: connected
[LOG] Time: 512s | RTT: 211.00 ms | State: connected
[LOG] Time: 513s | RTT: 193.00 ms | State: connected
[LOG] Time: 515s | RTT: 193.00 ms | State: connected
[LOG] Time: 516s | RTT: 193.00 ms | State: connected
[LOG] Time: 517s | RTT: 242.00 ms | State: connected
[LOG] Time: 518s | RTT: 242.00 ms | State: connected
[LOG] Time: 519s | RTT: 183.00 ms | State: connected
[LOG] Time: 520s | RTT: 183.00 ms | State: connected
[LOG] Time: 521s | RTT: 183.00 ms | State: connected
[LOG] Time: 522s | RTT: 290.00 ms | State: connected
[LOG] Time: 523s | RTT: 290.00 ms | State: connected
[LOG] Time: 524s | RTT: 199.00 ms | State: connected
[LOG] Time: 525s | RTT: 199.00 ms | State: connected
[LOG] Time: 527s | RTT: 188.00 ms | State: connected
[LOG] Time: 528s | RTT: 188.00 ms | State: connected
[LOG] Time: 529s | RTT: 188.00 ms | State: connected
[LOG] Time: 530s | RTT: 224.00 ms | State: connected
[LOG] Time: 531s | RTT: 224.00 ms | State: connected
[LOG] Time: 532s | RTT: 242.00 ms | State: connected
[LOG] Time: 533s | RTT: 242.00 ms | State: connected
[LOG] Time: 534s | RTT: 242.00 ms | State: connected
[LOG] Time: 535s | RTT: 183.00 ms | State: connected
[LOG] Time: 537s | RTT: 183.00 ms | State: connected
[LOG] Time: 538s | RTT: 227.00 ms | State: connected
[LOG] Time: 539s | RTT: 227.00 ms | State: connected
[LOG] Time: 540s | RTT: 227.00 ms | State: connected
[LOG] Time: 541s | RTT: 196.00 ms | State: connected
[LOG] Time: 542s | RTT: 196.00 ms | State: connected
[LOG] Time: 543s | RTT: 213.00 ms | State: connected
[LOG] Time: 544s | RTT: 213.00 ms | State: connected
[LOG] Time: 545s | RTT: 283.00 ms | State: connected
[LOG] Time: 546s | RTT: 283.00 ms | State: connected
[LOG] Time: 548s | RTT: 283.00 ms | State: connected
[LOG] Time: 549s | RTT: 237.00 ms | State: connected
[LOG] Time: 550s | RTT: 237.00 ms | State: connected
[LOG] Time: 551s | RTT: 225.00 ms | State: connected
[LOG] Time: 552s | RTT: 225.00 ms | State: connected
[LOG] Time: 553s | RTT: 225.00 ms | State: connected
[LOG] Time: 554s | RTT: 213.00 ms | State: connected
[LOG] Time: 555s | RTT: 213.00 ms | State: connected
[LOG] Time: 556s | RTT: 182.00 ms | State: connected
[LOG] Time: 557s | RTT: 182.00 ms | State: connected
[LOG] Time: 558s | RTT: 177.00 ms | State: connected
[LOG] Time: 559s | RTT: 177.00 ms | State: connected
[LOG] Time: 561s | RTT: 177.00 ms | State: connected
[LOG] Time: 562s | RTT: 237.00 ms | State: connected
[LOG] Time: 563s | RTT: 237.00 ms | State: connected
[LOG] Time: 564s | RTT: 208.00 ms | State: connected
[LOG] Time: 565s | RTT: 208.00 ms | State: connected
[LOG] Time: 566s | RTT: 208.00 ms | State: connected
[LOG] Time: 567s | RTT: 184.00 ms | State: connected
[LOG] Time: 568s | RTT: 184.00 ms | State: connected
[LOG] Time: 569s | RTT: 220.00 ms | State: connected
[LOG] Time: 570s | RTT: 220.00 ms | State: connected
[LOG] Time: 571s | RTT: 220.00 ms | State: connected
[LOG] Time: 573s | RTT: 224.00 ms | State: connected
[LOG] Time: 574s | RTT: 224.00 ms | State: connected
[LOG] Time: 575s | RTT: 207.00 ms | State: connected
[LOG] Time: 576s | RTT: 207.00 ms | State: connected
[LOG] Time: 577s | RTT: 207.00 ms | State: connected
[LOG] Time: 578s | RTT: 234.00 ms | State: connected
[LOG] Time: 579s | RTT: 234.00 ms | State: connected
[LOG] Time: 580s | RTT: 217.00 ms | State: connected
[LOG] Time: 581s | RTT: 217.00 ms | State: connected
[LOG] Time: 582s | RTT: 217.00 ms | State: connected
[LOG] Time: 584s | RTT: 253.00 ms | State: connected
[LOG] Time: 585s | RTT: 253.00 ms | State: connected
[LOG] Time: 586s | RTT: 209.00 ms | State: connected
[LOG] Time: 587s | RTT: 209.00 ms | State: connected
[LOG] Time: 588s | RTT: 216.00 ms | State: connected
[LOG] Time: 589s | RTT: 216.00 ms | State: connected
[LOG] Time: 590s | RTT: 216.00 ms | State: connected
[LOG] Time: 591s | RTT: 243.00 ms | State: connected
[LOG] Time: 592s | RTT: 243.00 ms | State: connected
[LOG] Time: 593s | RTT: 394.00 ms | State: connected
[LOG] Time: 594s | RTT: 394.00 ms | State: connected
[LOG] Time: 595s | RTT: 394.00 ms | State: connected
[LOG] Time: 597s | RTT: 227.00 ms | State: connected
[LOG] Time: 598s | RTT: 227.00 ms | State: connected
[LOG] Time: 599s | RTT: 184.00 ms | State: connected
[*] Monitoring finished.

SUCCESS! Remote IP: 48.208.173.226
[*] Resolving Server Location...
SUCCESS! Server Location: San Francisco, United States (Microsoft Corporation)

[*] Running TCP MTR (Port 443)...
Start: 2026-02-16T04:57:42+0000
HOST: 7539bc63d8e9                Loss%   Snt   Last   Avg  Best  Wrst StDev
  1. AS???    172.17.0.1           0.0%    10    0.2   0.2   0.2   0.2   0.0
  2. AS???    10.1.0.1             0.0%    10   11.1 279.2   8.2 1511. 478.8
  3. AS???    100.64.0.1           0.0%    10   53.2 363.1  53.2 1514. 454.4
  4. AS???    172.16.250.50        0.0%    10   53.0 330.6  51.0 1479. 450.7
  5. AS???    ???                 100.0    10    0.0   0.0   0.0   0.0   0.0
  6. AS14593  206.224.71.91        0.0%    10   93.2 389.7  60.3 1398. 469.2
        206.224.71.75                    
     AS14593  206.224.71.75
        206.224.71.77                    
     AS14593  206.224.71.77
        206.224.71.86                    
     AS14593  206.224.71.86
        206.224.71.88                    
     AS14593  206.224.71.88
        206.224.71.81                    
     AS14593  206.224.71.81
        206.224.71.83                    
     AS14593  206.224.71.83
        206.224.71.95                    
     AS14593  206.224.71.95
  7. AS8075   104.44.57.195        0.0%    10   64.1 391.4  55.7 1360. 524.2
        104.44.57.191                    
     AS8075   104.44.57.191
  8. AS8075   104.44.41.128        0.0%    10  246.2 446.8  50.5 1818. 622.5
        104.44.55.75                     
     AS8075   104.44.55.75
        104.44.42.2                      
     AS8075   104.44.42.2
        104.44.55.81                     
     AS8075   104.44.55.81
  9. AS8075   104.44.33.179        0.0%    10  1340. 577.2  61.1 1861. 663.7
        104.44.33.171                    
     AS8075   104.44.33.171
        104.44.33.173                    
     AS8075   104.44.33.173
        104.44.33.181                    
     AS8075   104.44.33.181
 10. AS8075   51.10.26.167         0.0%    10  297.1 458.9  54.4 1821. 595.6
        51.10.26.165                     
     AS8075   51.10.26.165
 11. AS8075   104.44.17.22         0.0%    10  263.3 442.7  53.7 1781. 581.3
        104.44.20.215                    
     AS8075   104.44.20.215
        104.44.17.20                     
     AS8075   104.44.17.20
        104.44.22.156                    
     AS8075   104.44.22.156
        104.44.22.148                    
     AS8075   104.44.22.148
        104.44.22.154                    
     AS8075   104.44.22.154
 12. AS8075   104.44.22.168       50.0%    10  245.8 489.0  53.6 1740. 705.9
        104.44.22.174                    
     AS8075   104.44.22.174
        104.44.22.166                    
     AS8075   104.44.22.166
 13. AS???    ???                 100.0    10    0.0   0.0   0.0   0.0   0.0

[*] Running UDP MTR...
Start: 2026-02-16T04:58:07+0000
HOST: 7539bc63d8e9                Loss%   Snt   Last   Avg  Best  Wrst StDev
  1. AS???    172.17.0.1           0.0%    10    0.2   0.2   0.1   1.3   0.4
  2. AS???    10.1.0.1             0.0%    10   12.0  24.2   2.7  71.2  25.7
  3. AS???    100.64.0.1           0.0%    10   55.6  91.1  47.6 207.9  49.6
  4. AS???    172.16.250.50        0.0%    10  118.2  76.2  46.3 190.5  45.1
  5. AS14593  206.224.65.244       0.0%    10   94.7 100.9  51.3 225.8  55.4
        206.224.66.0                     
     AS14593  206.224.66.0
        206.224.65.252                   
     AS14593  206.224.65.252
        206.224.65.248                   
     AS14593  206.224.65.248
  6. AS14593  206.224.71.77        0.0%    10   56.6  85.3  44.1 143.9  36.7
        206.224.71.75                    
     AS14593  206.224.71.75
        206.224.71.86                    
     AS14593  206.224.71.86
        206.224.71.88                    
     AS14593  206.224.71.88
        206.224.71.91                    
     AS14593  206.224.71.91
        206.224.71.83                    
     AS14593  206.224.71.83
  7. AS8075   104.44.57.195        0.0%    10   99.1  99.0  57.9 189.2  42.9
        104.44.57.191                    
     AS8075   104.44.57.191
  8. AS8075   104.44.55.81         0.0%    10  323.7 129.9  52.1 323.7  98.3
        104.44.55.75                     
     AS8075   104.44.55.75
        104.44.42.2                      
     AS8075   104.44.42.2
  9. AS8075   104.44.33.181        0.0%    10  298.2 168.1  56.2 298.2  84.7
        104.44.33.173                    
     AS8075   104.44.33.173
        104.44.33.171                    
     AS8075   104.44.33.171
        104.44.33.179                    
     AS8075   104.44.33.179
 10. AS8075   51.10.26.167         0.0%    10  507.9 167.4  60.5 507.9 135.6
        51.10.26.165                     
     AS8075   51.10.26.165
 11. AS8075   104.44.20.215        0.0%    10  469.2 143.2  63.7 469.2 123.0
        104.44.17.22                     
     AS8075   104.44.17.22
        104.44.20.217                    
     AS8075   104.44.20.217
        104.44.22.156                    
     AS8075   104.44.22.156
        104.44.22.148                    
     AS8075   104.44.22.148
 12. AS8075   104.44.23.71        60.0%    10  466.7 193.2  62.2 466.7 184.6
        104.44.23.75                     
     AS8075   104.44.23.75
 13. AS???    ???                 100.0    10    0.0   0.0   0.0   0.0   0.0
