[*] Config Loaded: Name='flight-hawaii-van-Teams', Duration=900s
[*] Launching Chrome for Teams...
[*] Joining URL: [REDACTED_TEAMS_MEETING_URL]
[*] Navigating Join Flow...
[*] Looking for Join button...
    [+] JOIN CLICKED!
[*] Waiting for connection (20s)...
[*] Starting continuous monitoring for 900 seconds...
[LOG] Time: 0s | RTT: 155.00 ms | State: connected
[LOG] Time: 1s | RTT: 155.00 ms | State: connected
[LOG] Time: 2s | RTT: 188.00 ms | State: connected
[LOG] Time: 3s | RTT: 188.00 ms | State: connected
[LOG] Time: 4s | RTT: 132.00 ms | State: connected
[LOG] Time: 5s | RTT: 132.00 ms | State: connected
[LOG] Time: 6s | RTT: 144.00 ms | State: connected
[LOG] Time: 7s | RTT: 144.00 ms | State: connected
[LOG] Time: 8s | RTT: 144.00 ms | State: connected
[LOG] Time: 10s | RTT: 163.00 ms | State: connected
[LOG] Time: 11s | RTT: 163.00 ms | State: connected
[LOG] Time: 12s | RTT: 171.00 ms | State: connected
[LOG] Time: 13s | RTT: 171.00 ms | State: connected
[LOG] Time: 14s | RTT: 138.00 ms | State: connected
[LOG] Time: 15s | RTT: 138.00 ms | State: connected
[LOG] Time: 16s | RTT: 138.00 ms | State: connected
[LOG] Time: 17s | RTT: 201.00 ms | State: connected
[LOG] Time: 18s | RTT: 201.00 ms | State: connected
[LOG] Time: 20s | RTT: 114.00 ms | State: connected
[LOG] Time: 21s | RTT: 114.00 ms | State: connected
[LOG] Time: 22s | RTT: 127.00 ms | State: connected
[LOG] Time: 23s | RTT: 127.00 ms | State: connected
[LOG] Time: 24s | RTT: 127.00 ms | State: connected
[LOG] Time: 26s | RTT: 234.00 ms | State: connected
[LOG] Time: 27s | RTT: 234.00 ms | State: connected
[LOG] Time: 28s | RTT: 134.00 ms | State: connected
[LOG] Time: 29s | RTT: 134.00 ms | State: connected
[LOG] Time: 30s | RTT: 225.00 ms | State: connected
[LOG] Time: 31s | RTT: 225.00 ms | State: connected
[LOG] Time: 32s | RTT: 225.00 ms | State: connected
[LOG] Time: 33s | RTT: 264.00 ms | State: connected
[LOG] Time: 35s | RTT: 264.00 ms | State: connected
[LOG] Time: 36s | RTT: 126.00 ms | State: connected
[LOG] Time: 37s | RTT: 126.00 ms | State: connected
[LOG] Time: 38s | RTT: 178.00 ms | State: connected
[LOG] Time: 39s | RTT: 178.00 ms | State: connected
[LOG] Time: 40s | RTT: 178.00 ms | State: connected
[LOG] Time: 41s | RTT: 122.00 ms | State: connected
[LOG] Time: 42s | RTT: 122.00 ms | State: connected
[LOG] Time: 43s | RTT: 177.00 ms | State: connected
[LOG] Time: 44s | RTT: 177.00 ms | State: connected
[LOG] Time: 45s | RTT: 177.00 ms | State: connected
[LOG] Time: 47s | RTT: 163.00 ms | State: connected
[LOG] Time: 48s | RTT: 163.00 ms | State: connected
[LOG] Time: 49s | RTT: 114.00 ms | State: connected
[LOG] Time: 50s | RTT: 114.00 ms | State: connected
[LOG] Time: 51s | RTT: 114.00 ms | State: connected
[LOG] Time: 52s | RTT: 159.00 ms | State: connected
[LOG] Time: 53s | RTT: 159.00 ms | State: connected
[LOG] Time: 54s | RTT: 150.00 ms | State: connected
[LOG] Time: 55s | RTT: 150.00 ms | State: connected
[LOG] Time: 56s | RTT: 142.00 ms | State: connected
[LOG] Time: 58s | RTT: 142.00 ms | State: connected
[LOG] Time: 59s | RTT: 142.00 ms | State: connected
[LOG] Time: 60s | RTT: 159.00 ms | State: connected
[LOG] Time: 61s | RTT: 159.00 ms | State: connected
[LOG] Time: 62s | RTT: 164.00 ms | State: connected
[LOG] Time: 63s | RTT: 164.00 ms | State: connected
[LOG] Time: 64s | RTT: 164.00 ms | State: connected
[LOG] Time: 65s | RTT: 159.00 ms | State: connected
[LOG] Time: 66s | RTT: 159.00 ms | State: connected
[LOG] Time: 67s | RTT: 149.00 ms | State: connected
[LOG] Time: 68s | RTT: 149.00 ms | State: connected
[LOG] Time: 70s | RTT: 149.00 ms | State: connected
[LOG] Time: 71s | RTT: 322.00 ms | State: connected
[LOG] Time: 72s | RTT: 322.00 ms | State: connected
[LOG] Time: 73s | RTT: 264.00 ms | State: connected
[LOG] Time: 74s | RTT: 264.00 ms | State: connected
[LOG] Time: 75s | RTT: 157.00 ms | State: connected
[LOG] Time: 76s | RTT: 157.00 ms | State: connected
[LOG] Time: 77s | RTT: 157.00 ms | State: connected
[LOG] Time: 78s | RTT: 262.00 ms | State: connected
[LOG] Time: 79s | RTT: 262.00 ms | State: connected
[LOG] Time: 81s | RTT: 112.00 ms | State: connected
[LOG] Time: 82s | RTT: 112.00 ms | State: connected
[LOG] Time: 83s | RTT: 112.00 ms | State: connected
[LOG] Time: 84s | RTT: 151.00 ms | State: connected
[LOG] Time: 85s | RTT: 151.00 ms | State: connected
[LOG] Time: 86s | RTT: 135.00 ms | State: connected
[LOG] Time: 87s | RTT: 135.00 ms | State: connected
[LOG] Time: 88s | RTT: 135.00 ms | State: connected
[LOG] Time: 89s | RTT: 165.00 ms | State: connected
[LOG] Time: 90s | RTT: 165.00 ms | State: connected
[LOG] Time: 91s | RTT: 107.00 ms | State: connected
[LOG] Time: 92s | RTT: 107.00 ms | State: connected
[LOG] Time: 94s | RTT: 103.00 ms | State: connected
[LOG] Time: 95s | RTT: 103.00 ms | State: connected
[LOG] Time: 96s | RTT: 103.00 ms | State: connected
[LOG] Time: 97s | RTT: 109.00 ms | State: connected
[LOG] Time: 98s | RTT: 109.00 ms | State: connected
[LOG] Time: 99s | RTT: 132.00 ms | State: connected
[LOG] Time: 100s | RTT: 132.00 ms | State: connected
[LOG] Time: 101s | RTT: 132.00 ms | State: connected
[LOG] Time: 102s | RTT: 126.00 ms | State: connected
[LOG] Time: 103s | RTT: 126.00 ms | State: connected
[LOG] Time: 104s | RTT: 141.00 ms | State: connected
[LOG] Time: 106s | RTT: 141.00 ms | State: connected
[LOG] Time: 107s | RTT: 141.00 ms | State: connected
[LOG] Time: 108s | RTT: 124.00 ms | State: connected
[LOG] Time: 109s | RTT: 124.00 ms | State: connected
[LOG] Time: 110s | RTT: 115.00 ms | State: connected
[LOG] Time: 111s | RTT: 115.00 ms | State: connected
[LOG] Time: 112s | RTT: 115.00 ms | State: connected
[LOG] Time: 113s | RTT: 124.00 ms | State: connected
[LOG] Time: 114s | RTT: 124.00 ms | State: connected
[LOG] Time: 115s | RTT: 137.00 ms | State: connected
[LOG] Time: 117s | RTT: 137.00 ms | State: connected
[LOG] Time: 118s | RTT: 131.00 ms | State: connected
[LOG] Time: 119s | RTT: 131.00 ms | State: connected
[LOG] Time: 120s | RTT: 131.00 ms | State: connected
[LOG] Time: 121s | RTT: 110.00 ms | State: connected
[LOG] Time: 122s | RTT: 110.00 ms | State: connected
[LOG] Time: 123s | RTT: 189.00 ms | State: connected
[LOG] Time: 124s | RTT: 189.00 ms | State: connected
[LOG] Time: 125s | RTT: 189.00 ms | State: connected
[LOG] Time: 126s | RTT: 147.00 ms | State: connected
[LOG] Time: 127s | RTT: 147.00 ms | State: connected
[LOG] Time: 128s | RTT: 151.00 ms | State: connected
[LOG] Time: 130s | RTT: 151.00 ms | State: connected
[LOG] Time: 131s | RTT: 151.00 ms | State: connected
[LOG] Time: 132s | RTT: 168.00 ms | State: connected
[LOG] Time: 133s | RTT: 168.00 ms | State: connected
[LOG] Time: 134s | RTT: 156.00 ms | State: connected
[LOG] Time: 135s | RTT: 156.00 ms | State: connected
[LOG] Time: 136s | RTT: 156.00 ms | State: connected
[LOG] Time: 137s | RTT: 197.00 ms | State: connected
[LOG] Time: 138s | RTT: 197.00 ms | State: connected
[LOG] Time: 139s | RTT: 240.00 ms | State: connected
[LOG] Time: 140s | RTT: 240.00 ms | State: connected
[LOG] Time: 142s | RTT: 174.00 ms | State: connected
[LOG] Time: 143s | RTT: 174.00 ms | State: connected
[LOG] Time: 144s | RTT: 174.00 ms | State: connected
[LOG] Time: 145s | RTT: 159.00 ms | State: connected
[LOG] Time: 146s | RTT: 159.00 ms | State: connected
[LOG] Time: 147s | RTT: 174.00 ms | State: connected
[LOG] Time: 148s | RTT: 174.00 ms | State: connected
[LOG] Time: 149s | RTT: 174.00 ms | State: connected
[LOG] Time: 150s | RTT: 171.00 ms | State: connected
[LOG] Time: 151s | RTT: 171.00 ms | State: connected
[LOG] Time: 152s | RTT: 169.00 ms | State: connected
[LOG] Time: 154s | RTT: 169.00 ms | State: connected
[LOG] Time: 155s | RTT: 169.00 ms | State: connected
[LOG] Time: 156s | RTT: 207.00 ms | State: connected
[LOG] Time: 157s | RTT: 207.00 ms | State: connected
[LOG] Time: 158s | RTT: 145.00 ms | State: connected
[LOG] Time: 159s | RTT: 145.00 ms | State: connected
[LOG] Time: 160s | RTT: 161.00 ms | State: connected
[LOG] Time: 161s | RTT: 161.00 ms | State: connected
[LOG] Time: 162s | RTT: 161.00 ms | State: connected
[LOG] Time: 164s | RTT: 122.00 ms | State: connected
[LOG] Time: 165s | RTT: 122.00 ms | State: connected
[LOG] Time: 166s | RTT: 159.00 ms | State: connected
[LOG] Time: 167s | RTT: 159.00 ms | State: connected
[LOG] Time: 168s | RTT: 143.00 ms | State: connected
[LOG] Time: 169s | RTT: 143.00 ms | State: connected
[LOG] Time: 170s | RTT: 143.00 ms | State: connected
[LOG] Time: 171s | RTT: 135.00 ms | State: connected
[LOG] Time: 173s | RTT: 135.00 ms | State: connected
[LOG] Time: 174s | RTT: 132.00 ms | State: connected
[LOG] Time: 175s | RTT: 132.00 ms | State: connected
[LOG] Time: 176s | RTT: 155.00 ms | State: connected
[LOG] Time: 177s | RTT: 155.00 ms | State: connected
[LOG] Time: 178s | RTT: 155.00 ms | State: connected
[LOG] Time: 179s | RTT: 146.00 ms | State: connected
[LOG] Time: 181s | RTT: 146.00 ms | State: connected
[LOG] Time: 182s | RTT: 157.00 ms | State: connected
[LOG] Time: 183s | RTT: 157.00 ms | State: connected
[LOG] Time: 184s | RTT: 140.00 ms | State: connected
[LOG] Time: 185s | RTT: 140.00 ms | State: connected
[LOG] Time: 186s | RTT: 140.00 ms | State: connected
[LOG] Time: 187s | RTT: 170.00 ms | State: connected
[LOG] Time: 189s | RTT: 170.00 ms | State: connected
[LOG] Time: 190s | RTT: 204.00 ms | State: connected
[LOG] Time: 191s | RTT: 204.00 ms | State: connected
[LOG] Time: 192s | RTT: 195.00 ms | State: connected
[LOG] Time: 193s | RTT: 195.00 ms | State: connected
[LOG] Time: 194s | RTT: 195.00 ms | State: connected
[LOG] Time: 195s | RTT: 196.00 ms | State: connected
[LOG] Time: 197s | RTT: 196.00 ms | State: connected
[LOG] Time: 198s | RTT: 132.00 ms | State: connected
[LOG] Time: 199s | RTT: 132.00 ms | State: connected
[LOG] Time: 200s | RTT: 118.00 ms | State: connected
[LOG] Time: 201s | RTT: 118.00 ms | State: connected
[LOG] Time: 202s | RTT: 118.00 ms | State: connected
[LOG] Time: 203s | RTT: 156.00 ms | State: connected
[LOG] Time: 204s | RTT: 156.00 ms | State: connected
[LOG] Time: 205s | RTT: 141.00 ms | State: connected
[LOG] Time: 206s | RTT: 141.00 ms | State: connected
[LOG] Time: 208s | RTT: 141.00 ms | State: connected
[LOG] Time: 209s | RTT: 147.00 ms | State: connected
[LOG] Time: 210s | RTT: 147.00 ms | State: connected
[LOG] Time: 211s | RTT: 152.00 ms | State: connected
[LOG] Time: 212s | RTT: 152.00 ms | State: connected
[LOG] Time: 213s | RTT: 152.00 ms | State: connected
[LOG] Time: 214s | RTT: 149.00 ms | State: connected
[LOG] Time: 215s | RTT: 149.00 ms | State: connected
[LOG] Time: 216s | RTT: 127.00 ms | State: connected
[LOG] Time: 217s | RTT: 127.00 ms | State: connected
[LOG] Time: 218s | RTT: 127.00 ms | State: connected
[LOG] Time: 220s | RTT: 149.00 ms | State: connected
[LOG] Time: 221s | RTT: 149.00 ms | State: connected
[LOG] Time: 222s | RTT: 137.00 ms | State: connected
[LOG] Time: 223s | RTT: 137.00 ms | State: connected
[LOG] Time: 224s | RTT: 169.00 ms | State: connected
[LOG] Time: 225s | RTT: 169.00 ms | State: connected
[LOG] Time: 226s | RTT: 169.00 ms | State: connected
[LOG] Time: 227s | RTT: 173.00 ms | State: connected
[LOG] Time: 228s | RTT: 173.00 ms | State: connected
[LOG] Time: 229s | RTT: 176.00 ms | State: connected
[LOG] Time: 230s | RTT: 176.00 ms | State: connected
[LOG] Time: 232s | RTT: 176.00 ms | State: connected
[LOG] Time: 233s | RTT: 188.00 ms | State: connected
[LOG] Time: 234s | RTT: 188.00 ms | State: connected
[LOG] Time: 235s | RTT: 180.00 ms | State: connected
[LOG] Time: 236s | RTT: 180.00 ms | State: connected
[LOG] Time: 237s | RTT: 180.00 ms | State: connected
[LOG] Time: 238s | RTT: 163.00 ms | State: connected
[LOG] Time: 239s | RTT: 163.00 ms | State: connected
[LOG] Time: 240s | RTT: 200.00 ms | State: connected
[LOG] Time: 241s | RTT: 200.00 ms | State: connected
[LOG] Time: 243s | RTT: 157.00 ms | State: connected
[LOG] Time: 244s | RTT: 157.00 ms | State: connected
[LOG] Time: 245s | RTT: 157.00 ms | State: connected
[LOG] Time: 246s | RTT: 197.00 ms | State: connected
[LOG] Time: 247s | RTT: 197.00 ms | State: connected
[LOG] Time: 248s | RTT: 129.00 ms | State: connected
[LOG] Time: 249s | RTT: 129.00 ms | State: connected
[LOG] Time: 250s | RTT: 167.00 ms | State: connected
[LOG] Time: 251s | RTT: 167.00 ms | State: connected
[LOG] Time: 253s | RTT: 167.00 ms | State: connected
[LOG] Time: 254s | RTT: 145.00 ms | State: connected
[LOG] Time: 255s | RTT: 145.00 ms | State: connected
[LOG] Time: 256s | RTT: 130.00 ms | State: connected
[LOG] Time: 257s | RTT: 130.00 ms | State: connected
[LOG] Time: 258s | RTT: 130.00 ms | State: connected
[LOG] Time: 259s | RTT: 160.00 ms | State: connected
[LOG] Time: 260s | RTT: 160.00 ms | State: connected
[LOG] Time: 261s | RTT: 144.00 ms | State: connected
[LOG] Time: 262s | RTT: 144.00 ms | State: connected
[LOG] Time: 263s | RTT: 144.00 ms | State: connected
[LOG] Time: 265s | RTT: 115.00 ms | State: connected
[LOG] Time: 266s | RTT: 115.00 ms | State: connected
[LOG] Time: 267s | RTT: 235.00 ms | State: connected
[LOG] Time: 268s | RTT: 235.00 ms | State: connected
[LOG] Time: 269s | RTT: 235.00 ms | State: connected
[LOG] Time: 270s | RTT: 258.00 ms | State: connected
[LOG] Time: 271s | RTT: 258.00 ms | State: connected
[LOG] Time: 272s | RTT: 162.00 ms | State: connected
[LOG] Time: 273s | RTT: 162.00 ms | State: connected
[LOG] Time: 274s | RTT: 157.00 ms | State: connected
[LOG] Time: 276s | RTT: 157.00 ms | State: connected
[LOG] Time: 277s | RTT: 157.00 ms | State: connected
[LOG] Time: 278s | RTT: 153.00 ms | State: connected
[LOG] Time: 279s | RTT: 153.00 ms | State: connected
[LOG] Time: 280s | RTT: 149.00 ms | State: connected
[LOG] Time: 281s | RTT: 149.00 ms | State: connected
[LOG] Time: 282s | RTT: 149.00 ms | State: connected
[LOG] Time: 283s | RTT: 137.00 ms | State: connected
[LOG] Time: 284s | RTT: 137.00 ms | State: connected
[LOG] Time: 285s | RTT: 163.00 ms | State: connected
[LOG] Time: 286s | RTT: 163.00 ms | State: connected
[LOG] Time: 288s | RTT: 163.00 ms | State: connected
[LOG] Time: 289s | RTT: 174.00 ms | State: connected
[LOG] Time: 290s | RTT: 174.00 ms | State: connected
[LOG] Time: 291s | RTT: 155.00 ms | State: connected
[LOG] Time: 292s | RTT: 155.00 ms | State: connected
[LOG] Time: 293s | RTT: 167.00 ms | State: connected
[LOG] Time: 294s | RTT: 167.00 ms | State: connected
[LOG] Time: 295s | RTT: 167.00 ms | State: connected
[LOG] Time: 296s | RTT: 141.00 ms | State: connected
[LOG] Time: 297s | RTT: 141.00 ms | State: connected
[LOG] Time: 298s | RTT: 162.00 ms | State: connected
[LOG] Time: 299s | RTT: 162.00 ms | State: connected
[LOG] Time: 301s | RTT: 162.00 ms | State: connected
[LOG] Time: 302s | RTT: 153.00 ms | State: connected
[LOG] Time: 303s | RTT: 153.00 ms | State: connected
[LOG] Time: 304s | RTT: 154.00 ms | State: connected
[LOG] Time: 305s | RTT: 154.00 ms | State: connected
[LOG] Time: 306s | RTT: 154.00 ms | State: connected
[LOG] Time: 307s | RTT: 146.00 ms | State: connected
[LOG] Time: 308s | RTT: 146.00 ms | State: connected
[LOG] Time: 309s | RTT: 136.00 ms | State: connected
[LOG] Time: 310s | RTT: 136.00 ms | State: connected
[LOG] Time: 311s | RTT: 136.00 ms | State: connected
[LOG] Time: 313s | RTT: 186.00 ms | State: connected
[LOG] Time: 314s | RTT: 186.00 ms | State: connected
[LOG] Time: 315s | RTT: 143.00 ms | State: connected
[LOG] Time: 316s | RTT: 143.00 ms | State: connected
[LOG] Time: 317s | RTT: 123.00 ms | State: connected
[LOG] Time: 318s | RTT: 123.00 ms | State: connected
[LOG] Time: 319s | RTT: 123.00 ms | State: connected
[LOG] Time: 320s | RTT: 214.00 ms | State: connected
[LOG] Time: 321s | RTT: 214.00 ms | State: connected
[LOG] Time: 322s | RTT: 169.00 ms | State: connected
[LOG] Time: 323s | RTT: 169.00 ms | State: connected
[LOG] Time: 325s | RTT: 169.00 ms | State: connected
[LOG] Time: 326s | RTT: 165.00 ms | State: connected
[LOG] Time: 327s | RTT: 165.00 ms | State: connected
[LOG] Time: 328s | RTT: 187.00 ms | State: connected
[LOG] Time: 329s | RTT: 187.00 ms | State: connected
[LOG] Time: 330s | RTT: 187.00 ms | State: connected
[LOG] Time: 331s | RTT: 148.00 ms | State: connected
[LOG] Time: 332s | RTT: 148.00 ms | State: connected
[LOG] Time: 333s | RTT: 157.00 ms | State: connected
[LOG] Time: 334s | RTT: 157.00 ms | State: connected
[LOG] Time: 335s | RTT: 155.00 ms | State: connected
[LOG] Time: 336s | RTT: 155.00 ms | State: connected
[LOG] Time: 338s | RTT: 155.00 ms | State: connected
[LOG] Time: 339s | RTT: 171.00 ms | State: connected
[LOG] Time: 340s | RTT: 171.00 ms | State: connected
[LOG] Time: 341s | RTT: 119.00 ms | State: connected
[LOG] Time: 342s | RTT: 119.00 ms | State: connected
[LOG] Time: 343s | RTT: 119.00 ms | State: connected
[LOG] Time: 344s | RTT: 131.00 ms | State: connected
[LOG] Time: 345s | RTT: 131.00 ms | State: connected
[LOG] Time: 346s | RTT: 122.00 ms | State: connected
[LOG] Time: 347s | RTT: 122.00 ms | State: connected
[LOG] Time: 348s | RTT: 122.00 ms | State: connected
[LOG] Time: 350s | RTT: 131.00 ms | State: connected
[LOG] Time: 351s | RTT: 131.00 ms | State: connected
[LOG] Time: 352s | RTT: 139.00 ms | State: connected
[LOG] Time: 353s | RTT: 139.00 ms | State: connected
[LOG] Time: 354s | RTT: 139.00 ms | State: connected
[LOG] Time: 355s | RTT: 169.00 ms | State: connected
[LOG] Time: 356s | RTT: 169.00 ms | State: connected
[LOG] Time: 357s | RTT: 216.00 ms | State: connected
[LOG] Time: 358s | RTT: 216.00 ms | State: connected
[LOG] Time: 359s | RTT: 118.00 ms | State: connected
[LOG] Time: 360s | RTT: 118.00 ms | State: connected
[LOG] Time: 362s | RTT: 118.00 ms | State: connected
[LOG] Time: 363s | RTT: 143.00 ms | State: connected
[LOG] Time: 364s | RTT: 143.00 ms | State: connected
[LOG] Time: 365s | RTT: 117.00 ms | State: connected
[LOG] Time: 366s | RTT: 117.00 ms | State: connected
[LOG] Time: 367s | RTT: 117.00 ms | State: connected
[LOG] Time: 368s | RTT: 136.00 ms | State: connected
[LOG] Time: 369s | RTT: 136.00 ms | State: connected
[LOG] Time: 370s | RTT: 125.00 ms | State: connected
[LOG] Time: 371s | RTT: 125.00 ms | State: connected
[LOG] Time: 372s | RTT: 125.00 ms | State: connected
[LOG] Time: 374s | RTT: 156.00 ms | State: connected
[LOG] Time: 375s | RTT: 156.00 ms | State: connected
[LOG] Time: 376s | RTT: 148.00 ms | State: connected
[LOG] Time: 377s | RTT: 148.00 ms | State: connected
[LOG] Time: 378s | RTT: 156.00 ms | State: connected
[LOG] Time: 379s | RTT: 156.00 ms | State: connected
[LOG] Time: 380s | RTT: 156.00 ms | State: connected
[LOG] Time: 381s | RTT: 112.00 ms | State: connected
[LOG] Time: 382s | RTT: 112.00 ms | State: connected
[LOG] Time: 383s | RTT: 120.00 ms | State: connected
[LOG] Time: 384s | RTT: 120.00 ms | State: connected
[LOG] Time: 386s | RTT: 120.00 ms | State: connected
[LOG] Time: 387s | RTT: 129.00 ms | State: connected
[LOG] Time: 388s | RTT: 129.00 ms | State: connected
[LOG] Time: 389s | RTT: 110.00 ms | State: connected
[LOG] Time: 390s | RTT: 110.00 ms | State: connected
[LOG] Time: 391s | RTT: 110.00 ms | State: connected
[LOG] Time: 392s | RTT: 120.00 ms | State: connected
[LOG] Time: 393s | RTT: 120.00 ms | State: connected
[LOG] Time: 394s | RTT: 178.00 ms | State: connected
[LOG] Time: 395s | RTT: 178.00 ms | State: connected
[LOG] Time: 397s | RTT: 146.00 ms | State: connected
[LOG] Time: 398s | RTT: 146.00 ms | State: connected
[LOG] Time: 399s | RTT: 146.00 ms | State: connected
[LOG] Time: 400s | RTT: 189.00 ms | State: connected
[LOG] Time: 401s | RTT: 189.00 ms | State: connected
[LOG] Time: 402s | RTT: 113.00 ms | State: connected
[LOG] Time: 403s | RTT: 113.00 ms | State: connected
[LOG] Time: 404s | RTT: 113.00 ms | State: connected
[LOG] Time: 405s | RTT: 160.00 ms | State: connected
[LOG] Time: 406s | RTT: 160.00 ms | State: connected
[LOG] Time: 407s | RTT: 253.00 ms | State: connected
[LOG] Time: 408s | RTT: 253.00 ms | State: connected
[LOG] Time: 410s | RTT: 253.00 ms | State: connected
[LOG] Time: 411s | RTT: 129.00 ms | State: connected
[LOG] Time: 412s | RTT: 129.00 ms | State: connected
[LOG] Time: 413s | RTT: 183.00 ms | State: connected
[LOG] Time: 414s | RTT: 183.00 ms | State: connected
[LOG] Time: 415s | RTT: 124.00 ms | State: connected
[LOG] Time: 416s | RTT: 124.00 ms | State: connected
[LOG] Time: 417s | RTT: 124.00 ms | State: connected
[LOG] Time: 418s | RTT: 129.00 ms | State: connected
[LOG] Time: 419s | RTT: 129.00 ms | State: connected
[LOG] Time: 420s | RTT: 166.00 ms | State: connected
[LOG] Time: 422s | RTT: 166.00 ms | State: connected
[LOG] Time: 423s | RTT: 166.00 ms | State: connected
[LOG] Time: 424s | RTT: 235.00 ms | State: connected
[LOG] Time: 425s | RTT: 235.00 ms | State: connected
[LOG] Time: 426s | RTT: 178.00 ms | State: connected
[LOG] Time: 427s | RTT: 178.00 ms | State: connected
[LOG] Time: 428s | RTT: 178.00 ms | State: connected
[LOG] Time: 429s | RTT: 169.00 ms | State: connected
[LOG] Time: 430s | RTT: 169.00 ms | State: connected
[LOG] Time: 431s | RTT: 167.00 ms | State: connected
[LOG] Time: 432s | RTT: 167.00 ms | State: connected
[LOG] Time: 434s | RTT: 167.00 ms | State: connected
[LOG] Time: 435s | RTT: 149.00 ms | State: connected
[LOG] Time: 436s | RTT: 149.00 ms | State: connected
[LOG] Time: 437s | RTT: 131.00 ms | State: connected
[LOG] Time: 438s | RTT: 131.00 ms | State: connected
[LOG] Time: 439s | RTT: 125.00 ms | State: connected
[LOG] Time: 440s | RTT: 125.00 ms | State: connected
[LOG] Time: 441s | RTT: 125.00 ms | State: connected
[LOG] Time: 442s | RTT: 169.00 ms | State: connected
[LOG] Time: 443s | RTT: 169.00 ms | State: connected
[LOG] Time: 445s | RTT: 163.00 ms | State: connected
[LOG] Time: 446s | RTT: 163.00 ms | State: connected
[LOG] Time: 447s | RTT: 163.00 ms | State: connected
[LOG] Time: 448s | RTT: 150.00 ms | State: connected
[LOG] Time: 449s | RTT: 150.00 ms | State: connected
[LOG] Time: 450s | RTT: 172.00 ms | State: connected
[LOG] Time: 451s | RTT: 172.00 ms | State: connected
[LOG] Time: 452s | RTT: 172.00 ms | State: connected
[LOG] Time: 453s | RTT: 117.00 ms | State: connected
[LOG] Time: 454s | RTT: 117.00 ms | State: connected
[LOG] Time: 455s | RTT: 165.00 ms | State: connected
[LOG] Time: 457s | RTT: 165.00 ms | State: connected
[LOG] Time: 458s | RTT: 160.00 ms | State: connected
[LOG] Time: 459s | RTT: 160.00 ms | State: connected
[LOG] Time: 460s | RTT: 160.00 ms | State: connected
[LOG] Time: 461s | RTT: 123.00 ms | State: connected
[LOG] Time: 462s | RTT: 123.00 ms | State: connected
[LOG] Time: 463s | RTT: 149.00 ms | State: connected
[LOG] Time: 464s | RTT: 149.00 ms | State: connected
[LOG] Time: 465s | RTT: 149.00 ms | State: connected
[LOG] Time: 466s | RTT: 158.00 ms | State: connected
[LOG] Time: 467s | RTT: 158.00 ms | State: connected
[LOG] Time: 469s | RTT: 140.00 ms | State: connected
[LOG] Time: 470s | RTT: 140.00 ms | State: connected
[LOG] Time: 471s | RTT: 140.00 ms | State: connected
[LOG] Time: 472s | RTT: 168.00 ms | State: connected
[LOG] Time: 473s | RTT: 168.00 ms | State: connected
[LOG] Time: 474s | RTT: 168.00 ms | State: connected
[LOG] Time: 475s | RTT: 168.00 ms | State: connected
[LOG] Time: 476s | RTT: 156.00 ms | State: connected
[LOG] Time: 477s | RTT: 156.00 ms | State: connected
[LOG] Time: 478s | RTT: 156.00 ms | State: connected
[LOG] Time: 479s | RTT: 148.00 ms | State: connected
[LOG] Time: 481s | RTT: 148.00 ms | State: connected
[LOG] Time: 482s | RTT: 139.00 ms | State: connected
[LOG] Time: 483s | RTT: 139.00 ms | State: connected
[LOG] Time: 484s | RTT: 139.00 ms | State: connected
[LOG] Time: 485s | RTT: 177.00 ms | State: connected
[LOG] Time: 486s | RTT: 177.00 ms | State: connected
[LOG] Time: 487s | RTT: 173.00 ms | State: connected
[LOG] Time: 488s | RTT: 173.00 ms | State: connected
[LOG] Time: 489s | RTT: 173.00 ms | State: connected
[LOG] Time: 490s | RTT: 175.00 ms | State: connected
[LOG] Time: 491s | RTT: 175.00 ms | State: connected
[LOG] Time: 493s | RTT: 161.00 ms | State: connected
[LOG] Time: 494s | RTT: 161.00 ms | State: connected
[LOG] Time: 495s | RTT: 161.00 ms | State: connected
[LOG] Time: 496s | RTT: 162.00 ms | State: connected
[LOG] Time: 497s | RTT: 162.00 ms | State: connected
[LOG] Time: 498s | RTT: 149.00 ms | State: connected
[LOG] Time: 499s | RTT: 149.00 ms | State: connected
[LOG] Time: 500s | RTT: 198.00 ms | State: connected
[LOG] Time: 501s | RTT: 198.00 ms | State: connected
[LOG] Time: 502s | RTT: 198.00 ms | State: connected
[LOG] Time: 503s | RTT: 178.00 ms | State: connected
[LOG] Time: 504s | RTT: 178.00 ms | State: connected
[LOG] Time: 506s | RTT: 152.00 ms | State: connected
[LOG] Time: 507s | RTT: 152.00 ms | State: connected
[LOG] Time: 508s | RTT: 152.00 ms | State: connected
[LOG] Time: 509s | RTT: 137.00 ms | State: connected
[LOG] Time: 510s | RTT: 137.00 ms | State: connected
[LOG] Time: 511s | RTT: 126.00 ms | State: connected
[LOG] Time: 512s | RTT: 126.00 ms | State: connected
[LOG] Time: 513s | RTT: 126.00 ms | State: connected
[LOG] Time: 514s | RTT: 145.00 ms | State: connected
[LOG] Time: 515s | RTT: 145.00 ms | State: connected
[LOG] Time: 516s | RTT: 117.00 ms | State: connected
[LOG] Time: 518s | RTT: 117.00 ms | State: connected
[LOG] Time: 519s | RTT: 132.00 ms | State: connected
[LOG] Time: 520s | RTT: 132.00 ms | State: connected
[LOG] Time: 521s | RTT: 132.00 ms | State: connected
[LOG] Time: 522s | RTT: 122.00 ms | State: connected
[LOG] Time: 523s | RTT: 122.00 ms | State: connected
[LOG] Time: 524s | RTT: 120.00 ms | State: connected
[LOG] Time: 525s | RTT: 120.00 ms | State: connected
[LOG] Time: 526s | RTT: 120.00 ms | State: connected
[LOG] Time: 527s | RTT: 132.00 ms | State: connected
[LOG] Time: 528s | RTT: 132.00 ms | State: connected
[LOG] Time: 530s | RTT: 150.00 ms | State: connected
[LOG] Time: 531s | RTT: 150.00 ms | State: connected
[LOG] Time: 532s | RTT: 150.00 ms | State: connected
[LOG] Time: 533s | RTT: 135.00 ms | State: connected
[LOG] Time: 534s | RTT: 135.00 ms | State: connected
[LOG] Time: 535s | RTT: 159.00 ms | State: connected
[LOG] Time: 536s | RTT: 159.00 ms | State: connected
[LOG] Time: 537s | RTT: 159.00 ms | State: connected
[LOG] Time: 538s | RTT: 148.00 ms | State: connected
[LOG] Time: 539s | RTT: 148.00 ms | State: connected
[LOG] Time: 540s | RTT: 140.00 ms | State: connected
[LOG] Time: 541s | RTT: 140.00 ms | State: connected
[LOG] Time: 543s | RTT: 174.00 ms | State: connected
[LOG] Time: 544s | RTT: 174.00 ms | State: connected
[LOG] Time: 545s | RTT: 174.00 ms | State: connected
[LOG] Time: 546s | RTT: 276.00 ms | State: connected
[LOG] Time: 547s | RTT: 276.00 ms | State: connected
[LOG] Time: 548s | RTT: 135.00 ms | State: connected
[LOG] Time: 549s | RTT: 135.00 ms | State: connected
[LOG] Time: 550s | RTT: 135.00 ms | State: connected
[LOG] Time: 551s | RTT: 188.00 ms | State: connected
[LOG] Time: 552s | RTT: 188.00 ms | State: connected
[LOG] Time: 553s | RTT: 184.00 ms | State: connected
[LOG] Time: 555s | RTT: 184.00 ms | State: connected
[LOG] Time: 556s | RTT: 184.00 ms | State: connected
[LOG] Time: 557s | RTT: 570.00 ms | State: connected
[LOG] Time: 558s | RTT: 570.00 ms | State: connected
[LOG] Time: 559s | RTT: 370.00 ms | State: connected
[LOG] Time: 560s | RTT: 370.00 ms | State: connected
[LOG] Time: 561s | RTT: 370.00 ms | State: connected
[LOG] Time: 562s | RTT: 232.00 ms | State: connected
[LOG] Time: 563s | RTT: 232.00 ms | State: connected
[LOG] Time: 564s | RTT: 128.00 ms | State: connected
[LOG] Time: 565s | RTT: 128.00 ms | State: connected
[LOG] Time: 567s | RTT: 157.00 ms | State: connected
[LOG] Time: 568s | RTT: 157.00 ms | State: connected
[LOG] Time: 569s | RTT: 157.00 ms | State: connected
[LOG] Time: 570s | RTT: 277.00 ms | State: connected
[LOG] Time: 571s | RTT: 277.00 ms | State: connected
[LOG] Time: 572s | RTT: 321.00 ms | State: connected
[LOG] Time: 573s | RTT: 321.00 ms | State: connected
[LOG] Time: 574s | RTT: 321.00 ms | State: connected
[LOG] Time: 575s | RTT: 362.00 ms | State: connected
[LOG] Time: 576s | RTT: 362.00 ms | State: connected
[LOG] Time: 577s | RTT: 197.00 ms | State: connected
[LOG] Time: 578s | RTT: 197.00 ms | State: connected
[LOG] Time: 580s | RTT: 197.00 ms | State: connected
[LOG] Time: 581s | RTT: 408.00 ms | State: connected
[LOG] Time: 582s | RTT: 408.00 ms | State: connected
[LOG] Time: 583s | RTT: 172.00 ms | State: connected
[LOG] Time: 584s | RTT: 172.00 ms | State: connected
[LOG] Time: 585s | RTT: 176.00 ms | State: connected
[LOG] Time: 586s | RTT: 176.00 ms | State: connected
[LOG] Time: 587s | RTT: 176.00 ms | State: connected
[LOG] Time: 588s | RTT: 172.00 ms | State: connected
[LOG] Time: 589s | RTT: 172.00 ms | State: connected
[LOG] Time: 591s | RTT: 172.00 ms | State: connected
[LOG] Time: 592s | RTT: 443.00 ms | State: connected
[LOG] Time: 593s | RTT: 443.00 ms | State: connected
[LOG] Time: 594s | RTT: 123.00 ms | State: connected
[LOG] Time: 595s | RTT: 123.00 ms | State: connected
[LOG] Time: 596s | RTT: 284.00 ms | State: connected
[LOG] Time: 597s | RTT: 284.00 ms | State: connected
[LOG] Time: 598s | RTT: 284.00 ms | State: connected
[LOG] Time: 599s | RTT: 225.00 ms | State: connected
[LOG] Time: 600s | RTT: 225.00 ms | State: connected
[LOG] Time: 601s | RTT: 168.00 ms | State: connected
[LOG] Time: 603s | RTT: 168.00 ms | State: connected
[LOG] Time: 604s | RTT: 168.00 ms | State: connected
[LOG] Time: 605s | RTT: 171.00 ms | State: connected
[LOG] Time: 606s | RTT: 171.00 ms | State: connected
[LOG] Time: 607s | RTT: 157.00 ms | State: connected
[LOG] Time: 608s | RTT: 157.00 ms | State: connected
[LOG] Time: 609s | RTT: 159.00 ms | State: connected
[LOG] Time: 610s | RTT: 159.00 ms | State: connected
[LOG] Time: 611s | RTT: 159.00 ms | State: connected
[LOG] Time: 612s | RTT: 143.00 ms | State: connected
[LOG] Time: 613s | RTT: 143.00 ms | State: connected
[LOG] Time: 614s | RTT: 178.00 ms | State: connected
[LOG] Time: 616s | RTT: 178.00 ms | State: connected
[LOG] Time: 617s | RTT: 178.00 ms | State: connected
[LOG] Time: 618s | RTT: 240.00 ms | State: connected
[LOG] Time: 619s | RTT: 240.00 ms | State: connected
[LOG] Time: 620s | RTT: 165.00 ms | State: connected
[LOG] Time: 621s | RTT: 165.00 ms | State: connected
[LOG] Time: 622s | RTT: 165.00 ms | State: connected
[LOG] Time: 623s | RTT: 182.00 ms | State: connected
[LOG] Time: 624s | RTT: 182.00 ms | State: connected
[LOG] Time: 625s | RTT: 172.00 ms | State: connected
[LOG] Time: 626s | RTT: 172.00 ms | State: connected
[LOG] Time: 628s | RTT: 172.00 ms | State: connected
[LOG] Time: 629s | RTT: 160.00 ms | State: connected
[LOG] Time: 630s | RTT: 160.00 ms | State: connected
[LOG] Time: 631s | RTT: 153.00 ms | State: connected
[LOG] Time: 632s | RTT: 153.00 ms | State: connected
[LOG] Time: 633s | RTT: 136.00 ms | State: connected
[LOG] Time: 634s | RTT: 136.00 ms | State: connected
[LOG] Time: 635s | RTT: 136.00 ms | State: connected
[LOG] Time: 636s | RTT: 169.00 ms | State: connected
[LOG] Time: 637s | RTT: 169.00 ms | State: connected
[LOG] Time: 638s | RTT: 145.00 ms | State: connected
[LOG] Time: 639s | RTT: 145.00 ms | State: connected
[LOG] Time: 641s | RTT: 145.00 ms | State: connected
[LOG] Time: 642s | RTT: 141.00 ms | State: connected
[LOG] Time: 643s | RTT: 141.00 ms | State: connected
[LOG] Time: 644s | RTT: 125.00 ms | State: connected
[LOG] Time: 645s | RTT: 125.00 ms | State: connected
[LOG] Time: 646s | RTT: 125.00 ms | State: connected
[LOG] Time: 647s | RTT: 174.00 ms | State: connected
[LOG] Time: 648s | RTT: 174.00 ms | State: connected
[LOG] Time: 649s | RTT: 156.00 ms | State: connected
[LOG] Time: 650s | RTT: 156.00 ms | State: connected
[LOG] Time: 651s | RTT: 146.00 ms | State: connected
[LOG] Time: 653s | RTT: 146.00 ms | State: connected
[LOG] Time: 654s | RTT: 146.00 ms | State: connected
[LOG] Time: 655s | RTT: 186.00 ms | State: connected
[LOG] Time: 656s | RTT: 186.00 ms | State: connected
[LOG] Time: 657s | RTT: 126.00 ms | State: connected
[LOG] Time: 658s | RTT: 126.00 ms | State: connected
[LOG] Time: 659s | RTT: 126.00 ms | State: connected
[LOG] Time: 660s | RTT: 170.00 ms | State: connected
[LOG] Time: 661s | RTT: 170.00 ms | State: connected
[LOG] Time: 662s | RTT: 221.00 ms | State: connected
[LOG] Time: 663s | RTT: 221.00 ms | State: connected
[LOG] Time: 665s | RTT: 221.00 ms | State: connected
[LOG] Time: 666s | RTT: 211.00 ms | State: connected
[LOG] Time: 667s | RTT: 211.00 ms | State: connected
[LOG] Time: 668s | RTT: 178.00 ms | State: connected
[LOG] Time: 669s | RTT: 178.00 ms | State: connected
[LOG] Time: 670s | RTT: 178.00 ms | State: connected
[LOG] Time: 671s | RTT: 195.00 ms | State: connected
[LOG] Time: 672s | RTT: 195.00 ms | State: connected
[LOG] Time: 673s | RTT: 139.00 ms | State: connected
[LOG] Time: 674s | RTT: 139.00 ms | State: connected
[LOG] Time: 675s | RTT: 172.00 ms | State: connected
[LOG] Time: 677s | RTT: 172.00 ms | State: connected
[LOG] Time: 678s | RTT: 172.00 ms | State: connected
[LOG] Time: 679s | RTT: 129.00 ms | State: connected
[LOG] Time: 680s | RTT: 129.00 ms | State: connected
[LOG] Time: 681s | RTT: 147.00 ms | State: connected
[LOG] Time: 682s | RTT: 147.00 ms | State: connected
[LOG] Time: 683s | RTT: 147.00 ms | State: connected
[LOG] Time: 684s | RTT: 142.00 ms | State: connected
[LOG] Time: 685s | RTT: 142.00 ms | State: connected
[LOG] Time: 686s | RTT: 134.00 ms | State: connected
[LOG] Time: 688s | RTT: 134.00 ms | State: connected
[LOG] Time: 689s | RTT: 134.00 ms | State: connected
[LOG] Time: 690s | RTT: 234.00 ms | State: connected
[LOG] Time: 691s | RTT: 234.00 ms | State: connected
[LOG] Time: 692s | RTT: 177.00 ms | State: connected
[LOG] Time: 693s | RTT: 177.00 ms | State: connected
[LOG] Time: 694s | RTT: 150.00 ms | State: connected
[LOG] Time: 695s | RTT: 150.00 ms | State: connected
[LOG] Time: 696s | RTT: 150.00 ms | State: connected
[LOG] Time: 697s | RTT: 148.00 ms | State: connected
[LOG] Time: 698s | RTT: 148.00 ms | State: connected
[LOG] Time: 700s | RTT: 176.00 ms | State: connected
[LOG] Time: 701s | RTT: 176.00 ms | State: connected
[LOG] Time: 702s | RTT: 176.00 ms | State: connected
[LOG] Time: 703s | RTT: 185.00 ms | State: connected
[LOG] Time: 704s | RTT: 185.00 ms | State: connected
[LOG] Time: 705s | RTT: 299.00 ms | State: connected
[LOG] Time: 706s | RTT: 299.00 ms | State: connected
[LOG] Time: 707s | RTT: 122.00 ms | State: connected
[LOG] Time: 708s | RTT: 122.00 ms | State: connected
[LOG] Time: 709s | RTT: 122.00 ms | State: connected
[LOG] Time: 711s | RTT: 215.00 ms | State: connected
[LOG] Time: 712s | RTT: 215.00 ms | State: connected
[LOG] Time: 713s | RTT: 151.00 ms | State: connected
[LOG] Time: 714s | RTT: 151.00 ms | State: connected
[LOG] Time: 715s | RTT: 151.00 ms | State: connected
[LOG] Time: 716s | RTT: 127.00 ms | State: connected
[LOG] Time: 717s | RTT: 127.00 ms | State: connected
[LOG] Time: 718s | RTT: 131.00 ms | State: connected
[LOG] Time: 719s | RTT: 131.00 ms | State: connected
[LOG] Time: 720s | RTT: 131.00 ms | State: connected
[LOG] Time: 721s | RTT: 175.00 ms | State: connected
[LOG] Time: 723s | RTT: 175.00 ms | State: connected
[LOG] Time: 724s | RTT: 438.00 ms | State: connected
[LOG] Time: 725s | RTT: 438.00 ms | State: connected
[LOG] Time: 726s | RTT: 151.00 ms | State: connected
[LOG] Time: 727s | RTT: 151.00 ms | State: connected
[LOG] Time: 728s | RTT: 151.00 ms | State: connected
[LOG] Time: 729s | RTT: 147.00 ms | State: connected
[LOG] Time: 730s | RTT: 147.00 ms | State: connected
[LOG] Time: 731s | RTT: 147.00 ms | State: connected
[LOG] Time: 732s | RTT: 363.00 ms | State: connected
[LOG] Time: 733s | RTT: 363.00 ms | State: connected
[LOG] Time: 735s | RTT: 128.00 ms | State: connected
[LOG] Time: 736s | RTT: 128.00 ms | State: connected
[LOG] Time: 737s | RTT: 275.00 ms | State: connected
[LOG] Time: 738s | RTT: 275.00 ms | State: connected
[LOG] Time: 739s | RTT: 275.00 ms | State: connected
[LOG] Time: 740s | RTT: 167.00 ms | State: connected
[LOG] Time: 741s | RTT: 167.00 ms | State: connected
[LOG] Time: 742s | RTT: 163.00 ms | State: connected
[LOG] Time: 743s | RTT: 163.00 ms | State: connected
[LOG] Time: 744s | RTT: 163.00 ms | State: connected
[LOG] Time: 745s | RTT: 146.00 ms | State: connected
[LOG] Time: 746s | RTT: 146.00 ms | State: connected
[LOG] Time: 748s | RTT: 118.00 ms | State: connected
[LOG] Time: 749s | RTT: 118.00 ms | State: connected
[LOG] Time: 750s | RTT: 158.00 ms | State: connected
[LOG] Time: 751s | RTT: 158.00 ms | State: connected
[LOG] Time: 752s | RTT: 158.00 ms | State: connected
[LOG] Time: 753s | RTT: 149.00 ms | State: connected
[LOG] Time: 754s | RTT: 149.00 ms | State: connected
[LOG] Time: 755s | RTT: 149.00 ms | State: connected
[LOG] Time: 756s | RTT: 149.00 ms | State: connected
[LOG] Time: 757s | RTT: 149.00 ms | State: connected
[LOG] Time: 758s | RTT: 137.00 ms | State: connected
[LOG] Time: 760s | RTT: 137.00 ms | State: connected
[LOG] Time: 761s | RTT: 140.00 ms | State: connected
[LOG] Time: 762s | RTT: 140.00 ms | State: connected
[LOG] Time: 763s | RTT: 140.00 ms | State: connected
[LOG] Time: 764s | RTT: 166.00 ms | State: connected
[LOG] Time: 765s | RTT: 166.00 ms | State: connected
[LOG] Time: 766s | RTT: 194.00 ms | State: connected
[LOG] Time: 767s | RTT: 194.00 ms | State: connected
[LOG] Time: 768s | RTT: 194.00 ms | State: connected
[LOG] Time: 769s | RTT: 200.00 ms | State: connected
[LOG] Time: 770s | RTT: 200.00 ms | State: connected
[LOG] Time: 772s | RTT: 153.00 ms | State: connected
[LOG] Time: 773s | RTT: 153.00 ms | State: connected
[LOG] Time: 774s | RTT: 184.00 ms | State: connected
[LOG] Time: 775s | RTT: 184.00 ms | State: connected
[LOG] Time: 776s | RTT: 184.00 ms | State: connected
[LOG] Time: 777s | RTT: 182.00 ms | State: connected
[LOG] Time: 778s | RTT: 182.00 ms | State: connected
[LOG] Time: 779s | RTT: 158.00 ms | State: connected
[LOG] Time: 780s | RTT: 158.00 ms | State: connected
[LOG] Time: 781s | RTT: 158.00 ms | State: connected
[LOG] Time: 782s | RTT: 149.00 ms | State: connected
[LOG] Time: 783s | RTT: 149.00 ms | State: connected
[LOG] Time: 785s | RTT: 152.00 ms | State: connected
[LOG] Time: 786s | RTT: 152.00 ms | State: connected
[LOG] Time: 787s | RTT: 152.00 ms | State: connected
[LOG] Time: 788s | RTT: 187.00 ms | State: connected
[LOG] Time: 789s | RTT: 187.00 ms | State: connected
[LOG] Time: 790s | RTT: 126.00 ms | State: connected
[LOG] Time: 791s | RTT: 126.00 ms | State: connected
[LOG] Time: 792s | RTT: 126.00 ms | State: connected
[LOG] Time: 793s | RTT: 115.00 ms | State: connected
[LOG] Time: 794s | RTT: 115.00 ms | State: connected
[LOG] Time: 795s | RTT: 159.00 ms | State: connected
[LOG] Time: 796s | RTT: 159.00 ms | State: connected
[LOG] Time: 798s | RTT: 145.00 ms | State: connected
[LOG] Time: 799s | RTT: 145.00 ms | State: connected
[LOG] Time: 800s | RTT: 145.00 ms | State: connected
[LOG] Time: 801s | RTT: 176.00 ms | State: connected
[LOG] Time: 802s | RTT: 176.00 ms | State: connected
[LOG] Time: 803s | RTT: 157.00 ms | State: connected
[LOG] Time: 804s | RTT: 157.00 ms | State: connected
[LOG] Time: 805s | RTT: 157.00 ms | State: connected
[LOG] Time: 806s | RTT: 139.00 ms | State: connected
[LOG] Time: 807s | RTT: 139.00 ms | State: connected
[LOG] Time: 808s | RTT: 198.00 ms | State: connected
[LOG] Time: 809s | RTT: 198.00 ms | State: connected
[LOG] Time: 810s | RTT: 198.00 ms | State: connected
[LOG] Time: 812s | RTT: 172.00 ms | State: connected
[LOG] Time: 813s | RTT: 172.00 ms | State: connected
[LOG] Time: 814s | RTT: 164.00 ms | State: connected
[LOG] Time: 815s | RTT: 164.00 ms | State: connected
[LOG] Time: 816s | RTT: 164.00 ms | State: connected
[LOG] Time: 817s | RTT: 153.00 ms | State: connected
[LOG] Time: 818s | RTT: 153.00 ms | State: connected
[LOG] Time: 819s | RTT: 130.00 ms | State: connected
[LOG] Time: 820s | RTT: 130.00 ms | State: connected
[LOG] Time: 821s | RTT: 130.00 ms | State: connected
[LOG] Time: 822s | RTT: 108.00 ms | State: connected
[LOG] Time: 823s | RTT: 108.00 ms | State: connected
[LOG] Time: 824s | RTT: 158.00 ms | State: connected
[LOG] Time: 826s | RTT: 158.00 ms | State: connected
[LOG] Time: 827s | RTT: 158.00 ms | State: connected
[LOG] Time: 828s | RTT: 170.00 ms | State: connected
[LOG] Time: 829s | RTT: 170.00 ms | State: connected
[LOG] Time: 830s | RTT: 165.00 ms | State: connected
[LOG] Time: 831s | RTT: 165.00 ms | State: connected
[LOG] Time: 832s | RTT: 165.00 ms | State: connected
[LOG] Time: 833s | RTT: 145.00 ms | State: connected
[LOG] Time: 834s | RTT: 145.00 ms | State: connected
[LOG] Time: 835s | RTT: 148.00 ms | State: connected
[LOG] Time: 836s | RTT: 148.00 ms | State: connected
[LOG] Time: 837s | RTT: 146.00 ms | State: connected
[LOG] Time: 838s | RTT: 146.00 ms | State: connected
[LOG] Time: 840s | RTT: 146.00 ms | State: connected
[LOG] Time: 841s | RTT: 176.00 ms | State: connected
[LOG] Time: 842s | RTT: 176.00 ms | State: connected
[LOG] Time: 843s | RTT: 133.00 ms | State: connected
[LOG] Time: 844s | RTT: 133.00 ms | State: connected
[LOG] Time: 845s | RTT: 133.00 ms | State: connected
[LOG] Time: 846s | RTT: 143.00 ms | State: connected
[LOG] Time: 847s | RTT: 143.00 ms | State: connected
[LOG] Time: 848s | RTT: 127.00 ms | State: connected
[LOG] Time: 849s | RTT: 127.00 ms | State: connected
[LOG] Time: 850s | RTT: 127.00 ms | State: connected
[LOG] Time: 851s | RTT: 179.00 ms | State: connected
[LOG] Time: 852s | RTT: 179.00 ms | State: connected
[LOG] Time: 854s | RTT: 152.00 ms | State: connected
[LOG] Time: 855s | RTT: 152.00 ms | State: connected
[LOG] Time: 856s | RTT: 152.00 ms | State: connected
[LOG] Time: 857s | RTT: 167.00 ms | State: connected
[LOG] Time: 858s | RTT: 167.00 ms | State: connected
[LOG] Time: 859s | RTT: 163.00 ms | State: connected
[LOG] Time: 860s | RTT: 163.00 ms | State: connected
[LOG] Time: 861s | RTT: 163.00 ms | State: connected
[LOG] Time: 862s | RTT: 150.00 ms | State: connected
[LOG] Time: 863s | RTT: 150.00 ms | State: connected
[LOG] Time: 864s | RTT: 189.00 ms | State: connected
[LOG] Time: 865s | RTT: 189.00 ms | State: connected
[LOG] Time: 867s | RTT: 189.00 ms | State: connected
[LOG] Time: 868s | RTT: 149.00 ms | State: connected
[LOG] Time: 869s | RTT: 149.00 ms | State: connected
[LOG] Time: 870s | RTT: 204.00 ms | State: connected
[LOG] Time: 871s | RTT: 204.00 ms | State: connected
[LOG] Time: 872s | RTT: 138.00 ms | State: connected
[LOG] Time: 873s | RTT: 138.00 ms | State: connected
[LOG] Time: 874s | RTT: 138.00 ms | State: connected
[LOG] Time: 875s | RTT: 347.00 ms | State: connected
[LOG] Time: 876s | RTT: 347.00 ms | State: connected
[LOG] Time: 877s | RTT: 209.00 ms | State: connected
[LOG] Time: 878s | RTT: 209.00 ms | State: connected
[LOG] Time: 879s | RTT: 209.00 ms | State: connected
[LOG] Time: 881s | RTT: 197.00 ms | State: connected
[LOG] Time: 882s | RTT: 197.00 ms | State: connected
[LOG] Time: 883s | RTT: 181.00 ms | State: connected
[LOG] Time: 884s | RTT: 181.00 ms | State: connected
[LOG] Time: 885s | RTT: 181.00 ms | State: connected
[LOG] Time: 886s | RTT: 129.00 ms | State: connected
[LOG] Time: 887s | RTT: 129.00 ms | State: connected
[LOG] Time: 888s | RTT: 189.00 ms | State: connected
[LOG] Time: 889s | RTT: 189.00 ms | State: connected
[LOG] Time: 890s | RTT: 189.00 ms | State: connected
[LOG] Time: 891s | RTT: 142.00 ms | State: connected
[LOG] Time: 893s | RTT: 142.00 ms | State: connected
[LOG] Time: 894s | RTT: 157.00 ms | State: connected
[LOG] Time: 895s | RTT: 157.00 ms | State: connected
[LOG] Time: 896s | RTT: 157.00 ms | State: connected
[LOG] Time: 897s | RTT: 131.00 ms | State: connected
[LOG] Time: 898s | RTT: 131.00 ms | State: connected
[LOG] Time: 899s | RTT: 161.00 ms | State: connected
[*] Monitoring finished.

SUCCESS! Remote IP: 48.208.154.50
[*] Resolving Server Location...
SUCCESS! Server Location: Boydton, United States (Microsoft Corporation)

[*] Running TCP MTR (Port 443)...
Start: 2026-02-20T10:14:11+0000
HOST: 86b80a20e8de                Loss%   Snt   Last   Avg  Best  Wrst StDev
  1. AS???    172.17.0.1           0.0%    10    0.2   0.2   0.2   0.2   0.0
  2. AS???    10.1.0.1             0.0%    10    3.5  77.8   2.3 247.6  93.6
  3. AS???    100.64.0.1           0.0%    10   47.0 110.1  47.0 277.1  84.1
  4. AS???    172.16.251.64        0.0%    10   50.1  93.9  46.6 240.4  69.7
  5. AS???    ???                 100.0    10    0.0   0.0   0.0   0.0   0.0
  6. AS14593  206.224.71.95        0.0%    10   50.6  83.2  48.1 175.0  43.6
        206.224.71.77                    
     AS14593  206.224.71.77
        206.224.71.91                    
     AS14593  206.224.71.91
        206.224.71.83                    
     AS14593  206.224.71.83
        206.224.71.86                    
     AS14593  206.224.71.86
  7. AS8075   104.44.57.195        0.0%    10   46.3  71.2  46.3 141.2  29.8
        104.44.57.191                    
     AS8075   104.44.57.191
  8. AS8075   104.44.41.128        0.0%    10   59.1  74.5  49.5 113.8  21.8
        104.44.55.75                     
     AS8075   104.44.55.75
        104.44.42.2                      
     AS8075   104.44.42.2
        104.44.55.81                     
     AS8075   104.44.55.81
  9. AS8075   104.44.33.173        0.0%    10  107.9 214.0 101.3 1143. 326.7
        104.44.33.171                    
     AS8075   104.44.33.171
        104.44.33.181                    
     AS8075   104.44.33.181
        104.44.33.179                    
     AS8075   104.44.33.179
 10. AS8075   51.10.19.169        10.0%    10  5242. 2289. 118.5 5242. 2139.6
        51.10.19.29                      
     AS8075   51.10.19.29
 11. AS8075   51.10.19.32          0.0%    10  101.2 176.7  96.5 352.0 103.9
        51.10.19.24                      
     AS8075   51.10.19.24
 12. AS8075   104.44.18.10         0.0%    10  103.1 255.3  98.8 1194. 337.9
        104.44.18.220                    
     AS8075   104.44.18.220
        104.44.18.8                      
     AS8075   104.44.18.8
 13. AS8075   104.44.31.87        30.0%    10   98.6 164.9  98.2 293.8  74.9
        104.44.29.37                     
     AS8075   104.44.29.37
        104.44.29.17                     
     AS8075   104.44.29.17
 14. AS8075   104.44.51.190        0.0%    10  3205. 2200. 120.4 5273. 1657.9
        104.44.7.151                     
     AS8075   104.44.7.151
        51.10.3.244                      
     AS8075   51.10.3.244
        104.44.50.20                     
     AS8075   104.44.50.20
        51.10.3.248                      
     AS8075   51.10.3.248
 15. AS8075   104.44.51.186       10.0%    10  3191. 1395. 100.1 3283. 1229.4
        104.44.50.124                    
     AS8075   104.44.50.124
        104.44.50.96                     
     AS8075   104.44.50.96
        104.44.50.78                     
     AS8075   104.44.50.78
        104.44.50.177                    
     AS8075   104.44.50.177
        104.44.50.16                     
     AS8075   104.44.50.16
 16. AS8075   104.44.50.152       40.0%    10   98.3 151.0  98.3 238.9  54.7
        104.44.50.128                    
     AS8075   104.44.50.128
        104.44.50.144                    
     AS8075   104.44.50.144
        104.44.50.138                    
     AS8075   104.44.50.138
        104.44.50.130                    
     AS8075   104.44.50.130
        104.44.50.146                    
     AS8075   104.44.50.146
 17. AS8075   104.44.50.98        90.0%    10  114.2 114.2 114.2 114.2   0.0
 18. AS???    ???                 100.0    10    0.0   0.0   0.0   0.0   0.0

[*] Running UDP MTR...
Start: 2026-02-20T10:14:36+0000
HOST: 86b80a20e8de                Loss%   Snt   Last   Avg  Best  Wrst StDev
  1. AS???    172.17.0.1           0.0%    10    0.2   0.1   0.1   0.2   0.0
  2. AS???    10.1.0.1             0.0%    10   11.4   9.4   4.4  43.5  12.2
  3. AS???    100.64.0.1           0.0%    10   67.6  63.7  51.5  78.6   8.5
  4. AS???    172.16.251.64        0.0%    10   54.6  58.8  54.0  64.3   3.7
  5. AS14593  206.224.65.246      20.0%    10   56.8  64.6  56.8  77.8   6.1
        206.224.65.250                   
     AS14593  206.224.65.250
        206.224.65.254                   
     AS14593  206.224.65.254
  6. AS14593  206.224.71.83        0.0%    10   54.8  62.2  54.8  66.8   3.7
        206.224.71.75                    
     AS14593  206.224.71.75
        206.224.71.88                    
     AS14593  206.224.71.88
        206.224.71.91                    
     AS14593  206.224.71.91
        206.224.71.77                    
     AS14593  206.224.71.77
  7. AS8075   104.44.57.191        0.0%    10   64.3  89.6  64.1 133.9  29.2
        104.44.57.195                    
     AS8075   104.44.57.195
  8. AS8075   104.44.55.75         0.0%    10   70.7  81.0  59.4 116.0  18.2
        104.44.42.2                      
     AS8075   104.44.42.2
        104.44.55.81                     
     AS8075   104.44.55.81
        104.44.41.128                    
     AS8075   104.44.41.128
  9. AS8075   104.44.33.179       10.0%    10  119.5 122.4 112.6 146.7  10.3
        104.44.33.173                    
     AS8075   104.44.33.173
        104.44.33.171                    
     AS8075   104.44.33.171
 10. AS8075   104.44.18.174        0.0%    10  120.0 144.5 120.0 269.8  46.3
        104.44.18.172                    
     AS8075   104.44.18.172
 11. AS8075   104.44.16.227        0.0%    10  277.3 237.6 128.8 291.7  54.4
        104.44.7.41                      
     AS8075   104.44.7.41
 12. AS8075   51.10.17.252         0.0%    10  122.3 125.4 115.6 151.8  10.0
        51.10.17.248                     
     AS8075   51.10.17.248
        104.44.28.248                    
     AS8075   104.44.28.248
        104.44.28.254                    
     AS8075   104.44.28.254
 13. AS8075   51.10.9.233          0.0%    10  117.9 123.0 117.9 135.2   6.5
        51.10.9.229                      
     AS8075   51.10.9.229
        104.44.17.31                     
     AS8075   104.44.17.31
        104.44.28.223                    
     AS8075   104.44.28.223
 14. AS8075   104.44.7.222        20.0%    10  118.3 124.3 118.3 139.6   7.9
        51.10.9.202                      
     AS8075   51.10.9.202
        51.10.1.110                      
     AS8075   51.10.1.110
        104.44.31.203                    
     AS8075   104.44.31.203
 15. AS8075   51.10.16.107        60.0%    10  129.4 134.1 129.4 140.5   5.3
        51.10.4.153                      
     AS8075   51.10.4.153
        51.10.4.155                      
     AS8075   51.10.4.155
 16. AS8075   51.10.33.27         40.0%    10  121.9 125.8 120.3 135.2   5.3
        104.44.50.18                     
     AS8075   104.44.50.18
        51.10.40.20                      
     AS8075   51.10.40.20
 17. AS8075   104.44.50.136       30.0%    10  120.6 129.3 120.6 147.1  10.8
        104.44.50.158                    
     AS8075   104.44.50.158
        104.44.50.152                    
     AS8075   104.44.50.152
        51.10.33.27                      
     AS8075   51.10.33.27
        104.44.50.128                    
     AS8075   104.44.50.128
        104.44.50.2                      
     AS8075   104.44.50.2
 18. AS8075   104.44.50.2         70.0%    10  116.2 117.2 113.6 121.9   4.2
        104.44.50.112                    
     AS8075   104.44.50.112
        104.44.50.124                    
     AS8075   104.44.50.124
 19. AS8075   104.44.50.106       70.0%    10  166.8 133.7 114.5 166.8  28.8
        104.44.50.98                     
     AS8075   104.44.50.98
 20. AS???    ???                 100.0    10    0.0   0.0   0.0   0.0   0.0
