[*] Config Loaded: Name='flight-van-hawaii-Teams', Duration=600s
[*] Launching Chrome for Teams...
[*] Joining URL: [MEETING_LINK_REMOVED]
[*] Navigating Join Flow...
[*] Looking for Join button...
    [+] JOIN CLICKED!
[*] Waiting for connection (20s)...
[*] Starting continuous monitoring for 600 seconds...
[LOG] Time: 0s | RTT: 78.00 ms | State: connected
[LOG] Time: 1s | RTT: 122.00 ms | State: connected
[LOG] Time: 2s | RTT: 122.00 ms | State: connected
[LOG] Time: 3s | RTT: 106.00 ms | State: connected
[LOG] Time: 4s | RTT: 106.00 ms | State: connected
[LOG] Time: 5s | RTT: 247.00 ms | State: connected
[LOG] Time: 6s | RTT: 247.00 ms | State: connected
[LOG] Time: 7s | RTT: 247.00 ms | State: connected
[LOG] Time: 8s | RTT: 65.00 ms | State: connected
[LOG] Time: 9s | RTT: 65.00 ms | State: connected
[LOG] Time: 11s | RTT: 65.00 ms | State: connected
[LOG] Time: 12s | RTT: 473.00 ms | State: connected
[LOG] Time: 13s | RTT: 473.00 ms | State: connected
[LOG] Time: 14s | RTT: 184.00 ms | State: connected
[LOG] Time: 15s | RTT: 184.00 ms | State: connected
[LOG] Time: 16s | RTT: 122.00 ms | State: connected
[LOG] Time: 17s | RTT: 122.00 ms | State: connected
[LOG] Time: 18s | RTT: 63.00 ms | State: connected
[LOG] Time: 19s | RTT: 63.00 ms | State: connected
[LOG] Time: 20s | RTT: 63.00 ms | State: connected
[LOG] Time: 22s | RTT: 62.00 ms | State: connected
[LOG] Time: 23s | RTT: 62.00 ms | State: connected
[LOG] Time: 24s | RTT: 183.00 ms | State: connected
[LOG] Time: 25s | RTT: 183.00 ms | State: connected
[LOG] Time: 26s | RTT: 183.00 ms | State: connected
[LOG] Time: 27s | RTT: 407.00 ms | State: connected
[LOG] Time: 28s | RTT: 407.00 ms | State: connected
[LOG] Time: 29s | RTT: 69.00 ms | State: connected
[LOG] Time: 30s | RTT: 69.00 ms | State: connected
[LOG] Time: 31s | RTT: 69.00 ms | State: connected
[LOG] Time: 32s | RTT: 68.00 ms | State: connected
[LOG] Time: 34s | RTT: 68.00 ms | State: connected
[LOG] Time: 35s | RTT: 55.00 ms | State: connected
[LOG] Time: 36s | RTT: 55.00 ms | State: connected
[LOG] Time: 37s | RTT: 55.00 ms | State: connected
[LOG] Time: 38s | RTT: 112.00 ms | State: connected
[LOG] Time: 39s | RTT: 112.00 ms | State: connected
[LOG] Time: 40s | RTT: 78.00 ms | State: connected
[LOG] Time: 41s | RTT: 78.00 ms | State: connected
[LOG] Time: 42s | RTT: 95.00 ms | State: connected
[LOG] Time: 43s | RTT: 95.00 ms | State: connected
[LOG] Time: 44s | RTT: 95.00 ms | State: connected
[LOG] Time: 45s | RTT: 74.00 ms | State: connected
[LOG] Time: 47s | RTT: 74.00 ms | State: connected
[LOG] Time: 48s | RTT: 66.00 ms | State: connected
[LOG] Time: 49s | RTT: 66.00 ms | State: connected
[LOG] Time: 50s | RTT: 66.00 ms | State: connected
[LOG] Time: 51s | RTT: 46.00 ms | State: connected
[LOG] Time: 52s | RTT: 46.00 ms | State: connected
[LOG] Time: 53s | RTT: 63.00 ms | State: connected
[LOG] Time: 54s | RTT: 63.00 ms | State: connected
[LOG] Time: 55s | RTT: 63.00 ms | State: connected
[LOG] Time: 56s | RTT: 56.00 ms | State: connected
[LOG] Time: 57s | RTT: 56.00 ms | State: connected
[LOG] Time: 59s | RTT: 54.00 ms | State: connected
[LOG] Time: 60s | RTT: 54.00 ms | State: connected
[LOG] Time: 61s | RTT: 35.00 ms | State: connected
[LOG] Time: 62s | RTT: 35.00 ms | State: connected
[LOG] Time: 63s | RTT: 35.00 ms | State: connected
[LOG] Time: 64s | RTT: 83.00 ms | State: connected
[LOG] Time: 65s | RTT: 83.00 ms | State: connected
[LOG] Time: 66s | RTT: 57.00 ms | State: connected
[LOG] Time: 67s | RTT: 57.00 ms | State: connected
[LOG] Time: 68s | RTT: 57.00 ms | State: connected
[LOG] Time: 69s | RTT: 45.00 ms | State: connected
[LOG] Time: 71s | RTT: 45.00 ms | State: connected
[LOG] Time: 72s | RTT: 76.00 ms | State: connected
[LOG] Time: 73s | RTT: 76.00 ms | State: connected
[LOG] Time: 74s | RTT: 76.00 ms | State: connected
[LOG] Time: 75s | RTT: 69.00 ms | State: connected
[LOG] Time: 76s | RTT: 69.00 ms | State: connected
[LOG] Time: 77s | RTT: 90.00 ms | State: connected
[LOG] Time: 78s | RTT: 90.00 ms | State: connected
[LOG] Time: 79s | RTT: 90.00 ms | State: connected
[LOG] Time: 80s | RTT: 72.00 ms | State: connected
[LOG] Time: 81s | RTT: 72.00 ms | State: connected
[LOG] Time: 82s | RTT: 31.00 ms | State: connected
[LOG] Time: 84s | RTT: 31.00 ms | State: connected
[LOG] Time: 85s | RTT: 40.00 ms | State: connected
[LOG] Time: 86s | RTT: 40.00 ms | State: connected
[LOG] Time: 87s | RTT: 40.00 ms | State: connected
[LOG] Time: 88s | RTT: 78.00 ms | State: connected
[LOG] Time: 89s | RTT: 78.00 ms | State: connected
[LOG] Time: 90s | RTT: 41.00 ms | State: connected
[LOG] Time: 91s | RTT: 41.00 ms | State: connected
[LOG] Time: 92s | RTT: 41.00 ms | State: connected
[LOG] Time: 93s | RTT: 85.00 ms | State: connected
[LOG] Time: 94s | RTT: 85.00 ms | State: connected
[LOG] Time: 95s | RTT: 78.00 ms | State: connected
[LOG] Time: 97s | RTT: 78.00 ms | State: connected
[LOG] Time: 98s | RTT: 78.00 ms | State: connected
[LOG] Time: 99s | RTT: 65.00 ms | State: connected
[LOG] Time: 100s | RTT: 65.00 ms | State: connected
[LOG] Time: 101s | RTT: 53.00 ms | State: connected
[LOG] Time: 102s | RTT: 53.00 ms | State: connected
[LOG] Time: 103s | RTT: 53.00 ms | State: connected
[LOG] Time: 104s | RTT: 46.00 ms | State: connected
[LOG] Time: 105s | RTT: 46.00 ms | State: connected
[LOG] Time: 106s | RTT: 37.00 ms | State: connected
[LOG] Time: 107s | RTT: 37.00 ms | State: connected
[LOG] Time: 109s | RTT: 40.00 ms | State: connected
[LOG] Time: 110s | RTT: 40.00 ms | State: connected
[LOG] Time: 111s | RTT: 40.00 ms | State: connected
[LOG] Time: 112s | RTT: 44.00 ms | State: connected
[LOG] Time: 113s | RTT: 44.00 ms | State: connected
[LOG] Time: 114s | RTT: 46.00 ms | State: connected
[LOG] Time: 115s | RTT: 46.00 ms | State: connected
[LOG] Time: 116s | RTT: 46.00 ms | State: connected
[LOG] Time: 117s | RTT: 77.00 ms | State: connected
[LOG] Time: 118s | RTT: 77.00 ms | State: connected
[LOG] Time: 119s | RTT: 49.00 ms | State: connected
[LOG] Time: 120s | RTT: 49.00 ms | State: connected
[LOG] Time: 122s | RTT: 49.00 ms | State: connected
[LOG] Time: 123s | RTT: 76.00 ms | State: connected
[LOG] Time: 124s | RTT: 76.00 ms | State: connected
[LOG] Time: 125s | RTT: 40.00 ms | State: connected
[LOG] Time: 126s | RTT: 40.00 ms | State: connected
[LOG] Time: 127s | RTT: 40.00 ms | State: connected
[LOG] Time: 128s | RTT: 53.00 ms | State: connected
[LOG] Time: 129s | RTT: 53.00 ms | State: connected
[LOG] Time: 130s | RTT: 67.00 ms | State: connected
[LOG] Time: 131s | RTT: 67.00 ms | State: connected
[LOG] Time: 132s | RTT: 67.00 ms | State: connected
[LOG] Time: 133s | RTT: 52.00 ms | State: connected
[LOG] Time: 135s | RTT: 52.00 ms | State: connected
[LOG] Time: 136s | RTT: 34.00 ms | State: connected
[LOG] Time: 137s | RTT: 34.00 ms | State: connected
[LOG] Time: 138s | RTT: 89.00 ms | State: connected
[LOG] Time: 139s | RTT: 89.00 ms | State: connected
[LOG] Time: 140s | RTT: 89.00 ms | State: connected
[LOG] Time: 141s | RTT: 70.00 ms | State: connected
[LOG] Time: 142s | RTT: 70.00 ms | State: connected
[LOG] Time: 143s | RTT: 73.00 ms | State: connected
[LOG] Time: 144s | RTT: 73.00 ms | State: connected
[LOG] Time: 145s | RTT: 73.00 ms | State: connected
[LOG] Time: 146s | RTT: 76.00 ms | State: connected
[LOG] Time: 148s | RTT: 76.00 ms | State: connected
[LOG] Time: 149s | RTT: 46.00 ms | State: connected
[LOG] Time: 150s | RTT: 46.00 ms | State: connected
[LOG] Time: 151s | RTT: 46.00 ms | State: connected
[LOG] Time: 152s | RTT: 29.00 ms | State: connected
[LOG] Time: 153s | RTT: 29.00 ms | State: connected
[LOG] Time: 154s | RTT: 141.00 ms | State: connected
[LOG] Time: 155s | RTT: 141.00 ms | State: connected
[LOG] Time: 156s | RTT: 141.00 ms | State: connected
[LOG] Time: 157s | RTT: 92.00 ms | State: connected
[LOG] Time: 158s | RTT: 92.00 ms | State: connected
[LOG] Time: 160s | RTT: 274.00 ms | State: connected
[LOG] Time: 161s | RTT: 274.00 ms | State: connected
[LOG] Time: 162s | RTT: 66.00 ms | State: connected
[LOG] Time: 163s | RTT: 66.00 ms | State: connected
[LOG] Time: 164s | RTT: 66.00 ms | State: connected
[LOG] Time: 165s | RTT: 126.00 ms | State: connected
[LOG] Time: 166s | RTT: 126.00 ms | State: connected
[LOG] Time: 167s | RTT: 105.00 ms | State: connected
[LOG] Time: 168s | RTT: 105.00 ms | State: connected
[LOG] Time: 169s | RTT: 105.00 ms | State: connected
[LOG] Time: 170s | RTT: 107.00 ms | State: connected
[LOG] Time: 172s | RTT: 107.00 ms | State: connected
[LOG] Time: 173s | RTT: 130.00 ms | State: connected
[LOG] Time: 174s | RTT: 130.00 ms | State: connected
[LOG] Time: 175s | RTT: 130.00 ms | State: connected
[LOG] Time: 176s | RTT: 113.00 ms | State: connected
[LOG] Time: 177s | RTT: 113.00 ms | State: connected
[LOG] Time: 178s | RTT: 47.00 ms | State: connected
[LOG] Time: 179s | RTT: 47.00 ms | State: connected
[LOG] Time: 180s | RTT: 92.00 ms | State: connected
[LOG] Time: 181s | RTT: 92.00 ms | State: connected
[LOG] Time: 182s | RTT: 92.00 ms | State: connected
[LOG] Time: 184s | RTT: 68.00 ms | State: connected
[LOG] Time: 185s | RTT: 68.00 ms | State: connected
[LOG] Time: 186s | RTT: 61.00 ms | State: connected
[LOG] Time: 187s | RTT: 61.00 ms | State: connected
[LOG] Time: 188s | RTT: 61.00 ms | State: connected
[LOG] Time: 189s | RTT: 85.00 ms | State: connected
[LOG] Time: 190s | RTT: 85.00 ms | State: connected
[LOG] Time: 192s | RTT: 317.00 ms | State: connected
[LOG] Time: 193s | RTT: 317.00 ms | State: connected
[LOG] Time: 194s | RTT: 217.00 ms | State: connected
[LOG] Time: 195s | RTT: 217.00 ms | State: connected
[LOG] Time: 196s | RTT: 217.00 ms | State: connected
[LOG] Time: 197s | RTT: 117.00 ms | State: connected
[LOG] Time: 198s | RTT: 117.00 ms | State: connected
[LOG] Time: 199s | RTT: 101.00 ms | State: connected
[LOG] Time: 201s | RTT: 101.00 ms | State: connected
[LOG] Time: 202s | RTT: 195.00 ms | State: connected
[LOG] Time: 203s | RTT: 195.00 ms | State: connected
[LOG] Time: 204s | RTT: 67.00 ms | State: connected
[LOG] Time: 206s | RTT: 67.00 ms | State: connected
[LOG] Time: 207s | RTT: 63.00 ms | State: connected
[LOG] Time: 208s | RTT: 63.00 ms | State: connected
[LOG] Time: 209s | RTT: 63.00 ms | State: connected
[LOG] Time: 210s | RTT: 104.00 ms | State: connected
[LOG] Time: 211s | RTT: 104.00 ms | State: connected
[LOG] Time: 212s | RTT: 47.00 ms | State: connected
[LOG] Time: 214s | RTT: 47.00 ms | State: connected
[LOG] Time: 215s | RTT: 47.00 ms | State: connected
[LOG] Time: 216s | RTT: 73.00 ms | State: connected
[LOG] Time: 217s | RTT: 73.00 ms | State: connected
[LOG] Time: 218s | RTT: 81.00 ms | State: connected
[LOG] Time: 219s | RTT: 81.00 ms | State: connected
[LOG] Time: 220s | RTT: 64.00 ms | State: connected
[LOG] Time: 222s | RTT: 64.00 ms | State: connected
[LOG] Time: 223s | RTT: 62.00 ms | State: connected
[LOG] Time: 224s | RTT: 62.00 ms | State: connected
[LOG] Time: 225s | RTT: 62.00 ms | State: connected
[LOG] Time: 226s | RTT: 43.00 ms | State: connected
[LOG] Time: 227s | RTT: 43.00 ms | State: connected
[LOG] Time: 228s | RTT: 93.00 ms | State: connected
[LOG] Time: 229s | RTT: 93.00 ms | State: connected
[LOG] Time: 230s | RTT: 93.00 ms | State: connected
[LOG] Time: 232s | RTT: 59.00 ms | State: connected
[LOG] Time: 233s | RTT: 59.00 ms | State: connected
[LOG] Time: 234s | RTT: 81.00 ms | State: connected
[LOG] Time: 235s | RTT: 81.00 ms | State: connected
[LOG] Time: 236s | RTT: 81.00 ms | State: connected
[LOG] Time: 237s | RTT: 54.00 ms | State: connected
[LOG] Time: 238s | RTT: 54.00 ms | State: connected
[LOG] Time: 239s | RTT: 44.00 ms | State: connected
[LOG] Time: 240s | RTT: 44.00 ms | State: connected
[LOG] Time: 241s | RTT: 82.00 ms | State: connected
[LOG] Time: 242s | RTT: 82.00 ms | State: connected
[LOG] Time: 244s | RTT: 82.00 ms | State: connected
[LOG] Time: 245s | RTT: 69.00 ms | State: connected
[LOG] Time: 246s | RTT: 69.00 ms | State: connected
[LOG] Time: 247s | RTT: 52.00 ms | State: connected
[LOG] Time: 248s | RTT: 52.00 ms | State: connected
[LOG] Time: 249s | RTT: 52.00 ms | State: connected
[LOG] Time: 250s | RTT: 60.00 ms | State: connected
[LOG] Time: 251s | RTT: 60.00 ms | State: connected
[LOG] Time: 252s | RTT: 56.00 ms | State: connected
[LOG] Time: 253s | RTT: 56.00 ms | State: connected
[LOG] Time: 254s | RTT: 56.00 ms | State: connected
[LOG] Time: 256s | RTT: 69.00 ms | State: connected
[LOG] Time: 257s | RTT: 69.00 ms | State: connected
[LOG] Time: 258s | RTT: 70.00 ms | State: connected
[LOG] Time: 259s | RTT: 70.00 ms | State: connected
[LOG] Time: 260s | RTT: 90.00 ms | State: connected
[LOG] Time: 261s | RTT: 90.00 ms | State: connected
[LOG] Time: 262s | RTT: 90.00 ms | State: connected
[LOG] Time: 263s | RTT: 42.00 ms | State: connected
[LOG] Time: 264s | RTT: 42.00 ms | State: connected
[LOG] Time: 265s | RTT: 59.00 ms | State: connected
[LOG] Time: 266s | RTT: 59.00 ms | State: connected
[LOG] Time: 268s | RTT: 59.00 ms | State: connected
[LOG] Time: 269s | RTT: 105.00 ms | State: connected
[LOG] Time: 270s | RTT: 105.00 ms | State: connected
[LOG] Time: 271s | RTT: 143.00 ms | State: connected
[LOG] Time: 272s | RTT: 143.00 ms | State: connected
[LOG] Time: 273s | RTT: 143.00 ms | State: connected
[LOG] Time: 274s | RTT: 126.00 ms | State: connected
[LOG] Time: 275s | RTT: 126.00 ms | State: connected
[LOG] Time: 276s | RTT: 76.00 ms | State: connected
[LOG] Time: 277s | RTT: 76.00 ms | State: connected
[LOG] Time: 278s | RTT: 76.00 ms | State: connected
[LOG] Time: 280s | RTT: 52.00 ms | State: connected
[LOG] Time: 281s | RTT: 52.00 ms | State: connected
[LOG] Time: 282s | RTT: 63.00 ms | State: connected
[LOG] Time: 283s | RTT: 63.00 ms | State: connected
[LOG] Time: 284s | RTT: 63.00 ms | State: connected
[LOG] Time: 285s | RTT: 63.00 ms | State: connected
[LOG] Time: 286s | RTT: 63.00 ms | State: connected
[LOG] Time: 287s | RTT: 77.00 ms | State: connected
[LOG] Time: 288s | RTT: 77.00 ms | State: connected
[LOG] Time: 289s | RTT: 95.00 ms | State: connected
[LOG] Time: 290s | RTT: 95.00 ms | State: connected
[LOG] Time: 292s | RTT: 95.00 ms | State: connected
[LOG] Time: 293s | RTT: 65.00 ms | State: connected
[LOG] Time: 294s | RTT: 65.00 ms | State: connected
[LOG] Time: 295s | RTT: 89.00 ms | State: connected
[LOG] Time: 296s | RTT: 89.00 ms | State: connected
[LOG] Time: 297s | RTT: 89.00 ms | State: connected
[LOG] Time: 298s | RTT: 131.00 ms | State: connected
[LOG] Time: 299s | RTT: 131.00 ms | State: connected
[LOG] Time: 300s | RTT: 74.00 ms | State: connected
[LOG] Time: 301s | RTT: 74.00 ms | State: connected
[LOG] Time: 302s | RTT: 74.00 ms | State: connected
[LOG] Time: 303s | RTT: 85.00 ms | State: connected
[LOG] Time: 305s | RTT: 85.00 ms | State: connected
[LOG] Time: 306s | RTT: 125.00 ms | State: connected
[LOG] Time: 307s | RTT: 125.00 ms | State: connected
[LOG] Time: 308s | RTT: 96.00 ms | State: connected
[LOG] Time: 309s | RTT: 96.00 ms | State: connected
[LOG] Time: 310s | RTT: 96.00 ms | State: connected
[LOG] Time: 311s | RTT: 86.00 ms | State: connected
[LOG] Time: 312s | RTT: 86.00 ms | State: connected
[LOG] Time: 313s | RTT: 42.00 ms | State: connected
[LOG] Time: 314s | RTT: 42.00 ms | State: connected
[LOG] Time: 315s | RTT: 42.00 ms | State: connected
[LOG] Time: 317s | RTT: 141.00 ms | State: connected
[LOG] Time: 318s | RTT: 141.00 ms | State: connected
[LOG] Time: 319s | RTT: 120.00 ms | State: connected
[LOG] Time: 320s | RTT: 120.00 ms | State: connected
[LOG] Time: 321s | RTT: 120.00 ms | State: connected
[LOG] Time: 322s | RTT: 79.00 ms | State: connected
[LOG] Time: 323s | RTT: 79.00 ms | State: connected
[LOG] Time: 324s | RTT: 75.00 ms | State: connected
[LOG] Time: 325s | RTT: 75.00 ms | State: connected
[LOG] Time: 326s | RTT: 82.00 ms | State: connected
[LOG] Time: 327s | RTT: 82.00 ms | State: connected
[LOG] Time: 329s | RTT: 82.00 ms | State: connected
[LOG] Time: 330s | RTT: 148.00 ms | State: connected
[LOG] Time: 331s | RTT: 148.00 ms | State: connected
[LOG] Time: 332s | RTT: 71.00 ms | State: connected
[LOG] Time: 333s | RTT: 71.00 ms | State: connected
[LOG] Time: 334s | RTT: 71.00 ms | State: connected
[LOG] Time: 335s | RTT: 71.00 ms | State: connected
[LOG] Time: 336s | RTT: 71.00 ms | State: connected
[LOG] Time: 337s | RTT: 109.00 ms | State: connected
[LOG] Time: 338s | RTT: 109.00 ms | State: connected
[LOG] Time: 339s | RTT: 109.00 ms | State: connected
[LOG] Time: 340s | RTT: 109.00 ms | State: connected
[LOG] Time: 342s | RTT: 109.00 ms | State: connected
[LOG] Time: 343s | RTT: 109.00 ms | State: connected
[LOG] Time: 344s | RTT: 109.00 ms | State: connected
[LOG] Time: 345s | RTT: 109.00 ms | State: connected

[!] Connection ended (State: disconnected). Exiting...
[*] Monitoring finished.

SUCCESS! Remote IP: 48.208.173.226
[*] Resolving Server Location...
SUCCESS! Server Location: San Francisco, United States (Microsoft Corporation)

[*] Running TCP MTR (Port 443)...
Start: 2026-02-16T03:49:55+0000
HOST: a55d9fab7b63                Loss%   Snt   Last   Avg  Best  Wrst StDev
  1. AS???    172.17.0.1           0.0%    10    0.2   0.2   0.2   0.2   0.0
  2. AS???    10.1.0.1             0.0%    10    4.3  13.6   1.9  87.1  26.1
  3. AS???    100.64.0.1           0.0%    10   50.2  40.8  31.9  54.7   8.2
  4. AS???    172.16.250.32        0.0%    10   48.1  35.7  28.2  48.1   6.8
  5. AS???    ???                 100.0    10    0.0   0.0   0.0   0.0   0.0
  6. AS14593  206.224.68.54        0.0%    10   41.8  34.0  26.2  41.8   5.6
        206.224.68.60                    
     AS14593  206.224.68.60
        206.224.68.52                    
     AS14593  206.224.68.52
        206.224.68.64                    
     AS14593  206.224.68.64
        206.224.68.66                    
     AS14593  206.224.68.66
  7. AS8075   104.44.199.25        0.0%    10   47.9  40.7  26.4  80.8  16.2
        104.44.59.39                     
     AS8075   104.44.59.39
  8. AS8075   51.10.1.54           0.0%    10   70.8  52.3  25.7 127.6  34.1
        51.10.1.36                       
     AS8075   51.10.1.36
        51.10.1.52                       
     AS8075   51.10.1.52
        51.10.1.50                       
     AS8075   51.10.1.50
        51.10.1.48                       
     AS8075   51.10.1.48
  9. AS???    ???                 100.0    10    0.0   0.0   0.0   0.0   0.0

[*] Running UDP MTR...
Start: 2026-02-16T03:50:13+0000
HOST: a55d9fab7b63                Loss%   Snt   Last   Avg  Best  Wrst StDev
  1. AS???    172.17.0.1           0.0%    10    0.1   0.1   0.1   0.2   0.0
  2. AS???    10.1.0.1             0.0%    10    6.3  11.9   1.5  62.9  18.4
  3. AS???    100.64.0.1           0.0%    10   40.1  30.9  24.1  40.7   5.9
  4. AS???    172.16.250.32        0.0%    10   33.0  31.0  26.6  46.2   6.0
  5. AS14593  206.224.68.72        0.0%    10   45.4  30.5  24.5  45.4   5.9
        206.224.68.68                    
     AS14593  206.224.68.68
        206.224.68.80                    
     AS14593  206.224.68.80
        206.224.68.76                    
     AS14593  206.224.68.76
  6. AS14593  206.224.68.56        0.0%    10   29.8  30.8  27.0  40.9   3.8
        206.224.68.60                    
     AS14593  206.224.68.60
        206.224.68.58                    
     AS14593  206.224.68.58
        206.224.68.66                    
     AS14593  206.224.68.66
        206.224.68.64                    
     AS14593  206.224.68.64
        206.224.68.54                    
     AS14593  206.224.68.54
  7. AS8075   104.44.59.39         0.0%    10   33.1  49.9  25.8  91.6  21.1
        104.44.199.25                    
     AS8075   104.44.199.25
  8. AS8075   51.10.1.48           0.0%    10   44.7  33.6  26.8  44.7   6.0
        51.10.1.50                       
     AS8075   51.10.1.50
        51.10.1.36                       
     AS8075   51.10.1.36
        51.10.1.54                       
     AS8075   51.10.1.54
        51.10.1.52                       
     AS8075   51.10.1.52
  9. AS???    ???                 100.0    10    0.0   0.0   0.0   0.0   0.0
