[*] Config Loaded: Name='flight-van-hawaii-Zoom', Duration=400s
[*] Launching Chrome for Zoom...
[*] Joining URL: [MEETING_LINK_REMOVED]
[*] Name entered: flight-van-hawaii-Zoom
[*] Inside meeting. Starting monitoring...
[LOG] Time: 0s | RTT: 68.00 ms
[LOG] Time: 1s | RTT: 215.00 ms
[LOG] Time: 2s | RTT: 215.00 ms
[LOG] Time: 3s | RTT: 62.00 ms
[LOG] Time: 4s | RTT: 62.00 ms
[LOG] Time: 5s | RTT: 62.00 ms
[LOG] Time: 6s | RTT: 104.00 ms
[LOG] Time: 7s | RTT: 104.00 ms
[LOG] Time: 8s | RTT: 104.00 ms
[LOG] Time: 9s | RTT: 111.00 ms
[LOG] Time: 10s | RTT: 111.00 ms
[LOG] Time: 11s | RTT: 79.00 ms
[LOG] Time: 12s | RTT: 79.00 ms
[LOG] Time: 13s | RTT: 79.00 ms
[LOG] Time: 14s | RTT: 79.00 ms
[LOG] Time: 15s | RTT: 79.00 ms
[LOG] Time: 16s | RTT: 92.00 ms
[LOG] Time: 17s | RTT: 92.00 ms
[LOG] Time: 18s | RTT: 92.00 ms
[LOG] Time: 19s | RTT: 82.00 ms
[LOG] Time: 20s | RTT: 82.00 ms
[LOG] Time: 21s | RTT: 82.00 ms
[LOG] Time: 22s | RTT: 89.00 ms
[LOG] Time: 23s | RTT: 89.00 ms
[LOG] Time: 24s | RTT: 99.00 ms
[LOG] Time: 25s | RTT: 99.00 ms
[LOG] Time: 26s | RTT: 99.00 ms
[LOG] Time: 27s | RTT: 94.00 ms
[LOG] Time: 28s | RTT: 94.00 ms
[LOG] Time: 29s | RTT: 94.00 ms
[LOG] Time: 30s | RTT: 74.00 ms
[LOG] Time: 31s | RTT: 74.00 ms
[LOG] Time: 32s | RTT: 373.00 ms
[LOG] Time: 33s | RTT: 373.00 ms
[LOG] Time: 34s | RTT: 373.00 ms
[LOG] Time: 35s | RTT: 86.00 ms
[LOG] Time: 36s | RTT: 86.00 ms
[LOG] Time: 37s | RTT: 86.00 ms
[LOG] Time: 38s | RTT: 532.00 ms
[LOG] Time: 39s | RTT: 532.00 ms
[LOG] Time: 40s | RTT: 99.00 ms
[LOG] Time: 41s | RTT: 99.00 ms
[LOG] Time: 42s | RTT: 99.00 ms
[LOG] Time: 43s | RTT: 97.00 ms
[LOG] Time: 44s | RTT: 97.00 ms
[LOG] Time: 45s | RTT: 54.00 ms
[LOG] Time: 46s | RTT: 54.00 ms
[LOG] Time: 47s | RTT: 54.00 ms
[LOG] Time: 48s | RTT: 65.00 ms
[LOG] Time: 49s | RTT: 65.00 ms
[LOG] Time: 50s | RTT: 83.00 ms
[LOG] Time: 51s | RTT: 83.00 ms
[LOG] Time: 52s | RTT: 83.00 ms
[LOG] Time: 53s | RTT: 60.00 ms
[LOG] Time: 54s | RTT: 60.00 ms
[LOG] Time: 55s | RTT: 60.00 ms
[LOG] Time: 56s | RTT: 75.00 ms
[LOG] Time: 57s | RTT: 75.00 ms
[LOG] Time: 58s | RTT: 85.00 ms
[LOG] Time: 59s | RTT: 85.00 ms
[LOG] Time: 60s | RTT: 85.00 ms
[LOG] Time: 61s | RTT: 60.00 ms
[LOG] Time: 62s | RTT: 60.00 ms
[LOG] Time: 63s | RTT: 60.00 ms
[LOG] Time: 64s | RTT: 79.00 ms
[LOG] Time: 66s | RTT: 79.00 ms
[LOG] Time: 67s | RTT: 67.00 ms
[LOG] Time: 68s | RTT: 67.00 ms
[LOG] Time: 69s | RTT: 67.00 ms
[LOG] Time: 70s | RTT: 75.00 ms
[LOG] Time: 71s | RTT: 75.00 ms
[LOG] Time: 72s | RTT: 67.00 ms
[LOG] Time: 73s | RTT: 67.00 ms
[LOG] Time: 74s | RTT: 67.00 ms
[LOG] Time: 75s | RTT: 67.00 ms
[LOG] Time: 76s | RTT: 67.00 ms
[LOG] Time: 77s | RTT: 67.00 ms
[LOG] Time: 78s | RTT: 63.00 ms
[LOG] Time: 79s | RTT: 63.00 ms
[LOG] Time: 80s | RTT: 63.00 ms
[LOG] Time: 81s | RTT: 62.00 ms
[LOG] Time: 82s | RTT: 62.00 ms
[LOG] Time: 83s | RTT: 62.00 ms
[LOG] Time: 84s | RTT: 62.00 ms
[LOG] Time: 85s | RTT: 62.00 ms
[LOG] Time: 86s | RTT: 56.00 ms
[LOG] Time: 87s | RTT: 56.00 ms
[LOG] Time: 88s | RTT: 56.00 ms
[LOG] Time: 89s | RTT: 93.00 ms
[LOG] Time: 90s | RTT: 93.00 ms
[LOG] Time: 91s | RTT: 93.00 ms
[LOG] Time: 92s | RTT: 58.00 ms
[LOG] Time: 93s | RTT: 58.00 ms
[LOG] Time: 94s | RTT: 57.00 ms
[LOG] Time: 95s | RTT: 57.00 ms
[LOG] Time: 96s | RTT: 57.00 ms
[LOG] Time: 97s | RTT: 57.00 ms
[LOG] Time: 98s | RTT: 57.00 ms
[LOG] Time: 99s | RTT: 57.00 ms
[LOG] Time: 100s | RTT: 61.00 ms
[LOG] Time: 101s | RTT: 61.00 ms
[LOG] Time: 102s | RTT: 61.00 ms
[LOG] Time: 103s | RTT: 61.00 ms
[LOG] Time: 104s | RTT: 61.00 ms
[LOG] Time: 105s | RTT: 85.00 ms
[LOG] Time: 106s | RTT: 85.00 ms
[LOG] Time: 107s | RTT: 76.00 ms
[LOG] Time: 108s | RTT: 76.00 ms
[LOG] Time: 109s | RTT: 76.00 ms
[LOG] Time: 110s | RTT: 78.00 ms
[LOG] Time: 111s | RTT: 78.00 ms
[LOG] Time: 112s | RTT: 78.00 ms
[LOG] Time: 113s | RTT: 82.00 ms
[LOG] Time: 114s | RTT: 82.00 ms
[LOG] Time: 115s | RTT: 99.00 ms
[LOG] Time: 116s | RTT: 99.00 ms
[LOG] Time: 117s | RTT: 99.00 ms
[LOG] Time: 118s | RTT: 96.00 ms
[LOG] Time: 119s | RTT: 96.00 ms
[LOG] Time: 120s | RTT: 96.00 ms
[LOG] Time: 121s | RTT: 147.00 ms
[LOG] Time: 122s | RTT: 147.00 ms
[LOG] Time: 123s | RTT: 65.00 ms
[LOG] Time: 124s | RTT: 65.00 ms
[LOG] Time: 125s | RTT: 65.00 ms
[LOG] Time: 126s | RTT: 183.00 ms
[LOG] Time: 127s | RTT: 183.00 ms
[LOG] Time: 128s | RTT: 60.00 ms
[LOG] Time: 129s | RTT: 60.00 ms
[LOG] Time: 130s | RTT: 60.00 ms
[LOG] Time: 131s | RTT: 64.00 ms
[LOG] Time: 132s | RTT: 64.00 ms
[LOG] Time: 133s | RTT: 64.00 ms
[LOG] Time: 134s | RTT: 52.00 ms
[LOG] Time: 136s | RTT: 52.00 ms
[LOG] Time: 137s | RTT: 97.00 ms
[LOG] Time: 138s | RTT: 97.00 ms
[LOG] Time: 139s | RTT: 97.00 ms
[LOG] Time: 140s | RTT: 79.00 ms
[LOG] Time: 141s | RTT: 79.00 ms
[LOG] Time: 142s | RTT: 79.00 ms
[LOG] Time: 143s | RTT: 84.00 ms
[LOG] Time: 144s | RTT: 84.00 ms
[LOG] Time: 145s | RTT: 84.00 ms
[LOG] Time: 146s | RTT: 79.00 ms
[LOG] Time: 147s | RTT: 79.00 ms
[LOG] Time: 148s | RTT: 79.00 ms
[LOG] Time: 149s | RTT: 77.00 ms
[LOG] Time: 150s | RTT: 77.00 ms
[LOG] Time: 151s | RTT: 87.00 ms
[LOG] Time: 152s | RTT: 87.00 ms
[LOG] Time: 153s | RTT: 87.00 ms
[LOG] Time: 154s | RTT: 116.00 ms
[LOG] Time: 155s | RTT: 116.00 ms
[LOG] Time: 156s | RTT: 116.00 ms
[LOG] Time: 157s | RTT: 100.00 ms
[LOG] Time: 158s | RTT: 100.00 ms
[LOG] Time: 159s | RTT: 106.00 ms
[LOG] Time: 160s | RTT: 106.00 ms
[LOG] Time: 161s | RTT: 106.00 ms
[LOG] Time: 162s | RTT: 107.00 ms
[LOG] Time: 163s | RTT: 107.00 ms
[LOG] Time: 164s | RTT: 99.00 ms
[LOG] Time: 165s | RTT: 99.00 ms
[LOG] Time: 166s | RTT: 99.00 ms
[LOG] Time: 167s | RTT: 122.00 ms
[LOG] Time: 168s | RTT: 122.00 ms
[LOG] Time: 169s | RTT: 122.00 ms
[LOG] Time: 170s | RTT: 100.00 ms
[LOG] Time: 171s | RTT: 100.00 ms
[LOG] Time: 172s | RTT: 98.00 ms
[LOG] Time: 173s | RTT: 98.00 ms
[LOG] Time: 174s | RTT: 98.00 ms
[LOG] Time: 175s | RTT: 129.00 ms
[LOG] Time: 176s | RTT: 129.00 ms
[LOG] Time: 177s | RTT: 129.00 ms
[LOG] Time: 178s | RTT: 96.00 ms
[LOG] Time: 179s | RTT: 96.00 ms
[LOG] Time: 180s | RTT: 94.00 ms
[LOG] Time: 181s | RTT: 94.00 ms
[LOG] Time: 182s | RTT: 94.00 ms
[LOG] Time: 183s | RTT: 82.00 ms
[LOG] Time: 184s | RTT: 82.00 ms
[LOG] Time: 185s | RTT: 67.00 ms
[LOG] Time: 186s | RTT: 67.00 ms
[LOG] Time: 187s | RTT: 67.00 ms
[LOG] Time: 188s | RTT: 151.00 ms
[LOG] Time: 189s | RTT: 151.00 ms
[LOG] Time: 190s | RTT: 151.00 ms
[LOG] Time: 191s | RTT: 71.00 ms
[LOG] Time: 192s | RTT: 71.00 ms
[LOG] Time: 193s | RTT: 96.00 ms
[LOG] Time: 194s | RTT: 96.00 ms
[LOG] Time: 195s | RTT: 96.00 ms
[LOG] Time: 196s | RTT: 76.00 ms
[LOG] Time: 197s | RTT: 76.00 ms
[LOG] Time: 198s | RTT: 75.00 ms
[LOG] Time: 200s | RTT: 75.00 ms
[LOG] Time: 201s | RTT: 75.00 ms
[LOG] Time: 202s | RTT: 70.00 ms
[LOG] Time: 203s | RTT: 70.00 ms
[LOG] Time: 204s | RTT: 70.00 ms
[LOG] Time: 205s | RTT: 104.00 ms
[LOG] Time: 206s | RTT: 104.00 ms
[LOG] Time: 207s | RTT: 86.00 ms
[LOG] Time: 208s | RTT: 86.00 ms
[LOG] Time: 209s | RTT: 86.00 ms
[LOG] Time: 210s | RTT: 71.00 ms
[LOG] Time: 211s | RTT: 71.00 ms
[LOG] Time: 212s | RTT: 71.00 ms
[LOG] Time: 213s | RTT: 61.00 ms
[LOG] Time: 214s | RTT: 61.00 ms
[LOG] Time: 215s | RTT: 62.00 ms
[LOG] Time: 216s | RTT: 62.00 ms
[LOG] Time: 217s | RTT: 62.00 ms
[LOG] Time: 218s | RTT: 69.00 ms
[LOG] Time: 219s | RTT: 69.00 ms
[LOG] Time: 220s | RTT: 72.00 ms
[LOG] Time: 221s | RTT: 72.00 ms
[LOG] Time: 222s | RTT: 72.00 ms
[LOG] Time: 223s | RTT: 91.00 ms
[LOG] Time: 224s | RTT: 91.00 ms
[LOG] Time: 225s | RTT: 91.00 ms
[LOG] Time: 226s | RTT: 75.00 ms
[LOG] Time: 227s | RTT: 75.00 ms
[LOG] Time: 228s | RTT: 65.00 ms
[LOG] Time: 229s | RTT: 65.00 ms
[LOG] Time: 230s | RTT: 65.00 ms
[LOG] Time: 231s | RTT: 67.00 ms
[LOG] Time: 232s | RTT: 67.00 ms
[LOG] Time: 233s | RTT: 67.00 ms
[LOG] Time: 234s | RTT: 74.00 ms
[LOG] Time: 235s | RTT: 74.00 ms
[LOG] Time: 236s | RTT: 69.00 ms
[LOG] Time: 237s | RTT: 69.00 ms
[LOG] Time: 238s | RTT: 69.00 ms
[LOG] Time: 239s | RTT: 74.00 ms
[LOG] Time: 240s | RTT: 74.00 ms
[LOG] Time: 241s | RTT: 77.00 ms
[LOG] Time: 242s | RTT: 77.00 ms
[LOG] Time: 243s | RTT: 77.00 ms
Start: 2026-02-16T06:57:38+0000
HOST: d655fc5d884a                Loss%   Snt   Last   Avg  Best  Wrst StDev
  1. AS???    172.17.0.1           0.0%    10    0.2   0.2   0.2   0.2   0.0
  2. AS???    10.1.0.1             0.0%    10    6.8   6.3   2.0  12.6   3.4
  3. AS???    100.64.0.1           0.0%    10   49.8  70.4  49.8 164.4  33.6
  4. AS???    172.16.250.50        0.0%    10   51.9  70.0  51.9 125.9  20.9
  5. AS???    ???                 100.0    10    0.0   0.0   0.0   0.0   0.0
  6. AS14593  206.224.65.228       0.0%    10   60.7  66.4  48.6  94.6  13.1
        206.224.65.240                   
     AS14593  206.224.65.240
        206.224.65.236                   
     AS14593  206.224.65.236
        206.224.65.230                   
     AS14593  206.224.65.230
        206.224.65.234                   
     AS14593  206.224.65.234
        206.224.65.232                   
     AS14593  206.224.65.232
  7. AS3257   65.175.1.33          0.0%    10   67.3  66.3  52.4  91.1  11.6
        4.7.108.221                      
     AS3356   4.7.108.221
  8. AS3257   89.149.130.14       10.0%    10   59.4  67.2  56.2  74.1   6.9
        4.69.219.61                      
     AS3356   4.69.219.61
        89.149.129.234                   
     AS3257   89.149.129.234
  9. AS3356   4.16.40.90           0.0%    10   55.3  67.0  55.3  77.5   5.7
        76.74.24.250                     
     AS3257   76.74.24.250
 10. AS???    ???                 100.0    10    0.0   0.0   0.0   0.0   0.0
 11. AS???    ???                 100.0    10    0.0   0.0   0.0   0.0   0.0
 12. AS???    ???                 100.0    10    0.0   0.0   0.0   0.0   0.0
 13. AS???    ???                 100.0    10    0.0   0.0   0.0   0.0   0.0
 14. AS30103  144.195.71.81        0.0%    10   61.3  74.8  61.3  91.1  11.5
Start: 2026-02-16T06:57:52+0000
HOST: d655fc5d884a                Loss%   Snt   Last   Avg  Best  Wrst StDev
  1. AS???    172.17.0.1           0.0%    10    0.1   0.1   0.1   0.2   0.0
  2. AS???    10.1.0.1             0.0%    10    3.7   4.7   1.5  10.7   3.0
  3. AS???    100.64.0.1           0.0%    10   66.7  63.7  48.5  85.9  10.7
  4. AS???    172.16.250.50        0.0%    10   73.7  62.7  51.3  73.7   7.5
  5. AS14593  206.224.66.0         0.0%    10  101.4  66.2  50.7 101.4  14.6
        206.224.65.248                   
     AS14593  206.224.65.248
        206.224.65.244                   
     AS14593  206.224.65.244
        206.224.65.252                   
     AS14593  206.224.65.252
  6. AS14593  206.224.65.234       0.0%    10   75.6  59.9  47.5  75.6  11.6
        206.224.65.242                   
     AS14593  206.224.65.242
        206.224.65.232                   
     AS14593  206.224.65.232
        206.224.65.236                   
     AS14593  206.224.65.236
        206.224.65.238                   
     AS14593  206.224.65.238
  7. AS3257   65.175.1.33         10.0%    10   70.7  63.0  47.2  84.2  12.0
        4.7.108.221                      
     AS3356   4.7.108.221
  8. AS3257   89.149.130.14       20.0%    10   81.9  72.3  64.9  83.3   6.7
        4.69.219.61                      
     AS3356   4.69.219.61
  9. AS???    ???                 100.0    10    0.0   0.0   0.0   0.0   0.0
[LOG] Time: 244s | RTT: 74.00 ms
[LOG] Time: 245s | RTT: 74.00 ms
[LOG] Time: 246s | RTT: 74.00 ms
[LOG] Time: 247s | RTT: 62.00 ms
[LOG] Time: 248s | RTT: 62.00 ms
[LOG] Time: 249s | RTT: 67.00 ms
[LOG] Time: 250s | RTT: 67.00 ms
[LOG] Time: 251s | RTT: 67.00 ms
[LOG] Time: 252s | RTT: 73.00 ms
[LOG] Time: 253s | RTT: 73.00 ms
[LOG] Time: 254s | RTT: 68.00 ms
[LOG] Time: 255s | RTT: 68.00 ms
[LOG] Time: 256s | RTT: 68.00 ms
[LOG] Time: 257s | RTT: 68.00 ms
[LOG] Time: 258s | RTT: 68.00 ms
[LOG] Time: 259s | RTT: 68.00 ms
[LOG] Time: 260s | RTT: 71.00 ms
[LOG] Time: 261s | RTT: 71.00 ms
[LOG] Time: 262s | RTT: 62.00 ms
[LOG] Time: 263s | RTT: 62.00 ms
[LOG] Time: 264s | RTT: 62.00 ms
[LOG] Time: 265s | RTT: 66.00 ms
[LOG] Time: 266s | RTT: 66.00 ms
[LOG] Time: 268s | RTT: 66.00 ms
[LOG] Time: 269s | RTT: 73.00 ms
[LOG] Time: 270s | RTT: 73.00 ms
[LOG] Time: 271s | RTT: 93.00 ms
[LOG] Time: 272s | RTT: 93.00 ms
[LOG] Time: 273s | RTT: 93.00 ms
[LOG] Time: 274s | RTT: 70.00 ms
[LOG] Time: 275s | RTT: 70.00 ms
[LOG] Time: 276s | RTT: 74.00 ms
[LOG] Time: 277s | RTT: 74.00 ms
[LOG] Time: 278s | RTT: 74.00 ms
[LOG] Time: 279s | RTT: 83.00 ms
[LOG] Time: 280s | RTT: 83.00 ms
[LOG] Time: 281s | RTT: 83.00 ms
[LOG] Time: 282s | RTT: 90.00 ms
[LOG] Time: 283s | RTT: 90.00 ms
[LOG] Time: 284s | RTT: 63.00 ms
[LOG] Time: 285s | RTT: 63.00 ms
[LOG] Time: 286s | RTT: 63.00 ms
[LOG] Time: 287s | RTT: 75.00 ms
[LOG] Time: 288s | RTT: 75.00 ms
[LOG] Time: 289s | RTT: 66.00 ms
[LOG] Time: 290s | RTT: 66.00 ms
[LOG] Time: 291s | RTT: 66.00 ms
[LOG] Time: 292s | RTT: 80.00 ms
[LOG] Time: 293s | RTT: 80.00 ms
[LOG] Time: 294s | RTT: 80.00 ms
[LOG] Time: 295s | RTT: 77.00 ms
[LOG] Time: 296s | RTT: 77.00 ms
[LOG] Time: 297s | RTT: 92.00 ms
[LOG] Time: 298s | RTT: 92.00 ms
[LOG] Time: 299s | RTT: 92.00 ms
[LOG] Time: 300s | RTT: 85.00 ms
[LOG] Time: 301s | RTT: 85.00 ms
[LOG] Time: 302s | RTT: 85.00 ms
[LOG] Time: 303s | RTT: 89.00 ms
[LOG] Time: 304s | RTT: 89.00 ms
[LOG] Time: 305s | RTT: 68.00 ms
[LOG] Time: 306s | RTT: 68.00 ms
[LOG] Time: 307s | RTT: 68.00 ms
[LOG] Time: 308s | RTT: 283.00 ms
[LOG] Time: 309s | RTT: 283.00 ms
[LOG] Time: 310s | RTT: 114.00 ms
[LOG] Time: 311s | RTT: 114.00 ms
[LOG] Time: 312s | RTT: 114.00 ms
[LOG] Time: 313s | RTT: 99.00 ms
[LOG] Time: 314s | RTT: 99.00 ms
[LOG] Time: 315s | RTT: 99.00 ms
[LOG] Time: 316s | RTT: 86.00 ms
[LOG] Time: 317s | RTT: 86.00 ms
[LOG] Time: 318s | RTT: 68.00 ms
[LOG] Time: 319s | RTT: 68.00 ms
[LOG] Time: 320s | RTT: 68.00 ms
[LOG] Time: 321s | RTT: 120.00 ms
[LOG] Time: 322s | RTT: 120.00 ms
[LOG] Time: 323s | RTT: 120.00 ms
[LOG] Time: 324s | RTT: 95.00 ms
[LOG] Time: 325s | RTT: 95.00 ms
[LOG] Time: 326s | RTT: 112.00 ms
[LOG] Time: 327s | RTT: 112.00 ms
[LOG] Time: 328s | RTT: 112.00 ms
[LOG] Time: 329s | RTT: 93.00 ms
[LOG] Time: 330s | RTT: 93.00 ms
[LOG] Time: 331s | RTT: 136.00 ms
[LOG] Time: 332s | RTT: 136.00 ms
[LOG] Time: 333s | RTT: 136.00 ms
[LOG] Time: 334s | RTT: 150.00 ms
[LOG] Time: 335s | RTT: 150.00 ms
[LOG] Time: 336s | RTT: 150.00 ms
[LOG] Time: 337s | RTT: 229.00 ms
[LOG] Time: 339s | RTT: 229.00 ms
[LOG] Time: 340s | RTT: 141.00 ms
[LOG] Time: 341s | RTT: 141.00 ms
[LOG] Time: 342s | RTT: 141.00 ms
[LOG] Time: 343s | RTT: 117.00 ms
[LOG] Time: 344s | RTT: 117.00 ms
[LOG] Time: 345s | RTT: 77.00 ms
[LOG] Time: 346s | RTT: 77.00 ms
[LOG] Time: 347s | RTT: 77.00 ms
[LOG] Time: 348s | RTT: 80.00 ms
[LOG] Time: 349s | RTT: 80.00 ms
[LOG] Time: 350s | RTT: 80.00 ms
[LOG] Time: 351s | RTT: 138.00 ms
[LOG] Time: 352s | RTT: 138.00 ms
[LOG] Time: 353s | RTT: 138.00 ms
[LOG] Time: 354s | RTT: 266.00 ms
[LOG] Time: 355s | RTT: 266.00 ms
[LOG] Time: 356s | RTT: 70.00 ms
[LOG] Time: 357s | RTT: 70.00 ms
[LOG] Time: 358s | RTT: 70.00 ms
[LOG] Time: 359s | RTT: 78.00 ms
[LOG] Time: 360s | RTT: 78.00 ms
[LOG] Time: 361s | RTT: 72.00 ms
[LOG] Time: 362s | RTT: 72.00 ms
[LOG] Time: 363s | RTT: 72.00 ms
[LOG] Time: 364s | RTT: 79.00 ms
[LOG] Time: 365s | RTT: 79.00 ms
[LOG] Time: 366s | RTT: 74.00 ms
[LOG] Time: 367s | RTT: 74.00 ms
[LOG] Time: 368s | RTT: 74.00 ms
[LOG] Time: 369s | RTT: 75.00 ms
[LOG] Time: 370s | RTT: 75.00 ms
[LOG] Time: 371s | RTT: 75.00 ms
[LOG] Time: 372s | RTT: 85.00 ms
[LOG] Time: 373s | RTT: 85.00 ms
[LOG] Time: 374s | RTT: 88.00 ms
[LOG] Time: 375s | RTT: 88.00 ms
[LOG] Time: 376s | RTT: 88.00 ms
[LOG] Time: 377s | RTT: 87.00 ms
[LOG] Time: 378s | RTT: 87.00 ms
[LOG] Time: 379s | RTT: 87.00 ms
[LOG] Time: 380s | RTT: 82.00 ms
[LOG] Time: 381s | RTT: 82.00 ms
[LOG] Time: 382s | RTT: 82.00 ms
[LOG] Time: 383s | RTT: 82.00 ms
[LOG] Time: 384s | RTT: 82.00 ms
[LOG] Time: 385s | RTT: 73.00 ms
[LOG] Time: 386s | RTT: 73.00 ms
[LOG] Time: 387s | RTT: 72.00 ms
[LOG] Time: 388s | RTT: 72.00 ms
[LOG] Time: 389s | RTT: 72.00 ms
[LOG] Time: 390s | RTT: 99.00 ms
[LOG] Time: 391s | RTT: 99.00 ms
[LOG] Time: 392s | RTT: 99.00 ms
[LOG] Time: 393s | RTT: 74.00 ms
[LOG] Time: 394s | RTT: 74.00 ms
[LOG] Time: 395s | RTT: 80.00 ms
[LOG] Time: 396s | RTT: 80.00 ms
[LOG] Time: 397s | RTT: 80.00 ms
[LOG] Time: 398s | RTT: 76.00 ms
[LOG] Time: 399s | RTT: 76.00 ms
[*] Monitoring finished.

SUCCESS! Remote IP: 144.195.71.81
[*] Resolving Server Location...
SUCCESS! Server Location: San Jose, United States (Zoom Video Communications, Inc)

[*] Running TCP MTR (Port 443)...

[*] Running UDP MTR...
[*] Closing browser...
