[*] Config Loaded: Name='flight-van-hawaii-Teams', Duration=600s
[*] Launching Chrome for Teams...
[*] Joining URL: [MEETING_LINK_REMOVED]
[*] Navigating Join Flow...
[*] Looking for Join button...
    [+] JOIN CLICKED!
[*] Waiting for connection (20s)...
[*] Starting continuous monitoring for 600 seconds...
[LOG] Time: 0s | RTT: 207.00 ms | State: connected
[LOG] Time: 1s | RTT: 419.00 ms | State: connected
[LOG] Time: 2s | RTT: 419.00 ms | State: connected
[LOG] Time: 3s | RTT: 419.00 ms | State: connected
[LOG] Time: 4s | RTT: 209.00 ms | State: connected
[LOG] Time: 5s | RTT: 209.00 ms | State: connected
[LOG] Time: 6s | RTT: 413.00 ms | State: connected
[LOG] Time: 7s | RTT: 413.00 ms | State: connected
[LOG] Time: 9s | RTT: 196.00 ms | State: connected
[LOG] Time: 10s | RTT: 196.00 ms | State: connected
[LOG] Time: 11s | RTT: 196.00 ms | State: connected
[LOG] Time: 12s | RTT: 198.00 ms | State: connected
[LOG] Time: 13s | RTT: 198.00 ms | State: connected
[LOG] Time: 14s | RTT: 246.00 ms | State: connected
[LOG] Time: 15s | RTT: 246.00 ms | State: connected
[LOG] Time: 16s | RTT: 246.00 ms | State: connected
[LOG] Time: 17s | RTT: 216.00 ms | State: connected
[LOG] Time: 18s | RTT: 216.00 ms | State: connected
[LOG] Time: 20s | RTT: 298.00 ms | State: connected
[LOG] Time: 21s | RTT: 298.00 ms | State: connected
[LOG] Time: 22s | RTT: 188.00 ms | State: connected
[LOG] Time: 23s | RTT: 188.00 ms | State: connected
[LOG] Time: 24s | RTT: 188.00 ms | State: connected
[LOG] Time: 25s | RTT: 188.00 ms | State: connected
[LOG] Time: 26s | RTT: 188.00 ms | State: connected
[LOG] Time: 27s | RTT: 242.00 ms | State: connected
[LOG] Time: 28s | RTT: 242.00 ms | State: connected
[LOG] Time: 29s | RTT: 242.00 ms | State: connected
[LOG] Time: 30s | RTT: 248.00 ms | State: connected
[LOG] Time: 32s | RTT: 248.00 ms | State: connected
[LOG] Time: 33s | RTT: 205.00 ms | State: connected
[LOG] Time: 34s | RTT: 205.00 ms | State: connected
[LOG] Time: 35s | RTT: 205.00 ms | State: connected
[LOG] Time: 36s | RTT: 196.00 ms | State: connected
[LOG] Time: 37s | RTT: 196.00 ms | State: connected
[LOG] Time: 38s | RTT: 188.00 ms | State: connected
[LOG] Time: 39s | RTT: 188.00 ms | State: connected
[LOG] Time: 40s | RTT: 210.00 ms | State: connected
[LOG] Time: 41s | RTT: 210.00 ms | State: connected
[LOG] Time: 42s | RTT: 210.00 ms | State: connected
[LOG] Time: 44s | RTT: 195.00 ms | State: connected
[LOG] Time: 45s | RTT: 195.00 ms | State: connected
[LOG] Time: 46s | RTT: 193.00 ms | State: connected
[LOG] Time: 47s | RTT: 193.00 ms | State: connected
[LOG] Time: 48s | RTT: 193.00 ms | State: connected
[LOG] Time: 49s | RTT: 192.00 ms | State: connected
[LOG] Time: 50s | RTT: 192.00 ms | State: connected
[LOG] Time: 51s | RTT: 184.00 ms | State: connected
[LOG] Time: 52s | RTT: 184.00 ms | State: connected
[LOG] Time: 53s | RTT: 184.00 ms | State: connected
[LOG] Time: 54s | RTT: 375.00 ms | State: connected
[LOG] Time: 56s | RTT: 375.00 ms | State: connected
[LOG] Time: 57s | RTT: 285.00 ms | State: connected
[LOG] Time: 58s | RTT: 285.00 ms | State: connected
[LOG] Time: 59s | RTT: 285.00 ms | State: connected
[LOG] Time: 60s | RTT: 315.00 ms | State: connected
[LOG] Time: 61s | RTT: 315.00 ms | State: connected
[LOG] Time: 62s | RTT: 205.00 ms | State: connected
[LOG] Time: 63s | RTT: 205.00 ms | State: connected
[LOG] Time: 64s | RTT: 205.00 ms | State: connected
[LOG] Time: 65s | RTT: 237.00 ms | State: connected
[LOG] Time: 66s | RTT: 237.00 ms | State: connected
[LOG] Time: 67s | RTT: 208.00 ms | State: connected
[LOG] Time: 69s | RTT: 208.00 ms | State: connected
[LOG] Time: 70s | RTT: 228.00 ms | State: connected
[LOG] Time: 71s | RTT: 228.00 ms | State: connected
[LOG] Time: 72s | RTT: 228.00 ms | State: connected
[LOG] Time: 73s | RTT: 261.00 ms | State: connected
[LOG] Time: 74s | RTT: 261.00 ms | State: connected
[LOG] Time: 75s | RTT: 280.00 ms | State: connected
[LOG] Time: 76s | RTT: 280.00 ms | State: connected
[LOG] Time: 77s | RTT: 280.00 ms | State: connected
[LOG] Time: 78s | RTT: 210.00 ms | State: connected
[LOG] Time: 79s | RTT: 210.00 ms | State: connected
[LOG] Time: 80s | RTT: 320.00 ms | State: connected
[LOG] Time: 82s | RTT: 320.00 ms | State: connected
[LOG] Time: 83s | RTT: 320.00 ms | State: connected
[LOG] Time: 84s | RTT: 193.00 ms | State: connected
[LOG] Time: 85s | RTT: 193.00 ms | State: connected
[LOG] Time: 86s | RTT: 247.00 ms | State: connected
[LOG] Time: 87s | RTT: 247.00 ms | State: connected
[LOG] Time: 88s | RTT: 247.00 ms | State: connected
[LOG] Time: 89s | RTT: 338.00 ms | State: connected
[LOG] Time: 90s | RTT: 338.00 ms | State: connected
[LOG] Time: 91s | RTT: 203.00 ms | State: connected
[LOG] Time: 92s | RTT: 203.00 ms | State: connected
[LOG] Time: 93s | RTT: 187.00 ms | State: connected
[LOG] Time: 95s | RTT: 187.00 ms | State: connected
[LOG] Time: 96s | RTT: 187.00 ms | State: connected
[LOG] Time: 97s | RTT: 226.00 ms | State: connected
[LOG] Time: 98s | RTT: 226.00 ms | State: connected
[LOG] Time: 99s | RTT: 239.00 ms | State: connected
[LOG] Time: 100s | RTT: 239.00 ms | State: connected
[LOG] Time: 101s | RTT: 239.00 ms | State: connected
[LOG] Time: 102s | RTT: 178.00 ms | State: connected
[LOG] Time: 103s | RTT: 178.00 ms | State: connected
[LOG] Time: 104s | RTT: 178.00 ms | State: connected
[LOG] Time: 105s | RTT: 668.00 ms | State: connected
[LOG] Time: 106s | RTT: 668.00 ms | State: connected
[LOG] Time: 108s | RTT: 285.00 ms | State: connected
[LOG] Time: 109s | RTT: 285.00 ms | State: connected
[LOG] Time: 110s | RTT: 285.00 ms | State: connected
[LOG] Time: 111s | RTT: 600.00 ms | State: connected
[LOG] Time: 112s | RTT: 600.00 ms | State: connected
[LOG] Time: 113s | RTT: 227.00 ms | State: connected
[LOG] Time: 114s | RTT: 227.00 ms | State: connected
[LOG] Time: 115s | RTT: 210.00 ms | State: connected
[LOG] Time: 116s | RTT: 210.00 ms | State: connected
[LOG] Time: 117s | RTT: 210.00 ms | State: connected
[LOG] Time: 118s | RTT: 263.00 ms | State: connected
[LOG] Time: 119s | RTT: 263.00 ms | State: connected
[LOG] Time: 121s | RTT: 307.00 ms | State: connected
[LOG] Time: 122s | RTT: 307.00 ms | State: connected
[LOG] Time: 123s | RTT: 240.00 ms | State: connected
[LOG] Time: 124s | RTT: 240.00 ms | State: connected
[LOG] Time: 125s | RTT: 240.00 ms | State: connected
[LOG] Time: 126s | RTT: 323.00 ms | State: connected
[LOG] Time: 127s | RTT: 323.00 ms | State: connected
[LOG] Time: 128s | RTT: 207.00 ms | State: connected
[LOG] Time: 129s | RTT: 207.00 ms | State: connected
[LOG] Time: 130s | RTT: 207.00 ms | State: connected
[LOG] Time: 131s | RTT: 218.00 ms | State: connected
[LOG] Time: 132s | RTT: 218.00 ms | State: connected
[LOG] Time: 133s | RTT: 262.00 ms | State: connected
[LOG] Time: 135s | RTT: 262.00 ms | State: connected
[LOG] Time: 136s | RTT: 262.00 ms | State: connected
[LOG] Time: 137s | RTT: 304.00 ms | State: connected
[LOG] Time: 138s | RTT: 304.00 ms | State: connected
[LOG] Time: 139s | RTT: 547.00 ms | State: connected
[LOG] Time: 140s | RTT: 547.00 ms | State: connected
[LOG] Time: 141s | RTT: 547.00 ms | State: connected
[LOG] Time: 142s | RTT: 219.00 ms | State: connected
[LOG] Time: 143s | RTT: 219.00 ms | State: connected
[LOG] Time: 144s | RTT: 209.00 ms | State: connected
[LOG] Time: 146s | RTT: 209.00 ms | State: connected
[LOG] Time: 147s | RTT: 270.00 ms | State: connected
[LOG] Time: 148s | RTT: 270.00 ms | State: connected
[LOG] Time: 149s | RTT: 270.00 ms | State: connected
[LOG] Time: 150s | RTT: 291.00 ms | State: connected
[LOG] Time: 151s | RTT: 291.00 ms | State: connected
[LOG] Time: 152s | RTT: 211.00 ms | State: connected
[LOG] Time: 153s | RTT: 211.00 ms | State: connected
[LOG] Time: 155s | RTT: 211.00 ms | State: connected
[LOG] Time: 156s | RTT: 217.00 ms | State: connected
[LOG] Time: 157s | RTT: 217.00 ms | State: connected
[LOG] Time: 158s | RTT: 202.00 ms | State: connected
[LOG] Time: 159s | RTT: 202.00 ms | State: connected
[LOG] Time: 160s | RTT: 217.00 ms | State: connected
[LOG] Time: 161s | RTT: 217.00 ms | State: connected
[LOG] Time: 163s | RTT: 185.00 ms | State: connected
[LOG] Time: 164s | RTT: 185.00 ms | State: connected
[LOG] Time: 165s | RTT: 185.00 ms | State: connected
[LOG] Time: 166s | RTT: 222.00 ms | State: connected
[LOG] Time: 167s | RTT: 222.00 ms | State: connected
[LOG] Time: 168s | RTT: 224.00 ms | State: connected
[LOG] Time: 169s | RTT: 224.00 ms | State: connected
[LOG] Time: 170s | RTT: 224.00 ms | State: connected
[LOG] Time: 171s | RTT: 253.00 ms | State: connected
[LOG] Time: 173s | RTT: 253.00 ms | State: connected
[LOG] Time: 174s | RTT: 352.00 ms | State: connected
[LOG] Time: 175s | RTT: 352.00 ms | State: connected
[LOG] Time: 176s | RTT: 235.00 ms | State: connected
[LOG] Time: 177s | RTT: 235.00 ms | State: connected
[LOG] Time: 178s | RTT: 235.00 ms | State: connected
[LOG] Time: 179s | RTT: 230.00 ms | State: connected
[LOG] Time: 180s | RTT: 230.00 ms | State: connected
[LOG] Time: 181s | RTT: 271.00 ms | State: connected
[LOG] Time: 182s | RTT: 271.00 ms | State: connected
[LOG] Time: 184s | RTT: 271.00 ms | State: connected
[LOG] Time: 185s | RTT: 277.00 ms | State: connected
[LOG] Time: 186s | RTT: 277.00 ms | State: connected
[LOG] Time: 187s | RTT: 239.00 ms | State: connected
[LOG] Time: 188s | RTT: 239.00 ms | State: connected
[LOG] Time: 189s | RTT: 239.00 ms | State: connected
[LOG] Time: 190s | RTT: 281.00 ms | State: connected
[LOG] Time: 191s | RTT: 281.00 ms | State: connected
[LOG] Time: 192s | RTT: 222.00 ms | State: connected
[LOG] Time: 194s | RTT: 222.00 ms | State: connected
[LOG] Time: 195s | RTT: 233.00 ms | State: connected
[LOG] Time: 196s | RTT: 233.00 ms | State: connected
[LOG] Time: 197s | RTT: 233.00 ms | State: connected
[LOG] Time: 198s | RTT: 192.00 ms | State: connected
[LOG] Time: 199s | RTT: 192.00 ms | State: connected
[LOG] Time: 200s | RTT: 247.00 ms | State: connected
[LOG] Time: 202s | RTT: 247.00 ms | State: connected
[LOG] Time: 203s | RTT: 300.00 ms | State: connected
[LOG] Time: 204s | RTT: 300.00 ms | State: connected
[LOG] Time: 205s | RTT: 300.00 ms | State: connected
[LOG] Time: 206s | RTT: 243.00 ms | State: connected
[LOG] Time: 207s | RTT: 243.00 ms | State: connected
[LOG] Time: 208s | RTT: 494.00 ms | State: connected
[LOG] Time: 209s | RTT: 494.00 ms | State: connected
[LOG] Time: 210s | RTT: 238.00 ms | State: connected
[LOG] Time: 212s | RTT: 238.00 ms | State: connected
[LOG] Time: 213s | RTT: 238.00 ms | State: connected
[LOG] Time: 214s | RTT: 327.00 ms | State: connected
[LOG] Time: 215s | RTT: 327.00 ms | State: connected
[LOG] Time: 216s | RTT: 247.00 ms | State: connected
[LOG] Time: 217s | RTT: 247.00 ms | State: connected
[LOG] Time: 218s | RTT: 208.00 ms | State: connected
[LOG] Time: 219s | RTT: 208.00 ms | State: connected
[LOG] Time: 221s | RTT: 208.00 ms | State: connected
[LOG] Time: 222s | RTT: 238.00 ms | State: connected
[LOG] Time: 223s | RTT: 238.00 ms | State: connected
[LOG] Time: 224s | RTT: 234.00 ms | State: connected
[LOG] Time: 225s | RTT: 234.00 ms | State: connected
[LOG] Time: 226s | RTT: 234.00 ms | State: connected
[LOG] Time: 227s | RTT: 217.00 ms | State: connected
[LOG] Time: 228s | RTT: 217.00 ms | State: connected
[LOG] Time: 229s | RTT: 197.00 ms | State: connected
[LOG] Time: 230s | RTT: 197.00 ms | State: connected
[LOG] Time: 232s | RTT: 248.00 ms | State: connected
[LOG] Time: 233s | RTT: 248.00 ms | State: connected
[LOG] Time: 234s | RTT: 248.00 ms | State: connected
[LOG] Time: 235s | RTT: 239.00 ms | State: connected
[LOG] Time: 236s | RTT: 239.00 ms | State: connected
[LOG] Time: 237s | RTT: 229.00 ms | State: connected
[LOG] Time: 238s | RTT: 229.00 ms | State: connected
[LOG] Time: 239s | RTT: 229.00 ms | State: connected
[LOG] Time: 240s | RTT: 229.00 ms | State: connected
[LOG] Time: 242s | RTT: 229.00 ms | State: connected
[LOG] Time: 243s | RTT: 282.00 ms | State: connected
[LOG] Time: 244s | RTT: 282.00 ms | State: connected
[LOG] Time: 245s | RTT: 282.00 ms | State: connected
[LOG] Time: 246s | RTT: 224.00 ms | State: connected
[LOG] Time: 247s | RTT: 224.00 ms | State: connected
[LOG] Time: 248s | RTT: 218.00 ms | State: connected
[LOG] Time: 249s | RTT: 218.00 ms | State: connected
[LOG] Time: 250s | RTT: 238.00 ms | State: connected
[LOG] Time: 251s | RTT: 238.00 ms | State: connected
[LOG] Time: 253s | RTT: 238.00 ms | State: connected
[LOG] Time: 254s | RTT: 200.00 ms | State: connected
[LOG] Time: 255s | RTT: 200.00 ms | State: connected
[LOG] Time: 256s | RTT: 183.00 ms | State: connected
[LOG] Time: 257s | RTT: 183.00 ms | State: connected
[LOG] Time: 258s | RTT: 183.00 ms | State: connected
[LOG] Time: 259s | RTT: 216.00 ms | State: connected
[LOG] Time: 260s | RTT: 216.00 ms | State: connected
[LOG] Time: 261s | RTT: 299.00 ms | State: connected
[LOG] Time: 262s | RTT: 299.00 ms | State: connected
[LOG] Time: 263s | RTT: 299.00 ms | State: connected
[LOG] Time: 264s | RTT: 244.00 ms | State: connected
[LOG] Time: 266s | RTT: 244.00 ms | State: connected
[LOG] Time: 267s | RTT: 434.00 ms | State: connected
[LOG] Time: 268s | RTT: 434.00 ms | State: connected
[LOG] Time: 269s | RTT: 241.00 ms | State: connected
[LOG] Time: 270s | RTT: 241.00 ms | State: connected
[LOG] Time: 271s | RTT: 241.00 ms | State: connected
[LOG] Time: 272s | RTT: 247.00 ms | State: connected
[LOG] Time: 273s | RTT: 247.00 ms | State: connected
[LOG] Time: 274s | RTT: 288.00 ms | State: connected
[LOG] Time: 275s | RTT: 288.00 ms | State: connected
[LOG] Time: 276s | RTT: 288.00 ms | State: connected
[LOG] Time: 278s | RTT: 253.00 ms | State: connected
[LOG] Time: 279s | RTT: 253.00 ms | State: connected
[LOG] Time: 280s | RTT: 256.00 ms | State: connected
[LOG] Time: 281s | RTT: 256.00 ms | State: connected
[LOG] Time: 282s | RTT: 256.00 ms | State: connected
[LOG] Time: 283s | RTT: 190.00 ms | State: connected
[LOG] Time: 284s | RTT: 190.00 ms | State: connected
[LOG] Time: 285s | RTT: 228.00 ms | State: connected
[LOG] Time: 286s | RTT: 228.00 ms | State: connected
[LOG] Time: 287s | RTT: 264.00 ms | State: connected
[LOG] Time: 289s | RTT: 264.00 ms | State: connected
[LOG] Time: 290s | RTT: 264.00 ms | State: connected
[LOG] Time: 291s | RTT: 235.00 ms | State: connected
[LOG] Time: 292s | RTT: 235.00 ms | State: connected
[LOG] Time: 293s | RTT: 199.00 ms | State: connected
[LOG] Time: 294s | RTT: 199.00 ms | State: connected
[LOG] Time: 295s | RTT: 199.00 ms | State: connected
[LOG] Time: 296s | RTT: 217.00 ms | State: connected
[LOG] Time: 297s | RTT: 217.00 ms | State: connected
[LOG] Time: 298s | RTT: 222.00 ms | State: connected
[LOG] Time: 299s | RTT: 222.00 ms | State: connected
[LOG] Time: 301s | RTT: 222.00 ms | State: connected
[LOG] Time: 302s | RTT: 195.00 ms | State: connected
[LOG] Time: 303s | RTT: 195.00 ms | State: connected
[LOG] Time: 304s | RTT: 193.00 ms | State: connected
[LOG] Time: 305s | RTT: 193.00 ms | State: connected
[LOG] Time: 306s | RTT: 191.00 ms | State: connected
[LOG] Time: 307s | RTT: 191.00 ms | State: connected
[LOG] Time: 308s | RTT: 191.00 ms | State: connected
[LOG] Time: 309s | RTT: 269.00 ms | State: connected
[LOG] Time: 310s | RTT: 269.00 ms | State: connected
[LOG] Time: 311s | RTT: 202.00 ms | State: connected
[LOG] Time: 313s | RTT: 202.00 ms | State: connected
[LOG] Time: 314s | RTT: 202.00 ms | State: connected
[LOG] Time: 315s | RTT: 236.00 ms | State: connected
[LOG] Time: 316s | RTT: 236.00 ms | State: connected
[LOG] Time: 317s | RTT: 237.00 ms | State: connected
[LOG] Time: 318s | RTT: 237.00 ms | State: connected
[LOG] Time: 319s | RTT: 237.00 ms | State: connected
[LOG] Time: 320s | RTT: 295.00 ms | State: connected
[LOG] Time: 321s | RTT: 295.00 ms | State: connected
[LOG] Time: 322s | RTT: 244.00 ms | State: connected
[LOG] Time: 323s | RTT: 244.00 ms | State: connected
[LOG] Time: 325s | RTT: 244.00 ms | State: connected
[LOG] Time: 326s | RTT: 279.00 ms | State: connected
[LOG] Time: 327s | RTT: 279.00 ms | State: connected
[LOG] Time: 328s | RTT: 208.00 ms | State: connected
[LOG] Time: 329s | RTT: 208.00 ms | State: connected
[LOG] Time: 330s | RTT: 208.00 ms | State: connected
[LOG] Time: 331s | RTT: 471.00 ms | State: connected
[LOG] Time: 332s | RTT: 471.00 ms | State: connected
[LOG] Time: 333s | RTT: 212.00 ms | State: connected
[LOG] Time: 334s | RTT: 212.00 ms | State: connected
[LOG] Time: 335s | RTT: 389.00 ms | State: connected
[LOG] Time: 337s | RTT: 389.00 ms | State: connected
[LOG] Time: 338s | RTT: 389.00 ms | State: connected
[LOG] Time: 339s | RTT: 341.00 ms | State: connected
[LOG] Time: 340s | RTT: 341.00 ms | State: connected
[LOG] Time: 341s | RTT: 232.00 ms | State: connected
[LOG] Time: 342s | RTT: 232.00 ms | State: connected
[LOG] Time: 343s | RTT: 232.00 ms | State: connected
[LOG] Time: 344s | RTT: 202.00 ms | State: connected
[LOG] Time: 345s | RTT: 202.00 ms | State: connected
[LOG] Time: 346s | RTT: 222.00 ms | State: connected
[LOG] Time: 347s | RTT: 222.00 ms | State: connected
[LOG] Time: 348s | RTT: 222.00 ms | State: connected
[LOG] Time: 350s | RTT: 279.00 ms | State: connected
[LOG] Time: 351s | RTT: 279.00 ms | State: connected
[LOG] Time: 352s | RTT: 263.00 ms | State: connected
[LOG] Time: 353s | RTT: 263.00 ms | State: connected
[LOG] Time: 354s | RTT: 279.00 ms | State: connected
[LOG] Time: 355s | RTT: 279.00 ms | State: connected
[LOG] Time: 356s | RTT: 279.00 ms | State: connected
[LOG] Time: 357s | RTT: 190.00 ms | State: connected
[LOG] Time: 358s | RTT: 190.00 ms | State: connected
[LOG] Time: 359s | RTT: 257.00 ms | State: connected
[LOG] Time: 360s | RTT: 257.00 ms | State: connected
[LOG] Time: 361s | RTT: 257.00 ms | State: connected
[LOG] Time: 363s | RTT: 214.00 ms | State: connected
[LOG] Time: 364s | RTT: 214.00 ms | State: connected
[LOG] Time: 365s | RTT: 202.00 ms | State: connected
[LOG] Time: 366s | RTT: 202.00 ms | State: connected
[LOG] Time: 367s | RTT: 202.00 ms | State: connected
[LOG] Time: 368s | RTT: 218.00 ms | State: connected
[LOG] Time: 369s | RTT: 218.00 ms | State: connected
[LOG] Time: 370s | RTT: 188.00 ms | State: connected
[LOG] Time: 371s | RTT: 188.00 ms | State: connected
[LOG] Time: 372s | RTT: 202.00 ms | State: connected
[LOG] Time: 373s | RTT: 202.00 ms | State: connected
[LOG] Time: 375s | RTT: 202.00 ms | State: connected
[LOG] Time: 376s | RTT: 191.00 ms | State: connected
[LOG] Time: 377s | RTT: 191.00 ms | State: connected
[LOG] Time: 378s | RTT: 212.00 ms | State: connected
[LOG] Time: 379s | RTT: 212.00 ms | State: connected
[LOG] Time: 380s | RTT: 212.00 ms | State: connected
[LOG] Time: 381s | RTT: 195.00 ms | State: connected
[LOG] Time: 382s | RTT: 195.00 ms | State: connected
[LOG] Time: 383s | RTT: 191.00 ms | State: connected
[LOG] Time: 384s | RTT: 191.00 ms | State: connected
[LOG] Time: 385s | RTT: 191.00 ms | State: connected
[LOG] Time: 387s | RTT: 235.00 ms | State: connected
[LOG] Time: 388s | RTT: 235.00 ms | State: connected
[LOG] Time: 389s | RTT: 210.00 ms | State: connected
[LOG] Time: 390s | RTT: 210.00 ms | State: connected
[LOG] Time: 391s | RTT: 210.00 ms | State: connected
[LOG] Time: 392s | RTT: 224.00 ms | State: connected
[LOG] Time: 393s | RTT: 224.00 ms | State: connected
[LOG] Time: 394s | RTT: 292.00 ms | State: connected
[LOG] Time: 395s | RTT: 292.00 ms | State: connected
[LOG] Time: 396s | RTT: 228.00 ms | State: connected
[LOG] Time: 397s | RTT: 228.00 ms | State: connected
[LOG] Time: 398s | RTT: 228.00 ms | State: connected
[LOG] Time: 400s | RTT: 224.00 ms | State: connected
[LOG] Time: 401s | RTT: 224.00 ms | State: connected
[LOG] Time: 402s | RTT: 383.00 ms | State: connected
[LOG] Time: 403s | RTT: 383.00 ms | State: connected
[LOG] Time: 404s | RTT: 383.00 ms | State: connected
[LOG] Time: 405s | RTT: 271.00 ms | State: connected
[LOG] Time: 406s | RTT: 271.00 ms | State: connected
[LOG] Time: 407s | RTT: 346.00 ms | State: connected
[LOG] Time: 408s | RTT: 346.00 ms | State: connected
[LOG] Time: 409s | RTT: 346.00 ms | State: connected
[LOG] Time: 410s | RTT: 336.00 ms | State: connected
[LOG] Time: 411s | RTT: 336.00 ms | State: connected
[LOG] Time: 413s | RTT: 249.00 ms | State: connected
[LOG] Time: 414s | RTT: 249.00 ms | State: connected
[LOG] Time: 415s | RTT: 249.00 ms | State: connected
[LOG] Time: 416s | RTT: 188.00 ms | State: connected
[LOG] Time: 417s | RTT: 188.00 ms | State: connected
[LOG] Time: 418s | RTT: 226.00 ms | State: connected
[LOG] Time: 419s | RTT: 226.00 ms | State: connected
[LOG] Time: 420s | RTT: 185.00 ms | State: connected
[LOG] Time: 422s | RTT: 185.00 ms | State: connected
[LOG] Time: 423s | RTT: 185.00 ms | State: connected
[LOG] Time: 424s | RTT: 237.00 ms | State: connected
[LOG] Time: 425s | RTT: 237.00 ms | State: connected
[LOG] Time: 426s | RTT: 218.00 ms | State: connected
[LOG] Time: 427s | RTT: 218.00 ms | State: connected
[LOG] Time: 428s | RTT: 218.00 ms | State: connected
[LOG] Time: 429s | RTT: 312.00 ms | State: connected
[LOG] Time: 430s | RTT: 312.00 ms | State: connected
[LOG] Time: 431s | RTT: 271.00 ms | State: connected
[LOG] Time: 432s | RTT: 271.00 ms | State: connected
[LOG] Time: 433s | RTT: 271.00 ms | State: connected
[LOG] Time: 435s | RTT: 274.00 ms | State: connected
[LOG] Time: 436s | RTT: 274.00 ms | State: connected
[LOG] Time: 437s | RTT: 253.00 ms | State: connected
[LOG] Time: 438s | RTT: 253.00 ms | State: connected
[LOG] Time: 439s | RTT: 249.00 ms | State: connected
[LOG] Time: 440s | RTT: 249.00 ms | State: connected
[LOG] Time: 441s | RTT: 249.00 ms | State: connected
[LOG] Time: 442s | RTT: 504.00 ms | State: connected
[LOG] Time: 443s | RTT: 504.00 ms | State: connected
[LOG] Time: 444s | RTT: 229.00 ms | State: connected
[LOG] Time: 445s | RTT: 229.00 ms | State: connected
[LOG] Time: 446s | RTT: 229.00 ms | State: connected
[LOG] Time: 448s | RTT: 223.00 ms | State: connected
[LOG] Time: 449s | RTT: 223.00 ms | State: connected
[LOG] Time: 450s | RTT: 289.00 ms | State: connected
[LOG] Time: 451s | RTT: 289.00 ms | State: connected
[LOG] Time: 452s | RTT: 289.00 ms | State: connected
[LOG] Time: 453s | RTT: 217.00 ms | State: connected
[LOG] Time: 454s | RTT: 217.00 ms | State: connected
[LOG] Time: 455s | RTT: 216.00 ms | State: connected
[LOG] Time: 456s | RTT: 216.00 ms | State: connected
[LOG] Time: 457s | RTT: 180.00 ms | State: connected
[LOG] Time: 458s | RTT: 180.00 ms | State: connected
[LOG] Time: 460s | RTT: 180.00 ms | State: connected
[LOG] Time: 461s | RTT: 213.00 ms | State: connected
[LOG] Time: 462s | RTT: 213.00 ms | State: connected
[LOG] Time: 463s | RTT: 260.00 ms | State: connected
[LOG] Time: 464s | RTT: 260.00 ms | State: connected
[LOG] Time: 465s | RTT: 260.00 ms | State: connected
[LOG] Time: 466s | RTT: 212.00 ms | State: connected
[LOG] Time: 467s | RTT: 212.00 ms | State: connected
[LOG] Time: 468s | RTT: 236.00 ms | State: connected
[LOG] Time: 469s | RTT: 236.00 ms | State: connected
[LOG] Time: 470s | RTT: 236.00 ms | State: connected
[LOG] Time: 471s | RTT: 215.00 ms | State: connected
[LOG] Time: 472s | RTT: 215.00 ms | State: connected
[LOG] Time: 474s | RTT: 202.00 ms | State: connected
[LOG] Time: 475s | RTT: 202.00 ms | State: connected
[LOG] Time: 476s | RTT: 202.00 ms | State: connected
[LOG] Time: 477s | RTT: 182.00 ms | State: connected
[LOG] Time: 478s | RTT: 182.00 ms | State: connected
[LOG] Time: 479s | RTT: 200.00 ms | State: connected
[LOG] Time: 480s | RTT: 200.00 ms | State: connected
[LOG] Time: 481s | RTT: 218.00 ms | State: connected
[LOG] Time: 482s | RTT: 218.00 ms | State: connected
[LOG] Time: 484s | RTT: 218.00 ms | State: connected
[LOG] Time: 485s | RTT: 241.00 ms | State: connected
[LOG] Time: 486s | RTT: 241.00 ms | State: connected
[LOG] Time: 487s | RTT: 282.00 ms | State: connected
[LOG] Time: 488s | RTT: 282.00 ms | State: connected
[LOG] Time: 489s | RTT: 282.00 ms | State: connected
[LOG] Time: 490s | RTT: 985.00 ms | State: connected
[LOG] Time: 491s | RTT: 985.00 ms | State: connected
[LOG] Time: 492s | RTT: 220.00 ms | State: connected
[LOG] Time: 493s | RTT: 220.00 ms | State: connected
[LOG] Time: 495s | RTT: 213.00 ms | State: connected
[LOG] Time: 496s | RTT: 213.00 ms | State: connected
[LOG] Time: 497s | RTT: 213.00 ms | State: connected
[LOG] Time: 498s | RTT: 200.00 ms | State: connected
[LOG] Time: 499s | RTT: 200.00 ms | State: connected
[LOG] Time: 500s | RTT: 178.00 ms | State: connected
[LOG] Time: 501s | RTT: 178.00 ms | State: connected
[LOG] Time: 502s | RTT: 178.00 ms | State: connected
[LOG] Time: 503s | RTT: 208.00 ms | State: connected
[LOG] Time: 504s | RTT: 208.00 ms | State: connected
[LOG] Time: 505s | RTT: 352.00 ms | State: connected
[LOG] Time: 506s | RTT: 352.00 ms | State: connected
[LOG] Time: 508s | RTT: 352.00 ms | State: connected
[LOG] Time: 509s | RTT: 211.00 ms | State: connected
[LOG] Time: 510s | RTT: 211.00 ms | State: connected
[LOG] Time: 511s | RTT: 300.00 ms | State: connected
[LOG] Time: 512s | RTT: 300.00 ms | State: connected
[LOG] Time: 513s | RTT: 300.00 ms | State: connected
[LOG] Time: 514s | RTT: 347.00 ms | State: connected
[LOG] Time: 515s | RTT: 347.00 ms | State: connected
[LOG] Time: 516s | RTT: 270.00 ms | State: connected
[LOG] Time: 517s | RTT: 270.00 ms | State: connected
[LOG] Time: 518s | RTT: 270.00 ms | State: connected
[LOG] Time: 520s | RTT: 415.00 ms | State: connected
[LOG] Time: 521s | RTT: 415.00 ms | State: connected
[LOG] Time: 522s | RTT: 446.00 ms | State: connected
[LOG] Time: 523s | RTT: 446.00 ms | State: connected
[LOG] Time: 524s | RTT: 213.00 ms | State: connected
[LOG] Time: 525s | RTT: 213.00 ms | State: connected
[LOG] Time: 526s | RTT: 213.00 ms | State: connected
[LOG] Time: 527s | RTT: 214.00 ms | State: connected
[LOG] Time: 528s | RTT: 214.00 ms | State: connected
[LOG] Time: 529s | RTT: 193.00 ms | State: connected
[LOG] Time: 530s | RTT: 193.00 ms | State: connected
[LOG] Time: 531s | RTT: 193.00 ms | State: connected
[LOG] Time: 533s | RTT: 250.00 ms | State: connected
[LOG] Time: 534s | RTT: 250.00 ms | State: connected
[LOG] Time: 535s | RTT: 232.00 ms | State: connected
[LOG] Time: 536s | RTT: 232.00 ms | State: connected
[LOG] Time: 537s | RTT: 232.00 ms | State: connected
[LOG] Time: 538s | RTT: 322.00 ms | State: connected
[LOG] Time: 539s | RTT: 322.00 ms | State: connected
[LOG] Time: 540s | RTT: 395.00 ms | State: connected
[LOG] Time: 541s | RTT: 395.00 ms | State: connected
[LOG] Time: 542s | RTT: 395.00 ms | State: connected
[LOG] Time: 543s | RTT: 488.00 ms | State: connected
[LOG] Time: 544s | RTT: 488.00 ms | State: connected
[LOG] Time: 546s | RTT: 274.00 ms | State: connected
[LOG] Time: 547s | RTT: 274.00 ms | State: connected
[LOG] Time: 548s | RTT: 315.00 ms | State: connected
[LOG] Time: 549s | RTT: 315.00 ms | State: connected
[LOG] Time: 550s | RTT: 315.00 ms | State: connected
[LOG] Time: 551s | RTT: 540.00 ms | State: connected
[LOG] Time: 552s | RTT: 540.00 ms | State: connected
[LOG] Time: 553s | RTT: 540.00 ms | State: connected
[LOG] Time: 554s | RTT: 587.00 ms | State: connected
[LOG] Time: 555s | RTT: 587.00 ms | State: connected
[LOG] Time: 556s | RTT: 271.00 ms | State: connected
[LOG] Time: 558s | RTT: 271.00 ms | State: connected
[LOG] Time: 559s | RTT: 489.00 ms | State: connected
[LOG] Time: 560s | RTT: 489.00 ms | State: connected
[LOG] Time: 561s | RTT: 489.00 ms | State: connected
[LOG] Time: 562s | RTT: 219.00 ms | State: connected
[LOG] Time: 563s | RTT: 219.00 ms | State: connected
[LOG] Time: 564s | RTT: 195.00 ms | State: connected
[LOG] Time: 565s | RTT: 195.00 ms | State: connected
[LOG] Time: 566s | RTT: 230.00 ms | State: connected
[LOG] Time: 567s | RTT: 230.00 ms | State: connected
[LOG] Time: 569s | RTT: 230.00 ms | State: connected
[LOG] Time: 570s | RTT: 224.00 ms | State: connected
[LOG] Time: 571s | RTT: 224.00 ms | State: connected
[LOG] Time: 572s | RTT: 294.00 ms | State: connected
[LOG] Time: 573s | RTT: 294.00 ms | State: connected
[LOG] Time: 574s | RTT: 294.00 ms | State: connected
[LOG] Time: 575s | RTT: 236.00 ms | State: connected
[LOG] Time: 576s | RTT: 236.00 ms | State: connected
[LOG] Time: 577s | RTT: 386.00 ms | State: connected
[LOG] Time: 578s | RTT: 386.00 ms | State: connected
[LOG] Time: 579s | RTT: 386.00 ms | State: connected
[LOG] Time: 580s | RTT: 251.00 ms | State: connected
[LOG] Time: 582s | RTT: 251.00 ms | State: connected
[LOG] Time: 583s | RTT: 297.00 ms | State: connected
[LOG] Time: 584s | RTT: 297.00 ms | State: connected
[LOG] Time: 585s | RTT: 297.00 ms | State: connected
[LOG] Time: 586s | RTT: 224.00 ms | State: connected
[LOG] Time: 587s | RTT: 224.00 ms | State: connected
[LOG] Time: 588s | RTT: 271.00 ms | State: connected
[LOG] Time: 589s | RTT: 271.00 ms | State: connected
[LOG] Time: 590s | RTT: 215.00 ms | State: connected
[LOG] Time: 591s | RTT: 215.00 ms | State: connected
[LOG] Time: 592s | RTT: 215.00 ms | State: connected
[LOG] Time: 594s | RTT: 219.00 ms | State: connected
[LOG] Time: 595s | RTT: 219.00 ms | State: connected
[LOG] Time: 596s | RTT: 198.00 ms | State: connected
[LOG] Time: 597s | RTT: 198.00 ms | State: connected
[LOG] Time: 598s | RTT: 198.00 ms | State: connected
[LOG] Time: 599s | RTT: 226.00 ms | State: connected
[*] Monitoring finished.

SUCCESS! Remote IP: 48.208.173.226
[*] Resolving Server Location...
SUCCESS! Server Location: San Francisco, United States (Microsoft Corporation)

[*] Running TCP MTR (Port 443)...
Start: 2026-02-16T04:21:56+0000
HOST: 870723982c51                Loss%   Snt   Last   Avg  Best  Wrst StDev
  1. AS???    172.17.0.1           0.0%    10    0.3   0.2   0.2   0.3   0.0
  2. AS???    10.1.0.1             0.0%    10  7190. 1860.   1.7 7190. 3091.3
  3. AS???    100.64.0.1           0.0%    10   49.5  48.7  32.4  79.2  12.0
  4. AS???    172.16.251.112       0.0%    10   47.3  52.6  32.9 101.3  18.3
  5. AS???    ???                 100.0    10    0.0   0.0   0.0   0.0   0.0
  6. AS14593  206.224.66.152       0.0%    10   58.7  57.3  43.4  83.4  12.1
        206.224.66.143                   
     AS14593  206.224.66.143
        206.224.66.149                   
     AS14593  206.224.66.149
        206.224.66.157                   
     AS14593  206.224.66.157
  7. AS8075   104.44.56.169        0.0%    10   55.7  65.2  51.1  83.2  10.6
        104.44.14.15                     
     AS8075   104.44.14.15
  8. AS8075   104.44.53.185        0.0%    10   55.5  72.3  54.2 129.7  23.1
        104.44.53.201                    
     AS8075   104.44.53.201
  9. AS8075   104.44.34.0          0.0%    10   95.1  81.4  62.1 105.2  14.7
        104.44.34.2                      
     AS8075   104.44.34.2
        104.44.33.254                    
     AS8075   104.44.33.254
        104.44.20.130                    
     AS8075   104.44.20.130
 10. AS8075   104.44.16.74         0.0%    10   83.3  93.2  63.7 191.2  38.6
        104.44.16.26                     
     AS8075   104.44.16.26
        104.44.7.100                     
     AS8075   104.44.7.100
        104.44.16.76                     
     AS8075   104.44.16.76
 11. AS8075   104.44.7.69          0.0%    10   76.0  71.7  62.6  83.7   6.2
        104.44.22.148                    
     AS8075   104.44.22.148
        104.44.20.217                    
     AS8075   104.44.20.217
        104.44.22.156                    
     AS8075   104.44.22.156
        104.44.7.189                     
     AS8075   104.44.7.189
        104.44.22.146                    
     AS8075   104.44.22.146
 12. AS8075   104.44.22.168       50.0%    10   67.6  74.4  67.6  86.2   7.4
        104.44.23.73                     
     AS8075   104.44.23.73
        104.44.23.75                     
     AS8075   104.44.23.75
        104.44.23.71                     
     AS8075   104.44.23.71
 13. AS???    ???                 100.0    10    0.0   0.0   0.0   0.0   0.0

[*] Running UDP MTR...
Start: 2026-02-16T04:22:16+0000
HOST: 870723982c51                Loss%   Snt   Last   Avg  Best  Wrst StDev
  1. AS???    172.17.0.1           0.0%    10    0.2   0.1   0.1   0.2   0.0
  2. AS???    10.1.0.1            10.0%    10    2.5  67.1   2.5 228.8  83.8
  3. AS???    100.64.0.1           0.0%    10   50.2 100.3  33.4 226.6  69.6
  4. AS???    172.16.251.112       0.0%    10   53.1  94.2  33.3 184.7  56.1
  5. AS14593  206.224.64.54        0.0%    10   67.6  97.0  41.4 157.4  46.9
        206.224.64.22                    
     AS14593  206.224.64.22
        206.224.64.202                   
     AS14593  206.224.64.202
        206.224.64.34                    
     AS14593  206.224.64.34
  6. AS14593  206.224.66.155       0.0%    10   52.8  65.7  34.9 140.4  35.6
        206.224.66.152                   
     AS14593  206.224.66.152
        206.224.66.147                   
     AS14593  206.224.66.147
        206.224.66.145                   
     AS14593  206.224.66.145
        206.224.66.143                   
     AS14593  206.224.66.143
        206.224.66.157                   
     AS14593  206.224.66.157
  7. AS8075   104.44.14.15         0.0%    10   43.0  61.5  36.5 100.4  21.7
        104.44.56.169                    
     AS8075   104.44.56.169
  8. AS8075   104.44.53.201        0.0%    10   53.1  71.4  32.5 143.7  35.9
        104.44.53.185                    
     AS8075   104.44.53.185
  9. AS8075   104.44.20.130        0.0%    10  165.3  96.5  54.5 165.3  39.2
        104.44.34.2                      
     AS8075   104.44.34.2
        104.44.33.254                    
     AS8075   104.44.33.254
        104.44.34.0                      
     AS8075   104.44.34.0
 10. AS8075   104.44.16.26         0.0%    10  128.3  89.6  59.5 128.3  26.7
        104.44.7.100                     
     AS8075   104.44.7.100
        104.44.16.74                     
     AS8075   104.44.16.74
 11. AS8075   104.44.7.69         10.0%    10  112.1  73.1  51.5 112.1  18.2
        104.44.22.148                    
     AS8075   104.44.22.148
        104.44.7.189                     
     AS8075   104.44.7.189
 12. AS8075   104.44.22.168       30.0%    10   79.1 109.4  55.3 185.2  50.9
        104.44.17.23                     
     AS8075   104.44.17.23
        104.44.22.176                    
     AS8075   104.44.22.176
        104.44.23.71                     
     AS8075   104.44.23.71
        104.44.22.166                    
     AS8075   104.44.22.166
 13. AS8075   104.44.23.63        70.0%    10   87.0 110.0  87.0 135.5  24.4
        104.44.22.156                    
     AS8075   104.44.22.156
 14. AS???    ???                 100.0    10    0.0   0.0   0.0   0.0   0.0
