[*] Config Loaded: Name='flight-hawaii-van-Teams', Duration=600s
[*] Launching Chrome for Teams...
[*] Joining URL: [REDACTED_TEAMS_MEETING_URL]
[*] Navigating Join Flow...
[*] Looking for Join button...
    [+] JOIN CLICKED!
[*] Waiting for connection (20s)...
[*] Starting continuous monitoring for 600 seconds...
[LOG] Time: 0s | RTT: 123.00 ms | State: connected
[LOG] Time: 1s | RTT: 263.00 ms | State: connected
[LOG] Time: 2s | RTT: 263.00 ms | State: connected
[LOG] Time: 3s | RTT: 176.00 ms | State: connected
[LOG] Time: 4s | RTT: 176.00 ms | State: connected
[LOG] Time: 5s | RTT: 176.00 ms | State: connected
[LOG] Time: 6s | RTT: 283.00 ms | State: connected
[LOG] Time: 7s | RTT: 283.00 ms | State: connected
[LOG] Time: 9s | RTT: 160.00 ms | State: connected
[LOG] Time: 10s | RTT: 160.00 ms | State: connected
[LOG] Time: 11s | RTT: 146.00 ms | State: connected
[LOG] Time: 12s | RTT: 146.00 ms | State: connected
[LOG] Time: 13s | RTT: 146.00 ms | State: connected
[LOG] Time: 14s | RTT: 135.00 ms | State: connected
[LOG] Time: 15s | RTT: 135.00 ms | State: connected
[LOG] Time: 16s | RTT: 134.00 ms | State: connected
[LOG] Time: 17s | RTT: 134.00 ms | State: connected
[LOG] Time: 18s | RTT: 134.00 ms | State: connected
[LOG] Time: 19s | RTT: 114.00 ms | State: connected
[LOG] Time: 21s | RTT: 114.00 ms | State: connected
[LOG] Time: 22s | RTT: 163.00 ms | State: connected
[LOG] Time: 23s | RTT: 163.00 ms | State: connected
[LOG] Time: 24s | RTT: 144.00 ms | State: connected
[LOG] Time: 25s | RTT: 144.00 ms | State: connected
[LOG] Time: 26s | RTT: 144.00 ms | State: connected
[LOG] Time: 27s | RTT: 146.00 ms | State: connected
[LOG] Time: 28s | RTT: 146.00 ms | State: connected
[LOG] Time: 29s | RTT: 148.00 ms | State: connected
[LOG] Time: 30s | RTT: 148.00 ms | State: connected
[LOG] Time: 31s | RTT: 148.00 ms | State: connected
[LOG] Time: 33s | RTT: 130.00 ms | State: connected
[LOG] Time: 34s | RTT: 130.00 ms | State: connected
[LOG] Time: 35s | RTT: 118.00 ms | State: connected
[LOG] Time: 36s | RTT: 118.00 ms | State: connected
[LOG] Time: 37s | RTT: 118.00 ms | State: connected
[LOG] Time: 38s | RTT: 112.00 ms | State: connected
[LOG] Time: 39s | RTT: 112.00 ms | State: connected
[LOG] Time: 40s | RTT: 113.00 ms | State: connected
[LOG] Time: 41s | RTT: 113.00 ms | State: connected
[LOG] Time: 42s | RTT: 113.00 ms | State: connected
[LOG] Time: 43s | RTT: 174.00 ms | State: connected
[LOG] Time: 45s | RTT: 174.00 ms | State: connected
[LOG] Time: 46s | RTT: 130.00 ms | State: connected
[LOG] Time: 47s | RTT: 130.00 ms | State: connected
[LOG] Time: 48s | RTT: 162.00 ms | State: connected
[LOG] Time: 49s | RTT: 162.00 ms | State: connected
[LOG] Time: 50s | RTT: 162.00 ms | State: connected
[LOG] Time: 51s | RTT: 140.00 ms | State: connected
[LOG] Time: 52s | RTT: 140.00 ms | State: connected
[LOG] Time: 53s | RTT: 127.00 ms | State: connected
[LOG] Time: 54s | RTT: 127.00 ms | State: connected
[LOG] Time: 55s | RTT: 127.00 ms | State: connected
[LOG] Time: 57s | RTT: 108.00 ms | State: connected
[LOG] Time: 58s | RTT: 108.00 ms | State: connected
[LOG] Time: 59s | RTT: 137.00 ms | State: connected
[LOG] Time: 60s | RTT: 137.00 ms | State: connected
[LOG] Time: 61s | RTT: 137.00 ms | State: connected
[LOG] Time: 62s | RTT: 140.00 ms | State: connected
[LOG] Time: 63s | RTT: 140.00 ms | State: connected
[LOG] Time: 64s | RTT: 125.00 ms | State: connected
[LOG] Time: 65s | RTT: 125.00 ms | State: connected
[LOG] Time: 66s | RTT: 125.00 ms | State: connected
[LOG] Time: 67s | RTT: 144.00 ms | State: connected
[LOG] Time: 69s | RTT: 144.00 ms | State: connected
[LOG] Time: 70s | RTT: 141.00 ms | State: connected
[LOG] Time: 71s | RTT: 141.00 ms | State: connected
[LOG] Time: 72s | RTT: 131.00 ms | State: connected
[LOG] Time: 73s | RTT: 131.00 ms | State: connected
[LOG] Time: 74s | RTT: 131.00 ms | State: connected
[LOG] Time: 75s | RTT: 116.00 ms | State: connected
[LOG] Time: 76s | RTT: 116.00 ms | State: connected
[LOG] Time: 77s | RTT: 152.00 ms | State: connected
[LOG] Time: 78s | RTT: 152.00 ms | State: connected
[LOG] Time: 79s | RTT: 152.00 ms | State: connected
[LOG] Time: 80s | RTT: 129.00 ms | State: connected
[LOG] Time: 82s | RTT: 129.00 ms | State: connected
[LOG] Time: 83s | RTT: 123.00 ms | State: connected
[LOG] Time: 84s | RTT: 123.00 ms | State: connected
[LOG] Time: 85s | RTT: 123.00 ms | State: connected
[LOG] Time: 86s | RTT: 123.00 ms | State: connected
[LOG] Time: 87s | RTT: 123.00 ms | State: connected
[LOG] Time: 88s | RTT: 118.00 ms | State: connected
[LOG] Time: 89s | RTT: 118.00 ms | State: connected
[LOG] Time: 90s | RTT: 107.00 ms | State: connected
[LOG] Time: 91s | RTT: 107.00 ms | State: connected
[LOG] Time: 92s | RTT: 107.00 ms | State: connected
[LOG] Time: 94s | RTT: 96.00 ms | State: connected
[LOG] Time: 95s | RTT: 96.00 ms | State: connected
[LOG] Time: 96s | RTT: 103.00 ms | State: connected
[LOG] Time: 97s | RTT: 103.00 ms | State: connected
[LOG] Time: 98s | RTT: 103.00 ms | State: connected
[LOG] Time: 99s | RTT: 137.00 ms | State: connected
[LOG] Time: 100s | RTT: 137.00 ms | State: connected
[LOG] Time: 101s | RTT: 119.00 ms | State: connected
[LOG] Time: 102s | RTT: 119.00 ms | State: connected
[LOG] Time: 104s | RTT: 127.00 ms | State: connected
[LOG] Time: 105s | RTT: 127.00 ms | State: connected
[LOG] Time: 106s | RTT: 127.00 ms | State: connected
[LOG] Time: 107s | RTT: 133.00 ms | State: connected
[LOG] Time: 108s | RTT: 133.00 ms | State: connected
[LOG] Time: 109s | RTT: 140.00 ms | State: connected
[LOG] Time: 110s | RTT: 140.00 ms | State: connected
[LOG] Time: 111s | RTT: 140.00 ms | State: connected
[LOG] Time: 113s | RTT: 119.00 ms | State: connected
[LOG] Time: 114s | RTT: 119.00 ms | State: connected
[LOG] Time: 115s | RTT: 122.00 ms | State: connected
[LOG] Time: 116s | RTT: 122.00 ms | State: connected
[LOG] Time: 117s | RTT: 155.00 ms | State: connected
[LOG] Time: 118s | RTT: 155.00 ms | State: connected
[LOG] Time: 119s | RTT: 155.00 ms | State: connected
[LOG] Time: 120s | RTT: 130.00 ms | State: connected
[LOG] Time: 121s | RTT: 130.00 ms | State: connected
[LOG] Time: 122s | RTT: 140.00 ms | State: connected
[LOG] Time: 123s | RTT: 140.00 ms | State: connected
[LOG] Time: 125s | RTT: 140.00 ms | State: connected
[LOG] Time: 126s | RTT: 141.00 ms | State: connected
[LOG] Time: 127s | RTT: 141.00 ms | State: connected
[LOG] Time: 128s | RTT: 153.00 ms | State: connected
[LOG] Time: 129s | RTT: 153.00 ms | State: connected
[LOG] Time: 130s | RTT: 153.00 ms | State: connected
[LOG] Time: 131s | RTT: 576.00 ms | State: connected
[LOG] Time: 132s | RTT: 576.00 ms | State: connected
[LOG] Time: 133s | RTT: 98.00 ms | State: connected
[LOG] Time: 134s | RTT: 98.00 ms | State: connected
[LOG] Time: 135s | RTT: 98.00 ms | State: connected
[LOG] Time: 136s | RTT: 112.00 ms | State: connected
[LOG] Time: 138s | RTT: 112.00 ms | State: connected
[LOG] Time: 139s | RTT: 173.00 ms | State: connected
[LOG] Time: 140s | RTT: 173.00 ms | State: connected
[LOG] Time: 141s | RTT: 136.00 ms | State: connected
[LOG] Time: 142s | RTT: 136.00 ms | State: connected
[LOG] Time: 143s | RTT: 136.00 ms | State: connected
[LOG] Time: 144s | RTT: 241.00 ms | State: connected
[LOG] Time: 145s | RTT: 241.00 ms | State: connected
[LOG] Time: 146s | RTT: 144.00 ms | State: connected
[LOG] Time: 147s | RTT: 144.00 ms | State: connected
[LOG] Time: 148s | RTT: 144.00 ms | State: connected
[LOG] Time: 149s | RTT: 128.00 ms | State: connected
[LOG] Time: 151s | RTT: 128.00 ms | State: connected
[LOG] Time: 152s | RTT: 132.00 ms | State: connected
[LOG] Time: 153s | RTT: 132.00 ms | State: connected
[LOG] Time: 154s | RTT: 132.00 ms | State: connected
[LOG] Time: 155s | RTT: 121.00 ms | State: connected
[LOG] Time: 156s | RTT: 121.00 ms | State: connected
[LOG] Time: 157s | RTT: 178.00 ms | State: connected
[LOG] Time: 158s | RTT: 178.00 ms | State: connected
[LOG] Time: 159s | RTT: 133.00 ms | State: connected
[LOG] Time: 160s | RTT: 133.00 ms | State: connected
[LOG] Time: 162s | RTT: 133.00 ms | State: connected
[LOG] Time: 163s | RTT: 195.00 ms | State: connected
[LOG] Time: 164s | RTT: 195.00 ms | State: connected
[LOG] Time: 165s | RTT: 131.00 ms | State: connected
[LOG] Time: 166s | RTT: 131.00 ms | State: connected
[LOG] Time: 167s | RTT: 131.00 ms | State: connected
[LOG] Time: 168s | RTT: 119.00 ms | State: connected
[LOG] Time: 169s | RTT: 119.00 ms | State: connected
[LOG] Time: 171s | RTT: 145.00 ms | State: connected
[LOG] Time: 172s | RTT: 145.00 ms | State: connected
[LOG] Time: 173s | RTT: 116.00 ms | State: connected
[LOG] Time: 174s | RTT: 116.00 ms | State: connected
[LOG] Time: 175s | RTT: 100.00 ms | State: connected
[LOG] Time: 176s | RTT: 100.00 ms | State: connected
[LOG] Time: 177s | RTT: 100.00 ms | State: connected
[LOG] Time: 179s | RTT: 180.00 ms | State: connected
[LOG] Time: 180s | RTT: 180.00 ms | State: connected
[LOG] Time: 181s | RTT: 110.00 ms | State: connected
[LOG] Time: 182s | RTT: 110.00 ms | State: connected
[LOG] Time: 183s | RTT: 110.00 ms | State: connected
[LOG] Time: 184s | RTT: 399.00 ms | State: connected
[LOG] Time: 185s | RTT: 399.00 ms | State: connected
[LOG] Time: 186s | RTT: 104.00 ms | State: connected
[LOG] Time: 188s | RTT: 104.00 ms | State: connected
[LOG] Time: 189s | RTT: 102.00 ms | State: connected
[LOG] Time: 190s | RTT: 102.00 ms | State: connected
[LOG] Time: 191s | RTT: 102.00 ms | State: connected
[LOG] Time: 192s | RTT: 128.00 ms | State: connected
[LOG] Time: 193s | RTT: 128.00 ms | State: connected
[LOG] Time: 195s | RTT: 116.00 ms | State: connected
[LOG] Time: 196s | RTT: 116.00 ms | State: connected
[LOG] Time: 197s | RTT: 127.00 ms | State: connected
[LOG] Time: 198s | RTT: 127.00 ms | State: connected
[LOG] Time: 199s | RTT: 127.00 ms | State: connected
[LOG] Time: 200s | RTT: 133.00 ms | State: connected
[LOG] Time: 201s | RTT: 133.00 ms | State: connected
[LOG] Time: 202s | RTT: 146.00 ms | State: connected
[LOG] Time: 203s | RTT: 146.00 ms | State: connected
[LOG] Time: 205s | RTT: 133.00 ms | State: connected
[LOG] Time: 206s | RTT: 133.00 ms | State: connected
[LOG] Time: 207s | RTT: 133.00 ms | State: connected
[LOG] Time: 208s | RTT: 127.00 ms | State: connected
[LOG] Time: 209s | RTT: 127.00 ms | State: connected
[LOG] Time: 210s | RTT: 139.00 ms | State: connected
[LOG] Time: 211s | RTT: 139.00 ms | State: connected
[LOG] Time: 212s | RTT: 139.00 ms | State: connected
[LOG] Time: 213s | RTT: 201.00 ms | State: connected
[LOG] Time: 214s | RTT: 201.00 ms | State: connected
[LOG] Time: 215s | RTT: 130.00 ms | State: connected
[LOG] Time: 217s | RTT: 130.00 ms | State: connected
[LOG] Time: 218s | RTT: 130.00 ms | State: connected
[LOG] Time: 219s | RTT: 125.00 ms | State: connected
[LOG] Time: 220s | RTT: 125.00 ms | State: connected
[LOG] Time: 221s | RTT: 174.00 ms | State: connected
[LOG] Time: 222s | RTT: 174.00 ms | State: connected
[LOG] Time: 223s | RTT: 155.00 ms | State: connected
[LOG] Time: 224s | RTT: 155.00 ms | State: connected
[LOG] Time: 225s | RTT: 155.00 ms | State: connected
[LOG] Time: 226s | RTT: 129.00 ms | State: connected
[LOG] Time: 227s | RTT: 129.00 ms | State: connected
[LOG] Time: 229s | RTT: 144.00 ms | State: connected
[LOG] Time: 230s | RTT: 144.00 ms | State: connected
[LOG] Time: 231s | RTT: 144.00 ms | State: connected
[LOG] Time: 232s | RTT: 145.00 ms | State: connected
[LOG] Time: 233s | RTT: 145.00 ms | State: connected
[LOG] Time: 234s | RTT: 100.00 ms | State: connected
[LOG] Time: 235s | RTT: 100.00 ms | State: connected
[LOG] Time: 236s | RTT: 100.00 ms | State: connected
[LOG] Time: 237s | RTT: 120.00 ms | State: connected
[LOG] Time: 238s | RTT: 120.00 ms | State: connected
[LOG] Time: 239s | RTT: 131.00 ms | State: connected
[LOG] Time: 240s | RTT: 131.00 ms | State: connected
[LOG] Time: 242s | RTT: 131.00 ms | State: connected
[LOG] Time: 243s | RTT: 168.00 ms | State: connected
[LOG] Time: 244s | RTT: 168.00 ms | State: connected
[LOG] Time: 245s | RTT: 115.00 ms | State: connected
[LOG] Time: 246s | RTT: 115.00 ms | State: connected
[LOG] Time: 247s | RTT: 115.00 ms | State: connected
[LOG] Time: 248s | RTT: 131.00 ms | State: connected
[LOG] Time: 249s | RTT: 131.00 ms | State: connected
[LOG] Time: 250s | RTT: 126.00 ms | State: connected
[LOG] Time: 251s | RTT: 126.00 ms | State: connected
[LOG] Time: 252s | RTT: 123.00 ms | State: connected
[LOG] Time: 253s | RTT: 123.00 ms | State: connected
[LOG] Time: 255s | RTT: 123.00 ms | State: connected
[LOG] Time: 256s | RTT: 127.00 ms | State: connected
[LOG] Time: 257s | RTT: 127.00 ms | State: connected
[LOG] Time: 258s | RTT: 110.00 ms | State: connected
[LOG] Time: 259s | RTT: 110.00 ms | State: connected
[LOG] Time: 260s | RTT: 110.00 ms | State: connected
[LOG] Time: 261s | RTT: 105.00 ms | State: connected
[LOG] Time: 262s | RTT: 105.00 ms | State: connected
[LOG] Time: 263s | RTT: 150.00 ms | State: connected
[LOG] Time: 264s | RTT: 150.00 ms | State: connected
[LOG] Time: 265s | RTT: 150.00 ms | State: connected
[LOG] Time: 266s | RTT: 146.00 ms | State: connected
[LOG] Time: 268s | RTT: 146.00 ms | State: connected
[LOG] Time: 269s | RTT: 121.00 ms | State: connected
[LOG] Time: 270s | RTT: 121.00 ms | State: connected
[LOG] Time: 271s | RTT: 121.00 ms | State: connected
[LOG] Time: 272s | RTT: 105.00 ms | State: connected
[LOG] Time: 273s | RTT: 105.00 ms | State: connected
[LOG] Time: 274s | RTT: 122.00 ms | State: connected
[LOG] Time: 275s | RTT: 122.00 ms | State: connected
[LOG] Time: 276s | RTT: 122.00 ms | State: connected
[LOG] Time: 277s | RTT: 139.00 ms | State: connected
[LOG] Time: 278s | RTT: 139.00 ms | State: connected
[LOG] Time: 279s | RTT: 126.00 ms | State: connected
[LOG] Time: 281s | RTT: 126.00 ms | State: connected
[LOG] Time: 282s | RTT: 121.00 ms | State: connected
[LOG] Time: 283s | RTT: 121.00 ms | State: connected
[LOG] Time: 284s | RTT: 121.00 ms | State: connected
[LOG] Time: 285s | RTT: 113.00 ms | State: connected
[LOG] Time: 286s | RTT: 113.00 ms | State: connected
[LOG] Time: 287s | RTT: 147.00 ms | State: connected
[LOG] Time: 288s | RTT: 147.00 ms | State: connected
[LOG] Time: 289s | RTT: 147.00 ms | State: connected
[LOG] Time: 290s | RTT: 148.00 ms | State: connected
[LOG] Time: 291s | RTT: 148.00 ms | State: connected
[LOG] Time: 292s | RTT: 138.00 ms | State: connected
[LOG] Time: 294s | RTT: 138.00 ms | State: connected
[LOG] Time: 295s | RTT: 138.00 ms | State: connected
[LOG] Time: 296s | RTT: 135.00 ms | State: connected
[LOG] Time: 297s | RTT: 135.00 ms | State: connected
[LOG] Time: 298s | RTT: 158.00 ms | State: connected
[LOG] Time: 299s | RTT: 158.00 ms | State: connected
[LOG] Time: 300s | RTT: 108.00 ms | State: connected
[LOG] Time: 301s | RTT: 108.00 ms | State: connected
[LOG] Time: 302s | RTT: 108.00 ms | State: connected
[LOG] Time: 303s | RTT: 141.00 ms | State: connected
[LOG] Time: 304s | RTT: 141.00 ms | State: connected
[LOG] Time: 306s | RTT: 106.00 ms | State: connected
[LOG] Time: 307s | RTT: 106.00 ms | State: connected
[LOG] Time: 308s | RTT: 106.00 ms | State: connected
[LOG] Time: 309s | RTT: 140.00 ms | State: connected
[LOG] Time: 310s | RTT: 140.00 ms | State: connected
[LOG] Time: 311s | RTT: 145.00 ms | State: connected
[LOG] Time: 312s | RTT: 145.00 ms | State: connected
[LOG] Time: 313s | RTT: 145.00 ms | State: connected
[LOG] Time: 314s | RTT: 145.00 ms | State: connected
[LOG] Time: 315s | RTT: 145.00 ms | State: connected
[LOG] Time: 316s | RTT: 148.00 ms | State: connected
[LOG] Time: 317s | RTT: 148.00 ms | State: connected
[LOG] Time: 319s | RTT: 148.00 ms | State: connected
[LOG] Time: 320s | RTT: 110.00 ms | State: connected
[LOG] Time: 321s | RTT: 110.00 ms | State: connected
[LOG] Time: 322s | RTT: 103.00 ms | State: connected
[LOG] Time: 323s | RTT: 103.00 ms | State: connected
[LOG] Time: 324s | RTT: 103.00 ms | State: connected
[LOG] Time: 325s | RTT: 105.00 ms | State: connected
[LOG] Time: 326s | RTT: 105.00 ms | State: connected
[LOG] Time: 327s | RTT: 121.00 ms | State: connected
[LOG] Time: 328s | RTT: 121.00 ms | State: connected
[LOG] Time: 329s | RTT: 127.00 ms | State: connected
[LOG] Time: 330s | RTT: 127.00 ms | State: connected
[LOG] Time: 332s | RTT: 127.00 ms | State: connected
[LOG] Time: 333s | RTT: 107.00 ms | State: connected
[LOG] Time: 334s | RTT: 107.00 ms | State: connected
[LOG] Time: 335s | RTT: 126.00 ms | State: connected
[LOG] Time: 336s | RTT: 126.00 ms | State: connected
[LOG] Time: 337s | RTT: 126.00 ms | State: connected
[LOG] Time: 338s | RTT: 115.00 ms | State: connected
[LOG] Time: 339s | RTT: 115.00 ms | State: connected
[LOG] Time: 340s | RTT: 110.00 ms | State: connected
[LOG] Time: 341s | RTT: 110.00 ms | State: connected
[LOG] Time: 343s | RTT: 110.00 ms | State: connected
[LOG] Time: 344s | RTT: 143.00 ms | State: connected
[LOG] Time: 345s | RTT: 143.00 ms | State: connected
[LOG] Time: 346s | RTT: 114.00 ms | State: connected
[LOG] Time: 347s | RTT: 114.00 ms | State: connected
[LOG] Time: 348s | RTT: 126.00 ms | State: connected
[LOG] Time: 349s | RTT: 126.00 ms | State: connected
[LOG] Time: 350s | RTT: 126.00 ms | State: connected
[LOG] Time: 351s | RTT: 117.00 ms | State: connected
[LOG] Time: 353s | RTT: 117.00 ms | State: connected
[LOG] Time: 354s | RTT: 132.00 ms | State: connected
[LOG] Time: 355s | RTT: 132.00 ms | State: connected
[LOG] Time: 356s | RTT: 132.00 ms | State: connected
[LOG] Time: 357s | RTT: 144.00 ms | State: connected
[LOG] Time: 358s | RTT: 144.00 ms | State: connected
[LOG] Time: 359s | RTT: 145.00 ms | State: connected
[LOG] Time: 360s | RTT: 145.00 ms | State: connected
[LOG] Time: 361s | RTT: 116.00 ms | State: connected
[LOG] Time: 362s | RTT: 116.00 ms | State: connected
[LOG] Time: 363s | RTT: 116.00 ms | State: connected
[LOG] Time: 365s | RTT: 128.00 ms | State: connected
[LOG] Time: 366s | RTT: 128.00 ms | State: connected
[LOG] Time: 367s | RTT: 127.00 ms | State: connected
[LOG] Time: 368s | RTT: 127.00 ms | State: connected
[LOG] Time: 369s | RTT: 127.00 ms | State: connected
[LOG] Time: 370s | RTT: 116.00 ms | State: connected
[LOG] Time: 371s | RTT: 116.00 ms | State: connected
[LOG] Time: 372s | RTT: 111.00 ms | State: connected
[LOG] Time: 373s | RTT: 111.00 ms | State: connected
[LOG] Time: 374s | RTT: 111.00 ms | State: connected
[LOG] Time: 375s | RTT: 112.00 ms | State: connected
[LOG] Time: 377s | RTT: 112.00 ms | State: connected
[LOG] Time: 378s | RTT: 121.00 ms | State: connected
[LOG] Time: 379s | RTT: 121.00 ms | State: connected
[LOG] Time: 380s | RTT: 147.00 ms | State: connected
[LOG] Time: 381s | RTT: 147.00 ms | State: connected
[LOG] Time: 382s | RTT: 147.00 ms | State: connected
[LOG] Time: 383s | RTT: 149.00 ms | State: connected
[LOG] Time: 384s | RTT: 149.00 ms | State: connected
[LOG] Time: 385s | RTT: 118.00 ms | State: connected
[LOG] Time: 386s | RTT: 118.00 ms | State: connected
[LOG] Time: 387s | RTT: 118.00 ms | State: connected
[LOG] Time: 389s | RTT: 118.00 ms | State: connected
[LOG] Time: 390s | RTT: 118.00 ms | State: connected
[LOG] Time: 391s | RTT: 112.00 ms | State: connected
[LOG] Time: 392s | RTT: 112.00 ms | State: connected
[LOG] Time: 393s | RTT: 112.00 ms | State: connected
[LOG] Time: 394s | RTT: 137.00 ms | State: connected
[LOG] Time: 395s | RTT: 137.00 ms | State: connected
[LOG] Time: 396s | RTT: 117.00 ms | State: connected
[LOG] Time: 397s | RTT: 117.00 ms | State: connected
[LOG] Time: 398s | RTT: 117.00 ms | State: connected
[LOG] Time: 399s | RTT: 125.00 ms | State: connected
[LOG] Time: 400s | RTT: 125.00 ms | State: connected
[LOG] Time: 402s | RTT: 157.00 ms | State: connected
[LOG] Time: 403s | RTT: 157.00 ms | State: connected
[LOG] Time: 404s | RTT: 121.00 ms | State: connected
[LOG] Time: 405s | RTT: 121.00 ms | State: connected
[LOG] Time: 406s | RTT: 121.00 ms | State: connected
[LOG] Time: 407s | RTT: 178.00 ms | State: connected
[LOG] Time: 408s | RTT: 178.00 ms | State: connected
[LOG] Time: 409s | RTT: 114.00 ms | State: connected
[LOG] Time: 410s | RTT: 114.00 ms | State: connected
[LOG] Time: 411s | RTT: 114.00 ms | State: connected
[LOG] Time: 412s | RTT: 134.00 ms | State: connected
[LOG] Time: 414s | RTT: 134.00 ms | State: connected
[LOG] Time: 415s | RTT: 127.00 ms | State: connected
[LOG] Time: 416s | RTT: 127.00 ms | State: connected
[LOG] Time: 417s | RTT: 127.00 ms | State: connected
[LOG] Time: 418s | RTT: 144.00 ms | State: connected
[LOG] Time: 419s | RTT: 144.00 ms | State: connected
[LOG] Time: 420s | RTT: 121.00 ms | State: connected
[LOG] Time: 421s | RTT: 121.00 ms | State: connected
[LOG] Time: 422s | RTT: 107.00 ms | State: connected
[LOG] Time: 423s | RTT: 107.00 ms | State: connected
[LOG] Time: 424s | RTT: 107.00 ms | State: connected
[LOG] Time: 426s | RTT: 123.00 ms | State: connected
[LOG] Time: 427s | RTT: 123.00 ms | State: connected
[LOG] Time: 428s | RTT: 96.00 ms | State: connected
[LOG] Time: 429s | RTT: 96.00 ms | State: connected
[LOG] Time: 430s | RTT: 96.00 ms | State: connected
[LOG] Time: 431s | RTT: 157.00 ms | State: connected
[LOG] Time: 432s | RTT: 157.00 ms | State: connected
[LOG] Time: 433s | RTT: 126.00 ms | State: connected
[LOG] Time: 434s | RTT: 126.00 ms | State: connected
[LOG] Time: 435s | RTT: 126.00 ms | State: connected
[LOG] Time: 436s | RTT: 121.00 ms | State: connected
[LOG] Time: 437s | RTT: 121.00 ms | State: connected
[LOG] Time: 439s | RTT: 137.00 ms | State: connected
[LOG] Time: 440s | RTT: 137.00 ms | State: connected
[LOG] Time: 441s | RTT: 137.00 ms | State: connected
[LOG] Time: 442s | RTT: 124.00 ms | State: connected
[LOG] Time: 443s | RTT: 124.00 ms | State: connected
[LOG] Time: 444s | RTT: 128.00 ms | State: connected
[LOG] Time: 445s | RTT: 128.00 ms | State: connected
[LOG] Time: 446s | RTT: 128.00 ms | State: connected
[LOG] Time: 447s | RTT: 132.00 ms | State: connected
[LOG] Time: 448s | RTT: 132.00 ms | State: connected
[LOG] Time: 449s | RTT: 155.00 ms | State: connected
[LOG] Time: 450s | RTT: 155.00 ms | State: connected
[LOG] Time: 452s | RTT: 107.00 ms | State: connected
[LOG] Time: 453s | RTT: 107.00 ms | State: connected
[LOG] Time: 454s | RTT: 107.00 ms | State: connected
[LOG] Time: 455s | RTT: 110.00 ms | State: connected
[LOG] Time: 456s | RTT: 110.00 ms | State: connected
[LOG] Time: 457s | RTT: 124.00 ms | State: connected
[LOG] Time: 458s | RTT: 124.00 ms | State: connected
[LOG] Time: 459s | RTT: 124.00 ms | State: connected
[LOG] Time: 460s | RTT: 133.00 ms | State: connected
[LOG] Time: 461s | RTT: 133.00 ms | State: connected
[LOG] Time: 462s | RTT: 95.00 ms | State: connected
[LOG] Time: 463s | RTT: 95.00 ms | State: connected
[LOG] Time: 465s | RTT: 95.00 ms | State: connected
[LOG] Time: 466s | RTT: 124.00 ms | State: connected
[LOG] Time: 467s | RTT: 124.00 ms | State: connected
[LOG] Time: 468s | RTT: 124.00 ms | State: connected
[LOG] Time: 469s | RTT: 124.00 ms | State: connected
[LOG] Time: 470s | RTT: 124.00 ms | State: connected
[LOG] Time: 471s | RTT: 105.00 ms | State: connected
[LOG] Time: 472s | RTT: 105.00 ms | State: connected
[LOG] Time: 473s | RTT: 96.00 ms | State: connected
[LOG] Time: 474s | RTT: 96.00 ms | State: connected
[LOG] Time: 475s | RTT: 96.00 ms | State: connected
[LOG] Time: 476s | RTT: 97.00 ms | State: connected
[LOG] Time: 478s | RTT: 97.00 ms | State: connected
[LOG] Time: 479s | RTT: 148.00 ms | State: connected
[LOG] Time: 480s | RTT: 148.00 ms | State: connected
[LOG] Time: 481s | RTT: 96.00 ms | State: connected
[LOG] Time: 482s | RTT: 96.00 ms | State: connected
[LOG] Time: 483s | RTT: 96.00 ms | State: connected
[LOG] Time: 484s | RTT: 99.00 ms | State: connected
[LOG] Time: 485s | RTT: 99.00 ms | State: connected
[LOG] Time: 486s | RTT: 104.00 ms | State: connected
[LOG] Time: 487s | RTT: 104.00 ms | State: connected
[LOG] Time: 488s | RTT: 104.00 ms | State: connected
[LOG] Time: 489s | RTT: 123.00 ms | State: connected
[LOG] Time: 491s | RTT: 123.00 ms | State: connected
[LOG] Time: 492s | RTT: 130.00 ms | State: connected
[LOG] Time: 493s | RTT: 130.00 ms | State: connected
[LOG] Time: 494s | RTT: 130.00 ms | State: connected
[LOG] Time: 495s | RTT: 146.00 ms | State: connected
[LOG] Time: 496s | RTT: 146.00 ms | State: connected
[LOG] Time: 497s | RTT: 164.00 ms | State: connected
[LOG] Time: 498s | RTT: 164.00 ms | State: connected
[LOG] Time: 499s | RTT: 164.00 ms | State: connected
[LOG] Time: 500s | RTT: 107.00 ms | State: connected
[LOG] Time: 501s | RTT: 107.00 ms | State: connected
[LOG] Time: 502s | RTT: 115.00 ms | State: connected
[LOG] Time: 504s | RTT: 115.00 ms | State: connected
[LOG] Time: 505s | RTT: 114.00 ms | State: connected
[LOG] Time: 506s | RTT: 114.00 ms | State: connected
[LOG] Time: 507s | RTT: 114.00 ms | State: connected
[LOG] Time: 508s | RTT: 117.00 ms | State: connected
[LOG] Time: 509s | RTT: 117.00 ms | State: connected
[LOG] Time: 510s | RTT: 109.00 ms | State: connected
[LOG] Time: 511s | RTT: 109.00 ms | State: connected
[LOG] Time: 512s | RTT: 109.00 ms | State: connected
[LOG] Time: 513s | RTT: 129.00 ms | State: connected
[LOG] Time: 514s | RTT: 129.00 ms | State: connected
[LOG] Time: 515s | RTT: 141.00 ms | State: connected
[LOG] Time: 517s | RTT: 141.00 ms | State: connected
[LOG] Time: 518s | RTT: 141.00 ms | State: connected
[LOG] Time: 519s | RTT: 136.00 ms | State: connected
[LOG] Time: 520s | RTT: 136.00 ms | State: connected
[LOG] Time: 521s | RTT: 145.00 ms | State: connected
[LOG] Time: 522s | RTT: 145.00 ms | State: connected
[LOG] Time: 523s | RTT: 145.00 ms | State: connected
[LOG] Time: 524s | RTT: 144.00 ms | State: connected
[LOG] Time: 525s | RTT: 144.00 ms | State: connected
[LOG] Time: 526s | RTT: 92.00 ms | State: connected
[LOG] Time: 527s | RTT: 92.00 ms | State: connected
[LOG] Time: 528s | RTT: 92.00 ms | State: connected
[LOG] Time: 530s | RTT: 123.00 ms | State: connected
[LOG] Time: 531s | RTT: 123.00 ms | State: connected
[LOG] Time: 532s | RTT: 108.00 ms | State: connected
[LOG] Time: 533s | RTT: 108.00 ms | State: connected
[LOG] Time: 534s | RTT: 107.00 ms | State: connected
[LOG] Time: 535s | RTT: 107.00 ms | State: connected
[LOG] Time: 536s | RTT: 107.00 ms | State: connected
[LOG] Time: 537s | RTT: 109.00 ms | State: connected
[LOG] Time: 538s | RTT: 109.00 ms | State: connected
[LOG] Time: 539s | RTT: 111.00 ms | State: connected
[LOG] Time: 540s | RTT: 111.00 ms | State: connected
[LOG] Time: 541s | RTT: 111.00 ms | State: connected
[LOG] Time: 543s | RTT: 139.00 ms | State: connected
[LOG] Time: 544s | RTT: 139.00 ms | State: connected
[LOG] Time: 545s | RTT: 114.00 ms | State: connected
[LOG] Time: 546s | RTT: 114.00 ms | State: connected
[LOG] Time: 547s | RTT: 114.00 ms | State: connected
[LOG] Time: 548s | RTT: 125.00 ms | State: connected
[LOG] Time: 549s | RTT: 125.00 ms | State: connected
[LOG] Time: 550s | RTT: 122.00 ms | State: connected
[LOG] Time: 551s | RTT: 122.00 ms | State: connected
[LOG] Time: 552s | RTT: 122.00 ms | State: connected
[LOG] Time: 553s | RTT: 114.00 ms | State: connected
[LOG] Time: 554s | RTT: 114.00 ms | State: connected
[LOG] Time: 556s | RTT: 152.00 ms | State: connected
[LOG] Time: 557s | RTT: 152.00 ms | State: connected
[LOG] Time: 558s | RTT: 152.00 ms | State: connected
[LOG] Time: 559s | RTT: 129.00 ms | State: connected
[LOG] Time: 560s | RTT: 129.00 ms | State: connected
[LOG] Time: 561s | RTT: 122.00 ms | State: connected
[LOG] Time: 562s | RTT: 122.00 ms | State: connected
[LOG] Time: 563s | RTT: 108.00 ms | State: connected
[LOG] Time: 564s | RTT: 108.00 ms | State: connected
[LOG] Time: 565s | RTT: 108.00 ms | State: connected
[LOG] Time: 566s | RTT: 113.00 ms | State: connected
[LOG] Time: 567s | RTT: 113.00 ms | State: connected
[LOG] Time: 569s | RTT: 119.00 ms | State: connected
[LOG] Time: 570s | RTT: 119.00 ms | State: connected
[LOG] Time: 571s | RTT: 119.00 ms | State: connected
[LOG] Time: 572s | RTT: 124.00 ms | State: connected
[LOG] Time: 573s | RTT: 124.00 ms | State: connected
[LOG] Time: 574s | RTT: 139.00 ms | State: connected
[LOG] Time: 575s | RTT: 139.00 ms | State: connected
[LOG] Time: 576s | RTT: 139.00 ms | State: connected
[LOG] Time: 577s | RTT: 123.00 ms | State: connected
[LOG] Time: 578s | RTT: 123.00 ms | State: connected
[LOG] Time: 579s | RTT: 107.00 ms | State: connected
[LOG] Time: 580s | RTT: 107.00 ms | State: connected
[LOG] Time: 581s | RTT: 107.00 ms | State: connected
[LOG] Time: 583s | RTT: 121.00 ms | State: connected
[LOG] Time: 584s | RTT: 121.00 ms | State: connected
[LOG] Time: 585s | RTT: 153.00 ms | State: connected
[LOG] Time: 586s | RTT: 153.00 ms | State: connected
[LOG] Time: 587s | RTT: 153.00 ms | State: connected
[LOG] Time: 588s | RTT: 124.00 ms | State: connected
[LOG] Time: 589s | RTT: 124.00 ms | State: connected
[LOG] Time: 590s | RTT: 113.00 ms | State: connected
[LOG] Time: 591s | RTT: 113.00 ms | State: connected
[LOG] Time: 592s | RTT: 113.00 ms | State: connected
[LOG] Time: 593s | RTT: 141.00 ms | State: connected
[LOG] Time: 594s | RTT: 141.00 ms | State: connected
[LOG] Time: 596s | RTT: 113.00 ms | State: connected
[LOG] Time: 597s | RTT: 113.00 ms | State: connected
[LOG] Time: 598s | RTT: 149.00 ms | State: connected
[LOG] Time: 599s | RTT: 149.00 ms | State: connected
[*] Monitoring finished.

SUCCESS! Remote IP: 48.208.154.50
[*] Resolving Server Location...
SUCCESS! Server Location: Boydton, United States (Microsoft Corporation)

[*] Running TCP MTR (Port 443)...
Start: 2026-02-20T14:37:55+0000
HOST: 7d5371d9209f                Loss%   Snt   Last   Avg  Best  Wrst StDev
  1. AS???    172.17.0.1           0.0%    10    0.2   0.2   0.2   0.3   0.0
  2. AS???    10.1.0.1             0.0%    10    2.6   3.0   2.0   6.1   1.2
  3. AS???    100.64.0.1           0.0%    10   21.4  26.7  20.5  34.5   5.6
  4. AS???    172.16.251.0         0.0%    10   20.0  24.9  18.8  31.7   4.6
  5. AS???    ???                 100.0    10    0.0   0.0   0.0   0.0   0.0
  6. AS14593  206.224.66.157       0.0%    10   22.3  25.6  20.7  36.1   5.2
        206.224.66.147                   
     AS14593  206.224.66.147
        206.224.66.150                   
     AS14593  206.224.66.150
        206.224.66.145                   
     AS14593  206.224.66.145
        206.224.66.152                   
     AS14593  206.224.66.152
        206.224.66.143                   
     AS14593  206.224.66.143
        206.224.66.149                   
     AS14593  206.224.66.149
        206.224.66.155                   
     AS14593  206.224.66.155
  7. AS8075   104.44.56.169        0.0%    10   31.4  27.6  20.6  33.3   4.4
        104.44.14.15                     
     AS8075   104.44.14.15
  8. AS8075   104.44.53.187        0.0%    10   34.0  31.2  24.2  36.9   4.4
        104.44.53.189                    
     AS8075   104.44.53.189
        51.10.4.7                        
     AS8075   51.10.4.7
  9. AS8075   104.44.21.141        0.0%    10  1141. 198.6  87.5 1141. 331.2
        104.44.21.151                    
     AS8075   104.44.21.151
        104.44.21.143                    
     AS8075   104.44.21.143
        104.44.21.149                    
     AS8075   104.44.21.149
 10. AS8075   51.10.34.11          0.0%    10   99.7  96.2  87.8 105.4   6.7
        51.10.34.13                      
     AS8075   51.10.34.13
 11. AS8075   51.10.44.124         0.0%    10  3154. 1331.  93.2 3184. 1253.5
        51.10.44.130                     
     AS8075   51.10.44.130
 12. AS8075   51.10.19.210        40.0%    10  7248. 3163. 100.5 7248. 2504.3
        51.10.19.214                     
     AS8075   51.10.19.214
 13. AS8075   51.10.0.63          10.0%    10  3186. 1469.  88.7 3186. 1030.6
        51.10.0.69                       
     AS8075   51.10.0.69
 14. AS8075   51.10.36.98         60.0%    10  1110. 3162. 1110. 5197. 1874.4
        51.10.36.106                     
     AS8075   51.10.36.106
 15. AS8075   51.10.36.152        20.0%    10  2152. 879.4  91.4 3202. 1200.6
        51.10.36.156                     
     AS8075   51.10.36.156
        51.10.36.154                     
     AS8075   51.10.36.154
 16. AS8075   104.44.51.186       10.0%    10  4218. 1933.  90.6 4218. 1763.2
        51.10.19.14                      
     AS8075   51.10.19.14
        104.44.50.16                     
     AS8075   104.44.50.16
 17. AS8075   104.44.50.152       10.0%    10  1105. 433.1  89.5 2138. 721.9
        104.44.50.98                     
     AS8075   104.44.50.98
        104.44.50.146                    
     AS8075   104.44.50.146
        104.44.50.114                    
     AS8075   104.44.50.114
        104.44.50.106                    
     AS8075   104.44.50.106
        104.44.50.124                    
     AS8075   104.44.50.124
        104.44.50.78                     
     AS8075   104.44.50.78
 18. AS???    ???                 100.0    10    0.0   0.0   0.0   0.0   0.0

[*] Running UDP MTR...
Start: 2026-02-20T14:38:16+0000
HOST: 7d5371d9209f                Loss%   Snt   Last   Avg  Best  Wrst StDev
  1. AS???    172.17.0.1           0.0%    10    0.2   0.1   0.1   0.2   0.0
  2. AS???    10.1.0.1             0.0%    10    2.1   2.8   1.9   4.6   1.0
  3. AS???    100.64.0.1           0.0%    10   23.4  24.4  18.7  32.7   3.9
  4. AS???    172.16.251.0         0.0%    10   24.9  25.4  19.0  30.6   3.8
  5. AS???    ???                 100.0    10    0.0   0.0   0.0   0.0   0.0
  6. AS14593  206.224.66.152       0.0%    10   23.7  25.5  18.9  34.1   5.7
        206.224.66.155                   
     AS14593  206.224.66.155
        206.224.66.150                   
     AS14593  206.224.66.150
        206.224.66.157                   
     AS14593  206.224.66.157
  7. AS8075   104.44.14.15         0.0%    10   23.2  28.2  22.1  39.3   5.6
        104.44.56.169                    
     AS8075   104.44.56.169
  8. AS8075   51.10.4.9            0.0%    10   32.5  35.1  23.0  64.3  12.0
        51.10.4.7                        
     AS8075   51.10.4.7
        104.44.53.187                    
     AS8075   104.44.53.187
        104.44.53.189                    
     AS8075   104.44.53.189
  9. AS8075   104.44.21.151        0.0%    10   98.2 108.9  91.2 206.3  34.5
        104.44.21.141                    
     AS8075   104.44.21.141
        104.44.21.143                    
     AS8075   104.44.21.143
        104.44.21.149                    
     AS8075   104.44.21.149
 10. AS8075   51.10.34.11          0.0%    10  100.9  98.0  91.1 104.8   4.5
        51.10.34.13                      
     AS8075   51.10.34.13
        104.44.16.85                     
     AS8075   104.44.16.85
 11. AS8075   51.10.38.136         0.0%    10  100.2 135.1  92.0 305.8  83.5
        51.10.17.151                     
     AS8075   51.10.17.151
        51.10.44.130                     
     AS8075   51.10.44.130
        51.10.44.124                     
     AS8075   51.10.44.124
 12. AS8075   51.10.10.245         0.0%    10   94.3  98.1  92.1 105.4   4.5
        51.10.33.151                     
     AS8075   51.10.33.151
        51.10.10.247                     
     AS8075   51.10.10.247
 13. AS8075   51.10.19.212        50.0%    10  100.7  93.3  90.6 100.7   4.2
        51.10.19.208                     
     AS8075   51.10.19.208
 14. AS8075   51.10.0.75           0.0%    10   98.6  95.8  89.5 101.7   4.0
        51.10.0.65                       
     AS8075   51.10.0.65
 15. AS8075   51.10.0.59          50.0%    10  101.0  96.7  92.2 101.0   4.0
        51.10.0.73                       
     AS8075   51.10.0.73
        13.106.167.235                   
     AS8075   13.106.167.235
 16. AS8075   51.10.23.106        70.0%    10   98.7  97.9  90.5 104.6   7.1
        51.10.23.104                     
     AS8075   51.10.23.104
        51.10.0.71                       
     AS8075   51.10.0.71
 17. AS8075   51.10.19.16         50.0%    10  102.5  99.0  92.9 102.5   4.4
        51.10.36.208                     
     AS8075   51.10.36.208
        104.44.50.138                    
     AS8075   104.44.50.138
        104.44.50.146                    
     AS8075   104.44.50.146
 18. AS8075   104.44.55.231       90.0%    10   93.8  93.8  93.8  93.8   0.0
 19. AS???    ???                 100.0    10    0.0   0.0   0.0   0.0   0.0
 20. AS8075   104.44.50.106       90.0%    10   96.3  96.3  96.3  96.3   0.0
 21. AS???    ???                 100.0    10    0.0   0.0   0.0   0.0   0.0
