[*] Config Loaded: Name='flight-van-hawaii-Zoom', Duration=400s
[*] Launching Chrome for Zoom...
[*] Joining URL: [MEETING_LINK_REMOVED]
[*] Name entered: flight-van-hawaii-Zoom
[*] Inside meeting. Starting monitoring...
[LOG] Time: 0s | RTT: 81.00 ms
[LOG] Time: 1s | RTT: 222.00 ms
[LOG] Time: 2s | RTT: 222.00 ms
[LOG] Time: 3s | RTT: 222.00 ms
[LOG] Time: 4s | RTT: 82.00 ms
[LOG] Time: 5s | RTT: 82.00 ms
[LOG] Time: 6s | RTT: 82.00 ms
[LOG] Time: 7s | RTT: 305.00 ms
[LOG] Time: 8s | RTT: 305.00 ms
[LOG] Time: 9s | RTT: 72.00 ms
[LOG] Time: 10s | RTT: 72.00 ms
[LOG] Time: 11s | RTT: 72.00 ms
[LOG] Time: 12s | RTT: 108.00 ms
[LOG] Time: 13s | RTT: 108.00 ms
[LOG] Time: 14s | RTT: 66.00 ms
[LOG] Time: 15s | RTT: 66.00 ms
[LOG] Time: 16s | RTT: 66.00 ms
[LOG] Time: 17s | RTT: 61.00 ms
[LOG] Time: 18s | RTT: 61.00 ms
[LOG] Time: 19s | RTT: 61.00 ms
[LOG] Time: 20s | RTT: 441.00 ms
[LOG] Time: 21s | RTT: 441.00 ms
[LOG] Time: 22s | RTT: 73.00 ms
[LOG] Time: 23s | RTT: 73.00 ms
[LOG] Time: 24s | RTT: 73.00 ms
[LOG] Time: 25s | RTT: 94.00 ms
[LOG] Time: 26s | RTT: 94.00 ms
[LOG] Time: 27s | RTT: 66.00 ms
[LOG] Time: 28s | RTT: 66.00 ms
[LOG] Time: 30s | RTT: 66.00 ms
[LOG] Time: 31s | RTT: 156.00 ms
[LOG] Time: 32s | RTT: 156.00 ms
[LOG] Time: 33s | RTT: 62.00 ms
[LOG] Time: 34s | RTT: 62.00 ms
[LOG] Time: 35s | RTT: 62.00 ms
[LOG] Time: 36s | RTT: 375.00 ms
[LOG] Time: 37s | RTT: 375.00 ms
[LOG] Time: 38s | RTT: 375.00 ms
[LOG] Time: 39s | RTT: 58.00 ms
[LOG] Time: 40s | RTT: 58.00 ms
[LOG] Time: 41s | RTT: 53.00 ms
[LOG] Time: 42s | RTT: 53.00 ms
[LOG] Time: 43s | RTT: 53.00 ms
[LOG] Time: 44s | RTT: 68.00 ms
[LOG] Time: 45s | RTT: 68.00 ms
[LOG] Time: 46s | RTT: 60.00 ms
[LOG] Time: 47s | RTT: 60.00 ms
[LOG] Time: 48s | RTT: 60.00 ms
[LOG] Time: 49s | RTT: 84.00 ms
[LOG] Time: 50s | RTT: 84.00 ms
[LOG] Time: 51s | RTT: 84.00 ms
[LOG] Time: 52s | RTT: 63.00 ms
[LOG] Time: 53s | RTT: 63.00 ms
[LOG] Time: 54s | RTT: 61.00 ms
[LOG] Time: 55s | RTT: 61.00 ms
[LOG] Time: 56s | RTT: 61.00 ms
[LOG] Time: 57s | RTT: 63.00 ms
[LOG] Time: 58s | RTT: 63.00 ms
[LOG] Time: 59s | RTT: 63.00 ms
[LOG] Time: 60s | RTT: 64.00 ms
[LOG] Time: 61s | RTT: 64.00 ms
[LOG] Time: 62s | RTT: 62.00 ms
[LOG] Time: 63s | RTT: 62.00 ms
[LOG] Time: 64s | RTT: 62.00 ms
[LOG] Time: 65s | RTT: 60.00 ms
[LOG] Time: 66s | RTT: 60.00 ms
[LOG] Time: 67s | RTT: 84.00 ms
[LOG] Time: 68s | RTT: 84.00 ms
[LOG] Time: 69s | RTT: 84.00 ms
[LOG] Time: 70s | RTT: 68.00 ms
[LOG] Time: 71s | RTT: 68.00 ms
[LOG] Time: 72s | RTT: 68.00 ms
[LOG] Time: 73s | RTT: 65.00 ms
[LOG] Time: 74s | RTT: 65.00 ms
[LOG] Time: 75s | RTT: 67.00 ms
[LOG] Time: 76s | RTT: 67.00 ms
[LOG] Time: 77s | RTT: 67.00 ms
[LOG] Time: 78s | RTT: 68.00 ms
[LOG] Time: 79s | RTT: 68.00 ms
[LOG] Time: 80s | RTT: 78.00 ms
[LOG] Time: 81s | RTT: 78.00 ms
[LOG] Time: 82s | RTT: 78.00 ms
[LOG] Time: 83s | RTT: 85.00 ms
[LOG] Time: 84s | RTT: 85.00 ms
[LOG] Time: 86s | RTT: 85.00 ms
[LOG] Time: 87s | RTT: 101.00 ms
[LOG] Time: 88s | RTT: 101.00 ms
[LOG] Time: 89s | RTT: 110.00 ms
[LOG] Time: 90s | RTT: 110.00 ms
[LOG] Time: 91s | RTT: 110.00 ms
[LOG] Time: 92s | RTT: 76.00 ms
[LOG] Time: 93s | RTT: 76.00 ms
[LOG] Time: 94s | RTT: 76.00 ms
[LOG] Time: 95s | RTT: 91.00 ms
[LOG] Time: 96s | RTT: 91.00 ms
[LOG] Time: 97s | RTT: 76.00 ms
[LOG] Time: 98s | RTT: 76.00 ms
[LOG] Time: 99s | RTT: 76.00 ms
[LOG] Time: 100s | RTT: 88.00 ms
[LOG] Time: 101s | RTT: 88.00 ms
[LOG] Time: 102s | RTT: 100.00 ms
[LOG] Time: 103s | RTT: 100.00 ms
[LOG] Time: 104s | RTT: 100.00 ms
[LOG] Time: 105s | RTT: 86.00 ms
[LOG] Time: 106s | RTT: 86.00 ms
[LOG] Time: 107s | RTT: 86.00 ms
[LOG] Time: 108s | RTT: 79.00 ms
[LOG] Time: 109s | RTT: 79.00 ms
[LOG] Time: 110s | RTT: 78.00 ms
[LOG] Time: 111s | RTT: 78.00 ms
[LOG] Time: 112s | RTT: 78.00 ms
[LOG] Time: 113s | RTT: 86.00 ms
[LOG] Time: 114s | RTT: 86.00 ms
[LOG] Time: 115s | RTT: 86.00 ms
[LOG] Time: 116s | RTT: 86.00 ms
[LOG] Time: 117s | RTT: 86.00 ms
[LOG] Time: 118s | RTT: 79.00 ms
[LOG] Time: 119s | RTT: 79.00 ms
[LOG] Time: 120s | RTT: 79.00 ms
[LOG] Time: 121s | RTT: 80.00 ms
[LOG] Time: 122s | RTT: 80.00 ms
[LOG] Time: 123s | RTT: 79.00 ms
[LOG] Time: 124s | RTT: 79.00 ms
[LOG] Time: 125s | RTT: 79.00 ms
[LOG] Time: 126s | RTT: 78.00 ms
[LOG] Time: 127s | RTT: 78.00 ms
[LOG] Time: 128s | RTT: 63.00 ms
[LOG] Time: 129s | RTT: 63.00 ms
[LOG] Time: 130s | RTT: 63.00 ms
[LOG] Time: 131s | RTT: 66.00 ms
[LOG] Time: 132s | RTT: 66.00 ms
[LOG] Time: 133s | RTT: 66.00 ms
[LOG] Time: 134s | RTT: 142.00 ms
[LOG] Time: 135s | RTT: 142.00 ms
[LOG] Time: 136s | RTT: 117.00 ms
[LOG] Time: 137s | RTT: 117.00 ms
[LOG] Time: 138s | RTT: 117.00 ms
[LOG] Time: 139s | RTT: 62.00 ms
[LOG] Time: 140s | RTT: 62.00 ms
[LOG] Time: 141s | RTT: 77.00 ms
[LOG] Time: 142s | RTT: 77.00 ms
[LOG] Time: 143s | RTT: 77.00 ms
[LOG] Time: 144s | RTT: 89.00 ms
[LOG] Time: 146s | RTT: 89.00 ms
[LOG] Time: 147s | RTT: 89.00 ms
[LOG] Time: 148s | RTT: 158.00 ms
[LOG] Time: 149s | RTT: 158.00 ms
[LOG] Time: 150s | RTT: 68.00 ms
[LOG] Time: 151s | RTT: 68.00 ms
[LOG] Time: 152s | RTT: 68.00 ms
[LOG] Time: 153s | RTT: 66.00 ms
[LOG] Time: 154s | RTT: 66.00 ms
[LOG] Time: 155s | RTT: 66.00 ms
[LOG] Time: 156s | RTT: 72.00 ms
[LOG] Time: 157s | RTT: 72.00 ms
[LOG] Time: 158s | RTT: 105.00 ms
[LOG] Time: 159s | RTT: 105.00 ms
[LOG] Time: 160s | RTT: 105.00 ms
[LOG] Time: 161s | RTT: 58.00 ms
[LOG] Time: 162s | RTT: 58.00 ms
[LOG] Time: 163s | RTT: 145.00 ms
[LOG] Time: 164s | RTT: 145.00 ms
[LOG] Time: 165s | RTT: 145.00 ms
[LOG] Time: 166s | RTT: 73.00 ms
[LOG] Time: 167s | RTT: 73.00 ms
[LOG] Time: 168s | RTT: 73.00 ms
[LOG] Time: 169s | RTT: 175.00 ms
[LOG] Time: 170s | RTT: 175.00 ms
[LOG] Time: 171s | RTT: 61.00 ms
[LOG] Time: 172s | RTT: 61.00 ms
[LOG] Time: 173s | RTT: 61.00 ms
[LOG] Time: 174s | RTT: 280.00 ms
[LOG] Time: 175s | RTT: 280.00 ms
[LOG] Time: 176s | RTT: 280.00 ms
[LOG] Time: 177s | RTT: 94.00 ms
[LOG] Time: 178s | RTT: 94.00 ms
[LOG] Time: 179s | RTT: 80.00 ms
[LOG] Time: 180s | RTT: 80.00 ms
[LOG] Time: 181s | RTT: 80.00 ms
[LOG] Time: 182s | RTT: 65.00 ms
[LOG] Time: 183s | RTT: 65.00 ms
[LOG] Time: 184s | RTT: 123.00 ms
[LOG] Time: 185s | RTT: 123.00 ms
[LOG] Time: 186s | RTT: 123.00 ms
[LOG] Time: 187s | RTT: 123.00 ms
[LOG] Time: 188s | RTT: 59.00 ms
[LOG] Time: 189s | RTT: 59.00 ms
[LOG] Time: 190s | RTT: 59.00 ms
[LOG] Time: 191s | RTT: 60.00 ms
[LOG] Time: 192s | RTT: 60.00 ms
[LOG] Time: 193s | RTT: 75.00 ms
[LOG] Time: 194s | RTT: 75.00 ms
[LOG] Time: 195s | RTT: 75.00 ms
[LOG] Time: 196s | RTT: 64.00 ms
[LOG] Time: 197s | RTT: 64.00 ms
[LOG] Time: 198s | RTT: 67.00 ms
[LOG] Time: 199s | RTT: 67.00 ms
[LOG] Time: 200s | RTT: 67.00 ms
[LOG] Time: 201s | RTT: 73.00 ms
[LOG] Time: 202s | RTT: 73.00 ms
[LOG] Time: 203s | RTT: 73.00 ms
[LOG] Time: 204s | RTT: 79.00 ms
[LOG] Time: 205s | RTT: 79.00 ms
[LOG] Time: 206s | RTT: 71.00 ms
[LOG] Time: 207s | RTT: 71.00 ms
[LOG] Time: 208s | RTT: 71.00 ms
[LOG] Time: 209s | RTT: 73.00 ms
[LOG] Time: 210s | RTT: 73.00 ms
[LOG] Time: 211s | RTT: 73.00 ms
[LOG] Time: 212s | RTT: 73.00 ms
[LOG] Time: 213s | RTT: 73.00 ms
[LOG] Time: 215s | RTT: 68.00 ms
[LOG] Time: 216s | RTT: 68.00 ms
[LOG] Time: 217s | RTT: 68.00 ms
[LOG] Time: 218s | RTT: 67.00 ms
[LOG] Time: 219s | RTT: 67.00 ms
[LOG] Time: 220s | RTT: 93.00 ms
[LOG] Time: 221s | RTT: 93.00 ms
[LOG] Time: 222s | RTT: 93.00 ms
[LOG] Time: 223s | RTT: 75.00 ms
[LOG] Time: 224s | RTT: 75.00 ms
[LOG] Time: 225s | RTT: 75.00 ms
[LOG] Time: 226s | RTT: 70.00 ms
[LOG] Time: 227s | RTT: 70.00 ms
[LOG] Time: 228s | RTT: 75.00 ms
[LOG] Time: 229s | RTT: 75.00 ms
[LOG] Time: 230s | RTT: 75.00 ms
[LOG] Time: 231s | RTT: 75.00 ms
[LOG] Time: 232s | RTT: 75.00 ms
[LOG] Time: 233s | RTT: 99.00 ms
[LOG] Time: 234s | RTT: 99.00 ms
[LOG] Time: 235s | RTT: 99.00 ms
[LOG] Time: 236s | RTT: 86.00 ms
[LOG] Time: 237s | RTT: 86.00 ms
[LOG] Time: 238s | RTT: 86.00 ms
[LOG] Time: 239s | RTT: 89.00 ms
[LOG] Time: 240s | RTT: 89.00 ms
[LOG] Time: 241s | RTT: 81.00 ms
[LOG] Time: 242s | RTT: 81.00 ms
[LOG] Time: 243s | RTT: 81.00 ms
[LOG] Time: 244s | RTT: 76.00 ms
Traceback (most recent call last):
  File "/app/zoom_stats.py", line 217, in <module>
    main()
  File "/app/zoom_stats.py", line 177, in main
    time.sleep(1)
KeyboardInterrupt
[LOG] Time: 245s | RTT: 76.00 ms
[LOG] Time: 246s | RTT: 80.00 ms
[LOG] Time: 247s | RTT: 80.00 ms
[LOG] Time: 248s | RTT: 80.00 ms
[LOG] Time: 249s | RTT: 75.00 ms
[LOG] Time: 250s | RTT: 75.00 ms
[LOG] Time: 251s | RTT: 75.00 ms
[LOG] Time: 252s | RTT: 84.00 ms
[LOG] Time: 253s | RTT: 84.00 ms
[LOG] Time: 254s | RTT: 85.00 ms
[LOG] Time: 255s | RTT: 85.00 ms
[LOG] Time: 257s | RTT: 85.00 ms
[LOG] Time: 258s | RTT: 80.00 ms
[LOG] Time: 259s | RTT: 80.00 ms
[LOG] Time: 260s | RTT: 91.00 ms
[LOG] Time: 261s | RTT: 91.00 ms
[LOG] Time: 262s | RTT: 91.00 ms
[LOG] Time: 263s | RTT: 90.00 ms
[LOG] Time: 264s | RTT: 90.00 ms
[LOG] Time: 265s | RTT: 90.00 ms
[LOG] Time: 266s | RTT: 86.00 ms
[LOG] Time: 267s | RTT: 86.00 ms
[LOG] Time: 268s | RTT: 63.00 ms
[LOG] Time: 269s | RTT: 63.00 ms
[LOG] Time: 270s | RTT: 63.00 ms
[LOG] Time: 271s | RTT: 78.00 ms
[LOG] Time: 272s | RTT: 78.00 ms
[LOG] Time: 273s | RTT: 80.00 ms
[LOG] Time: 274s | RTT: 80.00 ms
[LOG] Time: 275s | RTT: 80.00 ms
[LOG] Time: 276s | RTT: 86.00 ms
[LOG] Time: 277s | RTT: 86.00 ms
[LOG] Time: 278s | RTT: 86.00 ms
[LOG] Time: 279s | RTT: 72.00 ms
[LOG] Time: 280s | RTT: 72.00 ms
[LOG] Time: 281s | RTT: 66.00 ms
[LOG] Time: 282s | RTT: 66.00 ms
[LOG] Time: 283s | RTT: 66.00 ms
[LOG] Time: 284s | RTT: 67.00 ms
[LOG] Time: 285s | RTT: 67.00 ms
[LOG] Time: 286s | RTT: 67.00 ms
[LOG] Time: 287s | RTT: 109.00 ms
[LOG] Time: 288s | RTT: 109.00 ms
[LOG] Time: 289s | RTT: 100.00 ms
[*] Closing browser...
