[*] Config Loaded: Name='flight-van-hawaii-Teams', Duration=600s
[*] Launching Chrome for Teams...
[*] Joining URL: [MEETING_LINK_REMOVED]
[*] Navigating Join Flow...
[*] Looking for Join button...
    [+] JOIN CLICKED!
[*] Waiting for connection (20s)...
[*] Starting continuous monitoring for 600 seconds...
[LOG] Time: 0s | RTT: 170.00 ms | State: connected
[LOG] Time: 1s | RTT: 170.00 ms | State: connected
[LOG] Time: 2s | RTT: 169.00 ms | State: connected
[LOG] Time: 3s | RTT: 169.00 ms | State: connected
[LOG] Time: 4s | RTT: 161.00 ms | State: connected
[LOG] Time: 5s | RTT: 161.00 ms | State: connected
[LOG] Time: 6s | RTT: 161.00 ms | State: connected
[LOG] Time: 7s | RTT: 412.00 ms | State: connected
[LOG] Time: 8s | RTT: 412.00 ms | State: connected
[LOG] Time: 10s | RTT: 195.00 ms | State: connected
[LOG] Time: 11s | RTT: 195.00 ms | State: connected
[LOG] Time: 12s | RTT: 195.00 ms | State: connected
[LOG] Time: 13s | RTT: 274.00 ms | State: connected
[LOG] Time: 14s | RTT: 274.00 ms | State: connected
[LOG] Time: 15s | RTT: 144.00 ms | State: connected
[LOG] Time: 16s | RTT: 144.00 ms | State: connected
[LOG] Time: 17s | RTT: 172.00 ms | State: connected
[LOG] Time: 18s | RTT: 172.00 ms | State: connected
[LOG] Time: 19s | RTT: 172.00 ms | State: connected
[LOG] Time: 20s | RTT: 184.00 ms | State: connected
[LOG] Time: 21s | RTT: 184.00 ms | State: connected
[LOG] Time: 23s | RTT: 263.00 ms | State: connected
[LOG] Time: 24s | RTT: 263.00 ms | State: connected
[LOG] Time: 25s | RTT: 263.00 ms | State: connected
[LOG] Time: 26s | RTT: 160.00 ms | State: connected
[LOG] Time: 27s | RTT: 160.00 ms | State: connected
[LOG] Time: 28s | RTT: 181.00 ms | State: connected
[LOG] Time: 29s | RTT: 181.00 ms | State: connected
[LOG] Time: 30s | RTT: 181.00 ms | State: connected
[LOG] Time: 31s | RTT: 160.00 ms | State: connected
[LOG] Time: 32s | RTT: 160.00 ms | State: connected
[LOG] Time: 33s | RTT: 141.00 ms | State: connected
[LOG] Time: 34s | RTT: 141.00 ms | State: connected
[LOG] Time: 36s | RTT: 136.00 ms | State: connected
[LOG] Time: 37s | RTT: 136.00 ms | State: connected
[LOG] Time: 38s | RTT: 136.00 ms | State: connected
[LOG] Time: 39s | RTT: 231.00 ms | State: connected
[LOG] Time: 40s | RTT: 231.00 ms | State: connected
[LOG] Time: 41s | RTT: 176.00 ms | State: connected
[LOG] Time: 42s | RTT: 176.00 ms | State: connected
[LOG] Time: 43s | RTT: 176.00 ms | State: connected
[LOG] Time: 44s | RTT: 252.00 ms | State: connected
[LOG] Time: 45s | RTT: 252.00 ms | State: connected
[LOG] Time: 46s | RTT: 151.00 ms | State: connected
[LOG] Time: 47s | RTT: 151.00 ms | State: connected
[LOG] Time: 49s | RTT: 151.00 ms | State: connected
[LOG] Time: 50s | RTT: 130.00 ms | State: connected
[LOG] Time: 51s | RTT: 130.00 ms | State: connected
[LOG] Time: 52s | RTT: 180.00 ms | State: connected
[LOG] Time: 53s | RTT: 180.00 ms | State: connected
[LOG] Time: 54s | RTT: 180.00 ms | State: connected
[LOG] Time: 55s | RTT: 162.00 ms | State: connected
[LOG] Time: 56s | RTT: 162.00 ms | State: connected
[LOG] Time: 57s | RTT: 138.00 ms | State: connected
[LOG] Time: 58s | RTT: 138.00 ms | State: connected
[LOG] Time: 59s | RTT: 138.00 ms | State: connected
[LOG] Time: 60s | RTT: 152.00 ms | State: connected
[LOG] Time: 62s | RTT: 152.00 ms | State: connected
[LOG] Time: 63s | RTT: 136.00 ms | State: connected
[LOG] Time: 64s | RTT: 136.00 ms | State: connected
[LOG] Time: 65s | RTT: 136.00 ms | State: connected
[LOG] Time: 66s | RTT: 236.00 ms | State: connected
[LOG] Time: 67s | RTT: 236.00 ms | State: connected
[LOG] Time: 68s | RTT: 180.00 ms | State: connected
[LOG] Time: 69s | RTT: 180.00 ms | State: connected
[LOG] Time: 70s | RTT: 145.00 ms | State: connected
[LOG] Time: 71s | RTT: 145.00 ms | State: connected
[LOG] Time: 72s | RTT: 145.00 ms | State: connected
[LOG] Time: 73s | RTT: 150.00 ms | State: connected
[LOG] Time: 74s | RTT: 150.00 ms | State: connected
[LOG] Time: 76s | RTT: 132.00 ms | State: connected
[LOG] Time: 77s | RTT: 132.00 ms | State: connected
[LOG] Time: 78s | RTT: 132.00 ms | State: connected
[LOG] Time: 79s | RTT: 135.00 ms | State: connected
[LOG] Time: 80s | RTT: 135.00 ms | State: connected
[LOG] Time: 81s | RTT: 131.00 ms | State: connected
[LOG] Time: 82s | RTT: 131.00 ms | State: connected
[LOG] Time: 83s | RTT: 131.00 ms | State: connected
[LOG] Time: 84s | RTT: 150.00 ms | State: connected
[LOG] Time: 85s | RTT: 150.00 ms | State: connected
[LOG] Time: 86s | RTT: 162.00 ms | State: connected
[LOG] Time: 87s | RTT: 162.00 ms | State: connected
[LOG] Time: 89s | RTT: 162.00 ms | State: connected
[LOG] Time: 90s | RTT: 151.00 ms | State: connected
[LOG] Time: 91s | RTT: 151.00 ms | State: connected
[LOG] Time: 92s | RTT: 135.00 ms | State: connected
[LOG] Time: 93s | RTT: 135.00 ms | State: connected
[LOG] Time: 94s | RTT: 135.00 ms | State: connected
[LOG] Time: 95s | RTT: 166.00 ms | State: connected
[LOG] Time: 96s | RTT: 166.00 ms | State: connected
[LOG] Time: 97s | RTT: 150.00 ms | State: connected
[LOG] Time: 98s | RTT: 150.00 ms | State: connected
[LOG] Time: 99s | RTT: 136.00 ms | State: connected
[LOG] Time: 100s | RTT: 136.00 ms | State: connected
[LOG] Time: 102s | RTT: 136.00 ms | State: connected
[LOG] Time: 103s | RTT: 186.00 ms | State: connected
[LOG] Time: 104s | RTT: 186.00 ms | State: connected
[LOG] Time: 105s | RTT: 118.00 ms | State: connected
[LOG] Time: 106s | RTT: 118.00 ms | State: connected
[LOG] Time: 107s | RTT: 118.00 ms | State: connected
[LOG] Time: 108s | RTT: 161.00 ms | State: connected
[LOG] Time: 109s | RTT: 161.00 ms | State: connected
[LOG] Time: 110s | RTT: 151.00 ms | State: connected
[LOG] Time: 111s | RTT: 151.00 ms | State: connected
[LOG] Time: 112s | RTT: 151.00 ms | State: connected
[LOG] Time: 114s | RTT: 156.00 ms | State: connected
[LOG] Time: 115s | RTT: 156.00 ms | State: connected
[LOG] Time: 116s | RTT: 131.00 ms | State: connected
[LOG] Time: 117s | RTT: 131.00 ms | State: connected
[LOG] Time: 118s | RTT: 131.00 ms | State: connected
[LOG] Time: 119s | RTT: 180.00 ms | State: connected
[LOG] Time: 120s | RTT: 180.00 ms | State: connected
[LOG] Time: 121s | RTT: 124.00 ms | State: connected
[LOG] Time: 122s | RTT: 124.00 ms | State: connected
[LOG] Time: 123s | RTT: 124.00 ms | State: connected
[LOG] Time: 124s | RTT: 161.00 ms | State: connected
[LOG] Time: 125s | RTT: 161.00 ms | State: connected
[LOG] Time: 126s | RTT: 161.00 ms | State: connected
[LOG] Time: 128s | RTT: 143.00 ms | State: connected
[LOG] Time: 129s | RTT: 143.00 ms | State: connected
[LOG] Time: 130s | RTT: 131.00 ms | State: connected
[LOG] Time: 131s | RTT: 131.00 ms | State: connected
[LOG] Time: 132s | RTT: 131.00 ms | State: connected
[LOG] Time: 133s | RTT: 120.00 ms | State: connected
[LOG] Time: 134s | RTT: 120.00 ms | State: connected
[LOG] Time: 135s | RTT: 148.00 ms | State: connected
[LOG] Time: 136s | RTT: 148.00 ms | State: connected
[LOG] Time: 137s | RTT: 148.00 ms | State: connected
[LOG] Time: 138s | RTT: 126.00 ms | State: connected
[LOG] Time: 139s | RTT: 126.00 ms | State: connected
[LOG] Time: 141s | RTT: 154.00 ms | State: connected
[LOG] Time: 142s | RTT: 154.00 ms | State: connected
[LOG] Time: 143s | RTT: 154.00 ms | State: connected
[LOG] Time: 144s | RTT: 112.00 ms | State: connected
[LOG] Time: 145s | RTT: 112.00 ms | State: connected
[LOG] Time: 146s | RTT: 122.00 ms | State: connected
[LOG] Time: 147s | RTT: 122.00 ms | State: connected
[LOG] Time: 148s | RTT: 122.00 ms | State: connected
[LOG] Time: 149s | RTT: 176.00 ms | State: connected
[LOG] Time: 150s | RTT: 176.00 ms | State: connected
[LOG] Time: 151s | RTT: 131.00 ms | State: connected
[LOG] Time: 152s | RTT: 131.00 ms | State: connected
[LOG] Time: 154s | RTT: 152.00 ms | State: connected
[LOG] Time: 155s | RTT: 152.00 ms | State: connected
[LOG] Time: 156s | RTT: 152.00 ms | State: connected
[LOG] Time: 157s | RTT: 194.00 ms | State: connected
[LOG] Time: 158s | RTT: 194.00 ms | State: connected
[LOG] Time: 159s | RTT: 226.00 ms | State: connected
[LOG] Time: 160s | RTT: 226.00 ms | State: connected
[LOG] Time: 161s | RTT: 226.00 ms | State: connected
[LOG] Time: 162s | RTT: 205.00 ms | State: connected
[LOG] Time: 163s | RTT: 205.00 ms | State: connected
[LOG] Time: 164s | RTT: 230.00 ms | State: connected
[LOG] Time: 165s | RTT: 230.00 ms | State: connected
[LOG] Time: 167s | RTT: 230.00 ms | State: connected
[LOG] Time: 168s | RTT: 126.00 ms | State: connected
[LOG] Time: 169s | RTT: 126.00 ms | State: connected
[LOG] Time: 170s | RTT: 335.00 ms | State: connected
[LOG] Time: 171s | RTT: 335.00 ms | State: connected
[LOG] Time: 172s | RTT: 335.00 ms | State: connected
[LOG] Time: 173s | RTT: 112.00 ms | State: connected
[LOG] Time: 174s | RTT: 112.00 ms | State: connected
[LOG] Time: 175s | RTT: 215.00 ms | State: connected
[LOG] Time: 176s | RTT: 215.00 ms | State: connected
[LOG] Time: 178s | RTT: 170.00 ms | State: connected
[LOG] Time: 179s | RTT: 170.00 ms | State: connected
[LOG] Time: 180s | RTT: 170.00 ms | State: connected
[LOG] Time: 181s | RTT: 176.00 ms | State: connected
[LOG] Time: 182s | RTT: 176.00 ms | State: connected
[LOG] Time: 183s | RTT: 173.00 ms | State: connected
[LOG] Time: 184s | RTT: 173.00 ms | State: connected
[LOG] Time: 185s | RTT: 173.00 ms | State: connected
[LOG] Time: 186s | RTT: 109.00 ms | State: connected
[LOG] Time: 187s | RTT: 109.00 ms | State: connected
[LOG] Time: 188s | RTT: 169.00 ms | State: connected
[LOG] Time: 190s | RTT: 169.00 ms | State: connected
[LOG] Time: 191s | RTT: 221.00 ms | State: connected
[LOG] Time: 192s | RTT: 221.00 ms | State: connected
[LOG] Time: 193s | RTT: 221.00 ms | State: connected
[LOG] Time: 194s | RTT: 126.00 ms | State: connected
[LOG] Time: 195s | RTT: 126.00 ms | State: connected
[LOG] Time: 196s | RTT: 109.00 ms | State: connected
[LOG] Time: 197s | RTT: 109.00 ms | State: connected
[LOG] Time: 198s | RTT: 109.00 ms | State: connected
[LOG] Time: 199s | RTT: 142.00 ms | State: connected
[LOG] Time: 201s | RTT: 142.00 ms | State: connected
[LOG] Time: 202s | RTT: 151.00 ms | State: connected
[LOG] Time: 203s | RTT: 151.00 ms | State: connected
[LOG] Time: 204s | RTT: 130.00 ms | State: connected
[LOG] Time: 205s | RTT: 130.00 ms | State: connected
[LOG] Time: 206s | RTT: 130.00 ms | State: connected
[LOG] Time: 207s | RTT: 119.00 ms | State: connected
[LOG] Time: 208s | RTT: 119.00 ms | State: connected
[LOG] Time: 209s | RTT: 119.00 ms | State: connected
[LOG] Time: 210s | RTT: 119.00 ms | State: connected
[LOG] Time: 211s | RTT: 119.00 ms | State: connected
[LOG] Time: 213s | RTT: 143.00 ms | State: connected
[LOG] Time: 214s | RTT: 143.00 ms | State: connected
[LOG] Time: 215s | RTT: 158.00 ms | State: connected
[LOG] Time: 216s | RTT: 158.00 ms | State: connected
[LOG] Time: 217s | RTT: 158.00 ms | State: connected
[LOG] Time: 218s | RTT: 176.00 ms | State: connected
[LOG] Time: 219s | RTT: 176.00 ms | State: connected
[LOG] Time: 220s | RTT: 174.00 ms | State: connected
[LOG] Time: 221s | RTT: 174.00 ms | State: connected
[LOG] Time: 222s | RTT: 174.00 ms | State: connected
[LOG] Time: 223s | RTT: 159.00 ms | State: connected
[LOG] Time: 224s | RTT: 159.00 ms | State: connected
[LOG] Time: 226s | RTT: 185.00 ms | State: connected
[LOG] Time: 227s | RTT: 185.00 ms | State: connected
[LOG] Time: 228s | RTT: 185.00 ms | State: connected
[LOG] Time: 229s | RTT: 175.00 ms | State: connected
[LOG] Time: 230s | RTT: 175.00 ms | State: connected
[LOG] Time: 231s | RTT: 143.00 ms | State: connected
[LOG] Time: 232s | RTT: 143.00 ms | State: connected
[LOG] Time: 233s | RTT: 179.00 ms | State: connected
[LOG] Time: 234s | RTT: 179.00 ms | State: connected
[LOG] Time: 235s | RTT: 179.00 ms | State: connected
[LOG] Time: 236s | RTT: 181.00 ms | State: connected
[LOG] Time: 238s | RTT: 181.00 ms | State: connected
[LOG] Time: 239s | RTT: 160.00 ms | State: connected
[LOG] Time: 240s | RTT: 160.00 ms | State: connected
[LOG] Time: 241s | RTT: 160.00 ms | State: connected
[LOG] Time: 242s | RTT: 141.00 ms | State: connected
[LOG] Time: 243s | RTT: 141.00 ms | State: connected
[LOG] Time: 244s | RTT: 180.00 ms | State: connected
[LOG] Time: 245s | RTT: 180.00 ms | State: connected
[LOG] Time: 246s | RTT: 180.00 ms | State: connected
[LOG] Time: 247s | RTT: 166.00 ms | State: connected
[LOG] Time: 248s | RTT: 166.00 ms | State: connected
[LOG] Time: 249s | RTT: 164.00 ms | State: connected
[LOG] Time: 251s | RTT: 164.00 ms | State: connected
[LOG] Time: 252s | RTT: 164.00 ms | State: connected
[LOG] Time: 253s | RTT: 149.00 ms | State: connected
[LOG] Time: 254s | RTT: 149.00 ms | State: connected
[LOG] Time: 255s | RTT: 142.00 ms | State: connected
[LOG] Time: 256s | RTT: 142.00 ms | State: connected
[LOG] Time: 257s | RTT: 142.00 ms | State: connected
[LOG] Time: 258s | RTT: 164.00 ms | State: connected
[LOG] Time: 259s | RTT: 164.00 ms | State: connected
[LOG] Time: 260s | RTT: 185.00 ms | State: connected
[LOG] Time: 261s | RTT: 185.00 ms | State: connected
[LOG] Time: 262s | RTT: 123.00 ms | State: connected
[LOG] Time: 264s | RTT: 123.00 ms | State: connected
[LOG] Time: 265s | RTT: 123.00 ms | State: connected
[LOG] Time: 266s | RTT: 158.00 ms | State: connected
[LOG] Time: 267s | RTT: 158.00 ms | State: connected
[LOG] Time: 268s | RTT: 158.00 ms | State: connected
[LOG] Time: 269s | RTT: 158.00 ms | State: connected
[LOG] Time: 270s | RTT: 158.00 ms | State: connected
[LOG] Time: 271s | RTT: 154.00 ms | State: connected
[LOG] Time: 272s | RTT: 154.00 ms | State: connected
[LOG] Time: 274s | RTT: 119.00 ms | State: connected
[LOG] Time: 275s | RTT: 119.00 ms | State: connected
[LOG] Time: 276s | RTT: 176.00 ms | State: connected
[LOG] Time: 277s | RTT: 176.00 ms | State: connected
[LOG] Time: 278s | RTT: 176.00 ms | State: connected
[LOG] Time: 279s | RTT: 211.00 ms | State: connected
[LOG] Time: 280s | RTT: 211.00 ms | State: connected
[LOG] Time: 281s | RTT: 195.00 ms | State: connected
[LOG] Time: 282s | RTT: 195.00 ms | State: connected
[LOG] Time: 283s | RTT: 195.00 ms | State: connected
[LOG] Time: 285s | RTT: 147.00 ms | State: connected
[LOG] Time: 286s | RTT: 147.00 ms | State: connected
[LOG] Time: 287s | RTT: 177.00 ms | State: connected
[LOG] Time: 288s | RTT: 177.00 ms | State: connected
[LOG] Time: 289s | RTT: 177.00 ms | State: connected
[LOG] Time: 290s | RTT: 158.00 ms | State: connected
[LOG] Time: 291s | RTT: 158.00 ms | State: connected
[LOG] Time: 292s | RTT: 156.00 ms | State: connected
[LOG] Time: 293s | RTT: 156.00 ms | State: connected
[LOG] Time: 294s | RTT: 139.00 ms | State: connected
[LOG] Time: 295s | RTT: 139.00 ms | State: connected
[LOG] Time: 296s | RTT: 139.00 ms | State: connected
[LOG] Time: 298s | RTT: 182.00 ms | State: connected
[LOG] Time: 299s | RTT: 182.00 ms | State: connected
[LOG] Time: 300s | RTT: 170.00 ms | State: connected
[LOG] Time: 301s | RTT: 170.00 ms | State: connected
[LOG] Time: 302s | RTT: 170.00 ms | State: connected
[LOG] Time: 303s | RTT: 161.00 ms | State: connected
[LOG] Time: 304s | RTT: 161.00 ms | State: connected
[LOG] Time: 305s | RTT: 177.00 ms | State: connected
[LOG] Time: 306s | RTT: 177.00 ms | State: connected
[LOG] Time: 307s | RTT: 177.00 ms | State: connected
[LOG] Time: 308s | RTT: 168.00 ms | State: connected
[LOG] Time: 310s | RTT: 168.00 ms | State: connected
[LOG] Time: 311s | RTT: 172.00 ms | State: connected
[LOG] Time: 312s | RTT: 172.00 ms | State: connected
[LOG] Time: 313s | RTT: 172.00 ms | State: connected
[LOG] Time: 314s | RTT: 176.00 ms | State: connected
[LOG] Time: 315s | RTT: 176.00 ms | State: connected
[LOG] Time: 316s | RTT: 157.00 ms | State: connected
[LOG] Time: 317s | RTT: 157.00 ms | State: connected
[LOG] Time: 318s | RTT: 156.00 ms | State: connected
[LOG] Time: 319s | RTT: 156.00 ms | State: connected
[LOG] Time: 320s | RTT: 156.00 ms | State: connected
[LOG] Time: 321s | RTT: 162.00 ms | State: connected
[LOG] Time: 322s | RTT: 162.00 ms | State: connected
[LOG] Time: 324s | RTT: 162.00 ms | State: connected
[LOG] Time: 325s | RTT: 310.00 ms | State: connected
[LOG] Time: 326s | RTT: 310.00 ms | State: connected
[LOG] Time: 327s | RTT: 337.00 ms | State: connected
[LOG] Time: 328s | RTT: 337.00 ms | State: connected
[LOG] Time: 329s | RTT: 217.00 ms | State: connected
[LOG] Time: 330s | RTT: 217.00 ms | State: connected
[LOG] Time: 331s | RTT: 217.00 ms | State: connected
[LOG] Time: 332s | RTT: 415.00 ms | State: connected
[LOG] Time: 333s | RTT: 415.00 ms | State: connected
[LOG] Time: 334s | RTT: 167.00 ms | State: connected
[LOG] Time: 335s | RTT: 167.00 ms | State: connected
[LOG] Time: 337s | RTT: 167.00 ms | State: connected
[LOG] Time: 338s | RTT: 180.00 ms | State: connected
[LOG] Time: 339s | RTT: 180.00 ms | State: connected
[LOG] Time: 340s | RTT: 197.00 ms | State: connected
[LOG] Time: 341s | RTT: 197.00 ms | State: connected
[LOG] Time: 342s | RTT: 197.00 ms | State: connected
[LOG] Time: 343s | RTT: 157.00 ms | State: connected
[LOG] Time: 344s | RTT: 157.00 ms | State: connected
[LOG] Time: 345s | RTT: 324.00 ms | State: connected
[LOG] Time: 346s | RTT: 324.00 ms | State: connected
[LOG] Time: 347s | RTT: 324.00 ms | State: connected
[LOG] Time: 348s | RTT: 206.00 ms | State: connected
[LOG] Time: 350s | RTT: 206.00 ms | State: connected
[LOG] Time: 351s | RTT: 191.00 ms | State: connected
[LOG] Time: 352s | RTT: 191.00 ms | State: connected
[LOG] Time: 353s | RTT: 125.00 ms | State: connected
[LOG] Time: 354s | RTT: 125.00 ms | State: connected
[LOG] Time: 355s | RTT: 125.00 ms | State: connected
[LOG] Time: 356s | RTT: 143.00 ms | State: connected
[LOG] Time: 357s | RTT: 143.00 ms | State: connected
[LOG] Time: 358s | RTT: 143.00 ms | State: connected
[LOG] Time: 359s | RTT: 361.00 ms | State: connected
[LOG] Time: 360s | RTT: 361.00 ms | State: connected
[LOG] Time: 361s | RTT: 170.00 ms | State: connected
[LOG] Time: 363s | RTT: 170.00 ms | State: connected
[LOG] Time: 364s | RTT: 159.00 ms | State: connected
[LOG] Time: 365s | RTT: 159.00 ms | State: connected
[LOG] Time: 366s | RTT: 159.00 ms | State: connected
[LOG] Time: 367s | RTT: 135.00 ms | State: connected
[LOG] Time: 368s | RTT: 135.00 ms | State: connected
[LOG] Time: 369s | RTT: 186.00 ms | State: connected
[LOG] Time: 370s | RTT: 186.00 ms | State: connected
[LOG] Time: 371s | RTT: 186.00 ms | State: connected
[LOG] Time: 372s | RTT: 139.00 ms | State: connected
[LOG] Time: 373s | RTT: 139.00 ms | State: connected
[LOG] Time: 375s | RTT: 137.00 ms | State: connected
[LOG] Time: 376s | RTT: 137.00 ms | State: connected
[LOG] Time: 377s | RTT: 163.00 ms | State: connected
[LOG] Time: 378s | RTT: 163.00 ms | State: connected
[LOG] Time: 379s | RTT: 163.00 ms | State: connected
[LOG] Time: 380s | RTT: 202.00 ms | State: connected
[LOG] Time: 381s | RTT: 202.00 ms | State: connected
[LOG] Time: 382s | RTT: 145.00 ms | State: connected
[LOG] Time: 383s | RTT: 145.00 ms | State: connected
[LOG] Time: 384s | RTT: 145.00 ms | State: connected
[LOG] Time: 385s | RTT: 136.00 ms | State: connected
[LOG] Time: 386s | RTT: 136.00 ms | State: connected
[LOG] Time: 388s | RTT: 160.00 ms | State: connected
[LOG] Time: 389s | RTT: 160.00 ms | State: connected
[LOG] Time: 390s | RTT: 160.00 ms | State: connected
[LOG] Time: 391s | RTT: 160.00 ms | State: connected
[LOG] Time: 392s | RTT: 160.00 ms | State: connected
[LOG] Time: 393s | RTT: 167.00 ms | State: connected
[LOG] Time: 394s | RTT: 167.00 ms | State: connected
[LOG] Time: 395s | RTT: 167.00 ms | State: connected
[LOG] Time: 396s | RTT: 160.00 ms | State: connected
[LOG] Time: 397s | RTT: 160.00 ms | State: connected
[LOG] Time: 398s | RTT: 143.00 ms | State: connected
[LOG] Time: 399s | RTT: 143.00 ms | State: connected
[LOG] Time: 400s | RTT: 143.00 ms | State: connected
[LOG] Time: 402s | RTT: 164.00 ms | State: connected
[LOG] Time: 403s | RTT: 164.00 ms | State: connected
[LOG] Time: 404s | RTT: 191.00 ms | State: connected
[LOG] Time: 405s | RTT: 191.00 ms | State: connected
[LOG] Time: 406s | RTT: 176.00 ms | State: connected
[LOG] Time: 407s | RTT: 176.00 ms | State: connected
[LOG] Time: 408s | RTT: 176.00 ms | State: connected
[LOG] Time: 409s | RTT: 288.00 ms | State: connected
[LOG] Time: 410s | RTT: 288.00 ms | State: connected
[LOG] Time: 411s | RTT: 155.00 ms | State: connected
[LOG] Time: 412s | RTT: 155.00 ms | State: connected
[LOG] Time: 413s | RTT: 155.00 ms | State: connected
[LOG] Time: 415s | RTT: 181.00 ms | State: connected
[LOG] Time: 416s | RTT: 181.00 ms | State: connected
[LOG] Time: 417s | RTT: 182.00 ms | State: connected
[LOG] Time: 418s | RTT: 182.00 ms | State: connected
[LOG] Time: 419s | RTT: 182.00 ms | State: connected
[LOG] Time: 420s | RTT: 167.00 ms | State: connected
[LOG] Time: 421s | RTT: 167.00 ms | State: connected
[LOG] Time: 422s | RTT: 137.00 ms | State: connected
[LOG] Time: 423s | RTT: 137.00 ms | State: connected
[LOG] Time: 424s | RTT: 137.00 ms | State: connected
[LOG] Time: 425s | RTT: 168.00 ms | State: connected
[LOG] Time: 426s | RTT: 168.00 ms | State: connected
[LOG] Time: 428s | RTT: 163.00 ms | State: connected
[LOG] Time: 429s | RTT: 163.00 ms | State: connected
[LOG] Time: 430s | RTT: 163.00 ms | State: connected
[LOG] Time: 431s | RTT: 163.00 ms | State: connected
[LOG] Time: 432s | RTT: 163.00 ms | State: connected
[LOG] Time: 433s | RTT: 187.00 ms | State: connected
[LOG] Time: 434s | RTT: 187.00 ms | State: connected
[LOG] Time: 435s | RTT: 156.00 ms | State: connected
[LOG] Time: 436s | RTT: 156.00 ms | State: connected
[LOG] Time: 437s | RTT: 156.00 ms | State: connected
[LOG] Time: 438s | RTT: 145.00 ms | State: connected
[LOG] Time: 439s | RTT: 145.00 ms | State: connected
[LOG] Time: 441s | RTT: 176.00 ms | State: connected
[LOG] Time: 442s | RTT: 176.00 ms | State: connected
[LOG] Time: 443s | RTT: 176.00 ms | State: connected
[LOG] Time: 444s | RTT: 171.00 ms | State: connected
[LOG] Time: 445s | RTT: 171.00 ms | State: connected
[LOG] Time: 446s | RTT: 159.00 ms | State: connected
[LOG] Time: 447s | RTT: 159.00 ms | State: connected
[LOG] Time: 448s | RTT: 159.00 ms | State: connected
[LOG] Time: 449s | RTT: 187.00 ms | State: connected
[LOG] Time: 450s | RTT: 187.00 ms | State: connected
[LOG] Time: 452s | RTT: 180.00 ms | State: connected
[LOG] Time: 453s | RTT: 180.00 ms | State: connected
[LOG] Time: 454s | RTT: 180.00 ms | State: connected
[LOG] Time: 455s | RTT: 275.00 ms | State: connected
[LOG] Time: 456s | RTT: 275.00 ms | State: connected
[LOG] Time: 457s | RTT: 181.00 ms | State: connected
[LOG] Time: 458s | RTT: 181.00 ms | State: connected
[LOG] Time: 459s | RTT: 188.00 ms | State: connected
[LOG] Time: 460s | RTT: 188.00 ms | State: connected
[LOG] Time: 461s | RTT: 188.00 ms | State: connected
[LOG] Time: 462s | RTT: 163.00 ms | State: connected
[LOG] Time: 463s | RTT: 163.00 ms | State: connected
[LOG] Time: 465s | RTT: 212.00 ms | State: connected
[LOG] Time: 466s | RTT: 212.00 ms | State: connected
[LOG] Time: 467s | RTT: 212.00 ms | State: connected
[LOG] Time: 468s | RTT: 151.00 ms | State: connected
[LOG] Time: 469s | RTT: 151.00 ms | State: connected
[LOG] Time: 470s | RTT: 184.00 ms | State: connected
[LOG] Time: 471s | RTT: 184.00 ms | State: connected
[LOG] Time: 472s | RTT: 184.00 ms | State: connected
[LOG] Time: 473s | RTT: 161.00 ms | State: connected
[LOG] Time: 474s | RTT: 161.00 ms | State: connected
[LOG] Time: 475s | RTT: 147.00 ms | State: connected
[LOG] Time: 476s | RTT: 147.00 ms | State: connected
[LOG] Time: 478s | RTT: 147.00 ms | State: connected
[LOG] Time: 479s | RTT: 245.00 ms | State: connected
[LOG] Time: 480s | RTT: 245.00 ms | State: connected
[LOG] Time: 481s | RTT: 192.00 ms | State: connected
[LOG] Time: 482s | RTT: 192.00 ms | State: connected
[LOG] Time: 483s | RTT: 170.00 ms | State: connected
[LOG] Time: 484s | RTT: 170.00 ms | State: connected
[LOG] Time: 485s | RTT: 170.00 ms | State: connected
[LOG] Time: 486s | RTT: 128.00 ms | State: connected
[LOG] Time: 487s | RTT: 128.00 ms | State: connected
[LOG] Time: 488s | RTT: 165.00 ms | State: connected
[LOG] Time: 489s | RTT: 165.00 ms | State: connected
[LOG] Time: 491s | RTT: 165.00 ms | State: connected
[LOG] Time: 492s | RTT: 174.00 ms | State: connected
[LOG] Time: 493s | RTT: 174.00 ms | State: connected
[LOG] Time: 494s | RTT: 166.00 ms | State: connected
[LOG] Time: 495s | RTT: 166.00 ms | State: connected
[LOG] Time: 496s | RTT: 166.00 ms | State: connected
[LOG] Time: 497s | RTT: 144.00 ms | State: connected
[LOG] Time: 498s | RTT: 144.00 ms | State: connected
[LOG] Time: 499s | RTT: 184.00 ms | State: connected
[LOG] Time: 500s | RTT: 184.00 ms | State: connected
[LOG] Time: 501s | RTT: 184.00 ms | State: connected
[LOG] Time: 503s | RTT: 190.00 ms | State: connected
[LOG] Time: 504s | RTT: 190.00 ms | State: connected
[LOG] Time: 505s | RTT: 178.00 ms | State: connected
[LOG] Time: 506s | RTT: 178.00 ms | State: connected
[LOG] Time: 507s | RTT: 178.00 ms | State: connected
[LOG] Time: 508s | RTT: 441.00 ms | State: connected
[LOG] Time: 509s | RTT: 441.00 ms | State: connected
[LOG] Time: 510s | RTT: 179.00 ms | State: connected
[LOG] Time: 512s | RTT: 179.00 ms | State: connected
[LOG] Time: 513s | RTT: 229.00 ms | State: connected
[LOG] Time: 514s | RTT: 229.00 ms | State: connected
[LOG] Time: 515s | RTT: 164.00 ms | State: connected
[LOG] Time: 516s | RTT: 164.00 ms | State: connected
[LOG] Time: 517s | RTT: 164.00 ms | State: connected
[LOG] Time: 518s | RTT: 161.00 ms | State: connected
[LOG] Time: 519s | RTT: 161.00 ms | State: connected
[LOG] Time: 520s | RTT: 125.00 ms | State: connected
[LOG] Time: 521s | RTT: 125.00 ms | State: connected
[LOG] Time: 523s | RTT: 125.00 ms | State: connected
[LOG] Time: 524s | RTT: 186.00 ms | State: connected
[LOG] Time: 525s | RTT: 186.00 ms | State: connected
[LOG] Time: 526s | RTT: 156.00 ms | State: connected
[LOG] Time: 527s | RTT: 156.00 ms | State: connected
[LOG] Time: 528s | RTT: 128.00 ms | State: connected
[LOG] Time: 529s | RTT: 128.00 ms | State: connected
[LOG] Time: 530s | RTT: 128.00 ms | State: connected
[LOG] Time: 532s | RTT: 147.00 ms | State: connected
[LOG] Time: 533s | RTT: 147.00 ms | State: connected
[LOG] Time: 534s | RTT: 165.00 ms | State: connected
[LOG] Time: 535s | RTT: 165.00 ms | State: connected
[LOG] Time: 536s | RTT: 165.00 ms | State: connected
[LOG] Time: 537s | RTT: 200.00 ms | State: connected
[LOG] Time: 538s | RTT: 200.00 ms | State: connected
[LOG] Time: 539s | RTT: 201.00 ms | State: connected
[LOG] Time: 540s | RTT: 201.00 ms | State: connected
[LOG] Time: 541s | RTT: 188.00 ms | State: connected
[LOG] Time: 542s | RTT: 188.00 ms | State: connected
[LOG] Time: 543s | RTT: 188.00 ms | State: connected
[LOG] Time: 545s | RTT: 128.00 ms | State: connected
[LOG] Time: 546s | RTT: 128.00 ms | State: connected
[LOG] Time: 547s | RTT: 170.00 ms | State: connected
[LOG] Time: 548s | RTT: 170.00 ms | State: connected
[LOG] Time: 549s | RTT: 170.00 ms | State: connected
[LOG] Time: 550s | RTT: 850.00 ms | State: connected
[LOG] Time: 551s | RTT: 850.00 ms | State: connected
[LOG] Time: 552s | RTT: 239.00 ms | State: connected
[LOG] Time: 553s | RTT: 239.00 ms | State: connected
[LOG] Time: 554s | RTT: 239.00 ms | State: connected
[LOG] Time: 555s | RTT: 170.00 ms | State: connected
[LOG] Time: 556s | RTT: 170.00 ms | State: connected
[LOG] Time: 558s | RTT: 160.00 ms | State: connected
[LOG] Time: 559s | RTT: 160.00 ms | State: connected
[LOG] Time: 560s | RTT: 160.00 ms | State: connected
[LOG] Time: 561s | RTT: 151.00 ms | State: connected
[LOG] Time: 562s | RTT: 151.00 ms | State: connected
[LOG] Time: 563s | RTT: 146.00 ms | State: connected
[LOG] Time: 564s | RTT: 146.00 ms | State: connected
[LOG] Time: 565s | RTT: 184.00 ms | State: connected
[LOG] Time: 566s | RTT: 184.00 ms | State: connected
[LOG] Time: 567s | RTT: 184.00 ms | State: connected
[LOG] Time: 568s | RTT: 172.00 ms | State: connected
[LOG] Time: 570s | RTT: 172.00 ms | State: connected
[LOG] Time: 571s | RTT: 168.00 ms | State: connected
[LOG] Time: 572s | RTT: 168.00 ms | State: connected
[LOG] Time: 573s | RTT: 168.00 ms | State: connected
[LOG] Time: 574s | RTT: 179.00 ms | State: connected
[LOG] Time: 575s | RTT: 179.00 ms | State: connected
[LOG] Time: 576s | RTT: 167.00 ms | State: connected
[LOG] Time: 577s | RTT: 167.00 ms | State: connected
[LOG] Time: 578s | RTT: 167.00 ms | State: connected
[LOG] Time: 579s | RTT: 162.00 ms | State: connected
[LOG] Time: 580s | RTT: 162.00 ms | State: connected
[LOG] Time: 582s | RTT: 169.00 ms | State: connected
[LOG] Time: 583s | RTT: 169.00 ms | State: connected
[LOG] Time: 584s | RTT: 169.00 ms | State: connected
[LOG] Time: 585s | RTT: 157.00 ms | State: connected
[LOG] Time: 586s | RTT: 157.00 ms | State: connected
[LOG] Time: 587s | RTT: 183.00 ms | State: connected
[LOG] Time: 588s | RTT: 183.00 ms | State: connected
[LOG] Time: 589s | RTT: 183.00 ms | State: connected
[LOG] Time: 590s | RTT: 185.00 ms | State: connected
[LOG] Time: 591s | RTT: 185.00 ms | State: connected
[LOG] Time: 592s | RTT: 189.00 ms | State: connected
[LOG] Time: 594s | RTT: 189.00 ms | State: connected
[LOG] Time: 595s | RTT: 156.00 ms | State: connected
[LOG] Time: 596s | RTT: 156.00 ms | State: connected
[LOG] Time: 597s | RTT: 156.00 ms | State: connected
[LOG] Time: 598s | RTT: 191.00 ms | State: connected
[LOG] Time: 599s | RTT: 191.00 ms | State: connected
[*] Monitoring finished.

SUCCESS! Remote IP: 48.208.173.226
[*] Resolving Server Location...
SUCCESS! Server Location: San Francisco, United States (Microsoft Corporation)

[*] Running TCP MTR (Port 443)...
Start: 2026-02-16T07:06:09+0000
HOST: 3ffcb15c7435                Loss%   Snt   Last   Avg  Best  Wrst StDev
  1. AS???    172.17.0.1           0.0%    10    0.2   0.2   0.2   0.2   0.0
  2. AS???    10.1.0.1             0.0%    10    4.8  43.8   1.7 406.9 127.6
  3. AS???    100.64.0.1           0.0%    10   79.3 142.3  67.2 556.0 148.2
  4. AS???    172.16.250.50        0.0%    10   70.1 127.6  70.0 516.4 137.9
  5. AS???    ???                 100.0    10    0.0   0.0   0.0   0.0   0.0
  6. AS14593  206.224.71.91        0.0%    10   76.2 127.9  76.2 458.5 117.6
        206.224.71.75                    
     AS14593  206.224.71.75
        206.224.71.77                    
     AS14593  206.224.71.77
        206.224.71.86                    
     AS14593  206.224.71.86
        206.224.71.88                    
     AS14593  206.224.71.88
        206.224.71.81                    
     AS14593  206.224.71.81
        206.224.71.83                    
     AS14593  206.224.71.83
        206.224.71.95                    
     AS14593  206.224.71.95
  7. AS8075   104.44.57.195        0.0%    10   75.3 112.8  63.5 423.1 109.6
        104.44.57.191                    
     AS8075   104.44.57.191
  8. AS8075   104.44.41.128        0.0%    10   89.5 124.9  70.5 397.8  98.1
        104.44.55.75                     
     AS8075   104.44.55.75
        104.44.42.2                      
     AS8075   104.44.42.2
        104.44.55.81                     
     AS8075   104.44.55.81
  9. AS8075   104.44.33.171        0.0%    10  100.7 195.7  80.5 1116. 324.0
        104.44.33.179                    
     AS8075   104.44.33.179
        104.44.33.173                    
     AS8075   104.44.33.173
        104.44.33.181                    
     AS8075   104.44.33.181
 10. AS8075   51.10.26.167         0.0%    10   82.3 138.1  73.0 499.7 130.9
        51.10.26.165                     
     AS8075   51.10.26.165
 11. AS8075   104.44.17.22         0.0%    10   77.4 120.5  73.9 293.5  72.5
        104.44.20.215                    
     AS8075   104.44.20.215
        104.44.17.20                     
     AS8075   104.44.17.20
        104.44.22.156                    
     AS8075   104.44.22.156
        104.44.22.148                    
     AS8075   104.44.22.148
        104.44.22.154                    
     AS8075   104.44.22.154
 12. AS8075   104.44.22.168       50.0%    10   94.4  94.0  75.3 116.3  14.9
        104.44.22.174                    
     AS8075   104.44.22.174
        104.44.22.166                    
     AS8075   104.44.22.166
 13. AS???    ???                 100.0    10    0.0   0.0   0.0   0.0   0.0

[*] Running UDP MTR...
Start: 2026-02-16T07:06:36+0000
HOST: 3ffcb15c7435                Loss%   Snt   Last   Avg  Best  Wrst StDev
  1. AS???    172.17.0.1           0.0%    10    0.2   0.1   0.1   0.2   0.0
  2. AS???    10.1.0.1             0.0%    10    4.7  24.3   3.9  63.9  22.1
  3. AS???    100.64.0.1           0.0%    10   74.4  76.8  59.3 105.2  13.1
  4. AS???    172.16.250.50        0.0%    10  221.2 101.3  63.4 221.2  56.3
  5. AS14593  206.224.65.252       0.0%    10  195.2 114.8  68.3 195.2  48.4
        206.224.65.248                   
     AS14593  206.224.65.248
        206.224.65.244                   
     AS14593  206.224.65.244
        206.224.66.0                     
     AS14593  206.224.66.0
  6. AS14593  206.224.71.95        0.0%    10  152.4 100.4  56.4 152.4  30.4
        206.224.71.86                    
     AS14593  206.224.71.86
        206.224.71.75                    
     AS14593  206.224.71.75
        206.224.71.83                    
     AS14593  206.224.71.83
        206.224.71.81                    
     AS14593  206.224.71.81
        206.224.71.77                    
     AS14593  206.224.71.77
        206.224.71.88                    
     AS14593  206.224.71.88
  7. AS8075   104.44.57.195        0.0%    10  118.1  94.5  67.3 118.4  20.0
        104.44.57.191                    
     AS8075   104.44.57.191
  8. AS8075   104.44.42.2          0.0%    10   83.0 143.1  62.8 204.3  58.7
        104.44.55.75                     
     AS8075   104.44.55.75
        104.44.41.128                    
     AS8075   104.44.41.128
        104.44.55.81                     
     AS8075   104.44.55.81
  9. AS8075   104.44.33.181       10.0%    10   99.8  89.3  69.4 118.8  13.7
        104.44.33.171                    
     AS8075   104.44.33.171
        104.44.33.173                    
     AS8075   104.44.33.173
        104.44.33.179                    
     AS8075   104.44.33.179
 10. AS8075   51.10.26.167         0.0%    10  313.1 157.6  80.3 313.1  76.0
        51.10.26.165                     
     AS8075   51.10.26.165
 11. AS8075   104.44.17.22         0.0%    10  292.2 112.3  67.6 292.2  65.3
        104.44.23.55                     
     AS8075   104.44.23.55
        104.44.22.156                    
     AS8075   104.44.22.156
        104.44.17.20                     
     AS8075   104.44.17.20
        104.44.22.154                    
     AS8075   104.44.22.154
 12. AS8075   104.44.22.176       50.0%    10  100.7  81.7  70.5 100.7  11.6
        104.44.22.168                    
     AS8075   104.44.22.168
        104.44.22.166                    
     AS8075   104.44.22.166
        104.44.22.174                    
     AS8075   104.44.22.174
 13. AS???    ???                 100.0    10    0.0   0.0   0.0   0.0   0.0
