[*] Config Loaded: Name='flight-hawaii-van-Teams', Duration=600s
[*] Launching Chrome for Teams...
[*] Joining URL: [REDACTED_TEAMS_MEETING_URL]
[*] Navigating Join Flow...
[*] Looking for Join button...
    [+] JOIN CLICKED!
[*] Waiting for connection (20s)...
[*] Starting continuous monitoring for 600 seconds...
[LOG] Time: 0s | RTT: 117.00 ms | State: connected
[LOG] Time: 1s | RTT: 125.00 ms | State: connected
[LOG] Time: 2s | RTT: 125.00 ms | State: connected
[LOG] Time: 3s | RTT: 125.00 ms | State: connected
[LOG] Time: 4s | RTT: 181.00 ms | State: connected
[LOG] Time: 5s | RTT: 181.00 ms | State: connected
[LOG] Time: 6s | RTT: 101.00 ms | State: connected
[LOG] Time: 7s | RTT: 101.00 ms | State: connected
[LOG] Time: 9s | RTT: 143.00 ms | State: connected
[LOG] Time: 10s | RTT: 143.00 ms | State: connected
[LOG] Time: 11s | RTT: 143.00 ms | State: connected
[LOG] Time: 12s | RTT: 100.00 ms | State: connected
[LOG] Time: 13s | RTT: 100.00 ms | State: connected
[LOG] Time: 14s | RTT: 114.00 ms | State: connected
[LOG] Time: 15s | RTT: 114.00 ms | State: connected
[LOG] Time: 16s | RTT: 124.00 ms | State: connected
[LOG] Time: 17s | RTT: 124.00 ms | State: connected
[LOG] Time: 19s | RTT: 124.00 ms | State: connected
[LOG] Time: 20s | RTT: 123.00 ms | State: connected
[LOG] Time: 21s | RTT: 123.00 ms | State: connected
[LOG] Time: 22s | RTT: 136.00 ms | State: connected
[LOG] Time: 23s | RTT: 136.00 ms | State: connected
[LOG] Time: 24s | RTT: 136.00 ms | State: connected
[LOG] Time: 25s | RTT: 117.00 ms | State: connected
[LOG] Time: 26s | RTT: 117.00 ms | State: connected
[LOG] Time: 27s | RTT: 110.00 ms | State: connected
[LOG] Time: 28s | RTT: 110.00 ms | State: connected
[LOG] Time: 30s | RTT: 110.00 ms | State: connected
[LOG] Time: 31s | RTT: 115.00 ms | State: connected
[LOG] Time: 32s | RTT: 115.00 ms | State: connected
[LOG] Time: 33s | RTT: 104.00 ms | State: connected
[LOG] Time: 34s | RTT: 104.00 ms | State: connected
[LOG] Time: 35s | RTT: 123.00 ms | State: connected
[LOG] Time: 36s | RTT: 123.00 ms | State: connected
[LOG] Time: 37s | RTT: 123.00 ms | State: connected
[LOG] Time: 38s | RTT: 103.00 ms | State: connected
[LOG] Time: 39s | RTT: 103.00 ms | State: connected
[LOG] Time: 41s | RTT: 102.00 ms | State: connected
[LOG] Time: 42s | RTT: 102.00 ms | State: connected
[LOG] Time: 43s | RTT: 138.00 ms | State: connected
[LOG] Time: 44s | RTT: 138.00 ms | State: connected
[LOG] Time: 45s | RTT: 138.00 ms | State: connected
[LOG] Time: 46s | RTT: 122.00 ms | State: connected
[LOG] Time: 47s | RTT: 122.00 ms | State: connected
[LOG] Time: 49s | RTT: 112.00 ms | State: connected
[LOG] Time: 50s | RTT: 112.00 ms | State: connected
[LOG] Time: 51s | RTT: 112.00 ms | State: connected
[LOG] Time: 52s | RTT: 113.00 ms | State: connected
[LOG] Time: 53s | RTT: 113.00 ms | State: connected
[LOG] Time: 54s | RTT: 151.00 ms | State: connected
[LOG] Time: 55s | RTT: 151.00 ms | State: connected
[LOG] Time: 56s | RTT: 161.00 ms | State: connected
[LOG] Time: 57s | RTT: 161.00 ms | State: connected
[LOG] Time: 58s | RTT: 161.00 ms | State: connected
[LOG] Time: 60s | RTT: 136.00 ms | State: connected
[LOG] Time: 61s | RTT: 136.00 ms | State: connected
[LOG] Time: 62s | RTT: 116.00 ms | State: connected
[LOG] Time: 63s | RTT: 116.00 ms | State: connected
[LOG] Time: 64s | RTT: 116.00 ms | State: connected
[LOG] Time: 65s | RTT: 98.00 ms | State: connected
[LOG] Time: 66s | RTT: 98.00 ms | State: connected
[LOG] Time: 67s | RTT: 156.00 ms | State: connected
[LOG] Time: 68s | RTT: 156.00 ms | State: connected
[LOG] Time: 69s | RTT: 130.00 ms | State: connected
[LOG] Time: 71s | RTT: 130.00 ms | State: connected
[LOG] Time: 72s | RTT: 130.00 ms | State: connected
[LOG] Time: 73s | RTT: 127.00 ms | State: connected
[LOG] Time: 74s | RTT: 127.00 ms | State: connected
[LOG] Time: 75s | RTT: 148.00 ms | State: connected
[LOG] Time: 76s | RTT: 148.00 ms | State: connected
[LOG] Time: 77s | RTT: 148.00 ms | State: connected
[LOG] Time: 78s | RTT: 149.00 ms | State: connected
[LOG] Time: 79s | RTT: 149.00 ms | State: connected
[LOG] Time: 81s | RTT: 134.00 ms | State: connected
[LOG] Time: 82s | RTT: 134.00 ms | State: connected
[LOG] Time: 83s | RTT: 125.00 ms | State: connected
[LOG] Time: 84s | RTT: 125.00 ms | State: connected
[LOG] Time: 85s | RTT: 125.00 ms | State: connected
[LOG] Time: 86s | RTT: 149.00 ms | State: connected
[LOG] Time: 87s | RTT: 149.00 ms | State: connected
[LOG] Time: 88s | RTT: 100.00 ms | State: connected
[LOG] Time: 89s | RTT: 100.00 ms | State: connected
[LOG] Time: 90s | RTT: 100.00 ms | State: connected
[LOG] Time: 91s | RTT: 120.00 ms | State: connected
[LOG] Time: 93s | RTT: 120.00 ms | State: connected
[LOG] Time: 94s | RTT: 115.00 ms | State: connected
[LOG] Time: 95s | RTT: 115.00 ms | State: connected
[LOG] Time: 96s | RTT: 111.00 ms | State: connected
[LOG] Time: 97s | RTT: 111.00 ms | State: connected
[LOG] Time: 98s | RTT: 111.00 ms | State: connected
[LOG] Time: 99s | RTT: 110.00 ms | State: connected
[LOG] Time: 100s | RTT: 110.00 ms | State: connected
[LOG] Time: 102s | RTT: 138.00 ms | State: connected
[LOG] Time: 103s | RTT: 138.00 ms | State: connected
[LOG] Time: 104s | RTT: 138.00 ms | State: connected
[LOG] Time: 105s | RTT: 138.00 ms | State: connected
[LOG] Time: 106s | RTT: 138.00 ms | State: connected
[LOG] Time: 107s | RTT: 141.00 ms | State: connected
[LOG] Time: 108s | RTT: 141.00 ms | State: connected
[LOG] Time: 109s | RTT: 141.00 ms | State: connected
[LOG] Time: 110s | RTT: 112.00 ms | State: connected
[LOG] Time: 111s | RTT: 112.00 ms | State: connected
[LOG] Time: 112s | RTT: 161.00 ms | State: connected
[LOG] Time: 114s | RTT: 161.00 ms | State: connected
[LOG] Time: 115s | RTT: 120.00 ms | State: connected
[LOG] Time: 116s | RTT: 120.00 ms | State: connected
[LOG] Time: 117s | RTT: 120.00 ms | State: connected
[LOG] Time: 118s | RTT: 106.00 ms | State: connected
[LOG] Time: 119s | RTT: 106.00 ms | State: connected
[LOG] Time: 120s | RTT: 94.00 ms | State: connected
[LOG] Time: 121s | RTT: 94.00 ms | State: connected
[LOG] Time: 122s | RTT: 94.00 ms | State: connected
[LOG] Time: 123s | RTT: 229.00 ms | State: connected
[LOG] Time: 124s | RTT: 229.00 ms | State: connected
[LOG] Time: 125s | RTT: 230.00 ms | State: connected
[LOG] Time: 127s | RTT: 230.00 ms | State: connected
[LOG] Time: 128s | RTT: 230.00 ms | State: connected
[LOG] Time: 129s | RTT: 177.00 ms | State: connected
[LOG] Time: 130s | RTT: 177.00 ms | State: connected
[LOG] Time: 131s | RTT: 116.00 ms | State: connected
[LOG] Time: 132s | RTT: 116.00 ms | State: connected
[LOG] Time: 133s | RTT: 116.00 ms | State: connected
[LOG] Time: 134s | RTT: 141.00 ms | State: connected
[LOG] Time: 135s | RTT: 141.00 ms | State: connected
[LOG] Time: 136s | RTT: 112.00 ms | State: connected
[LOG] Time: 138s | RTT: 112.00 ms | State: connected
[LOG] Time: 139s | RTT: 140.00 ms | State: connected
[LOG] Time: 140s | RTT: 140.00 ms | State: connected
[LOG] Time: 141s | RTT: 140.00 ms | State: connected
[LOG] Time: 142s | RTT: 101.00 ms | State: connected
[LOG] Time: 143s | RTT: 101.00 ms | State: connected
[LOG] Time: 144s | RTT: 100.00 ms | State: connected
[LOG] Time: 145s | RTT: 100.00 ms | State: connected
[LOG] Time: 146s | RTT: 100.00 ms | State: connected
[LOG] Time: 147s | RTT: 129.00 ms | State: connected
[LOG] Time: 148s | RTT: 129.00 ms | State: connected
[LOG] Time: 150s | RTT: 112.00 ms | State: connected
[LOG] Time: 151s | RTT: 112.00 ms | State: connected
[LOG] Time: 152s | RTT: 112.00 ms | State: connected
[LOG] Time: 153s | RTT: 153.00 ms | State: connected
[LOG] Time: 154s | RTT: 153.00 ms | State: connected
[LOG] Time: 155s | RTT: 129.00 ms | State: connected
[LOG] Time: 156s | RTT: 129.00 ms | State: connected
[LOG] Time: 157s | RTT: 142.00 ms | State: connected
[LOG] Time: 158s | RTT: 142.00 ms | State: connected
[LOG] Time: 159s | RTT: 142.00 ms | State: connected
[LOG] Time: 161s | RTT: 109.00 ms | State: connected
[LOG] Time: 162s | RTT: 109.00 ms | State: connected
[LOG] Time: 163s | RTT: 102.00 ms | State: connected
[LOG] Time: 164s | RTT: 102.00 ms | State: connected
[LOG] Time: 165s | RTT: 109.00 ms | State: connected
[LOG] Time: 166s | RTT: 109.00 ms | State: connected
[LOG] Time: 167s | RTT: 109.00 ms | State: connected
[LOG] Time: 169s | RTT: 113.00 ms | State: connected
[LOG] Time: 170s | RTT: 113.00 ms | State: connected
[LOG] Time: 171s | RTT: 119.00 ms | State: connected
[LOG] Time: 172s | RTT: 119.00 ms | State: connected
[LOG] Time: 173s | RTT: 124.00 ms | State: connected
[LOG] Time: 174s | RTT: 124.00 ms | State: connected
[LOG] Time: 176s | RTT: 124.00 ms | State: connected
[LOG] Time: 177s | RTT: 160.00 ms | State: connected
[LOG] Time: 178s | RTT: 160.00 ms | State: connected
[LOG] Time: 179s | RTT: 108.00 ms | State: connected
[LOG] Time: 180s | RTT: 108.00 ms | State: connected
[LOG] Time: 181s | RTT: 91.00 ms | State: connected
[LOG] Time: 182s | RTT: 91.00 ms | State: connected
[LOG] Time: 183s | RTT: 91.00 ms | State: connected
[LOG] Time: 185s | RTT: 144.00 ms | State: connected
[LOG] Time: 186s | RTT: 144.00 ms | State: connected
[LOG] Time: 187s | RTT: 154.00 ms | State: connected
[LOG] Time: 188s | RTT: 154.00 ms | State: connected
[LOG] Time: 189s | RTT: 144.00 ms | State: connected
[LOG] Time: 190s | RTT: 144.00 ms | State: connected
[LOG] Time: 191s | RTT: 144.00 ms | State: connected
[LOG] Time: 192s | RTT: 105.00 ms | State: connected
[LOG] Time: 194s | RTT: 105.00 ms | State: connected
[LOG] Time: 195s | RTT: 137.00 ms | State: connected
[LOG] Time: 196s | RTT: 137.00 ms | State: connected
[LOG] Time: 197s | RTT: 137.00 ms | State: connected
[LOG] Time: 198s | RTT: 137.00 ms | State: connected
[LOG] Time: 199s | RTT: 137.00 ms | State: connected
[LOG] Time: 200s | RTT: 130.00 ms | State: connected
[LOG] Time: 201s | RTT: 130.00 ms | State: connected
[LOG] Time: 202s | RTT: 108.00 ms | State: connected
[LOG] Time: 204s | RTT: 108.00 ms | State: connected
[LOG] Time: 205s | RTT: 108.00 ms | State: connected
[LOG] Time: 206s | RTT: 143.00 ms | State: connected
[LOG] Time: 207s | RTT: 143.00 ms | State: connected
[LOG] Time: 208s | RTT: 100.00 ms | State: connected
[LOG] Time: 209s | RTT: 100.00 ms | State: connected
[LOG] Time: 210s | RTT: 100.00 ms | State: connected
[LOG] Time: 211s | RTT: 154.00 ms | State: connected
[LOG] Time: 212s | RTT: 154.00 ms | State: connected
[LOG] Time: 213s | RTT: 116.00 ms | State: connected
[LOG] Time: 214s | RTT: 116.00 ms | State: connected
[LOG] Time: 216s | RTT: 132.00 ms | State: connected
[LOG] Time: 217s | RTT: 132.00 ms | State: connected
[LOG] Time: 218s | RTT: 132.00 ms | State: connected
[LOG] Time: 219s | RTT: 152.00 ms | State: connected
[LOG] Time: 220s | RTT: 152.00 ms | State: connected
[LOG] Time: 221s | RTT: 135.00 ms | State: connected
[LOG] Time: 222s | RTT: 135.00 ms | State: connected
[LOG] Time: 223s | RTT: 135.00 ms | State: connected
[LOG] Time: 224s | RTT: 165.00 ms | State: connected
[LOG] Time: 225s | RTT: 165.00 ms | State: connected
[LOG] Time: 226s | RTT: 143.00 ms | State: connected
[LOG] Time: 228s | RTT: 143.00 ms | State: connected
[LOG] Time: 229s | RTT: 143.00 ms | State: connected
[LOG] Time: 230s | RTT: 143.00 ms | State: connected
[LOG] Time: 231s | RTT: 143.00 ms | State: connected
[LOG] Time: 232s | RTT: 172.00 ms | State: connected
[LOG] Time: 233s | RTT: 172.00 ms | State: connected
[LOG] Time: 234s | RTT: 87.00 ms | State: connected
[LOG] Time: 235s | RTT: 87.00 ms | State: connected
[LOG] Time: 236s | RTT: 87.00 ms | State: connected
[LOG] Time: 237s | RTT: 137.00 ms | State: connected
[LOG] Time: 238s | RTT: 137.00 ms | State: connected
[LOG] Time: 240s | RTT: 107.00 ms | State: connected
[LOG] Time: 241s | RTT: 107.00 ms | State: connected
[LOG] Time: 242s | RTT: 107.00 ms | State: connected
[LOG] Time: 243s | RTT: 150.00 ms | State: connected
[LOG] Time: 244s | RTT: 150.00 ms | State: connected
[LOG] Time: 245s | RTT: 114.00 ms | State: connected
[LOG] Time: 246s | RTT: 114.00 ms | State: connected
[LOG] Time: 247s | RTT: 114.00 ms | State: connected
[LOG] Time: 248s | RTT: 151.00 ms | State: connected
[LOG] Time: 249s | RTT: 151.00 ms | State: connected
[LOG] Time: 250s | RTT: 134.00 ms | State: connected
[LOG] Time: 251s | RTT: 134.00 ms | State: connected
[LOG] Time: 253s | RTT: 134.00 ms | State: connected
[LOG] Time: 254s | RTT: 114.00 ms | State: connected
[LOG] Time: 255s | RTT: 114.00 ms | State: connected
[LOG] Time: 256s | RTT: 110.00 ms | State: connected
[LOG] Time: 257s | RTT: 110.00 ms | State: connected
[LOG] Time: 258s | RTT: 102.00 ms | State: connected
[LOG] Time: 259s | RTT: 102.00 ms | State: connected
[LOG] Time: 260s | RTT: 102.00 ms | State: connected
[LOG] Time: 261s | RTT: 101.00 ms | State: connected
[LOG] Time: 262s | RTT: 101.00 ms | State: connected
[LOG] Time: 263s | RTT: 135.00 ms | State: connected
[LOG] Time: 264s | RTT: 135.00 ms | State: connected
[LOG] Time: 266s | RTT: 135.00 ms | State: connected
[LOG] Time: 267s | RTT: 113.00 ms | State: connected
[LOG] Time: 268s | RTT: 113.00 ms | State: connected
[LOG] Time: 269s | RTT: 118.00 ms | State: connected
[LOG] Time: 270s | RTT: 118.00 ms | State: connected
[LOG] Time: 271s | RTT: 118.00 ms | State: connected
[LOG] Time: 272s | RTT: 124.00 ms | State: connected
[LOG] Time: 273s | RTT: 124.00 ms | State: connected
[LOG] Time: 274s | RTT: 133.00 ms | State: connected
[LOG] Time: 275s | RTT: 133.00 ms | State: connected
[LOG] Time: 276s | RTT: 133.00 ms | State: connected
[LOG] Time: 278s | RTT: 141.00 ms | State: connected
[LOG] Time: 279s | RTT: 141.00 ms | State: connected
[LOG] Time: 280s | RTT: 103.00 ms | State: connected
[LOG] Time: 281s | RTT: 103.00 ms | State: connected
[LOG] Time: 282s | RTT: 103.00 ms | State: connected
[LOG] Time: 283s | RTT: 118.00 ms | State: connected
[LOG] Time: 284s | RTT: 118.00 ms | State: connected
[LOG] Time: 285s | RTT: 95.00 ms | State: connected
[LOG] Time: 286s | RTT: 95.00 ms | State: connected
[LOG] Time: 287s | RTT: 96.00 ms | State: connected
[LOG] Time: 288s | RTT: 96.00 ms | State: connected
[LOG] Time: 289s | RTT: 96.00 ms | State: connected
[LOG] Time: 291s | RTT: 121.00 ms | State: connected
[LOG] Time: 292s | RTT: 121.00 ms | State: connected
[LOG] Time: 293s | RTT: 117.00 ms | State: connected
[LOG] Time: 294s | RTT: 117.00 ms | State: connected
[LOG] Time: 295s | RTT: 117.00 ms | State: connected
[LOG] Time: 296s | RTT: 115.00 ms | State: connected
[LOG] Time: 297s | RTT: 115.00 ms | State: connected
[LOG] Time: 298s | RTT: 108.00 ms | State: connected
[LOG] Time: 299s | RTT: 108.00 ms | State: connected
[LOG] Time: 300s | RTT: 108.00 ms | State: connected
[LOG] Time: 301s | RTT: 117.00 ms | State: connected
[LOG] Time: 302s | RTT: 117.00 ms | State: connected
[LOG] Time: 303s | RTT: 112.00 ms | State: connected
[LOG] Time: 305s | RTT: 112.00 ms | State: connected
[LOG] Time: 306s | RTT: 112.00 ms | State: connected
[LOG] Time: 307s | RTT: 100.00 ms | State: connected
[LOG] Time: 308s | RTT: 100.00 ms | State: connected
[LOG] Time: 309s | RTT: 106.00 ms | State: connected
[LOG] Time: 310s | RTT: 106.00 ms | State: connected
[LOG] Time: 311s | RTT: 106.00 ms | State: connected
[LOG] Time: 312s | RTT: 135.00 ms | State: connected
[LOG] Time: 313s | RTT: 135.00 ms | State: connected
[LOG] Time: 314s | RTT: 101.00 ms | State: connected
[LOG] Time: 315s | RTT: 101.00 ms | State: connected
[LOG] Time: 316s | RTT: 101.00 ms | State: connected
[LOG] Time: 318s | RTT: 95.00 ms | State: connected
[LOG] Time: 319s | RTT: 95.00 ms | State: connected
[LOG] Time: 320s | RTT: 118.00 ms | State: connected
[LOG] Time: 321s | RTT: 118.00 ms | State: connected
[LOG] Time: 322s | RTT: 112.00 ms | State: connected
[LOG] Time: 323s | RTT: 112.00 ms | State: connected
[LOG] Time: 324s | RTT: 112.00 ms | State: connected
[LOG] Time: 325s | RTT: 145.00 ms | State: connected
[LOG] Time: 326s | RTT: 145.00 ms | State: connected
[LOG] Time: 327s | RTT: 211.00 ms | State: connected
[LOG] Time: 328s | RTT: 211.00 ms | State: connected
[LOG] Time: 329s | RTT: 211.00 ms | State: connected
[LOG] Time: 330s | RTT: 150.00 ms | State: connected
[LOG] Time: 332s | RTT: 150.00 ms | State: connected
[LOG] Time: 333s | RTT: 103.00 ms | State: connected
[LOG] Time: 334s | RTT: 103.00 ms | State: connected
[LOG] Time: 335s | RTT: 103.00 ms | State: connected
[LOG] Time: 336s | RTT: 147.00 ms | State: connected
[LOG] Time: 337s | RTT: 147.00 ms | State: connected
[LOG] Time: 338s | RTT: 126.00 ms | State: connected
[LOG] Time: 339s | RTT: 126.00 ms | State: connected
[LOG] Time: 340s | RTT: 126.00 ms | State: connected
[LOG] Time: 341s | RTT: 103.00 ms | State: connected
[LOG] Time: 342s | RTT: 103.00 ms | State: connected
[LOG] Time: 343s | RTT: 136.00 ms | State: connected
[LOG] Time: 345s | RTT: 136.00 ms | State: connected
[LOG] Time: 346s | RTT: 136.00 ms | State: connected
[LOG] Time: 347s | RTT: 136.00 ms | State: connected
[LOG] Time: 348s | RTT: 136.00 ms | State: connected
[LOG] Time: 349s | RTT: 97.00 ms | State: connected
[LOG] Time: 350s | RTT: 97.00 ms | State: connected
[LOG] Time: 351s | RTT: 97.00 ms | State: connected
[LOG] Time: 352s | RTT: 167.00 ms | State: connected
[LOG] Time: 353s | RTT: 167.00 ms | State: connected
[LOG] Time: 354s | RTT: 105.00 ms | State: connected
[LOG] Time: 356s | RTT: 105.00 ms | State: connected
[LOG] Time: 357s | RTT: 102.00 ms | State: connected
[LOG] Time: 358s | RTT: 102.00 ms | State: connected
[LOG] Time: 359s | RTT: 102.00 ms | State: connected
[LOG] Time: 360s | RTT: 132.00 ms | State: connected
[LOG] Time: 361s | RTT: 132.00 ms | State: connected
[LOG] Time: 362s | RTT: 135.00 ms | State: connected
[LOG] Time: 363s | RTT: 135.00 ms | State: connected
[LOG] Time: 364s | RTT: 138.00 ms | State: connected
[LOG] Time: 365s | RTT: 138.00 ms | State: connected
[LOG] Time: 366s | RTT: 138.00 ms | State: connected
[LOG] Time: 368s | RTT: 104.00 ms | State: connected
[LOG] Time: 369s | RTT: 104.00 ms | State: connected
[LOG] Time: 370s | RTT: 154.00 ms | State: connected
[LOG] Time: 371s | RTT: 154.00 ms | State: connected
[LOG] Time: 372s | RTT: 154.00 ms | State: connected
[LOG] Time: 373s | RTT: 138.00 ms | State: connected
[LOG] Time: 374s | RTT: 138.00 ms | State: connected
[LOG] Time: 375s | RTT: 152.00 ms | State: connected
[LOG] Time: 377s | RTT: 152.00 ms | State: connected
[LOG] Time: 378s | RTT: 141.00 ms | State: connected
[LOG] Time: 379s | RTT: 141.00 ms | State: connected
[LOG] Time: 380s | RTT: 141.00 ms | State: connected
[LOG] Time: 381s | RTT: 111.00 ms | State: connected
[LOG] Time: 382s | RTT: 111.00 ms | State: connected
[LOG] Time: 383s | RTT: 142.00 ms | State: connected
[LOG] Time: 384s | RTT: 142.00 ms | State: connected
[LOG] Time: 385s | RTT: 142.00 ms | State: connected
[LOG] Time: 386s | RTT: 95.00 ms | State: connected
[LOG] Time: 387s | RTT: 95.00 ms | State: connected
[LOG] Time: 389s | RTT: 106.00 ms | State: connected
[LOG] Time: 390s | RTT: 106.00 ms | State: connected
[LOG] Time: 391s | RTT: 106.00 ms | State: connected
[LOG] Time: 392s | RTT: 153.00 ms | State: connected
[LOG] Time: 393s | RTT: 153.00 ms | State: connected
[LOG] Time: 394s | RTT: 144.00 ms | State: connected
[LOG] Time: 395s | RTT: 144.00 ms | State: connected
[LOG] Time: 396s | RTT: 136.00 ms | State: connected
[LOG] Time: 397s | RTT: 136.00 ms | State: connected
[LOG] Time: 398s | RTT: 136.00 ms | State: connected
[LOG] Time: 400s | RTT: 143.00 ms | State: connected
[LOG] Time: 401s | RTT: 143.00 ms | State: connected
[LOG] Time: 402s | RTT: 117.00 ms | State: connected
[LOG] Time: 403s | RTT: 117.00 ms | State: connected
[LOG] Time: 404s | RTT: 117.00 ms | State: connected
[LOG] Time: 405s | RTT: 140.00 ms | State: connected
[LOG] Time: 406s | RTT: 140.00 ms | State: connected
[LOG] Time: 407s | RTT: 124.00 ms | State: connected
[LOG] Time: 408s | RTT: 124.00 ms | State: connected
[LOG] Time: 409s | RTT: 124.00 ms | State: connected
[LOG] Time: 410s | RTT: 101.00 ms | State: connected
[LOG] Time: 411s | RTT: 101.00 ms | State: connected
[LOG] Time: 413s | RTT: 177.00 ms | State: connected
[LOG] Time: 414s | RTT: 177.00 ms | State: connected
[LOG] Time: 415s | RTT: 177.00 ms | State: connected
[LOG] Time: 416s | RTT: 133.00 ms | State: connected
[LOG] Time: 417s | RTT: 133.00 ms | State: connected
[LOG] Time: 418s | RTT: 135.00 ms | State: connected
[LOG] Time: 419s | RTT: 135.00 ms | State: connected
[LOG] Time: 420s | RTT: 143.00 ms | State: connected
[LOG] Time: 421s | RTT: 143.00 ms | State: connected
[LOG] Time: 422s | RTT: 143.00 ms | State: connected
[LOG] Time: 423s | RTT: 244.00 ms | State: connected
[LOG] Time: 424s | RTT: 244.00 ms | State: connected
[LOG] Time: 426s | RTT: 139.00 ms | State: connected
[LOG] Time: 427s | RTT: 139.00 ms | State: connected
[LOG] Time: 428s | RTT: 139.00 ms | State: connected
[LOG] Time: 429s | RTT: 112.00 ms | State: connected
[LOG] Time: 430s | RTT: 112.00 ms | State: connected
[LOG] Time: 431s | RTT: 126.00 ms | State: connected
[LOG] Time: 432s | RTT: 126.00 ms | State: connected
[LOG] Time: 433s | RTT: 126.00 ms | State: connected
[LOG] Time: 434s | RTT: 126.00 ms | State: connected
[LOG] Time: 435s | RTT: 126.00 ms | State: connected
[LOG] Time: 436s | RTT: 143.00 ms | State: connected
[LOG] Time: 437s | RTT: 143.00 ms | State: connected
[LOG] Time: 439s | RTT: 143.00 ms | State: connected
[LOG] Time: 440s | RTT: 94.00 ms | State: connected
[LOG] Time: 441s | RTT: 94.00 ms | State: connected
[LOG] Time: 442s | RTT: 98.00 ms | State: connected
[LOG] Time: 443s | RTT: 98.00 ms | State: connected
[LOG] Time: 444s | RTT: 98.00 ms | State: connected
[LOG] Time: 445s | RTT: 143.00 ms | State: connected
[LOG] Time: 446s | RTT: 143.00 ms | State: connected
[LOG] Time: 447s | RTT: 117.00 ms | State: connected
[LOG] Time: 448s | RTT: 117.00 ms | State: connected
[LOG] Time: 449s | RTT: 115.00 ms | State: connected
[LOG] Time: 450s | RTT: 115.00 ms | State: connected
[LOG] Time: 452s | RTT: 115.00 ms | State: connected
[LOG] Time: 453s | RTT: 116.00 ms | State: connected
[LOG] Time: 454s | RTT: 116.00 ms | State: connected
[LOG] Time: 455s | RTT: 126.00 ms | State: connected
[LOG] Time: 456s | RTT: 126.00 ms | State: connected
[LOG] Time: 457s | RTT: 126.00 ms | State: connected
[LOG] Time: 458s | RTT: 114.00 ms | State: connected
[LOG] Time: 459s | RTT: 114.00 ms | State: connected
[LOG] Time: 460s | RTT: 126.00 ms | State: connected
[LOG] Time: 461s | RTT: 126.00 ms | State: connected
[LOG] Time: 462s | RTT: 126.00 ms | State: connected
[LOG] Time: 463s | RTT: 106.00 ms | State: connected
[LOG] Time: 464s | RTT: 106.00 ms | State: connected
[LOG] Time: 466s | RTT: 114.00 ms | State: connected
[LOG] Time: 467s | RTT: 114.00 ms | State: connected
[LOG] Time: 468s | RTT: 114.00 ms | State: connected
[LOG] Time: 469s | RTT: 103.00 ms | State: connected
[LOG] Time: 470s | RTT: 103.00 ms | State: connected
[LOG] Time: 471s | RTT: 101.00 ms | State: connected
[LOG] Time: 472s | RTT: 101.00 ms | State: connected
[LOG] Time: 473s | RTT: 101.00 ms | State: connected
[LOG] Time: 474s | RTT: 132.00 ms | State: connected
[LOG] Time: 475s | RTT: 132.00 ms | State: connected
[LOG] Time: 476s | RTT: 142.00 ms | State: connected
[LOG] Time: 477s | RTT: 142.00 ms | State: connected
[LOG] Time: 479s | RTT: 134.00 ms | State: connected
[LOG] Time: 480s | RTT: 134.00 ms | State: connected
[LOG] Time: 481s | RTT: 134.00 ms | State: connected
[LOG] Time: 482s | RTT: 118.00 ms | State: connected
[LOG] Time: 483s | RTT: 118.00 ms | State: connected
[LOG] Time: 484s | RTT: 226.00 ms | State: connected
[LOG] Time: 485s | RTT: 226.00 ms | State: connected
[LOG] Time: 486s | RTT: 226.00 ms | State: connected
[LOG] Time: 487s | RTT: 126.00 ms | State: connected
[LOG] Time: 488s | RTT: 126.00 ms | State: connected
[LOG] Time: 489s | RTT: 104.00 ms | State: connected
[LOG] Time: 490s | RTT: 104.00 ms | State: connected
[LOG] Time: 492s | RTT: 104.00 ms | State: connected
[LOG] Time: 493s | RTT: 169.00 ms | State: connected
[LOG] Time: 494s | RTT: 169.00 ms | State: connected
[LOG] Time: 495s | RTT: 188.00 ms | State: connected
[LOG] Time: 496s | RTT: 188.00 ms | State: connected
[LOG] Time: 497s | RTT: 188.00 ms | State: connected
[LOG] Time: 498s | RTT: 113.00 ms | State: connected
[LOG] Time: 499s | RTT: 113.00 ms | State: connected
[LOG] Time: 500s | RTT: 182.00 ms | State: connected
[LOG] Time: 501s | RTT: 182.00 ms | State: connected
[LOG] Time: 502s | RTT: 182.00 ms | State: connected
[LOG] Time: 503s | RTT: 144.00 ms | State: connected
[LOG] Time: 505s | RTT: 144.00 ms | State: connected
[LOG] Time: 506s | RTT: 125.00 ms | State: connected
[LOG] Time: 507s | RTT: 125.00 ms | State: connected
[LOG] Time: 508s | RTT: 110.00 ms | State: connected
[LOG] Time: 509s | RTT: 110.00 ms | State: connected
[LOG] Time: 510s | RTT: 110.00 ms | State: connected
[LOG] Time: 511s | RTT: 126.00 ms | State: connected
[LOG] Time: 512s | RTT: 126.00 ms | State: connected
[LOG] Time: 513s | RTT: 184.00 ms | State: connected
[LOG] Time: 514s | RTT: 184.00 ms | State: connected
[LOG] Time: 515s | RTT: 184.00 ms | State: connected
[LOG] Time: 516s | RTT: 131.00 ms | State: connected
[LOG] Time: 517s | RTT: 131.00 ms | State: connected
[LOG] Time: 519s | RTT: 137.00 ms | State: connected
[LOG] Time: 520s | RTT: 137.00 ms | State: connected
[LOG] Time: 521s | RTT: 137.00 ms | State: connected
[LOG] Time: 522s | RTT: 144.00 ms | State: connected
[LOG] Time: 523s | RTT: 144.00 ms | State: connected
[LOG] Time: 524s | RTT: 142.00 ms | State: connected
[LOG] Time: 525s | RTT: 142.00 ms | State: connected
[LOG] Time: 526s | RTT: 142.00 ms | State: connected
[LOG] Time: 527s | RTT: 169.00 ms | State: connected
[LOG] Time: 528s | RTT: 169.00 ms | State: connected
[LOG] Time: 529s | RTT: 110.00 ms | State: connected
[LOG] Time: 530s | RTT: 110.00 ms | State: connected
[LOG] Time: 531s | RTT: 110.00 ms | State: connected
[LOG] Time: 533s | RTT: 128.00 ms | State: connected
[LOG] Time: 534s | RTT: 128.00 ms | State: connected
[LOG] Time: 535s | RTT: 103.00 ms | State: connected
[LOG] Time: 536s | RTT: 103.00 ms | State: connected
[LOG] Time: 537s | RTT: 103.00 ms | State: connected
[LOG] Time: 538s | RTT: 158.00 ms | State: connected
[LOG] Time: 539s | RTT: 158.00 ms | State: connected
[LOG] Time: 540s | RTT: 116.00 ms | State: connected
[LOG] Time: 541s | RTT: 116.00 ms | State: connected
[LOG] Time: 542s | RTT: 123.00 ms | State: connected
[LOG] Time: 543s | RTT: 123.00 ms | State: connected
[LOG] Time: 544s | RTT: 123.00 ms | State: connected
[LOG] Time: 546s | RTT: 124.00 ms | State: connected
[LOG] Time: 547s | RTT: 124.00 ms | State: connected
[LOG] Time: 548s | RTT: 108.00 ms | State: connected
[LOG] Time: 549s | RTT: 108.00 ms | State: connected
[LOG] Time: 550s | RTT: 108.00 ms | State: connected
[LOG] Time: 551s | RTT: 112.00 ms | State: connected
[LOG] Time: 552s | RTT: 112.00 ms | State: connected
[LOG] Time: 553s | RTT: 131.00 ms | State: connected
[LOG] Time: 554s | RTT: 131.00 ms | State: connected
[LOG] Time: 555s | RTT: 131.00 ms | State: connected
[LOG] Time: 556s | RTT: 103.00 ms | State: connected
[LOG] Time: 557s | RTT: 103.00 ms | State: connected
[LOG] Time: 559s | RTT: 107.00 ms | State: connected
[LOG] Time: 560s | RTT: 107.00 ms | State: connected
[LOG] Time: 561s | RTT: 107.00 ms | State: connected
[LOG] Time: 562s | RTT: 102.00 ms | State: connected
[LOG] Time: 563s | RTT: 102.00 ms | State: connected
[LOG] Time: 564s | RTT: 149.00 ms | State: connected
[LOG] Time: 565s | RTT: 149.00 ms | State: connected
[LOG] Time: 566s | RTT: 105.00 ms | State: connected
[LOG] Time: 567s | RTT: 105.00 ms | State: connected
[LOG] Time: 568s | RTT: 105.00 ms | State: connected
[LOG] Time: 569s | RTT: 140.00 ms | State: connected
[LOG] Time: 570s | RTT: 140.00 ms | State: connected
[LOG] Time: 572s | RTT: 125.00 ms | State: connected
[LOG] Time: 573s | RTT: 125.00 ms | State: connected
[LOG] Time: 574s | RTT: 125.00 ms | State: connected
[LOG] Time: 575s | RTT: 132.00 ms | State: connected
[LOG] Time: 576s | RTT: 132.00 ms | State: connected
[LOG] Time: 577s | RTT: 124.00 ms | State: connected
[LOG] Time: 578s | RTT: 124.00 ms | State: connected
[LOG] Time: 579s | RTT: 124.00 ms | State: connected
[LOG] Time: 580s | RTT: 90.00 ms | State: connected
[LOG] Time: 581s | RTT: 90.00 ms | State: connected
[LOG] Time: 582s | RTT: 138.00 ms | State: connected
[LOG] Time: 583s | RTT: 138.00 ms | State: connected
[LOG] Time: 585s | RTT: 138.00 ms | State: connected
[LOG] Time: 586s | RTT: 132.00 ms | State: connected
[LOG] Time: 587s | RTT: 132.00 ms | State: connected
[LOG] Time: 588s | RTT: 141.00 ms | State: connected
[LOG] Time: 589s | RTT: 141.00 ms | State: connected
[LOG] Time: 590s | RTT: 141.00 ms | State: connected
[LOG] Time: 591s | RTT: 104.00 ms | State: connected
[LOG] Time: 592s | RTT: 104.00 ms | State: connected
[LOG] Time: 593s | RTT: 179.00 ms | State: connected
[LOG] Time: 594s | RTT: 179.00 ms | State: connected
[LOG] Time: 595s | RTT: 179.00 ms | State: connected
[LOG] Time: 596s | RTT: 115.00 ms | State: connected
[LOG] Time: 597s | RTT: 115.00 ms | State: connected
[LOG] Time: 599s | RTT: 100.00 ms | State: connected
[*] Monitoring finished.

SUCCESS! Remote IP: 48.208.154.50
[*] Resolving Server Location...
SUCCESS! Server Location: Boydton, United States (Microsoft Corporation)

[*] Running TCP MTR (Port 443)...
Start: 2026-02-20T14:25:04+0000
HOST: aab88e73a362                Loss%   Snt   Last   Avg  Best  Wrst StDev
  1. AS???    172.17.0.1           0.0%    10    0.2   0.2   0.2   0.2   0.0
  2. AS???    10.1.0.1             0.0%    10    7.0   7.4   2.0  37.8  10.9
  3. AS???    100.64.0.1           0.0%    10   28.3  26.0  21.5  37.0   4.6
  4. AS???    172.16.251.0         0.0%    10   49.2  28.3  23.6  49.2   7.7
  5. AS???    ???                 100.0    10    0.0   0.0   0.0   0.0   0.0
  6. AS14593  206.224.66.157       0.0%    10   68.6  29.5  22.2  68.6  14.0
        206.224.66.147                   
     AS14593  206.224.66.147
        206.224.66.150                   
     AS14593  206.224.66.150
        206.224.66.155                   
     AS14593  206.224.66.155
        206.224.66.143                   
     AS14593  206.224.66.143
        206.224.66.149                   
     AS14593  206.224.66.149
  7. AS8075   104.44.14.15         0.0%    10   47.9  29.3  23.5  47.9   7.2
        104.44.56.169                    
     AS8075   104.44.56.169
  8. AS8075   104.44.53.189        0.0%    10   25.2  32.8  24.6  50.5   8.4
        51.10.4.7                        
     AS8075   51.10.4.7
        51.10.4.9                        
     AS8075   51.10.4.9
        104.44.53.187                    
     AS8075   104.44.53.187
  9. AS8075   104.44.21.143        0.0%    10  114.1 102.6  91.4 142.6  15.4
        104.44.21.151                    
     AS8075   104.44.21.151
        104.44.21.149                    
     AS8075   104.44.21.149
 10. AS8075   51.10.34.11          0.0%    10  110.2 406.6  94.8 1128. 488.4
        51.10.34.13                      
     AS8075   51.10.34.13
 11. AS8075   51.10.44.124         0.0%    10  3171. 2380. 112.0 7294. 2197.4
        51.10.44.130                     
     AS8075   51.10.44.130
 12. AS8075   51.10.19.214        20.0%    10  7302. 4725. 2182. 7302. 2185.3
        51.10.19.210                     
     AS8075   51.10.19.210
 13. AS8075   51.10.0.69          30.0%    10  7369. 3231.  91.6 7369. 2845.1
        51.10.0.63                       
     AS8075   51.10.0.63
 14. AS8075   51.10.36.98         20.0%    10  5256. 2558.  98.0 7266. 2498.1
        51.10.36.106                     
     AS8075   51.10.36.106
 15. AS8075   51.10.36.156        50.0%    10  2282. 1575.  98.1 4238. 1738.8
        51.10.36.152                     
     AS8075   51.10.36.152
 16. AS8075   51.10.19.16         20.0%    10  5240. 3198. 1116. 7298. 2121.5
        104.44.50.16                     
     AS8075   104.44.50.16
        51.10.19.14                      
     AS8075   51.10.19.14
 17. AS8075   104.44.50.158       20.0%    10  1177. 367.7  95.7 1177. 487.1
        104.44.50.112                    
     AS8075   104.44.50.112
        104.44.50.98                     
     AS8075   104.44.50.98
        104.44.50.152                    
     AS8075   104.44.50.152
        104.44.50.122                    
     AS8075   104.44.50.122
        104.44.50.146                    
     AS8075   104.44.50.146
        104.44.50.136                    
     AS8075   104.44.50.136
        104.44.50.96                     
     AS8075   104.44.50.96
 18. AS???    ???                 100.0    10    0.0   0.0   0.0   0.0   0.0

[*] Running UDP MTR...
Start: 2026-02-20T14:25:28+0000
HOST: aab88e73a362                Loss%   Snt   Last   Avg  Best  Wrst StDev
  1. AS???    172.17.0.1           0.0%    10    0.1   0.1   0.1   0.2   0.0
  2. AS???    10.1.0.1             0.0%    10   51.8  15.9   2.8  51.8  18.5
  3. AS???    100.64.0.1           0.0%    10   43.0  45.6  25.9  85.3  19.2
  4. AS???    172.16.251.0         0.0%    10   25.7  81.6  23.7 249.9  80.1
  5. AS14593  206.224.64.54        0.0%    10  1381. 1426. 159.3 2353. 630.5
        206.224.64.202                   
     AS14593  206.224.64.202
        206.224.64.22                    
     AS14593  206.224.64.22
  6. AS14593  206.224.66.157       0.0%    10  116.2  70.8  24.0 182.9  53.3
        206.224.66.145                   
     AS14593  206.224.66.145
        206.224.66.152                   
     AS14593  206.224.66.152
        206.224.66.150                   
     AS14593  206.224.66.150
        206.224.66.155                   
     AS14593  206.224.66.155
  7. AS8075   104.44.14.15         0.0%    10   85.3  61.1  25.7 155.1  41.4
        104.44.56.169                    
     AS8075   104.44.56.169
  8. AS8075   104.44.53.187        0.0%    10   55.3  79.9  32.1 122.2  33.2
        104.44.53.189                    
     AS8075   104.44.53.189
        51.10.4.9                        
     AS8075   51.10.4.9
        51.10.4.7                        
     AS8075   51.10.4.7
  9. AS8075   104.44.21.149       10.0%    10  112.8 116.4  93.8 154.5  19.6
        104.44.21.151                    
     AS8075   104.44.21.151
        104.44.21.141                    
     AS8075   104.44.21.141
        104.44.21.143                    
     AS8075   104.44.21.143
 10. AS8075   51.10.34.11         10.0%    10   95.4 131.8  95.4 280.5  58.1
        51.10.34.13                      
     AS8075   51.10.34.13
        104.44.16.85                     
     AS8075   104.44.16.85
 11. AS8075   51.10.17.151        20.0%    10  215.8 132.8  93.4 215.8  40.5
        51.10.44.124                     
     AS8075   51.10.44.124
        51.10.44.130                     
     AS8075   51.10.44.130
 12. AS8075   51.10.33.151        10.0%    10  188.3 126.3 103.0 188.3  27.0
        51.10.10.247                     
     AS8075   51.10.10.247
        51.10.19.210                     
     AS8075   51.10.19.210
 13. AS8075   51.10.19.212        50.0%    10  122.4 110.7  97.6 125.6  13.1
 14. AS8075   51.10.0.75          10.0%    10  275.5 129.7  95.0 275.5  55.9
 15. AS8075   13.106.167.235      90.0%    10  104.9 104.9 104.9 104.9   0.0
 16. AS8075   104.44.51.186       90.0%    10  122.0 122.0 122.0 122.0   0.0
 17. AS8075   51.10.36.208        40.0%    10  174.8 116.2  96.6 174.8  29.6
        104.44.50.138                    
     AS8075   104.44.50.138
        51.10.19.16                      
     AS8075   51.10.19.16
        104.44.50.136                    
     AS8075   104.44.50.136
 18. AS???    ???                 100.0    10    0.0   0.0   0.0   0.0   0.0
 19. AS???    ???                 100.0    10    0.0   0.0   0.0   0.0   0.0
 20. AS8075   104.44.50.98        80.0%    10   98.6 108.3  98.6 118.1  13.7
 21. AS???    ???                 100.0    10    0.0   0.0   0.0   0.0   0.0
