[*] Config Loaded: Name='flight-van-hawaii-Meet', Duration=300s
[*] Joining: [MEETING_LINK_REMOVED]
[*] Input field found. Typing name: flight-van-hawaii-Meet
[*] Looking for Join button...
    [+] JOIN CLICKED (XPath)!

[*] Starting continuous monitoring for 300 seconds...
[LOG] Time: 0s | RTT: 50.00 ms
[LOG] Time: 1s | RTT: 50.00 ms
[LOG] Time: 2s | RTT: 156.00 ms
[LOG] Time: 4s | RTT: 156.00 ms
[LOG] Time: 5s | RTT: 44.00 ms
[LOG] Time: 6s | RTT: 44.00 ms
[LOG] Time: 7s | RTT: 44.00 ms
[LOG] Time: 8s | RTT: 152.00 ms
[LOG] Time: 9s | RTT: 152.00 ms
[LOG] Time: 10s | RTT: 152.00 ms
[LOG] Time: 11s | RTT: 183.00 ms
[LOG] Time: 12s | RTT: 183.00 ms
[LOG] Time: 13s | RTT: 154.00 ms
[LOG] Time: 14s | RTT: 154.00 ms
[LOG] Time: 15s | RTT: 154.00 ms
[LOG] Time: 16s | RTT: 32.00 ms
[LOG] Time: 17s | RTT: 32.00 ms
[LOG] Time: 18s | RTT: 55.00 ms
[LOG] Time: 19s | RTT: 55.00 ms
[LOG] Time: 20s | RTT: 55.00 ms
[LOG] Time: 21s | RTT: 208.00 ms
[LOG] Time: 22s | RTT: 208.00 ms
[LOG] Time: 23s | RTT: 208.00 ms
[LOG] Time: 24s | RTT: 124.00 ms
[LOG] Time: 25s | RTT: 124.00 ms
[LOG] Time: 26s | RTT: 40.00 ms
[LOG] Time: 27s | RTT: 40.00 ms
[LOG] Time: 28s | RTT: 40.00 ms
[LOG] Time: 29s | RTT: 42.00 ms
[LOG] Time: 30s | RTT: 42.00 ms
[LOG] Time: 31s | RTT: 48.00 ms
[LOG] Time: 32s | RTT: 48.00 ms
[LOG] Time: 33s | RTT: 48.00 ms
[LOG] Time: 34s | RTT: 36.00 ms
[LOG] Time: 35s | RTT: 36.00 ms
[LOG] Time: 36s | RTT: 36.00 ms
[LOG] Time: 37s | RTT: 44.00 ms
[LOG] Time: 38s | RTT: 44.00 ms
[LOG] Time: 39s | RTT: 34.00 ms
[LOG] Time: 40s | RTT: 34.00 ms
[LOG] Time: 41s | RTT: 34.00 ms
[LOG] Time: 42s | RTT: 35.00 ms
[LOG] Time: 43s | RTT: 35.00 ms
[LOG] Time: 44s | RTT: 81.00 ms
[LOG] Time: 45s | RTT: 81.00 ms
[LOG] Time: 46s | RTT: 81.00 ms
[LOG] Time: 47s | RTT: 39.00 ms
[LOG] Time: 48s | RTT: 39.00 ms
[LOG] Time: 50s | RTT: 39.00 ms
[LOG] Time: 51s | RTT: 35.00 ms
[LOG] Time: 52s | RTT: 35.00 ms
[LOG] Time: 53s | RTT: 42.00 ms
[LOG] Time: 54s | RTT: 42.00 ms
[LOG] Time: 55s | RTT: 42.00 ms
[LOG] Time: 56s | RTT: 38.00 ms
[LOG] Time: 57s | RTT: 38.00 ms
[LOG] Time: 58s | RTT: 38.00 ms
[LOG] Time: 59s | RTT: 33.00 ms
[LOG] Time: 60s | RTT: 33.00 ms
[LOG] Time: 61s | RTT: 29.00 ms
[LOG] Time: 62s | RTT: 29.00 ms
[LOG] Time: 63s | RTT: 29.00 ms
[LOG] Time: 64s | RTT: 44.00 ms
[LOG] Time: 65s | RTT: 44.00 ms
[LOG] Time: 66s | RTT: 43.00 ms
[LOG] Time: 67s | RTT: 43.00 ms
[LOG] Time: 68s | RTT: 43.00 ms
[LOG] Time: 69s | RTT: 31.00 ms
[LOG] Time: 70s | RTT: 31.00 ms
[LOG] Time: 71s | RTT: 31.00 ms
[LOG] Time: 72s | RTT: 39.00 ms
[LOG] Time: 73s | RTT: 39.00 ms
[LOG] Time: 74s | RTT: 34.00 ms
[LOG] Time: 75s | RTT: 34.00 ms
[LOG] Time: 76s | RTT: 34.00 ms
[LOG] Time: 77s | RTT: 62.00 ms
[LOG] Time: 78s | RTT: 62.00 ms
[LOG] Time: 79s | RTT: 62.00 ms
[LOG] Time: 80s | RTT: 32.00 ms
[LOG] Time: 81s | RTT: 32.00 ms
[LOG] Time: 82s | RTT: 92.00 ms
[LOG] Time: 83s | RTT: 92.00 ms
[LOG] Time: 84s | RTT: 92.00 ms
[LOG] Time: 85s | RTT: 172.00 ms
[LOG] Time: 86s | RTT: 172.00 ms
[LOG] Time: 87s | RTT: 32.00 ms
[LOG] Time: 88s | RTT: 32.00 ms
[LOG] Time: 89s | RTT: 32.00 ms
[LOG] Time: 90s | RTT: 34.00 ms
[LOG] Time: 91s | RTT: 34.00 ms
[LOG] Time: 92s | RTT: 34.00 ms
[LOG] Time: 93s | RTT: 62.00 ms
[LOG] Time: 94s | RTT: 62.00 ms
[LOG] Time: 95s | RTT: 105.00 ms
[LOG] Time: 96s | RTT: 105.00 ms
[LOG] Time: 97s | RTT: 105.00 ms
[LOG] Time: 98s | RTT: 33.00 ms
[LOG] Time: 99s | RTT: 33.00 ms
[LOG] Time: 100s | RTT: 33.00 ms
[LOG] Time: 101s | RTT: 84.00 ms
[LOG] Time: 102s | RTT: 84.00 ms
[LOG] Time: 103s | RTT: 44.00 ms
[LOG] Time: 104s | RTT: 44.00 ms
[LOG] Time: 105s | RTT: 44.00 ms
[LOG] Time: 106s | RTT: 29.00 ms
[LOG] Time: 107s | RTT: 29.00 ms
[LOG] Time: 108s | RTT: 51.00 ms
[LOG] Time: 109s | RTT: 51.00 ms
[LOG] Time: 110s | RTT: 51.00 ms
[LOG] Time: 111s | RTT: 132.00 ms
[LOG] Time: 112s | RTT: 132.00 ms
[LOG] Time: 113s | RTT: 132.00 ms
[LOG] Time: 114s | RTT: 48.00 ms
[LOG] Time: 115s | RTT: 48.00 ms
[LOG] Time: 116s | RTT: 36.00 ms
[LOG] Time: 117s | RTT: 36.00 ms
[LOG] Time: 118s | RTT: 36.00 ms
[LOG] Time: 119s | RTT: 137.00 ms
[LOG] Time: 120s | RTT: 137.00 ms
[LOG] Time: 121s | RTT: 73.00 ms
[LOG] Time: 122s | RTT: 73.00 ms
[LOG] Time: 123s | RTT: 73.00 ms
[LOG] Time: 124s | RTT: 48.00 ms
[LOG] Time: 125s | RTT: 48.00 ms
[LOG] Time: 126s | RTT: 48.00 ms
[LOG] Time: 128s | RTT: 37.00 ms
[LOG] Time: 129s | RTT: 37.00 ms
[LOG] Time: 130s | RTT: 104.00 ms
[LOG] Time: 131s | RTT: 104.00 ms
[LOG] Time: 132s | RTT: 104.00 ms
[LOG] Time: 133s | RTT: 60.00 ms
[LOG] Time: 134s | RTT: 60.00 ms
[LOG] Time: 135s | RTT: 60.00 ms
[LOG] Time: 136s | RTT: 29.00 ms
[LOG] Time: 137s | RTT: 29.00 ms
[LOG] Time: 138s | RTT: 45.00 ms
[LOG] Time: 139s | RTT: 45.00 ms
[LOG] Time: 140s | RTT: 45.00 ms
[LOG] Time: 141s | RTT: 40.00 ms
[LOG] Time: 142s | RTT: 40.00 ms
[LOG] Time: 143s | RTT: 41.00 ms
[LOG] Time: 144s | RTT: 41.00 ms
[LOG] Time: 145s | RTT: 41.00 ms
[LOG] Time: 146s | RTT: 53.00 ms
[LOG] Time: 147s | RTT: 53.00 ms
[LOG] Time: 148s | RTT: 53.00 ms
[LOG] Time: 149s | RTT: 58.00 ms
[LOG] Time: 150s | RTT: 58.00 ms
[LOG] Time: 151s | RTT: 189.00 ms
[LOG] Time: 152s | RTT: 189.00 ms
[LOG] Time: 153s | RTT: 189.00 ms
[LOG] Time: 154s | RTT: 160.00 ms
[LOG] Time: 155s | RTT: 160.00 ms
[LOG] Time: 156s | RTT: 160.00 ms
[LOG] Time: 157s | RTT: 41.00 ms
[LOG] Time: 158s | RTT: 41.00 ms
[LOG] Time: 159s | RTT: 41.00 ms
[LOG] Time: 160s | RTT: 41.00 ms
[LOG] Time: 161s | RTT: 41.00 ms
[LOG] Time: 162s | RTT: 46.00 ms
[LOG] Time: 163s | RTT: 46.00 ms
[LOG] Time: 164s | RTT: 59.00 ms
[LOG] Time: 165s | RTT: 59.00 ms
[LOG] Time: 166s | RTT: 59.00 ms
[LOG] Time: 167s | RTT: 44.00 ms
[LOG] Time: 168s | RTT: 44.00 ms
[LOG] Time: 169s | RTT: 44.00 ms
[LOG] Time: 170s | RTT: 42.00 ms
[LOG] Time: 171s | RTT: 42.00 ms
[LOG] Time: 172s | RTT: 45.00 ms
[LOG] Time: 173s | RTT: 45.00 ms
[LOG] Time: 174s | RTT: 45.00 ms
[LOG] Time: 175s | RTT: 279.00 ms
[LOG] Time: 176s | RTT: 279.00 ms
[LOG] Time: 177s | RTT: 279.00 ms
[LOG] Time: 178s | RTT: 175.00 ms
[LOG] Time: 179s | RTT: 175.00 ms
[LOG] Time: 180s | RTT: 36.00 ms
[LOG] Time: 181s | RTT: 36.00 ms
[LOG] Time: 182s | RTT: 36.00 ms
[LOG] Time: 183s | RTT: 40.00 ms
[LOG] Time: 184s | RTT: 40.00 ms
[LOG] Time: 185s | RTT: 29.00 ms
[LOG] Time: 186s | RTT: 29.00 ms
[LOG] Time: 187s | RTT: 29.00 ms
[LOG] Time: 188s | RTT: 47.00 ms
[LOG] Time: 189s | RTT: 47.00 ms
[LOG] Time: 190s | RTT: 47.00 ms
[LOG] Time: 191s | RTT: 39.00 ms
[LOG] Time: 192s | RTT: 39.00 ms
[LOG] Time: 193s | RTT: 65.00 ms
[LOG] Time: 195s | RTT: 65.00 ms
[LOG] Time: 196s | RTT: 65.00 ms
[LOG] Time: 197s | RTT: 36.00 ms
[LOG] Time: 198s | RTT: 36.00 ms
[LOG] Time: 199s | RTT: 151.00 ms
[LOG] Time: 200s | RTT: 151.00 ms
[LOG] Time: 201s | RTT: 151.00 ms
[LOG] Time: 202s | RTT: 41.00 ms
[LOG] Time: 203s | RTT: 41.00 ms
[LOG] Time: 204s | RTT: 41.00 ms
[LOG] Time: 205s | RTT: 49.00 ms
[LOG] Time: 206s | RTT: 49.00 ms
[LOG] Time: 207s | RTT: 50.00 ms
[LOG] Time: 208s | RTT: 50.00 ms
[LOG] Time: 209s | RTT: 50.00 ms
[LOG] Time: 210s | RTT: 49.00 ms
[LOG] Time: 211s | RTT: 49.00 ms
[LOG] Time: 212s | RTT: 32.00 ms
[LOG] Time: 213s | RTT: 32.00 ms
[LOG] Time: 214s | RTT: 32.00 ms
[LOG] Time: 215s | RTT: 60.00 ms
[LOG] Time: 216s | RTT: 60.00 ms
[LOG] Time: 217s | RTT: 60.00 ms
[LOG] Time: 218s | RTT: 80.00 ms
[LOG] Time: 219s | RTT: 80.00 ms
[LOG] Time: 220s | RTT: 40.00 ms
[LOG] Time: 221s | RTT: 40.00 ms
[LOG] Time: 222s | RTT: 40.00 ms
[LOG] Time: 223s | RTT: 114.00 ms
[LOG] Time: 224s | RTT: 114.00 ms
[LOG] Time: 225s | RTT: 36.00 ms
[LOG] Time: 226s | RTT: 36.00 ms
[LOG] Time: 227s | RTT: 36.00 ms
[LOG] Time: 228s | RTT: 178.00 ms
[LOG] Time: 229s | RTT: 178.00 ms
[LOG] Time: 230s | RTT: 178.00 ms
[LOG] Time: 231s | RTT: 33.00 ms
[LOG] Time: 232s | RTT: 33.00 ms
[LOG] Time: 233s | RTT: 221.00 ms
[LOG] Time: 234s | RTT: 221.00 ms
[LOG] Time: 235s | RTT: 221.00 ms
[LOG] Time: 236s | RTT: 46.00 ms
[LOG] Time: 237s | RTT: 46.00 ms
[LOG] Time: 238s | RTT: 112.00 ms
[LOG] Time: 239s | RTT: 112.00 ms
[LOG] Time: 240s | RTT: 112.00 ms
[LOG] Time: 241s | RTT: 49.00 ms
[LOG] Time: 242s | RTT: 49.00 ms
[LOG] Time: 243s | RTT: 49.00 ms
[LOG] Time: 244s | RTT: 34.00 ms
[LOG] Time: 245s | RTT: 34.00 ms
[LOG] Time: 246s | RTT: 76.00 ms
[LOG] Time: 247s | RTT: 76.00 ms
[LOG] Time: 248s | RTT: 76.00 ms
[LOG] Time: 250s | RTT: 50.00 ms
[LOG] Time: 251s | RTT: 50.00 ms
[LOG] Time: 252s | RTT: 50.00 ms
[LOG] Time: 253s | RTT: 107.00 ms
[LOG] Time: 254s | RTT: 107.00 ms
[LOG] Time: 255s | RTT: 139.00 ms
[LOG] Time: 256s | RTT: 139.00 ms
[LOG] Time: 257s | RTT: 139.00 ms
[LOG] Time: 258s | RTT: 43.00 ms
[LOG] Time: 259s | RTT: 43.00 ms
[LOG] Time: 260s | RTT: 43.00 ms
[LOG] Time: 261s | RTT: 352.00 ms
[LOG] Time: 262s | RTT: 352.00 ms
[LOG] Time: 263s | RTT: 42.00 ms
[LOG] Time: 264s | RTT: 42.00 ms
[LOG] Time: 265s | RTT: 42.00 ms
[LOG] Time: 266s | RTT: 108.00 ms
[LOG] Time: 267s | RTT: 108.00 ms
[LOG] Time: 268s | RTT: 35.00 ms
[LOG] Time: 269s | RTT: 35.00 ms
[LOG] Time: 270s | RTT: 35.00 ms
[LOG] Time: 271s | RTT: 124.00 ms
[LOG] Time: 272s | RTT: 124.00 ms
[LOG] Time: 273s | RTT: 93.00 ms
[LOG] Time: 274s | RTT: 93.00 ms
[LOG] Time: 275s | RTT: 93.00 ms
[LOG] Time: 276s | RTT: 67.00 ms
[LOG] Time: 277s | RTT: 67.00 ms
[LOG] Time: 278s | RTT: 36.00 ms
[LOG] Time: 279s | RTT: 36.00 ms
[LOG] Time: 280s | RTT: 36.00 ms
[LOG] Time: 281s | RTT: 28.00 ms
[LOG] Time: 282s | RTT: 28.00 ms
[LOG] Time: 283s | RTT: 28.00 ms
[LOG] Time: 284s | RTT: 39.00 ms
[LOG] Time: 285s | RTT: 39.00 ms
[LOG] Time: 286s | RTT: 90.00 ms
[LOG] Time: 287s | RTT: 90.00 ms
[LOG] Time: 288s | RTT: 90.00 ms
[LOG] Time: 289s | RTT: 31.00 ms
[LOG] Time: 290s | RTT: 31.00 ms
[LOG] Time: 291s | RTT: 46.00 ms
[LOG] Time: 292s | RTT: 46.00 ms
[LOG] Time: 293s | RTT: 46.00 ms
[LOG] Time: 294s | RTT: 47.00 ms
[LOG] Time: 295s | RTT: 47.00 ms
[LOG] Time: 297s | RTT: 47.00 ms
[LOG] Time: 298s | RTT: 59.00 ms
[LOG] Time: 299s | RTT: 59.00 ms
[*] Monitoring finished.

SUCCESS! Remote IP: 74.125.250.249
[*] Resolving Server Location...
SUCCESS! Server Location: Mountain View, United States (Google LLC)

[*] Running TCP MTR (Port 443)...
Start: 2026-02-16T02:21:50+0000
HOST: 717a7e5f0d7f                Loss%   Snt   Last   Avg  Best  Wrst StDev
  1. AS???    172.17.0.1           0.0%    10    0.2   0.2   0.2   0.2   0.0
  2. AS???    10.1.0.1             0.0%    10    9.1  20.2   4.9  58.4  19.6
  3. AS???    100.64.0.1           0.0%    10   35.8  42.5  26.4  68.0  11.8
  4. AS???    172.16.251.132       0.0%    10   34.4  38.7  21.6  79.9  15.3
  5. AS???    ???                 100.0    10    0.0   0.0   0.0   0.0   0.0
  6. AS14593  206.224.66.149      10.0%    10   38.4  33.8  29.2  39.8   4.3
        206.224.66.155                   
     AS14593  206.224.66.155
        206.224.66.145                   
     AS14593  206.224.66.145
        206.224.66.157                   
     AS14593  206.224.66.157
  7. AS15169  142.250.170.144      0.0%    10   25.9  49.9  25.9  92.1  20.6
  8. AS15169  142.251.70.101       0.0%    10   52.6  45.7  26.8  86.7  19.5
        142.251.70.103                   
     AS15169  142.251.70.103
        142.251.70.99                    
     AS15169  142.251.70.99
        142.251.70.97                    
     AS15169  142.251.70.97
  9. AS15169  209.85.243.97        0.0%    10   49.6  45.1  36.4  63.8   8.0
        142.251.241.137                  
     AS15169  142.251.241.137
        142.251.55.201                   
     AS15169  142.251.55.201
        142.251.224.251                  
     AS15169  142.251.224.251
        142.250.233.153                  
     AS15169  142.250.233.153
        142.251.55.203                   
     AS15169  142.251.55.203
        142.250.233.135                  
     AS15169  142.250.233.135
 10. AS???    ???                 100.0    10    0.0   0.0   0.0   0.0   0.0

[*] Running UDP MTR...
Start: 2026-02-16T02:22:07+0000
HOST: 717a7e5f0d7f                Loss%   Snt   Last   Avg  Best  Wrst StDev
  1. AS???    172.17.0.1           0.0%    10    0.1   0.1   0.1   0.2   0.0
  2. AS???    10.1.0.1             0.0%    10    2.3  15.4   2.3 100.5  30.1
  3. AS???    100.64.0.1           0.0%    10   37.8  57.0  34.4 102.1  22.8
  4. AS???    172.16.251.132       0.0%    10   30.5  41.0  26.1  79.5  15.6
  5. AS14593  206.224.64.54        0.0%    10   36.1  55.8  33.8 122.2  27.0
        206.224.64.34                    
     AS14593  206.224.64.34
        206.224.64.22                    
     AS14593  206.224.64.22
  6. AS14593  206.224.66.157       0.0%    10   37.0  40.3  30.4  95.8  20.1
        206.224.66.149                   
     AS14593  206.224.66.149
        206.224.66.155                   
     AS14593  206.224.66.155
  7. AS15169  142.250.170.144      0.0%    10   42.0  49.1  30.6 153.1  36.9
  8. AS???    ???                 100.0    10    0.0   0.0   0.0   0.0   0.0
